#
# A fatal error has been detected by the Java Runtime Environment:
#
#  SIGSEGV (0xb) at pc=0x0000000103422d5c, pid=27315, tid=33551
#
# JRE version: OpenJDK Runtime Environment Temurin-17.0.1+12 (17.0.1+12) (build 17.0.1+12)
# Java VM: OpenJDK 64-Bit Server VM Temurin-17.0.1+12 (17.0.1+12, mixed mode, sharing, tiered, compressed oops, compressed class ptrs, g1 gc, bsd-amd64)
# Problematic frame:
# V  [libjvm.dylib+0x573d5c]  jni_DeleteGlobalRef+0xdc
#
# No core dump will be written. Core dumps have been disabled. To enable core dumping, try "ulimit -c unlimited" before starting Java again
#
# If you would like to submit a bug report, please visit:
#   https://github.com/adoptium/adoptium-support/issues
# The crash happened outside the Java Virtual Machine in native code.
# See problematic frame for where to report the bug.
#

---------------  S U M M A R Y ------------

Command Line: -agentlib:jdwp=transport=dt_socket,server=n,suspend=y,address=localhost:57647 --module-path=/Users/sidhantmathur/Downloads/javafx-sdk-17.0.1/lib --add-modules=javafx.controls,javafx.fxml --enable-preview -XX:+ShowCodeDetailsInExceptionMessages App

Host: "MacBookAir7,2" x86_64 1600 MHz, 4 cores, 8G, Darwin 21.1.0, macOS 10.16 (21A559)
Time: Fri Dec 31 23:13:09 2021 IST elapsed time: 1.442922 seconds (0d 0h 0m 1s)

---------------  T H R E A D  ---------------

Current thread (0x00007ff0f8baf800):  JavaThread "InvokeLaterDispatcher" daemon [_thread_in_native, id=33551, stack(0x000070000f657000,0x000070000f757000)]

Stack: [0x000070000f657000,0x000070000f757000],  sp=0x000070000f756900,  free space=1022k
Native frames: (J=compiled Java code, j=interpreted, Vv=VM code, C=native code)
V  [libjvm.dylib+0x573d5c]  jni_DeleteGlobalRef+0xdc
C  [libglass.dylib+0x82e8]  -[GlassRunnable dealloc]+0x28
C  [Foundation+0x8210b]  -[_NSThreadPerformInfo dealloc]+0x2a
C  [Foundation+0x4edc7]  -[NSObject(NSThreadPerformAdditions) performSelectorOnMainThread:withObject:waitUntilDone:]+0x7c
j  com.sun.glass.ui.mac.MacApplication._submitForLaterInvocation(Ljava/lang/Runnable;)V+0 javafx.graphics
j  com.sun.glass.ui.mac.MacApplication.submitForLaterInvocation(Ljava/lang/Runnable;)V+2 javafx.graphics
j  com.sun.glass.ui.InvokeLaterDispatcher.run()V+82 javafx.graphics
v  ~StubRoutines::call_stub
V  [libjvm.dylib+0x519896]  _ZN9JavaCalls11call_helperEP9JavaValueRK12methodHandleP17JavaCallArgumentsP10JavaThread+0x2b6
V  [libjvm.dylib+0x5188f7]  _ZN9JavaCalls12call_virtualEP9JavaValueP5KlassP6SymbolS5_P17JavaCallArgumentsP10JavaThread+0x147
V  [libjvm.dylib+0x5189c3]  _ZN9JavaCalls12call_virtualEP9JavaValue6HandleP5KlassP6SymbolS6_P10JavaThread+0x63
V  [libjvm.dylib+0x5c46a4]  _ZL12thread_entryP10JavaThreadS0_+0xb4
V  [libjvm.dylib+0xa9e415]  _ZN10JavaThread17thread_main_innerEv+0x145
V  [libjvm.dylib+0xa9c7ca]  _ZN6Thread8call_runEv+0x11a
V  [libjvm.dylib+0x8a9ffb]  _ZL19thread_native_entryP6Thread+0x14b
C  [libsystem_pthread.dylib+0x6514]  _pthread_start+0x7d
C  [libsystem_pthread.dylib+0x202f]  thread_start+0xf

Java frames: (J=compiled Java code, j=interpreted, Vv=VM code)
j  com.sun.glass.ui.mac.MacApplication._submitForLaterInvocation(Ljava/lang/Runnable;)V+0 javafx.graphics
j  com.sun.glass.ui.mac.MacApplication.submitForLaterInvocation(Ljava/lang/Runnable;)V+2 javafx.graphics
j  com.sun.glass.ui.InvokeLaterDispatcher.run()V+82 javafx.graphics
v  ~StubRoutines::call_stub

siginfo: si_signo: 11 (SIGSEGV), si_code: 1 (SEGV_MAPERR), si_addr: 0x0000000000000020

Register to memory mapping:

RAX=0x0 is NULL
RBX=0x00007ff7be2af220 is pointing into the stack for thread: 0x00007ff0f88fd400
RCX=0x0 is NULL
RDX=0x000000bfffffffff is an unknown value
RSP=0x000070000f756900 is pointing into the stack for thread: 0x00007ff0f8baf800
RBP=0x000070000f756920 is pointing into the stack for thread: 0x00007ff0f8baf800
RSI=0x0000004000000000 is an unknown value
RDI=0x00007ff0f790a040 is a global jni handle
R8 =0x00000000000130a8 is an unknown value
R9 =0x0 is NULL
R10=0x0000000120eb0472: OBJC_CLASS_$_GlassRunnable+0x2 in /Users/sidhantmathur/Downloads/javafx-sdk-17.0.1/lib/libglass.dylib at 0x0000000120e6f000
R11=0x0000000120e772c0: -[GlassRunnable dealloc]+0 in /Users/sidhantmathur/Downloads/javafx-sdk-17.0.1/lib/libglass.dylib at 0x0000000120e6f000
R12=0x00007ff0f88fd400 is a thread
R13=0x0000600001abfda0 points into unknown readable memory: 0x001d800120eb0471 | 71 04 eb 20 01 80 1d 00
R14=0x00007ff0f790a170 is a global jni handle
R15=0x00007ff0f88fd6a8 points into unknown readable memory: 0x0000000103bcff08 | 08 ff bc 03 01 00 00 00


Registers:
RAX=0x0000000000000000, RBX=0x00007ff7be2af220, RCX=0x0000000000000000, RDX=0x000000bfffffffff
RSP=0x000070000f756900, RBP=0x000070000f756920, RSI=0x0000004000000000, RDI=0x00007ff0f790a040
R8 =0x00000000000130a8, R9 =0x0000000000000000, R10=0x0000000120eb0472, R11=0x0000000120e772c0
R12=0x00007ff0f88fd400, R13=0x0000600001abfda0, R14=0x00007ff0f790a170, R15=0x00007ff0f88fd6a8
RIP=0x0000000103422d5c, EFLAGS=0x0000000000010246, ERR=0x0000000000000006
  TRAPNO=0x000000000000000e

Top of Stack: (sp=0x000070000f756900)
0x000070000f756900:   0000600001abfda0 00007ff81fab02b9
0x000070000f756910:   00007ff8051efc30 0000000000000000
0x000070000f756920:   000070000f756950 0000000120e772e8
0x000070000f756930:   0000000100000001 0000000100000001
0x000070000f756940:   0000000100000001 0000600000dccbc0
0x000070000f756950:   000070000f756990 00007ff8062a810b
0x000070000f756960:   0000000700000007 0000000700000007
0x000070000f756970:   0000000100000001 a5b5f6d9c22100f4
0x000070000f756980:   0000600001abfdb0 00007ff8051ed040
0x000070000f756990:   000070000f7569e0 00007ff806274dc7
0x000070000f7569a0:   0000600001abfdb0 0000000100000001
0x000070000f7569b0:   0000000000000007 00000001214f3410
0x000070000f7569c0:   0000000000000000 00000001214f3410
0x000070000f7569d0:   000070000f756a78 00007ff0f8baf800
0x000070000f7569e0:   000070000f756a50 0000000111e7f947
0x000070000f7569f0:   000070000f756a50 0000000111e7f3de
0x000070000f756a00:   0000000111e7f396 000070000f756a08
0x000070000f756a10:   00000001214f3410 000070000f756a78
0x000070000f756a20:   0000000121518000 0000000000000000
0x000070000f756a30:   0000000787474670 00000001214f3410
0x000070000f756a40:   0000000000000000 000070000f756a70
0x000070000f756a50:   000070000f756ac8 0000000111e78e90
0x000070000f756a60:   0000000000000000 0000000111e7bfb8
0x000070000f756a70:   00000007873888a0 00000007874de5c0
0x000070000f756a80:   000070000f756a80 00000001214f34aa
0x000070000f756a90:   000070000f756ae0 0000000121518000
0x000070000f756aa0:   0000000000000000 0000000787474670
0x000070000f756ab0:   00000001214f34b8 000070000f756a70
0x000070000f756ac0:   000070000f756ad8 000070000f756b30
0x000070000f756ad0:   0000000111e799f0 00000007873888a0
0x000070000f756ae0:   00000007874de5c0 000070000f756ae8
0x000070000f756af0:   0000000121517c6a 000070000f756b68 

Instructions: (pc=0x0000000103422d5c)
0x0000000103422c5c:   41 c7 84 24 38 03 00 00 04 00 00 00 4c 89 f0 48
0x0000000103422c6c:   83 c4 20 5b 41 5c 41 5e 41 5f 5d c3 0f 1f 84 00
0x0000000103422c7c:   00 00 00 00 55 48 89 e5 41 57 41 56 41 54 53 49
0x0000000103422c8c:   89 f6 49 89 ff 4c 8d a7 58 fd ff ff b8 55 21 ff
0x0000000103422c9c:   ff 03 87 b8 00 00 00 83 f8 02 72 0b 4c 89 e7 e8
0x0000000103422cac:   30 a1 52 00 45 31 e4 41 c7 84 24 38 03 00 00 05
0x0000000103422cbc:   00 00 00 f0 83 04 24 00 49 8b 84 24 40 03 00 00
0x0000000103422ccc:   a8 01 74 0d be 01 00 00 00 4c 89 e7 e8 f3 84 3c
0x0000000103422cdc:   00 41 83 bc 24 2c 03 00 00 00 75 0c 41 8b 84 24
0x0000000103422cec:   28 03 00 00 a8 0c 74 0a 31 f6 4c 89 e7 e8 e2 ba
0x0000000103422cfc:   52 00 41 c7 84 24 38 03 00 00 06 00 00 00 4c 89
0x0000000103422d0c:   ff 4c 89 f6 90 0f 1f 40 00 4c 89 f7 e8 13 ab 03
0x0000000103422d1c:   00 90 0f 1f 40 00 49 8b 9c 24 e8 00 00 00 48 8b
0x0000000103422d2c:   43 10 48 83 38 00 74 0c 48 89 df e8 c4 54 f4 ff
0x0000000103422d3c:   48 8b 43 10 48 8b 4b 08 48 89 41 10 48 8b 43 08
0x0000000103422d4c:   48 8b 4b 18 48 89 48 18 48 8b 43 08 48 8b 4b 20
0x0000000103422d5c:   48 89 48 20 49 8d bc 24 88 02 00 00 4c 89 e6 e8
0x0000000103422d6c:   b0 3a e9 ff 41 c7 84 24 38 03 00 00 04 00 00 00
0x0000000103422d7c:   5b 41 5c 41 5e 41 5f 5d c3 66 2e 0f 1f 84 00 00
0x0000000103422d8c:   00 00 00 90 55 48 89 e5 41 57 41 56 41 54 53 49
0x0000000103422d9c:   89 f6 49 89 ff 4c 8d a7 58 fd ff ff b8 55 21 ff
0x0000000103422dac:   ff 03 87 b8 00 00 00 83 f8 02 72 0b 4c 89 e7 e8
0x0000000103422dbc:   20 a0 52 00 45 31 e4 41 c7 84 24 38 03 00 00 05
0x0000000103422dcc:   00 00 00 f0 83 04 24 00 49 8b 84 24 40 03 00 00
0x0000000103422ddc:   a8 01 74 0d be 01 00 00 00 4c 89 e7 e8 e3 83 3c
0x0000000103422dec:   00 41 83 bc 24 2c 03 00 00 00 75 0c 41 8b 84 24
0x0000000103422dfc:   28 03 00 00 a8 0c 74 0a 31 f6 4c 89 e7 e8 d2 b9
0x0000000103422e0c:   52 00 41 c7 84 24 38 03 00 00 06 00 00 00 4c 89
0x0000000103422e1c:   ff 4c 89 f6 90 0f 1f 40 00 4d 85 f6 74 0b 31 f6
0x0000000103422e2c:   4c 89 f7 ff 15 6b 87 7a 00 90 0f 1f 40 00 49 8b
0x0000000103422e3c:   9c 24 e8 00 00 00 48 8b 43 10 48 83 38 00 74 0c
0x0000000103422e4c:   48 89 df e8 ac 53 f4 ff 48 8b 43 10 48 8b 4b 08 


Stack slot to memory mapping:
stack at sp + 0 slots: 0x0000600001abfda0 points into unknown readable memory: 0x001d800120eb0471 | 71 04 eb 20 01 80 1d 00
stack at sp + 1 slots: 0x00007ff81fab02b9: <offset 0x1a8c92b9> in /usr/lib/libobjc.A.dylib at 0x00007ff8051e7000
stack at sp + 2 slots: 0x00007ff8051efc30: objc_release+0 in /usr/lib/libobjc.A.dylib at 0x00007ff8051e7000
stack at sp + 3 slots: 0x0 is NULL
stack at sp + 4 slots: 0x000070000f756950 is pointing into the stack for thread: 0x00007ff0f8baf800
stack at sp + 5 slots: 0x0000000120e772e8: -[GlassRunnable dealloc]+0x28 in /Users/sidhantmathur/Downloads/javafx-sdk-17.0.1/lib/libglass.dylib at 0x0000000120e6f000
stack at sp + 6 slots: 0x0000000100000001 is an unknown value
stack at sp + 7 slots: 0x0000000100000001 is an unknown value


---------------  P R O C E S S  ---------------

Threads class SMR info:
_java_thread_list=0x00006000018c5a00, length=17, elements={
0x00007ff0f8809000, 0x00007ff0f883da00, 0x00007ff0f8840200, 0x00007ff0f883e000,
0x00007ff0f8844200, 0x00007ff0f700b000, 0x00007ff0f883fc00, 0x00007ff0f889f000,
0x00007ff0f6812a00, 0x00007ff0f683b600, 0x00007ff0f691ca00, 0x00007ff0f683dc00,
0x00007ff0f6919400, 0x00007ff0f6919a00, 0x00007ff0f704bc00, 0x00007ff0f8baf800,
0x00007ff0f88fd400
}

Java Threads: ( => current thread )
  0x00007ff0f8809000 JavaThread "main" [_thread_blocked, id=6147, stack(0x000070000df0f000,0x000070000e00f000)]
  0x00007ff0f883da00 JavaThread "Reference Handler" daemon [_thread_blocked, id=14595, stack(0x000070000e624000,0x000070000e724000)]
  0x00007ff0f8840200 JavaThread "Finalizer" daemon [_thread_blocked, id=14851, stack(0x000070000e727000,0x000070000e827000)]
  0x00007ff0f883e000 JavaThread "Signal Dispatcher" daemon [_thread_blocked, id=41987, stack(0x000070000e930000,0x000070000ea30000)]
  0x00007ff0f8844200 JavaThread "Service Thread" daemon [_thread_blocked, id=41475, stack(0x000070000ea33000,0x000070000eb33000)]
  0x00007ff0f700b000 JavaThread "Monitor Deflation Thread" daemon [_thread_blocked, id=41219, stack(0x000070000eb36000,0x000070000ec36000)]
  0x00007ff0f883fc00 JavaThread "C2 CompilerThread0" daemon [_thread_in_native, id=22787, stack(0x000070000ec39000,0x000070000ed39000)]
  0x00007ff0f889f000 JavaThread "C1 CompilerThread0" daemon [_thread_blocked, id=40707, stack(0x000070000ed3c000,0x000070000ee3c000)]
  0x00007ff0f6812a00 JavaThread "Sweeper thread" daemon [_thread_blocked, id=40195, stack(0x000070000ee3f000,0x000070000ef3f000)]
  0x00007ff0f683b600 JavaThread "Common-Cleaner" daemon [_thread_blocked, id=39683, stack(0x000070000ef42000,0x000070000f042000)]
  0x00007ff0f691ca00 JavaThread "JDWP Transport Listener: dt_socket" daemon [_thread_blocked, id=39431, stack(0x000070000f045000,0x000070000f145000)]
  0x00007ff0f683dc00 JavaThread "JDWP Event Helper Thread" daemon [_thread_blocked, id=39171, stack(0x000070000f148000,0x000070000f248000)]
  0x00007ff0f6919400 JavaThread "JDWP Command Reader" daemon [_thread_in_native, id=23811, stack(0x000070000f24b000,0x000070000f34b000)]
  0x00007ff0f6919a00 JavaThread "Notification Thread" daemon [_thread_blocked, id=24323, stack(0x000070000f34e000,0x000070000f44e000)]
  0x00007ff0f704bc00 JavaThread "QuantumRenderer-0" daemon [_thread_in_Java, id=24835, stack(0x000070000f554000,0x000070000f654000)]
=>0x00007ff0f8baf800 JavaThread "InvokeLaterDispatcher" daemon [_thread_in_native, id=33551, stack(0x000070000f657000,0x000070000f757000)]
  0x00007ff0f88fd400 JavaThread "JavaFX Application Thread" [_thread_blocked, id=259, stack(0x00007ff7bdab4000,0x00007ff7be2b4000)]

Other Threads:
  0x00007ff0f7a06870 VMThread "VM Thread" [stack: 0x000070000e521000,0x000070000e621000] [id=16131]
  0x00007ff0f7814600 WatcherThread [stack: 0x000070000f451000,0x000070000f551000] [id=38659]
  0x00007ff0f7906c90 GCTaskThread "GC Thread#0" [stack: 0x000070000e012000,0x000070000e112000] [id=19715]
  0x00007ff0f792f9f0 GCTaskThread "GC Thread#1" [stack: 0x000070000f75a000,0x000070000f85a000] [id=83467]
  0x00007ff0f671ccf0 GCTaskThread "GC Thread#2" [stack: 0x000070000fa69000,0x000070000fb69000] [id=78875]
  0x00007ff0f671d430 GCTaskThread "GC Thread#3" [stack: 0x000070000fb6c000,0x000070000fc6c000] [id=78347]
  0x00007ff0f7907330 ConcurrentGCThread "G1 Main Marker" [stack: 0x000070000e115000,0x000070000e215000] [id=19203]
  0x00007ff0f7804770 ConcurrentGCThread "G1 Conc#0" [stack: 0x000070000e218000,0x000070000e318000] [id=18691]
  0x00007ff0f7a04c40 ConcurrentGCThread "G1 Refine#0" [stack: 0x000070000e31b000,0x000070000e41b000] [id=18179]
  0x00007ff0f7805fd0 ConcurrentGCThread "G1 Service" [stack: 0x000070000e41e000,0x000070000e51e000] [id=17923]

Threads with active compile tasks:
C2 CompilerThread0     1474  281       4       java.util.stream.ReferencePipeline$3$1::accept (23 bytes)

VM state: not at safepoint (normal execution)

VM Mutex/Monitor currently owned by a thread: None

Heap address: 0x0000000780000000, size: 2048 MB, Compressed Oops mode: Zero based, Oop shift amount: 3

CDS archive(s) mapped at: [0x0000000800000000-0x0000000800bd0000-0x0000000800bd0000), size 12386304, SharedBaseAddress: 0x0000000800000000, ArchiveRelocationMode: 0.
Compressed class space mapped at: 0x0000000800c00000-0x0000000840c00000, reserved size: 1073741824
Narrow klass base: 0x0000000800000000, Narrow klass shift: 0, Narrow klass range: 0x100000000

GC Precious Log:
 CPUs: 4 total, 4 available
 Memory: 8192M
 Large Page Support: Disabled
 NUMA Support: Disabled
 Compressed Oops: Enabled (Zero based)
 Heap Region Size: 1M
 Heap Min Capacity: 8M
 Heap Initial Capacity: 128M
 Heap Max Capacity: 2G
 Pre-touch: Disabled
 Parallel Workers: 4
 Concurrent Workers: 1
 Concurrent Refinement Workers: 4
 Periodic GC: Disabled

Heap:
 garbage-first heap   total 133120K, used 2314K [0x0000000780000000, 0x0000000800000000)
  region size 1024K, 3 young (3072K), 2 survivors (2048K)
 Metaspace       used 2449K, committed 2624K, reserved 1056768K
  class space    used 265K, committed 384K, reserved 1048576K

Heap Regions: E=young(eden), S=young(survivor), O=old, HS=humongous(starts), HC=humongous(continues), CS=collection set, F=free, OA=open archive, CA=closed archive, TAMS=top-at-mark-start (previous, next)
|   0|0x0000000780000000, 0x0000000780000000, 0x0000000780100000|  0%| F|  |TAMS 0x0000000780000000, 0x0000000780000000| Untracked 
|   1|0x0000000780100000, 0x0000000780100000, 0x0000000780200000|  0%| F|  |TAMS 0x0000000780100000, 0x0000000780100000| Untracked 
|   2|0x0000000780200000, 0x0000000780200000, 0x0000000780300000|  0%| F|  |TAMS 0x0000000780200000, 0x0000000780200000| Untracked 
|   3|0x0000000780300000, 0x0000000780300000, 0x0000000780400000|  0%| F|  |TAMS 0x0000000780300000, 0x0000000780300000| Untracked 
|   4|0x0000000780400000, 0x0000000780400000, 0x0000000780500000|  0%| F|  |TAMS 0x0000000780400000, 0x0000000780400000| Untracked 
|   5|0x0000000780500000, 0x0000000780500000, 0x0000000780600000|  0%| F|  |TAMS 0x0000000780500000, 0x0000000780500000| Untracked 
|   6|0x0000000780600000, 0x0000000780600000, 0x0000000780700000|  0%| F|  |TAMS 0x0000000780600000, 0x0000000780600000| Untracked 
|   7|0x0000000780700000, 0x0000000780700000, 0x0000000780800000|  0%| F|  |TAMS 0x0000000780700000, 0x0000000780700000| Untracked 
|   8|0x0000000780800000, 0x0000000780800000, 0x0000000780900000|  0%| F|  |TAMS 0x0000000780800000, 0x0000000780800000| Untracked 
|   9|0x0000000780900000, 0x0000000780900000, 0x0000000780a00000|  0%| F|  |TAMS 0x0000000780900000, 0x0000000780900000| Untracked 
|  10|0x0000000780a00000, 0x0000000780a00000, 0x0000000780b00000|  0%| F|  |TAMS 0x0000000780a00000, 0x0000000780a00000| Untracked 
|  11|0x0000000780b00000, 0x0000000780b00000, 0x0000000780c00000|  0%| F|  |TAMS 0x0000000780b00000, 0x0000000780b00000| Untracked 
|  12|0x0000000780c00000, 0x0000000780c00000, 0x0000000780d00000|  0%| F|  |TAMS 0x0000000780c00000, 0x0000000780c00000| Untracked 
|  13|0x0000000780d00000, 0x0000000780d00000, 0x0000000780e00000|  0%| F|  |TAMS 0x0000000780d00000, 0x0000000780d00000| Untracked 
|  14|0x0000000780e00000, 0x0000000780e00000, 0x0000000780f00000|  0%| F|  |TAMS 0x0000000780e00000, 0x0000000780e00000| Untracked 
|  15|0x0000000780f00000, 0x0000000780f00000, 0x0000000781000000|  0%| F|  |TAMS 0x0000000780f00000, 0x0000000780f00000| Untracked 
|  16|0x0000000781000000, 0x0000000781000000, 0x0000000781100000|  0%| F|  |TAMS 0x0000000781000000, 0x0000000781000000| Untracked 
|  17|0x0000000781100000, 0x0000000781100000, 0x0000000781200000|  0%| F|  |TAMS 0x0000000781100000, 0x0000000781100000| Untracked 
|  18|0x0000000781200000, 0x0000000781200000, 0x0000000781300000|  0%| F|  |TAMS 0x0000000781200000, 0x0000000781200000| Untracked 
|  19|0x0000000781300000, 0x0000000781300000, 0x0000000781400000|  0%| F|  |TAMS 0x0000000781300000, 0x0000000781300000| Untracked 
|  20|0x0000000781400000, 0x0000000781400000, 0x0000000781500000|  0%| F|  |TAMS 0x0000000781400000, 0x0000000781400000| Untracked 
|  21|0x0000000781500000, 0x0000000781500000, 0x0000000781600000|  0%| F|  |TAMS 0x0000000781500000, 0x0000000781500000| Untracked 
|  22|0x0000000781600000, 0x0000000781600000, 0x0000000781700000|  0%| F|  |TAMS 0x0000000781600000, 0x0000000781600000| Untracked 
|  23|0x0000000781700000, 0x0000000781700000, 0x0000000781800000|  0%| F|  |TAMS 0x0000000781700000, 0x0000000781700000| Untracked 
|  24|0x0000000781800000, 0x0000000781800000, 0x0000000781900000|  0%| F|  |TAMS 0x0000000781800000, 0x0000000781800000| Untracked 
|  25|0x0000000781900000, 0x0000000781900000, 0x0000000781a00000|  0%| F|  |TAMS 0x0000000781900000, 0x0000000781900000| Untracked 
|  26|0x0000000781a00000, 0x0000000781a00000, 0x0000000781b00000|  0%| F|  |TAMS 0x0000000781a00000, 0x0000000781a00000| Untracked 
|  27|0x0000000781b00000, 0x0000000781b00000, 0x0000000781c00000|  0%| F|  |TAMS 0x0000000781b00000, 0x0000000781b00000| Untracked 
|  28|0x0000000781c00000, 0x0000000781c00000, 0x0000000781d00000|  0%| F|  |TAMS 0x0000000781c00000, 0x0000000781c00000| Untracked 
|  29|0x0000000781d00000, 0x0000000781d00000, 0x0000000781e00000|  0%| F|  |TAMS 0x0000000781d00000, 0x0000000781d00000| Untracked 
|  30|0x0000000781e00000, 0x0000000781e00000, 0x0000000781f00000|  0%| F|  |TAMS 0x0000000781e00000, 0x0000000781e00000| Untracked 
|  31|0x0000000781f00000, 0x0000000781f00000, 0x0000000782000000|  0%| F|  |TAMS 0x0000000781f00000, 0x0000000781f00000| Untracked 
|  32|0x0000000782000000, 0x0000000782000000, 0x0000000782100000|  0%| F|  |TAMS 0x0000000782000000, 0x0000000782000000| Untracked 
|  33|0x0000000782100000, 0x0000000782100000, 0x0000000782200000|  0%| F|  |TAMS 0x0000000782100000, 0x0000000782100000| Untracked 
|  34|0x0000000782200000, 0x0000000782200000, 0x0000000782300000|  0%| F|  |TAMS 0x0000000782200000, 0x0000000782200000| Untracked 
|  35|0x0000000782300000, 0x0000000782300000, 0x0000000782400000|  0%| F|  |TAMS 0x0000000782300000, 0x0000000782300000| Untracked 
|  36|0x0000000782400000, 0x0000000782400000, 0x0000000782500000|  0%| F|  |TAMS 0x0000000782400000, 0x0000000782400000| Untracked 
|  37|0x0000000782500000, 0x0000000782500000, 0x0000000782600000|  0%| F|  |TAMS 0x0000000782500000, 0x0000000782500000| Untracked 
|  38|0x0000000782600000, 0x0000000782600000, 0x0000000782700000|  0%| F|  |TAMS 0x0000000782600000, 0x0000000782600000| Untracked 
|  39|0x0000000782700000, 0x0000000782700000, 0x0000000782800000|  0%| F|  |TAMS 0x0000000782700000, 0x0000000782700000| Untracked 
|  40|0x0000000782800000, 0x0000000782800000, 0x0000000782900000|  0%| F|  |TAMS 0x0000000782800000, 0x0000000782800000| Untracked 
|  41|0x0000000782900000, 0x0000000782900000, 0x0000000782a00000|  0%| F|  |TAMS 0x0000000782900000, 0x0000000782900000| Untracked 
|  42|0x0000000782a00000, 0x0000000782a00000, 0x0000000782b00000|  0%| F|  |TAMS 0x0000000782a00000, 0x0000000782a00000| Untracked 
|  43|0x0000000782b00000, 0x0000000782b00000, 0x0000000782c00000|  0%| F|  |TAMS 0x0000000782b00000, 0x0000000782b00000| Untracked 
|  44|0x0000000782c00000, 0x0000000782c00000, 0x0000000782d00000|  0%| F|  |TAMS 0x0000000782c00000, 0x0000000782c00000| Untracked 
|  45|0x0000000782d00000, 0x0000000782d00000, 0x0000000782e00000|  0%| F|  |TAMS 0x0000000782d00000, 0x0000000782d00000| Untracked 
|  46|0x0000000782e00000, 0x0000000782e00000, 0x0000000782f00000|  0%| F|  |TAMS 0x0000000782e00000, 0x0000000782e00000| Untracked 
|  47|0x0000000782f00000, 0x0000000782f00000, 0x0000000783000000|  0%| F|  |TAMS 0x0000000782f00000, 0x0000000782f00000| Untracked 
|  48|0x0000000783000000, 0x0000000783000000, 0x0000000783100000|  0%| F|  |TAMS 0x0000000783000000, 0x0000000783000000| Untracked 
|  49|0x0000000783100000, 0x0000000783100000, 0x0000000783200000|  0%| F|  |TAMS 0x0000000783100000, 0x0000000783100000| Untracked 
|  50|0x0000000783200000, 0x0000000783200000, 0x0000000783300000|  0%| F|  |TAMS 0x0000000783200000, 0x0000000783200000| Untracked 
|  51|0x0000000783300000, 0x0000000783300000, 0x0000000783400000|  0%| F|  |TAMS 0x0000000783300000, 0x0000000783300000| Untracked 
|  52|0x0000000783400000, 0x0000000783400000, 0x0000000783500000|  0%| F|  |TAMS 0x0000000783400000, 0x0000000783400000| Untracked 
|  53|0x0000000783500000, 0x0000000783500000, 0x0000000783600000|  0%| F|  |TAMS 0x0000000783500000, 0x0000000783500000| Untracked 
|  54|0x0000000783600000, 0x0000000783600000, 0x0000000783700000|  0%| F|  |TAMS 0x0000000783600000, 0x0000000783600000| Untracked 
|  55|0x0000000783700000, 0x0000000783700000, 0x0000000783800000|  0%| F|  |TAMS 0x0000000783700000, 0x0000000783700000| Untracked 
|  56|0x0000000783800000, 0x0000000783800000, 0x0000000783900000|  0%| F|  |TAMS 0x0000000783800000, 0x0000000783800000| Untracked 
|  57|0x0000000783900000, 0x0000000783900000, 0x0000000783a00000|  0%| F|  |TAMS 0x0000000783900000, 0x0000000783900000| Untracked 
|  58|0x0000000783a00000, 0x0000000783a00000, 0x0000000783b00000|  0%| F|  |TAMS 0x0000000783a00000, 0x0000000783a00000| Untracked 
|  59|0x0000000783b00000, 0x0000000783b00000, 0x0000000783c00000|  0%| F|  |TAMS 0x0000000783b00000, 0x0000000783b00000| Untracked 
|  60|0x0000000783c00000, 0x0000000783c00000, 0x0000000783d00000|  0%| F|  |TAMS 0x0000000783c00000, 0x0000000783c00000| Untracked 
|  61|0x0000000783d00000, 0x0000000783d00000, 0x0000000783e00000|  0%| F|  |TAMS 0x0000000783d00000, 0x0000000783d00000| Untracked 
|  62|0x0000000783e00000, 0x0000000783e00000, 0x0000000783f00000|  0%| F|  |TAMS 0x0000000783e00000, 0x0000000783e00000| Untracked 
|  63|0x0000000783f00000, 0x0000000783f00000, 0x0000000784000000|  0%| F|  |TAMS 0x0000000783f00000, 0x0000000783f00000| Untracked 
|  64|0x0000000784000000, 0x0000000784000000, 0x0000000784100000|  0%| F|  |TAMS 0x0000000784000000, 0x0000000784000000| Untracked 
|  65|0x0000000784100000, 0x0000000784100000, 0x0000000784200000|  0%| F|  |TAMS 0x0000000784100000, 0x0000000784100000| Untracked 
|  66|0x0000000784200000, 0x0000000784200000, 0x0000000784300000|  0%| F|  |TAMS 0x0000000784200000, 0x0000000784200000| Untracked 
|  67|0x0000000784300000, 0x0000000784300000, 0x0000000784400000|  0%| F|  |TAMS 0x0000000784300000, 0x0000000784300000| Untracked 
|  68|0x0000000784400000, 0x0000000784400000, 0x0000000784500000|  0%| F|  |TAMS 0x0000000784400000, 0x0000000784400000| Untracked 
|  69|0x0000000784500000, 0x0000000784500000, 0x0000000784600000|  0%| F|  |TAMS 0x0000000784500000, 0x0000000784500000| Untracked 
|  70|0x0000000784600000, 0x0000000784600000, 0x0000000784700000|  0%| F|  |TAMS 0x0000000784600000, 0x0000000784600000| Untracked 
|  71|0x0000000784700000, 0x0000000784700000, 0x0000000784800000|  0%| F|  |TAMS 0x0000000784700000, 0x0000000784700000| Untracked 
|  72|0x0000000784800000, 0x0000000784800000, 0x0000000784900000|  0%| F|  |TAMS 0x0000000784800000, 0x0000000784800000| Untracked 
|  73|0x0000000784900000, 0x0000000784900000, 0x0000000784a00000|  0%| F|  |TAMS 0x0000000784900000, 0x0000000784900000| Untracked 
|  74|0x0000000784a00000, 0x0000000784a00000, 0x0000000784b00000|  0%| F|  |TAMS 0x0000000784a00000, 0x0000000784a00000| Untracked 
|  75|0x0000000784b00000, 0x0000000784b00000, 0x0000000784c00000|  0%| F|  |TAMS 0x0000000784b00000, 0x0000000784b00000| Untracked 
|  76|0x0000000784c00000, 0x0000000784c00000, 0x0000000784d00000|  0%| F|  |TAMS 0x0000000784c00000, 0x0000000784c00000| Untracked 
|  77|0x0000000784d00000, 0x0000000784d00000, 0x0000000784e00000|  0%| F|  |TAMS 0x0000000784d00000, 0x0000000784d00000| Untracked 
|  78|0x0000000784e00000, 0x0000000784e00000, 0x0000000784f00000|  0%| F|  |TAMS 0x0000000784e00000, 0x0000000784e00000| Untracked 
|  79|0x0000000784f00000, 0x0000000784f00000, 0x0000000785000000|  0%| F|  |TAMS 0x0000000784f00000, 0x0000000784f00000| Untracked 
|  80|0x0000000785000000, 0x0000000785000000, 0x0000000785100000|  0%| F|  |TAMS 0x0000000785000000, 0x0000000785000000| Untracked 
|  81|0x0000000785100000, 0x0000000785100000, 0x0000000785200000|  0%| F|  |TAMS 0x0000000785100000, 0x0000000785100000| Untracked 
|  82|0x0000000785200000, 0x0000000785200000, 0x0000000785300000|  0%| F|  |TAMS 0x0000000785200000, 0x0000000785200000| Untracked 
|  83|0x0000000785300000, 0x0000000785300000, 0x0000000785400000|  0%| F|  |TAMS 0x0000000785300000, 0x0000000785300000| Untracked 
|  84|0x0000000785400000, 0x0000000785400000, 0x0000000785500000|  0%| F|  |TAMS 0x0000000785400000, 0x0000000785400000| Untracked 
|  85|0x0000000785500000, 0x0000000785500000, 0x0000000785600000|  0%| F|  |TAMS 0x0000000785500000, 0x0000000785500000| Untracked 
|  86|0x0000000785600000, 0x0000000785600000, 0x0000000785700000|  0%| F|  |TAMS 0x0000000785600000, 0x0000000785600000| Untracked 
|  87|0x0000000785700000, 0x0000000785700000, 0x0000000785800000|  0%| F|  |TAMS 0x0000000785700000, 0x0000000785700000| Untracked 
|  88|0x0000000785800000, 0x0000000785800000, 0x0000000785900000|  0%| F|  |TAMS 0x0000000785800000, 0x0000000785800000| Untracked 
|  89|0x0000000785900000, 0x0000000785900000, 0x0000000785a00000|  0%| F|  |TAMS 0x0000000785900000, 0x0000000785900000| Untracked 
|  90|0x0000000785a00000, 0x0000000785a00000, 0x0000000785b00000|  0%| F|  |TAMS 0x0000000785a00000, 0x0000000785a00000| Untracked 
|  91|0x0000000785b00000, 0x0000000785b00000, 0x0000000785c00000|  0%| F|  |TAMS 0x0000000785b00000, 0x0000000785b00000| Untracked 
|  92|0x0000000785c00000, 0x0000000785c00000, 0x0000000785d00000|  0%| F|  |TAMS 0x0000000785c00000, 0x0000000785c00000| Untracked 
|  93|0x0000000785d00000, 0x0000000785d00000, 0x0000000785e00000|  0%| F|  |TAMS 0x0000000785d00000, 0x0000000785d00000| Untracked 
|  94|0x0000000785e00000, 0x0000000785e00000, 0x0000000785f00000|  0%| F|  |TAMS 0x0000000785e00000, 0x0000000785e00000| Untracked 
|  95|0x0000000785f00000, 0x0000000785f00000, 0x0000000786000000|  0%| F|  |TAMS 0x0000000785f00000, 0x0000000785f00000| Untracked 
|  96|0x0000000786000000, 0x0000000786000000, 0x0000000786100000|  0%| F|  |TAMS 0x0000000786000000, 0x0000000786000000| Untracked 
|  97|0x0000000786100000, 0x0000000786100000, 0x0000000786200000|  0%| F|  |TAMS 0x0000000786100000, 0x0000000786100000| Untracked 
|  98|0x0000000786200000, 0x0000000786200000, 0x0000000786300000|  0%| F|  |TAMS 0x0000000786200000, 0x0000000786200000| Untracked 
|  99|0x0000000786300000, 0x0000000786300000, 0x0000000786400000|  0%| F|  |TAMS 0x0000000786300000, 0x0000000786300000| Untracked 
| 100|0x0000000786400000, 0x0000000786400000, 0x0000000786500000|  0%| F|  |TAMS 0x0000000786400000, 0x0000000786400000| Untracked 
| 101|0x0000000786500000, 0x0000000786500000, 0x0000000786600000|  0%| F|  |TAMS 0x0000000786500000, 0x0000000786500000| Untracked 
| 102|0x0000000786600000, 0x0000000786600000, 0x0000000786700000|  0%| F|  |TAMS 0x0000000786600000, 0x0000000786600000| Untracked 
| 103|0x0000000786700000, 0x0000000786700000, 0x0000000786800000|  0%| F|  |TAMS 0x0000000786700000, 0x0000000786700000| Untracked 
| 104|0x0000000786800000, 0x0000000786800000, 0x0000000786900000|  0%| F|  |TAMS 0x0000000786800000, 0x0000000786800000| Untracked 
| 105|0x0000000786900000, 0x0000000786900000, 0x0000000786a00000|  0%| F|  |TAMS 0x0000000786900000, 0x0000000786900000| Untracked 
| 106|0x0000000786a00000, 0x0000000786a00000, 0x0000000786b00000|  0%| F|  |TAMS 0x0000000786a00000, 0x0000000786a00000| Untracked 
| 107|0x0000000786b00000, 0x0000000786b00000, 0x0000000786c00000|  0%| F|  |TAMS 0x0000000786b00000, 0x0000000786b00000| Untracked 
| 108|0x0000000786c00000, 0x0000000786c00000, 0x0000000786d00000|  0%| F|  |TAMS 0x0000000786c00000, 0x0000000786c00000| Untracked 
| 109|0x0000000786d00000, 0x0000000786d00000, 0x0000000786e00000|  0%| F|  |TAMS 0x0000000786d00000, 0x0000000786d00000| Untracked 
| 110|0x0000000786e00000, 0x0000000786e00000, 0x0000000786f00000|  0%| F|  |TAMS 0x0000000786e00000, 0x0000000786e00000| Untracked 
| 111|0x0000000786f00000, 0x0000000786f00000, 0x0000000787000000|  0%| F|  |TAMS 0x0000000786f00000, 0x0000000786f00000| Untracked 
| 112|0x0000000787000000, 0x0000000787000000, 0x0000000787100000|  0%| F|  |TAMS 0x0000000787000000, 0x0000000787000000| Untracked 
| 113|0x0000000787100000, 0x000000078714db10, 0x0000000787200000| 30%| S|CS|TAMS 0x0000000787100000, 0x0000000787100000| Complete 
| 114|0x0000000787200000, 0x0000000787300000, 0x0000000787300000|100%| S|CS|TAMS 0x0000000787200000, 0x0000000787200000| Complete 
| 115|0x0000000787300000, 0x0000000787300000, 0x0000000787400000|  0%| F|  |TAMS 0x0000000787300000, 0x0000000787300000| Untracked 
| 116|0x0000000787400000, 0x0000000787400000, 0x0000000787500000|  0%| F|  |TAMS 0x0000000787400000, 0x0000000787400000| Untracked 
| 117|0x0000000787500000, 0x0000000787500000, 0x0000000787600000|  0%| F|  |TAMS 0x0000000787500000, 0x0000000787500000| Untracked 
| 118|0x0000000787600000, 0x0000000787600000, 0x0000000787700000|  0%| F|  |TAMS 0x0000000787600000, 0x0000000787600000| Untracked 
| 119|0x0000000787700000, 0x0000000787700000, 0x0000000787800000|  0%| F|  |TAMS 0x0000000787700000, 0x0000000787700000| Untracked 
| 120|0x0000000787800000, 0x0000000787800000, 0x0000000787900000|  0%| F|  |TAMS 0x0000000787800000, 0x0000000787800000| Untracked 
| 121|0x0000000787900000, 0x0000000787900000, 0x0000000787a00000|  0%| F|  |TAMS 0x0000000787900000, 0x0000000787900000| Untracked 
| 122|0x0000000787a00000, 0x0000000787a00000, 0x0000000787b00000|  0%| F|  |TAMS 0x0000000787a00000, 0x0000000787a00000| Untracked 
| 123|0x0000000787b00000, 0x0000000787b00000, 0x0000000787c00000|  0%| F|  |TAMS 0x0000000787b00000, 0x0000000787b00000| Untracked 
| 124|0x0000000787c00000, 0x0000000787c00000, 0x0000000787d00000|  0%| F|  |TAMS 0x0000000787c00000, 0x0000000787c00000| Untracked 
| 125|0x0000000787d00000, 0x0000000787d00000, 0x0000000787e00000|  0%| F|  |TAMS 0x0000000787d00000, 0x0000000787d00000| Untracked 
| 126|0x0000000787e00000, 0x0000000787e00000, 0x0000000787f00000|  0%| F|  |TAMS 0x0000000787e00000, 0x0000000787e00000| Untracked 
| 127|0x0000000787f00000, 0x0000000787f4c6d8, 0x0000000788000000| 29%| E|  |TAMS 0x0000000787f00000, 0x0000000787f00000| Complete 
|2046|0x00000007ffe00000, 0x00000007ffe76000, 0x00000007fff00000| 46%|OA|  |TAMS 0x00000007ffe00000, 0x00000007ffe00000| Untracked 
|2047|0x00000007fff00000, 0x00000007fff7f000, 0x0000000800000000| 49%|CA|  |TAMS 0x00000007fff00000, 0x00000007fff00000| Untracked 

Card table byte_map: [0x0000000102431000,0x0000000102831000] _byte_map_base: 0x00000000fe831000

Marking Bits (Prev, Next): (CMBitMap*) 0x00007ff0f882b010, (CMBitMap*) 0x00007ff0f882b050
 Prev Bits: [0x0000000104029000, 0x0000000106029000)
 Next Bits: [0x0000000106029000, 0x0000000108029000)

Polling page: 0x0000000101d87000

Metaspace:

Usage:
  Non-class:      2.16 MB used.
      Class:    268.02 KB used.
       Both:      2.42 MB used.

Virtual space:
  Non-class space:        8.00 MB reserved,       2.25 MB ( 28%) committed,  1 nodes.
      Class space:        1.00 GB reserved,     384.00 KB ( <1%) committed,  1 nodes.
             Both:        1.01 GB reserved,       2.62 MB ( <1%) committed. 

Chunk freelists:
   Non-Class:  2.72 MB
       Class:  3.53 MB
        Both:  6.25 MB

MaxMetaspaceSize: unlimited
CompressedClassSpaceSize: 1.00 GB
Initial GC threshold: 21.00 MB
Current GC threshold: 21.00 MB
CDS: on
MetaspaceReclaimPolicy: balanced
 - commit_granule_bytes: 65536.
 - commit_granule_words: 8192.
 - virtual_space_node_default_size: 1048576.
 - enlarge_chunks_in_place: 1.
 - new_chunks_are_fully_committed: 0.
 - uncommit_free_chunks: 1.
 - use_allocation_guard: 0.
 - handle_deallocations: 1.


Internal statistics:

num_allocs_failed_limit: 0.
num_arena_births: 68.
num_arena_deaths: 0.
num_vsnodes_births: 2.
num_vsnodes_deaths: 0.
num_space_committed: 42.
num_space_uncommitted: 0.
num_chunks_returned_to_freelist: 0.
num_chunks_taken_from_freelist: 145.
num_chunk_merges: 0.
num_chunk_splits: 95.
num_chunks_enlarged: 70.
num_purges: 0.
num_inconsistent_stats: 0.

CodeHeap 'non-profiled nmethods': size=120032Kb used=179Kb max_used=179Kb free=119852Kb
 bounds [0x0000000119937000, 0x0000000119ba7000, 0x0000000120e6f000]
CodeHeap 'profiled nmethods': size=120028Kb used=745Kb max_used=745Kb free=119282Kb
 bounds [0x0000000112400000, 0x0000000112670000, 0x0000000119937000]
CodeHeap 'non-nmethods': size=5700Kb used=1221Kb max_used=1221Kb free=4478Kb
 bounds [0x0000000111e6f000, 0x00000001120df000, 0x0000000112400000]
 total_blobs=1065 nmethods=598 adapters=381
 compilation: enabled
              stopped_count=0, restarted_count=0
 full_count=0

Compilation events (20 events):
Event: 1.188 Thread 0x00007ff0f889f000  597       2       java.lang.StringConcatHelper::initialCoder (14 bytes)
Event: 1.188 Thread 0x00007ff0f889f000 nmethod 597 0x00000001124b2090 code [0x00000001124b2220, 0x00000001124b2310]
Event: 1.188 Thread 0x00007ff0f889f000  598       2       java.lang.StringConcatHelper::simpleConcat (94 bytes)
Event: 1.190 Thread 0x00007ff0f889f000 nmethod 598 0x00000001124b2390 code [0x00000001124b25e0, 0x00000001124b2d70]
Event: 1.190 Thread 0x00007ff0f889f000  599       2       java.lang.String::concat (15 bytes)
Event: 1.191 Thread 0x00007ff0f889f000 nmethod 599 0x00000001124b3210 code [0x00000001124b3460, 0x00000001124b3bd0]
Event: 1.198 Thread 0x00007ff0f889f000  600       2       java.lang.invoke.MethodHandles$Lookup::<init> (84 bytes)
Event: 1.198 Thread 0x00007ff0f889f000 nmethod 600 0x00000001124b4010 code [0x00000001124b41a0, 0x00000001124b4370]
Event: 1.198 Thread 0x00007ff0f889f000  601       2       java.lang.invoke.MemberName::getType (19 bytes)
Event: 1.198 Thread 0x00007ff0f889f000 nmethod 601 0x00000001124b4410 code [0x00000001124b45c0, 0x00000001124b4770]
Event: 1.201 Thread 0x00007ff0f889f000  602       2       jdk.internal.org.objectweb.asm.MethodWriter::visitMethodInsn (191 bytes)
Event: 1.202 Thread 0x00007ff0f889f000 nmethod 602 0x00000001124b4890 code [0x00000001124b4aa0, 0x00000001124b4e40]
Event: 1.202 Thread 0x00007ff0f889f000  603       2       jdk.internal.org.objectweb.asm.SymbolTable::addConstantMethodref (24 bytes)
Event: 1.202 Thread 0x00007ff0f889f000 nmethod 603 0x00000001124b5190 code [0x00000001124b5340, 0x00000001124b54a0]
Event: 1.203 Thread 0x00007ff0f889f000  604       2       jdk.internal.org.objectweb.asm.SymbolTable::addConstantNameAndType (137 bytes)
Event: 1.204 Thread 0x00007ff0f889f000 nmethod 604 0x00000001124b5590 code [0x00000001124b57c0, 0x00000001124b5c60]
Event: 1.204 Thread 0x00007ff0f889f000  605       2       jdk.internal.org.objectweb.asm.SymbolTable$Entry::<init> (20 bytes)
Event: 1.204 Thread 0x00007ff0f889f000 nmethod 605 0x00000001124b6090 code [0x00000001124b6240, 0x00000001124b63c0]
Event: 1.204 Thread 0x00007ff0f889f000  606       2       java.lang.invoke.MethodHandles$Lookup::checkSymbolicClass (25 bytes)
Event: 1.205 Thread 0x00007ff0f889f000 nmethod 606 0x00000001124b6490 code [0x00000001124b6660, 0x00000001124b6880]

GC Heap History (0 events):
No events

Deoptimization events (20 events):
Event: 0.462 Thread 0x00007ff0f8809000 Uncommon trap: trap_request=0xffffffe5 fr.pc=0x000000011994c8fc relative=0x000000000000015c
Event: 0.462 Thread 0x00007ff0f8809000 Uncommon trap: reason=range_check action=reinterpret pc=0x000000011994c8fc method=java.lang.StringLatin1.indexOf([BII)I @ 13 c2
Event: 0.462 Thread 0x00007ff0f8809000 DEOPT PACKING pc=0x000000011994c8fc sp=0x000070000e00e2b0
Event: 0.462 Thread 0x00007ff0f8809000 DEOPT UNPACKING pc=0x0000000111ec1099 sp=0x000070000e00e260 mode 2
Event: 0.462 Thread 0x00007ff0f8809000 Uncommon trap: trap_request=0xffffff45 fr.pc=0x000000011994b3b4 relative=0x0000000000000314
Event: 0.462 Thread 0x00007ff0f8809000 Uncommon trap: reason=unstable_if action=reinterpret pc=0x000000011994b3b4 method=java.lang.StringLatin1.newString([BII)Ljava/lang/String; @ 1 c2
Event: 0.462 Thread 0x00007ff0f8809000 DEOPT PACKING pc=0x000000011994b3b4 sp=0x000070000e00e270
Event: 0.462 Thread 0x00007ff0f8809000 DEOPT UNPACKING pc=0x0000000111ec1099 sp=0x000070000e00e270 mode 2
Event: 0.867 Thread 0x00007ff0f8809000 Uncommon trap: trap_request=0xfffffff4 fr.pc=0x000000011994d0c8 relative=0x00000000000001a8
Event: 0.867 Thread 0x00007ff0f8809000 Uncommon trap: reason=null_check action=make_not_entrant pc=0x000000011994d0c8 method=java.lang.String.equals(Ljava/lang/Object;)Z @ 8 c2
Event: 0.867 Thread 0x00007ff0f8809000 DEOPT PACKING pc=0x000000011994d0c8 sp=0x000070000e00e8c0
Event: 0.868 Thread 0x00007ff0f8809000 DEOPT UNPACKING pc=0x0000000111ec1099 sp=0x000070000e00e888 mode 2
Event: 0.886 Thread 0x00007ff0f8809000 DEOPT PACKING pc=0x000000011240705b sp=0x000070000e008770
Event: 0.886 Thread 0x00007ff0f8809000 DEOPT UNPACKING pc=0x0000000111ec182f sp=0x000070000e007c08 mode 0
Event: 1.009 Thread 0x00007ff0f8809000 DEOPT PACKING pc=0x000000011240705b sp=0x000070000e00d190
Event: 1.009 Thread 0x00007ff0f8809000 DEOPT UNPACKING pc=0x0000000111ec182f sp=0x000070000e00c628 mode 0
Event: 1.073 Thread 0x00007ff0f704bc00 DEOPT PACKING pc=0x000000011240705b sp=0x000070000f6528c0
Event: 1.073 Thread 0x00007ff0f704bc00 DEOPT UNPACKING pc=0x0000000111ec182f sp=0x000070000f651d58 mode 0
Event: 1.184 Thread 0x00007ff0f8809000 DEOPT PACKING pc=0x000000011240705b sp=0x000070000e00a630
Event: 1.184 Thread 0x00007ff0f8809000 DEOPT UNPACKING pc=0x0000000111ec182f sp=0x000070000e009ac8 mode 0

Classes unloaded (0 events):
No events

Classes redefined (0 events):
No events

Internal exceptions (7 events):
Event: 0.434 Thread 0x00007ff0f8809000 Exception <a 'sun/nio/fs/UnixException'{0x0000000787aaa128}> (0x0000000787aaa128) 
thrown [src/hotspot/share/prims/jni.cpp, line 516]
Event: 0.867 Thread 0x00007ff0f8809000 Implicit null exception at 0x000000011994cf55 to 0x000000011994d0b8
Event: 0.868 Thread 0x00007ff0f8809000 Exception <a 'java/lang/NoSuchMethodError'{0x0000000787983d00}: 'java.lang.Object java.lang.invoke.DirectMethodHandle$Holder.invokeStaticInit(java.lang.Object)'> (0x0000000787983d00) 
thrown [src/hotspot/share/interpreter/linkResolver.cpp, line 766]
Event: 0.871 Thread 0x00007ff0f8809000 Exception <a 'java/lang/NoSuchMethodError'{0x00000007879cdab0}: 'void java.lang.invoke.DirectMethodHandle$Holder.invokeStatic(java.lang.Object, java.lang.Object)'> (0x00000007879cdab0) 
thrown [src/hotspot/share/interpreter/linkResolver.cpp, line 766]
Event: 1.019 Thread 0x00007ff0f8809000 Exception <a 'java/lang/NoSuchMethodError'{0x00000007876a1d08}: 'void java.lang.invoke.DirectMethodHandle$Holder.invokeSpecial(java.lang.Object, java.lang.Object, java.lang.Object)'> (0x00000007876a1d08) 
thrown [src/hotspot/share/interpreter/linkResolver.cpp, line 766]
Event: 1.041 Thread 0x00007ff0f8809000 Exception <a 'java/lang/NoSuchMethodError'{0x00000007876defb8}: 'void java.lang.invoke.DirectMethodHandle$Holder.invokeStatic(java.lang.Object, java.lang.Object, java.lang.Object)'> (0x00000007876defb8) 
thrown [src/hotspot/share/interpreter/linkResolver.cpp, line 766]
Event: 1.172 Thread 0x00007ff0f8809000 Exception <a 'java/lang/NoSuchMethodError'{0x00000007876fb8d0}: 'int java.lang.invoke.DirectMethodHandle$Holder.invokeStaticInit(java.lang.Object, java.lang.Object, java.lang.Object)'> (0x00000007876fb8d0) 
thrown [src/hotspot/share/interpreter/linkResolver.cpp, line 766]

VM Operations (6 events):
Event: 0.246 Executing VM operation: HandshakeAllThreads
Event: 0.246 Executing VM operation: HandshakeAllThreads done
Event: 0.445 Executing VM operation: HandshakeAllThreads
Event: 0.445 Executing VM operation: HandshakeAllThreads done
Event: 0.481 Executing VM operation: ChangeBreakpoints
Event: 0.481 Executing VM operation: ChangeBreakpoints done

Events (20 events):
Event: 1.203 Thread 0x00007ff0f8baf800 Thread added: 0x00007ff0f8baf800
Event: 1.203 Protecting memory [0x000070000f657000,0x000070000f65b000] with protection modes 0
Event: 1.206 Protecting memory [0x00007ff7bdab4000,0x00007ff7bdab8000] with protection modes 0
Event: 1.206 Thread 0x00007ff0f88fd400 Thread added: 0x00007ff0f88fd400
Event: 1.314 Thread 0x00007ff0f8c4c200 Thread added: 0x00007ff0f8c4c200
Event: 1.314 Protecting memory [0x000070000f75a000,0x000070000f75e000] with protection modes 0
Event: 1.414 loading class java/util/concurrent/LinkedBlockingDeque$Node
Event: 1.414 loading class java/util/concurrent/LinkedBlockingDeque$Node done
Event: 1.414 Protecting memory [0x000070000f75a000,0x000070000f75e000] with protection modes 3
Event: 1.414 Thread 0x00007ff0f8c4c200 Thread exited: 0x00007ff0f8c4c200
Event: 1.418 loading class java/util/concurrent/FutureTask
Event: 1.418 loading class java/util/concurrent/FutureTask done
Event: 1.421 loading class java/util/concurrent/CancellationException
Event: 1.421 loading class java/util/concurrent/CancellationException done
Event: 1.421 loading class java/util/concurrent/ExecutionException
Event: 1.421 loading class java/util/concurrent/ExecutionException done
Event: 1.422 loading class java/util/concurrent/FutureTask$WaitNode
Event: 1.422 loading class java/util/concurrent/FutureTask$WaitNode done
Event: 1.422 loading class java/util/concurrent/Executors$RunnableAdapter
Event: 1.422 loading class java/util/concurrent/Executors$RunnableAdapter done


Dynamic libraries:
0x0000000101d69000 	/Library/Java/JavaVirtualMachines/temurin-17.jdk/Contents/Home/lib/libjli.dylib
0x00007ff81008d000 	/usr/lib/libz.1.dylib
0x00007ff81016d000 	/usr/lib/libSystem.B.dylib
0x00007ff810168000 	/usr/lib/system/libcache.dylib
0x00007ff810124000 	/usr/lib/system/libcommonCrypto.dylib
0x00007ff81014d000 	/usr/lib/system/libcompiler_rt.dylib
0x00007ff810143000 	/usr/lib/system/libcopyfile.dylib
0x00007ff8050e1000 	/usr/lib/system/libcorecrypto.dylib
0x00007ff8051a0000 	/usr/lib/system/libdispatch.dylib
0x00007ff80535f000 	/usr/lib/system/libdyld.dylib
0x00007ff81015f000 	/usr/lib/system/libkeymgr.dylib
0x00007ff810102000 	/usr/lib/system/libmacho.dylib
0x00007ff80f799000 	/usr/lib/system/libquarantine.dylib
0x00007ff81015d000 	/usr/lib/system/libremovefile.dylib
0x00007ff80a2b7000 	/usr/lib/system/libsystem_asl.dylib
0x00007ff80508f000 	/usr/lib/system/libsystem_blocks.dylib
0x00007ff805224000 	/usr/lib/system/libsystem_c.dylib
0x00007ff810155000 	/usr/lib/system/libsystem_collections.dylib
0x00007ff80e980000 	/usr/lib/system/libsystem_configuration.dylib
0x00007ff80dc42000 	/usr/lib/system/libsystem_containermanager.dylib
0x00007ff80fe41000 	/usr/lib/system/libsystem_coreservices.dylib
0x00007ff807985000 	/usr/lib/system/libsystem_darwin.dylib
0x00007ff810160000 	/usr/lib/system/libsystem_dnssd.dylib
0x00007ff805221000 	/usr/lib/system/libsystem_featureflags.dylib
0x00007ff805375000 	/usr/lib/system/libsystem_info.dylib
0x00007ff8100a0000 	/usr/lib/system/libsystem_m.dylib
0x00007ff805174000 	/usr/lib/system/libsystem_malloc.dylib
0x00007ff80a254000 	/usr/lib/system/libsystem_networkextension.dylib
0x00007ff807dad000 	/usr/lib/system/libsystem_notify.dylib
0x00007ff81629e000 	/usr/lib/system/libsystem_product_info_filter.dylib
0x00007ff80e984000 	/usr/lib/system/libsystem_sandbox.dylib
0x00007ff81015a000 	/usr/lib/system/libsystem_secinit.dylib
0x00007ff80531c000 	/usr/lib/system/libsystem_kernel.dylib
0x00007ff80536b000 	/usr/lib/system/libsystem_platform.dylib
0x00007ff805353000 	/usr/lib/system/libsystem_pthread.dylib
0x00007ff80bb08000 	/usr/lib/system/libsystem_symptoms.dylib
0x00007ff8050c8000 	/usr/lib/system/libsystem_trace.dylib
0x00007ff810130000 	/usr/lib/system/libunwind.dylib
0x00007ff805091000 	/usr/lib/system/libxpc.dylib
0x00007ff805306000 	/usr/lib/libc++abi.dylib
0x00007ff8051e7000 	/usr/lib/libobjc.A.dylib
0x00007ff81013b000 	/usr/lib/liboah.dylib
0x00007ff8052ad000 	/usr/lib/libc++.1.dylib
0x00007ff81bfcd000 	/System/Library/Frameworks/Cocoa.framework/Versions/A/Cocoa
0x00007ff807e0b000 	/System/Library/Frameworks/AppKit.framework/Versions/C/AppKit
0x00007ff80b2f8000 	/System/Library/Frameworks/CoreData.framework/Versions/A/CoreData
0x00007ff806226000 	/System/Library/Frameworks/Foundation.framework/Versions/C/Foundation
0x00007ff808c98000 	/System/Library/PrivateFrameworks/UIFoundation.framework/Versions/A/UIFoundation
0x00007ff815fa5000 	/System/Library/PrivateFrameworks/RemoteViewServices.framework/Versions/A/RemoteViewServices
0x00007ff80e319000 	/System/Library/PrivateFrameworks/XCTTargetBootstrap.framework/Versions/A/XCTTargetBootstrap
0x00007ff811f7c000 	/System/Library/PrivateFrameworks/InternationalSupport.framework/Versions/A/InternationalSupport
0x00007ff812006000 	/System/Library/PrivateFrameworks/UserActivity.framework/Versions/A/UserActivity
0x00007ff81135c000 	/usr/lib/libspindump.dylib
0x00007ff808f26000 	/System/Library/Frameworks/UniformTypeIdentifiers.framework/Versions/A/UniformTypeIdentifiers
0x00007ff80ca58000 	/usr/lib/libapp_launch_measurement.dylib
0x00007ff80bcc2000 	/System/Library/PrivateFrameworks/CoreAnalytics.framework/Versions/A/CoreAnalytics
0x00007ff80ca5b000 	/System/Library/PrivateFrameworks/CoreAutoLayout.framework/Versions/A/CoreAutoLayout
0x00007ff80dc7a000 	/System/Library/Frameworks/Metal.framework/Versions/A/Metal
0x00007ff80e98f000 	/usr/lib/liblangid.dylib
0x00007ff80e31d000 	/System/Library/PrivateFrameworks/CoreSVG.framework/Versions/A/CoreSVG
0x00007ff80a2e8000 	/System/Library/PrivateFrameworks/SkyLight.framework/Versions/A/SkyLight
0x00007ff80a679000 	/System/Library/Frameworks/CoreGraphics.framework/Versions/A/CoreGraphics
0x00007ff816610000 	/System/Library/Frameworks/Accelerate.framework/Versions/A/Accelerate
0x00007ff810dd7000 	/System/Library/PrivateFrameworks/IconServices.framework/Versions/A/IconServices
0x00007ff80dc5f000 	/System/Library/Frameworks/IOSurface.framework/Versions/A/IOSurface
0x00007ff80bcf0000 	/usr/lib/libDiagnosticMessagesClient.dylib
0x00007ff819c6f000 	/System/Library/Frameworks/ApplicationServices.framework/Versions/A/ApplicationServices
0x00007ff80e305000 	/System/Library/PrivateFrameworks/DFRFoundation.framework/Versions/A/DFRFoundation
0x00007ff8076fc000 	/usr/lib/libicucore.A.dylib
0x00007ff812c9e000 	/System/Library/Frameworks/AudioToolbox.framework/Versions/A/AudioToolbox
0x00007ff811f88000 	/System/Library/PrivateFrameworks/DataDetectorsCore.framework/Versions/A/DataDetectorsCore
0x00007ff90d7ce000 	/System/Library/PrivateFrameworks/TextInput.framework/Versions/A/TextInput
0x00007ff80a26b000 	/usr/lib/libMobileGestalt.dylib
0x00007ff80e00d000 	/System/Library/Frameworks/Carbon.framework/Versions/A/Frameworks/HIToolbox.framework/Versions/A/HIToolbox
0x00007ff80c486000 	/System/Library/Frameworks/QuartzCore.framework/Versions/A/QuartzCore
0x00007ff80739d000 	/System/Library/Frameworks/Security.framework/Versions/A/Security
0x00007ff815fdd000 	/System/Library/Frameworks/Carbon.framework/Versions/A/Frameworks/SpeechRecognition.framework/Versions/A/SpeechRecognition
0x00007ff80c7b8000 	/System/Library/PrivateFrameworks/CoreUI.framework/Versions/A/CoreUI
0x00007ff806c77000 	/System/Library/Frameworks/CoreAudio.framework/Versions/A/CoreAudio
0x00007ff80bdde000 	/System/Library/Frameworks/DiskArbitration.framework/Versions/A/DiskArbitration
0x00007ff811743000 	/System/Library/PrivateFrameworks/MultitouchSupport.framework/Versions/A/MultitouchSupport
0x00007ff80a26a000 	/usr/lib/libenergytrace.dylib
0x00007ff807cf7000 	/System/Library/Frameworks/IOKit.framework/Versions/A/IOKit
0x00007ff8163c7000 	/System/Library/Frameworks/CoreServices.framework/Versions/A/CoreServices
0x00007ff80c9f2000 	/System/Library/PrivateFrameworks/PerformanceAnalysis.framework/Versions/A/PerformanceAnalysis
0x00007ffa1cd8f000 	/System/Library/Frameworks/OpenGL.framework/Versions/A/OpenGL
0x00007ff80f6c5000 	/System/Library/PrivateFrameworks/MobileKeyBag.framework/Versions/A/MobileKeyBag
0x00007ff80ad45000 	/System/Library/Frameworks/ColorSync.framework/Versions/A/ColorSync
0x00007ff8053a0000 	/System/Library/Frameworks/CoreFoundation.framework/Versions/A/CoreFoundation
0x00007ff80e596000 	/System/Library/Frameworks/CoreImage.framework/Versions/A/CoreImage
0x00007ff806a8d000 	/System/Library/Frameworks/CoreText.framework/Versions/A/CoreText
0x00007ff80e34c000 	/System/Library/Frameworks/ImageIO.framework/Versions/A/ImageIO
0x00007ff810173000 	/System/Library/PrivateFrameworks/SoftLinking.framework/Versions/A/SoftLinking
0x00007ff80caa3000 	/usr/lib/libxml2.2.dylib
0x00007ff8103f6000 	/usr/lib/libcompression.dylib
0x00007ff811eb2000 	/System/Library/PrivateFrameworks/TextureIO.framework/Versions/A/TextureIO
0x00007ff810ae9000 	/usr/lib/libate.dylib
0x00007ff8108c7000 	/usr/lib/liblzma.5.dylib
0x00007ff805f37000 	/System/Library/Frameworks/SystemConfiguration.framework/Versions/A/SystemConfiguration
0x00007ff81016f000 	/usr/lib/libfakelink.dylib
0x00007ff809dbe000 	/System/Library/Frameworks/CFNetwork.framework/Versions/A/CFNetwork
0x00007ff8102ae000 	/usr/lib/libarchive.2.dylib
0x00007ff80e98b000 	/System/Library/PrivateFrameworks/AppleSystemInfo.framework/Versions/A/AppleSystemInfo
0x00007ff80f7bf000 	/usr/lib/libbsm.0.dylib
0x00007ff8093f5000 	/usr/lib/libnetwork.dylib
0x00007ff810108000 	/usr/lib/system/libkxld.dylib
0x00007ff80f3ee000 	/System/Library/PrivateFrameworks/IOMobileFramebuffer.framework/Versions/A/IOMobileFramebuffer
0x00007ffb1a878000 	/usr/lib/libCoreEntitlements.dylib
0x00007ff80fe23000 	/System/Library/PrivateFrameworks/AppleFSCompression.framework/Versions/A/AppleFSCompression
0x00007ff80f7a8000 	/usr/lib/libcoretls.dylib
0x00007ff8108e1000 	/usr/lib/libcoretls_cfhelpers.dylib
0x00007ff8103f1000 	/usr/lib/libpam.2.dylib
0x00007ff80b72a000 	/usr/lib/libsqlite3.dylib
0x00007ff810950000 	/usr/lib/libxar.1.dylib
0x00007ff80fe33000 	/usr/lib/libbz2.1.0.dylib
0x00007ff810174000 	/usr/lib/libpcap.A.dylib
0x00007ff80baff000 	/usr/lib/libdns_services.dylib
0x00007ff8103c0000 	/usr/lib/libapple_nghttp2.dylib
0x00007ff8101ab000 	/usr/lib/libiconv.2.dylib
0x00007ff810101000 	/usr/lib/libcharset.1.dylib
0x00007ff80ca26000 	/System/Library/Frameworks/CoreServices.framework/Versions/A/Frameworks/FSEvents.framework/Versions/A/FSEvents
0x00007ff80798f000 	/System/Library/Frameworks/CoreServices.framework/Versions/A/Frameworks/CarbonCore.framework/Versions/A/CarbonCore
0x00007ff80bd43000 	/System/Library/Frameworks/CoreServices.framework/Versions/A/Frameworks/Metadata.framework/Versions/A/Metadata
0x00007ff80fe46000 	/System/Library/Frameworks/CoreServices.framework/Versions/A/Frameworks/OSServices.framework/Versions/A/OSServices
0x00007ff810334000 	/System/Library/Frameworks/CoreServices.framework/Versions/A/Frameworks/SearchKit.framework/Versions/A/SearchKit
0x00007ff80ba91000 	/System/Library/Frameworks/CoreServices.framework/Versions/A/Frameworks/AE.framework/Versions/A/AE
0x00007ff8058a3000 	/System/Library/Frameworks/CoreServices.framework/Versions/A/Frameworks/LaunchServices.framework/Versions/A/LaunchServices
0x00007ff810878000 	/System/Library/Frameworks/CoreServices.framework/Versions/A/Frameworks/DictionaryServices.framework/Versions/A/DictionaryServices
0x00007ff80ca33000 	/System/Library/Frameworks/CoreServices.framework/Versions/A/Frameworks/SharedFileList.framework/Versions/A/SharedFileList
0x00007ff80f79c000 	/usr/lib/libCheckFix.dylib
0x00007ff80a2ce000 	/System/Library/PrivateFrameworks/TCC.framework/Versions/A/TCC
0x00007ff80e991000 	/System/Library/PrivateFrameworks/CoreNLP.framework/Versions/A/CoreNLP
0x00007ff80bcf3000 	/System/Library/PrivateFrameworks/MetadataUtilities.framework/Versions/A/MetadataUtilities
0x00007ff805fe7000 	/usr/lib/libmecabra.dylib
0x00007ff80f7cf000 	/usr/lib/libmecab.dylib
0x00007ff805fb2000 	/usr/lib/libCRFSuite.dylib
0x00007ff80f82c000 	/usr/lib/libgermantok.dylib
0x00007ff81039b000 	/usr/lib/libThaiTokenizer.dylib
0x00007ff80bde5000 	/System/Library/Frameworks/Accelerate.framework/Versions/A/Frameworks/vImage.framework/Versions/A/vImage
0x00007ff81639e000 	/System/Library/Frameworks/Accelerate.framework/Versions/A/Frameworks/vecLib.framework/Versions/A/vecLib
0x00007ff810991000 	/System/Library/Frameworks/Accelerate.framework/Versions/A/Frameworks/vecLib.framework/Versions/A/libvMisc.dylib
0x00007ff80f20c000 	/System/Library/Frameworks/Accelerate.framework/Versions/A/Frameworks/vecLib.framework/Versions/A/libvDSP.dylib
0x00007ff805c1b000 	/System/Library/Frameworks/Accelerate.framework/Versions/A/Frameworks/vecLib.framework/Versions/A/libBLAS.dylib
0x00007ff8104d2000 	/System/Library/Frameworks/Accelerate.framework/Versions/A/Frameworks/vecLib.framework/Versions/A/libLAPACK.dylib
0x00007ff80f82f000 	/System/Library/Frameworks/Accelerate.framework/Versions/A/Frameworks/vecLib.framework/Versions/A/libLinearAlgebra.dylib
0x00007ff8103d9000 	/System/Library/Frameworks/Accelerate.framework/Versions/A/Frameworks/vecLib.framework/Versions/A/libSparseBLAS.dylib
0x00007ff8104cc000 	/System/Library/Frameworks/Accelerate.framework/Versions/A/Frameworks/vecLib.framework/Versions/A/libQuadrature.dylib
0x00007ff80ea7b000 	/System/Library/Frameworks/Accelerate.framework/Versions/A/Frameworks/vecLib.framework/Versions/A/libBNNS.dylib
0x00007ff805ec8000 	/System/Library/Frameworks/Accelerate.framework/Versions/A/Frameworks/vecLib.framework/Versions/A/libSparse.dylib
0x00007ff80ea74000 	/System/Library/PrivateFrameworks/LinguisticData.framework/Versions/A/LinguisticData
0x00007ff805e7d000 	/System/Library/PrivateFrameworks/Lexicon.framework/Versions/A/Lexicon
0x00007ff81098a000 	/usr/lib/libChineseTokenizer.dylib
0x00007ff8065e1000 	/System/Library/PrivateFrameworks/LanguageModeling.framework/Versions/A/LanguageModeling
0x00007ff81039d000 	/System/Library/PrivateFrameworks/AppleSauce.framework/Versions/A/AppleSauce
0x00007ff80f3dc000 	/System/Library/PrivateFrameworks/CoreEmoji.framework/Versions/A/CoreEmoji
0x00007ff81029d000 	/usr/lib/libcmph.dylib
0x00007ff80ca0a000 	/System/Library/Frameworks/OpenDirectory.framework/Versions/A/Frameworks/CFOpenDirectory.framework/Versions/A/CFOpenDirectory
0x00007ff80c9fe000 	/System/Library/Frameworks/OpenDirectory.framework/Versions/A/OpenDirectory
0x00007ff8108e3000 	/System/Library/PrivateFrameworks/APFS.framework/Versions/A/APFS
0x00007ff80f6fd000 	/System/Library/Frameworks/SecurityFoundation.framework/Versions/A/SecurityFoundation
0x00007ff81095e000 	/usr/lib/libutil.dylib
0x00007ff807cba000 	/System/Library/PrivateFrameworks/CoreServicesStore.framework/Versions/A/CoreServicesStore
0x00007ff810962000 	/usr/lib/libxslt.1.dylib
0x00007ff80f78a000 	/System/Library/PrivateFrameworks/BackgroundTaskManagement.framework/Versions/A/BackgroundTaskManagement
0x00007ff811dd2000 	/System/Library/Frameworks/ImageIO.framework/Versions/A/Resources/libRadiance.dylib
0x00007ff811ddb000 	/System/Library/Frameworks/ImageIO.framework/Versions/A/Resources/libJPEG.dylib
0x00007ff811d2b000 	/System/Library/Frameworks/ImageIO.framework/Versions/A/Resources/libPng.dylib
0x00007ff811d4c000 	/System/Library/Frameworks/ImageIO.framework/Versions/A/Resources/libTIFF.dylib
0x00007ff811e3b000 	/System/Library/Frameworks/ImageIO.framework/Versions/A/Resources/libGIF.dylib
0x00007ff81165c000 	/System/Library/Frameworks/ImageIO.framework/Versions/A/Resources/libJP2.dylib
0x00007ff810d9e000 	/usr/lib/libexpat.1.dylib
0x00007ff811611000 	/System/Library/PrivateFrameworks/AppleJPEG.framework/Versions/A/AppleJPEG
0x00007ff80ded4000 	/System/Library/PrivateFrameworks/FontServices.framework/libFontParser.dylib
0x00007ff80ba3b000 	/System/Library/PrivateFrameworks/RunningBoardServices.framework/Versions/A/RunningBoardServices
0x00007ff81c53e000 	/System/Library/PrivateFrameworks/IOSurfaceAccelerator.framework/Versions/A/IOSurfaceAccelerator
0x00007ff81173f000 	/System/Library/PrivateFrameworks/WatchdogClient.framework/Versions/A/WatchdogClient
0x00007ff8066d0000 	/System/Library/Frameworks/CoreDisplay.framework/Versions/A/CoreDisplay
0x00007ff80ddd4000 	/System/Library/Frameworks/CoreMedia.framework/Versions/A/CoreMedia
0x00007ff80dc71000 	/System/Library/PrivateFrameworks/IOAccelerator.framework/Versions/A/IOAccelerator
0x00007ff80cb86000 	/System/Library/Frameworks/CoreVideo.framework/Versions/A/CoreVideo
0x00007ff8103ef000 	/System/Library/Frameworks/MetalPerformanceShaders.framework/Versions/A/MetalPerformanceShaders
0x00007ff81177a000 	/System/Library/Frameworks/VideoToolbox.framework/Versions/A/VideoToolbox
0x00007ff80b983000 	/System/Library/PrivateFrameworks/BaseBoard.framework/Versions/A/BaseBoard
0x00007ff80b710000 	/System/Library/PrivateFrameworks/ProtocolBuffer.framework/Versions/A/ProtocolBuffer
0x00007ff811dcb000 	/System/Library/PrivateFrameworks/GPUWrangler.framework/Versions/A/GPUWrangler
0x00007ff811dae000 	/System/Library/PrivateFrameworks/IOPresentment.framework/Versions/A/IOPresentment
0x00007ff811dd5000 	/System/Library/PrivateFrameworks/DSExternalDisplay.framework/Versions/A/DSExternalDisplay
0x00007ffa1cd83000 	/System/Library/Frameworks/OpenGL.framework/Versions/A/Libraries/libCoreFSCache.dylib
0x00007ffb08e77000 	/System/Library/PrivateFrameworks/GPUCompiler.framework/Versions/31001/Libraries/libGPUCompilerUtils.dylib
0x00007ff811e40000 	/System/Library/PrivateFrameworks/CMCaptureCore.framework/Versions/A/CMCaptureCore
0x00007ff81134a000 	/System/Library/PrivateFrameworks/AppServerSupport.framework/Versions/A/AppServerSupport
0x00007ff81351b000 	/System/Library/PrivateFrameworks/perfdata.framework/Versions/A/perfdata
0x00007ff8067fc000 	/System/Library/PrivateFrameworks/AudioToolboxCore.framework/Versions/A/AudioToolboxCore
0x00007ff80ddb1000 	/System/Library/PrivateFrameworks/caulk.framework/Versions/A/caulk
0x00007ff812e48000 	/usr/lib/libAudioStatistics.dylib
0x00007ff90a08d000 	/System/Library/PrivateFrameworks/SystemPolicy.framework/Versions/A/SystemPolicy
0x00007ff813094000 	/usr/lib/libSMC.dylib
0x00007ff81be80000 	/System/Library/Frameworks/CoreMIDI.framework/Versions/A/CoreMIDI
0x00007ff811cfb000 	/usr/lib/libAudioToolboxUtility.dylib
0x00007ff906515000 	/System/Library/PrivateFrameworks/OSAServicesClient.framework/Versions/A/OSAServicesClient
0x00007ff813528000 	/usr/lib/libperfcheck.dylib
0x00007ff90ab19000 	/usr/lib/libmis.dylib
0x00007ffa1cddf000 	/System/Library/Frameworks/OpenGL.framework/Versions/A/Libraries/libGLU.dylib
0x00007ffa1cda2000 	/System/Library/Frameworks/OpenGL.framework/Versions/A/Libraries/libGFXShared.dylib
0x00007ffa1cfb0000 	/System/Library/Frameworks/OpenGL.framework/Versions/A/Libraries/libGL.dylib
0x00007ffa1cdab000 	/System/Library/Frameworks/OpenGL.framework/Versions/A/Libraries/libGLImage.dylib
0x00007ffa1cd9f000 	/System/Library/Frameworks/OpenGL.framework/Versions/A/Libraries/libCVMSPluginSupport.dylib
0x00007ffa1cd8a000 	/System/Library/Frameworks/OpenGL.framework/Versions/A/Libraries/libCoreVMClient.dylib
0x00007ff80e90f000 	/System/Library/Frameworks/MetalPerformanceShaders.framework/Versions/A/Frameworks/MPSCore.framework/Versions/A/MPSCore
0x00007ff80fd8e000 	/System/Library/Frameworks/MetalPerformanceShaders.framework/Versions/A/Frameworks/MPSImage.framework/Versions/A/MPSImage
0x00007ff80f845000 	/System/Library/Frameworks/MetalPerformanceShaders.framework/Versions/A/Frameworks/MPSNeuralNetwork.framework/Versions/A/MPSNeuralNetwork
0x00007ff80fcba000 	/System/Library/Frameworks/MetalPerformanceShaders.framework/Versions/A/Frameworks/MPSMatrix.framework/Versions/A/MPSMatrix
0x00007ff80fa76000 	/System/Library/Frameworks/MetalPerformanceShaders.framework/Versions/A/Frameworks/MPSRayIntersector.framework/Versions/A/MPSRayIntersector
0x00007ff80fcf3000 	/System/Library/Frameworks/MetalPerformanceShaders.framework/Versions/A/Frameworks/MPSNDArray.framework/Versions/A/MPSNDArray
0x00007ffa21988000 	/System/Library/Frameworks/MetalPerformanceShaders.framework/Versions/A/Frameworks/MPSFunctions.framework/Versions/A/MPSFunctions
0x00007ff805afe000 	/System/Library/PrivateFrameworks/MetalTools.framework/Versions/A/MetalTools
0x00007ff80e989000 	/System/Library/PrivateFrameworks/AggregateDictionary.framework/Versions/A/AggregateDictionary
0x00007ff810b80000 	/usr/lib/libIOReport.dylib
0x00007ffa1e3bf000 	/System/Library/Frameworks/OpenCL.framework/Versions/A/OpenCL
0x00007ff810ee4000 	/System/Library/PrivateFrameworks/FaceCore.framework/Versions/A/FaceCore
0x00007ff810ed5000 	/System/Library/PrivateFrameworks/GraphVisualizer.framework/Versions/A/GraphVisualizer
0x00007ffb08d82000 	/System/Library/PrivateFrameworks/FontServices.framework/Versions/A/FontServices
0x00007ff811301000 	/System/Library/PrivateFrameworks/OTSVG.framework/Versions/A/OTSVG
0x00007ff80c76e000 	/System/Library/Frameworks/ApplicationServices.framework/Versions/A/Frameworks/ATS.framework/Versions/A/Resources/libFontRegistry.dylib
0x00007ff811352000 	/System/Library/PrivateFrameworks/FontServices.framework/libhvf.dylib
0x00007ffb08d83000 	/System/Library/PrivateFrameworks/FontServices.framework/libXTFontStaticRegistryData.dylib
0x00007ff810d4e000 	/System/Library/PrivateFrameworks/AppleVA.framework/Versions/A/AppleVA
0x00007ff812e68000 	/System/Library/Frameworks/ApplicationServices.framework/Versions/A/Frameworks/ATS.framework/Versions/A/ATS
0x00007ff80ae41000 	/System/Library/Frameworks/ApplicationServices.framework/Versions/A/Frameworks/HIServices.framework/Versions/A/HIServices
0x00007ff811e4a000 	/System/Library/Frameworks/ApplicationServices.framework/Versions/A/Frameworks/PrintCore.framework/Versions/A/PrintCore
0x00007ff8131e7000 	/System/Library/Frameworks/ApplicationServices.framework/Versions/A/Frameworks/QD.framework/Versions/A/QD
0x00007ff8131df000 	/System/Library/Frameworks/ApplicationServices.framework/Versions/A/Frameworks/ColorSyncLegacy.framework/Versions/A/ColorSyncLegacy
0x00007ff812e58000 	/System/Library/Frameworks/ApplicationServices.framework/Versions/A/Frameworks/SpeechSynthesis.framework/Versions/A/SpeechSynthesis
0x00007ff811e0b000 	/System/Library/Frameworks/ApplicationServices.framework/Versions/A/Frameworks/ATSUI.framework/Versions/A/ATSUI
0x00007ff813174000 	/usr/lib/libcups.2.dylib
0x00007ff813537000 	/System/Library/Frameworks/Kerberos.framework/Versions/A/Kerberos
0x00007ff813546000 	/System/Library/Frameworks/GSS.framework/Versions/A/GSS
0x00007ff812ed4000 	/usr/lib/libresolv.9.dylib
0x00007ff811361000 	/System/Library/PrivateFrameworks/Heimdal.framework/Versions/A/Heimdal
0x00007ff819fea000 	/System/Library/Frameworks/Kerberos.framework/Versions/A/Libraries/libHeimdalProxy.dylib
0x00007ff80bb10000 	/System/Library/Frameworks/Network.framework/Versions/A/Network
0x00007ff810db8000 	/usr/lib/libheimdal-asn1.dylib
0x00007ff813591000 	/System/Library/PrivateFrameworks/CommonAuth.framework/Versions/A/CommonAuth
0x00007ff812dd9000 	/System/Library/PrivateFrameworks/AudioSession.framework/Versions/A/AudioSession
0x00007ff810e48000 	/System/Library/PrivateFrameworks/MediaExperience.framework/Versions/A/MediaExperience
0x00007ff812c6d000 	/System/Library/PrivateFrameworks/AudioSession.framework/libSessionUtility.dylib
0x00007ff8131f3000 	/System/Library/PrivateFrameworks/AudioResourceArbitration.framework/Versions/A/AudioResourceArbitration
0x00007ff810dc1000 	/System/Library/PrivateFrameworks/IconFoundation.framework/Versions/A/IconFoundation
0x00007ff815fcd000 	/System/Library/PrivateFrameworks/SpeechRecognitionCore.framework/Versions/A/SpeechRecognitionCore
0x0000000102eaf000 	/Library/Java/JavaVirtualMachines/temurin-17.jdk/Contents/Home/lib/server/libjvm.dylib
0x0000000101d93000 	/Library/Java/JavaVirtualMachines/temurin-17.jdk/Contents/Home/lib/libjimage.dylib
0x0000000101de1000 	/Library/Java/JavaVirtualMachines/temurin-17.jdk/Contents/Home/lib/libjdwp.dylib
0x0000000101e24000 	/Library/Java/JavaVirtualMachines/temurin-17.jdk/Contents/Home/lib/libjava.dylib
0x0000000102c9f000 	/Library/Java/JavaVirtualMachines/temurin-17.jdk/Contents/Home/lib/libnio.dylib
0x0000000102cce000 	/Library/Java/JavaVirtualMachines/temurin-17.jdk/Contents/Home/lib/libnet.dylib
0x0000000102cb4000 	/Library/Java/JavaVirtualMachines/temurin-17.jdk/Contents/Home/lib/libzip.dylib
0x0000000102cc2000 	/Library/Java/JavaVirtualMachines/temurin-17.jdk/Contents/Home/lib/libdt_socket.dylib
0x0000000102ce8000 	/Users/sidhantmathur/Downloads/javafx-sdk-17.0.1/lib/libprism_es2.dylib
0x00007ff807c7b000 	/System/Library/PrivateFrameworks/CoreServicesInternal.framework/Versions/A/CoreServicesInternal
0x00007ffa1cfbb000 	/System/Library/Frameworks/OpenGL.framework/Versions/A/Resources/GLEngine.bundle/GLEngine
0x00007ffa1ce1d000 	/System/Library/Frameworks/OpenGL.framework/Versions/A/Libraries/libGLProgrammability.dylib
0x00007ffa14af1000 	/System/Library/Extensions/AppleIntelBDWGraphicsGLDriver.bundle/Contents/MacOS/AppleIntelBDWGraphicsGLDriver
0x00007ff914902000 	/System/Library/PrivateFrameworks/GPUSupport.framework/Versions/A/Libraries/libGPUSupportMercury.dylib
0x00007ffa1d14a000 	/System/Library/Frameworks/OpenGL.framework/Versions/A/Resources/GLRendererFloat.bundle/GLRendererFloat
0x0000000120e6f000 	/Users/sidhantmathur/Downloads/javafx-sdk-17.0.1/lib/libglass.dylib
0x00007ff81779e000 	/System/Library/Frameworks/FileProvider.framework/Versions/A/FileProvider
0x00007ff80b8ef000 	/System/Library/Frameworks/Accounts.framework/Versions/A/Accounts
0x00007ff817916000 	/System/Library/PrivateFrameworks/GenerationalStorage.framework/Versions/A/GenerationalStorage
0x00007ff818423000 	/System/Library/PrivateFrameworks/CoreSymbolication.framework/Versions/A/CoreSymbolication
0x00007ff8171a2000 	/System/Library/PrivateFrameworks/SymptomDiagnosticReporter.framework/Versions/A/SymptomDiagnosticReporter
0x00007ff808f3a000 	/System/Library/PrivateFrameworks/DesktopServicesPriv.framework/Versions/A/DesktopServicesPriv
0x00007ff807dbc000 	/usr/lib/libsandbox.1.dylib
0x00007ff80cc04000 	/System/Library/PrivateFrameworks/UserManagement.framework/Versions/A/UserManagement
0x00007ff8183e8000 	/System/Library/PrivateFrameworks/DebugSymbols.framework/Versions/A/DebugSymbols
0x00007ff8131d4000 	/System/Library/PrivateFrameworks/NetAuth.framework/Versions/A/NetAuth
0x00007ff8140c0000 	/System/Library/PrivateFrameworks/Sharing.framework/Versions/A/Sharing
0x00007ff80cbd7000 	/System/Library/PrivateFrameworks/login.framework/Versions/A/Frameworks/loginsupport.framework/Versions/A/loginsupport
0x00007ff819520000 	/System/Library/PrivateFrameworks/Apple80211.framework/Versions/A/Apple80211
0x00007ff80fe73000 	/System/Library/PrivateFrameworks/AuthKit.framework/Versions/A/AuthKit
0x00007ff80f4d2000 	/System/Library/PrivateFrameworks/CoreUtils.framework/Versions/A/CoreUtils
0x00007ff80f3f9000 	/System/Library/Frameworks/CoreWLAN.framework/Versions/A/CoreWLAN
0x00007ff81421b000 	/System/Library/Frameworks/IOBluetooth.framework/Versions/A/IOBluetooth
0x00007ff819588000 	/System/Library/PrivateFrameworks/CoreWiFi.framework/Versions/A/CoreWiFi
0x00007ff817fbd000 	/System/Library/PrivateFrameworks/FrontBoardServices.framework/Versions/A/FrontBoardServices
0x00007ff81804f000 	/System/Library/PrivateFrameworks/BoardServices.framework/Versions/A/BoardServices
0x00007ff80f6ec000 	/System/Library/PrivateFrameworks/AssertionServices.framework/Versions/A/AssertionServices
0x00007ff81970c000 	/System/Library/PrivateFrameworks/BackBoardServices.framework/Versions/A/BackBoardServices
0x00007ff813620000 	/System/Library/PrivateFrameworks/CorePhoneNumbers.framework/Versions/A/CorePhoneNumbers
0x00007ff8172bf000 	/System/Library/PrivateFrameworks/DiskManagement.framework/Versions/A/DiskManagement
0x00007ff8171d3000 	/System/Library/PrivateFrameworks/AppleIDAuthSupport.framework/Versions/A/AppleIDAuthSupport
0x00007ffa238ee000 	/System/Library/PrivateFrameworks/AAAFoundation.framework/Versions/A/AAAFoundation
0x00007ff813601000 	/System/Library/PrivateFrameworks/KeychainCircle.framework/Versions/A/KeychainCircle
0x00007ff81728b000 	/System/Library/PrivateFrameworks/MediaKit.framework/Versions/A/MediaKit
0x00007ff8171df000 	/System/Library/Frameworks/DiscRecording.framework/Versions/A/DiscRecording
0x00007ff810cc6000 	/usr/lib/libCoreStorage.dylib
0x00007ff8199f9000 	/usr/lib/libcsfde.dylib
0x00007ff8142e8000 	/System/Library/PrivateFrameworks/ProtectedCloudStorage.framework/Versions/A/ProtectedCloudStorage
0x00007ff8199f5000 	/System/Library/PrivateFrameworks/EFILogin.framework/Versions/A/EFILogin
0x00007ff81793c000 	/System/Library/PrivateFrameworks/OctagonTrust.framework/Versions/A/OctagonTrust
0x00007ffb080bc000 	/System/Library/PrivateFrameworks/CoreUtilsExtras.framework/Versions/A/CoreUtilsExtras
0x00007ff817112000 	/System/Library/Frameworks/CoreBluetooth.framework/Versions/A/CoreBluetooth
0x00007ff81a06f000 	/System/Library/Frameworks/AudioUnit.framework/Versions/A/AudioUnit
0x00007ff810cbe000 	/usr/lib/libMatch.1.dylib
0x00007ff90eeec000 	/System/Library/Frameworks/Accelerate.framework/Versions/A/Frameworks/vImage.framework/Versions/A/Libraries/libCGInterfaces.dylib
0x0000000120fc2000 	/usr/lib/libobjc-trampolines.dylib
0x00007ff80c8fe000 	/System/Library/PrivateFrameworks/ViewBridge.framework/Versions/A/ViewBridge


VM Arguments:
jvm_args: -agentlib:jdwp=transport=dt_socket,server=n,suspend=y,address=localhost:57647 --module-path=/Users/sidhantmathur/Downloads/javafx-sdk-17.0.1/lib --add-modules=javafx.controls,javafx.fxml --enable-preview -XX:+ShowCodeDetailsInExceptionMessages 
java_command: App
java_class_path (initial): /Users/sidhantmathur/Documents/Will_Hero_VSCode/bin:/Users/sidhantmathur/Downloads/javafx-sdk-17.0.1/lib/javafx.swing.jar:/Users/sidhantmathur/Downloads/javafx-sdk-17.0.1/lib/javafx.controls.jar:/Users/sidhantmathur/Downloads/javafx-sdk-17.0.1/lib/javafx.base.jar:/Users/sidhantmathur/Downloads/javafx-sdk-17.0.1/lib/javafx.graphics.jar:/Users/sidhantmathur/Downloads/javafx-sdk-17.0.1/lib/javafx-swt.jar:/Users/sidhantmathur/Downloads/javafx-sdk-17.0.1/lib/javafx.web.jar:/Users/sidhantmathur/Downloads/javafx-sdk-17.0.1/lib/javafx.media.jar:/Users/sidhantmathur/Downloads/javafx-sdk-17.0.1/lib/javafx.fxml.jar
Launcher Type: SUN_STANDARD

[Global flags]
     intx CICompilerCount                          = 3                                         {product} {ergonomic}
     uint ConcGCThreads                            = 1                                         {product} {ergonomic}
     uint G1ConcRefinementThreads                  = 4                                         {product} {ergonomic}
   size_t G1HeapRegionSize                         = 1048576                                   {product} {ergonomic}
    uintx GCDrainStackTargetSize                   = 64                                        {product} {ergonomic}
   size_t InitialHeapSize                          = 134217728                                 {product} {ergonomic}
   size_t MarkStackSize                            = 4194304                                   {product} {ergonomic}
   size_t MaxHeapSize                              = 2147483648                                {product} {ergonomic}
   size_t MaxNewSize                               = 1287651328                                {product} {ergonomic}
   size_t MinHeapDeltaBytes                        = 1048576                                   {product} {ergonomic}
   size_t MinHeapSize                              = 8388608                                   {product} {ergonomic}
    uintx NonNMethodCodeHeapSize                   = 5832780                                {pd product} {ergonomic}
    uintx NonProfiledCodeHeapSize                  = 122912730                              {pd product} {ergonomic}
    uintx ProfiledCodeHeapSize                     = 122912730                              {pd product} {ergonomic}
    uintx ReservedCodeCacheSize                    = 251658240                              {pd product} {ergonomic}
     bool SegmentedCodeCache                       = true                                      {product} {ergonomic}
     bool ShowCodeDetailsInExceptionMessages       = true                                   {manageable} {command line}
   size_t SoftMaxHeapSize                          = 2147483648                             {manageable} {ergonomic}
     bool UseCompressedClassPointers               = true                           {product lp64_product} {ergonomic}
     bool UseCompressedOops                        = true                           {product lp64_product} {ergonomic}
     bool UseG1GC                                  = true                                      {product} {ergonomic}
     bool UseNUMA                                  = false                                     {product} {ergonomic}
     bool UseNUMAInterleaving                      = false                                     {product} {ergonomic}

Logging:
Log output configuration:
 #0: stdout all=warning uptime,level,tags
 #1: stderr all=off uptime,level,tags

Environment Variables:
PATH=/usr/local/bin:/usr/bin:/bin:/usr/sbin:/sbin:/opt/X11/bin
SHELL=/bin/zsh
DISPLAY=/private/tmp/com.apple.launchd.V3XXOCqOKf/org.xquartz:0
LANG=en_GB.UTF-8

Signal Handlers:
   SIGSEGV: _ZL13crash_handleriP9__siginfoPv in libjvm.dylib, mask=11100110000111110111111111111111, flags=SA_RESTART|SA_SIGINFO
    SIGBUS: _ZL13crash_handleriP9__siginfoPv in libjvm.dylib, mask=11100110000111110111111111111111, flags=SA_RESTART|SA_SIGINFO
    SIGFPE: _ZL13crash_handleriP9__siginfoPv in libjvm.dylib, mask=11100110000111110111111111111111, flags=SA_RESTART|SA_SIGINFO
   SIGPIPE: _ZL17javaSignalHandleriP9__siginfoPv in libjvm.dylib, mask=11100110000111110111111111111111, flags=SA_RESTART|SA_SIGINFO
   SIGXFSZ: _ZL17javaSignalHandleriP9__siginfoPv in libjvm.dylib, mask=11100110000111110111111111111111, flags=SA_RESTART|SA_SIGINFO
    SIGILL: _ZL13crash_handleriP9__siginfoPv in libjvm.dylib, mask=11100110000111110111111111111111, flags=SA_RESTART|SA_SIGINFO
   SIGUSR2: _ZL10SR_handleriP9__siginfoP17__darwin_ucontext in libjvm.dylib, mask=00000000000000000000000000000000, flags=SA_RESTART|SA_SIGINFO
    SIGHUP: _ZL11UserHandleriPvS_ in libjvm.dylib, mask=11100110000111110111111111111111, flags=SA_RESTART|SA_SIGINFO
    SIGINT: _ZL11UserHandleriPvS_ in libjvm.dylib, mask=11100110000111110111111111111111, flags=SA_RESTART|SA_SIGINFO
   SIGTERM: _ZL11UserHandleriPvS_ in libjvm.dylib, mask=11100110000111110111111111111111, flags=SA_RESTART|SA_SIGINFO
   SIGQUIT: _ZL11UserHandleriPvS_ in libjvm.dylib, mask=11100110000111110111111111111111, flags=SA_RESTART|SA_SIGINFO
   SIGTRAP: _ZL13crash_handleriP9__siginfoPv in libjvm.dylib, mask=11100110000111110111111111111111, flags=SA_RESTART|SA_SIGINFO


---------------  S Y S T E M  ---------------

OS:
uname: Darwin 21.1.0 Darwin Kernel Version 21.1.0: Wed Oct 13 17:33:23 PDT 2021; root:xnu-8019.41.5~1/RELEASE_X86_64 x86_64
OS uptime: 3 days 0:29 hours
rlimit (soft/hard): STACK 8192k/65532k , CORE 0k/infinity , NPROC 1392/2088 , NOFILE 10240/infinity , AS infinity/infinity , CPU infinity/infinity , DATA infinity/infinity , FSIZE infinity/infinity , MEMLOCK infinity/infinity , RSS infinity/infinity
load average: 4.27 3.94 3.57

CPU: total 4 (initial active 4) (2 cores per cpu, 2 threads per core) family 6 model 61 stepping 4 microcode 0x2f, cx8, cmov, fxsr, ht, mmx, 3dnowpref, sse, sse2, sse3, ssse3, sse4.1, sse4.2, popcnt, lzcnt, tsc, tscinvbit, avx, avx2, aes, erms, clmul, bmi1, bmi2, adx, fma, vzeroupper, clflush

Memory: 4k page, physical 8388608k(344040k free), swap 2097152k(1558528k free)

vm_info: OpenJDK 64-Bit Server VM (17.0.1+12) for bsd-amd64 JRE (17.0.1+12), built on Oct 20 2021 13:44:50 by "jenkins" with clang 4.2.1 Compatible Apple LLVM 10.0.1 (clang-1001.0.46.4)

END.
