#
# A fatal error has been detected by the Java Runtime Environment:
#
#  SIGSEGV (0xb) at pc=0x0000000108ef4f30, pid=90626, tid=259
#
# JRE version: OpenJDK Runtime Environment Temurin-17.0.1+12 (17.0.1+12) (build 17.0.1+12)
# Java VM: OpenJDK 64-Bit Server VM Temurin-17.0.1+12 (17.0.1+12, mixed mode, sharing, tiered, compressed oops, compressed class ptrs, g1 gc, bsd-amd64)
# Problematic frame:
# V  [libjvm.dylib+0xa59f30]  _ZN16SystemDictionary30resolve_instance_class_or_nullEP6Symbol6HandleS2_P10JavaThread+0x170
#
# No core dump will be written. Core dumps have been disabled. To enable core dumping, try "ulimit -c unlimited" before starting Java again
#
# If you would like to submit a bug report, please visit:
#   https://github.com/adoptium/adoptium-support/issues
#

---------------  S U M M A R Y ------------

Command Line: -agentlib:jdwp=transport=dt_socket,server=n,suspend=y,address=localhost:63827 --module-path=/Users/sidhantmathur/Downloads/javafx-sdk-17.0.1/lib --add-modules=javafx.controls,javafx.fxml --enable-preview -XX:+ShowCodeDetailsInExceptionMessages App

Host: "MacBookAir7,2" x86_64 1600 MHz, 4 cores, 8G, Darwin 21.1.0, macOS 10.16 (21A559)
Time: Sat Dec 11 11:25:43 2021 IST elapsed time: 0.979138 seconds (0d 0h 0m 0s)

---------------  T H R E A D  ---------------

Current thread (0x00007fad2c943600):  JavaThread "JavaFX Application Thread" [_thread_in_vm, id=259, stack(0x00007ff7b84c8000,0x00007ff7b8cc8000)]

Stack: [0x00007ff7b84c8000,0x00007ff7b8cc8000],  sp=0x00007ff7b8cc4590,  free space=8177k
Native frames: (J=compiled Java code, j=interpreted, Vv=VM code, C=native code)
V  [libjvm.dylib+0xa59f30]  _ZN16SystemDictionary30resolve_instance_class_or_nullEP6Symbol6HandleS2_P10JavaThread+0x170
V  [libjvm.dylib+0xa5989f]  _ZN16SystemDictionary15resolve_or_failEP6Symbol6HandleS2_bP10JavaThread+0x6f
V  [libjvm.dylib+0x5b5b22]  JVM_FindClassFromCaller+0x232
C  [libjava.dylib+0x1335]  Java_java_lang_Class_forName0+0x185
j  java.lang.Class.forName0(Ljava/lang/String;ZLjava/lang/ClassLoader;Ljava/lang/Class;)Ljava/lang/Class;+0 java.base@17.0.1
j  java.lang.Class.forName(Ljava/lang/String;ZLjava/lang/ClassLoader;)Ljava/lang/Class;+43 java.base@17.0.1
v  ~StubRoutines::call_stub
V  [libjvm.dylib+0x519896]  _ZN9JavaCalls11call_helperEP9JavaValueRK12methodHandleP17JavaCallArgumentsP10JavaThread+0x2b6
V  [libjvm.dylib+0x57d038]  _ZL17jni_invoke_staticP7JNIEnv_P9JavaValueP8_jobject11JNICallTypeP10_jmethodIDP18JNI_ArgumentPusherP10JavaThread+0x158
V  [libjvm.dylib+0x57d958]  jni_CallStaticObjectMethod+0x198
C  [libglass.dylib+0x27052]  +[GlassHelper ClassForName:withEnv:]+0xf2
C  [libglass.dylib+0x9651]  -[GlassApplication application:openFiles:]+0x121
C  [AppKit+0x4671eb]  -[NSApplication _doOpenFile:ok:tryTemp:]+0x10b
C  [AppKit+0x2fcd4]  -[NSApplication finishLaunching]+0x81b
C  [AppKit+0x2f209]  -[NSApplication run]+0xfa
C  [libglass.dylib+0xa2a5]  -[GlassApplication runLoop:]+0x795
C  [Foundation+0x81d63]  __NSThreadPerformPerform+0xb3
C  [CoreFoundation+0x8084d]  __CFRUNLOOP_IS_CALLING_OUT_TO_A_SOURCE0_PERFORM_FUNCTION__+0x11
C  [CoreFoundation+0x807b5]  __CFRunLoopDoSource0+0xb4
C  [CoreFoundation+0x80534]  __CFRunLoopDoSources0+0xf2
C  [CoreFoundation+0x7ef6b]  __CFRunLoopRun+0x37d
C  [CoreFoundation+0x7e52d]  CFRunLoopRunSpecific+0x233
C  [libjli.dylib+0x6e82]  CreateExecutionEnvironment+0x192
C  [libjli.dylib+0x26a8]  JLI_Launch+0x5d8
C  [java+0xc0e]  main+0x19e
C  0x000000011297f4fe
C  0x0000000000000000

Java frames: (J=compiled Java code, j=interpreted, Vv=VM code)
j  java.lang.Class.forName0(Ljava/lang/String;ZLjava/lang/ClassLoader;Ljava/lang/Class;)Ljava/lang/Class;+0 java.base@17.0.1
j  java.lang.Class.forName(Ljava/lang/String;ZLjava/lang/ClassLoader;)Ljava/lang/Class;+43 java.base@17.0.1
v  ~StubRoutines::call_stub

siginfo: si_signo: 11 (SIGSEGV), si_code: 1 (SEGV_MAPERR), si_addr: 0x0000000000000056

Register to memory mapping:

RAX=0xfffffffffffffffe is an unknown value
RBX=0x0000600001873dc0 points into unknown readable memory: 0x0000000000000002 | 02 00 00 00 00 00 00 00
RCX=0x0000000000000006 is an unknown value
RDX=0x0000000800000000 is pointing into metadata
RSP=0x00007ff7b8cc4590 is pointing into the stack for thread: 0x00007fad2c943600
RBP=0x00007ff7b8cc4690 is pointing into the stack for thread: 0x00007fad2c943600
RSI=0x0000000800080940 is a pointer to class: 
jdk.internal.loader.ClassLoaders$AppClassLoader {0x0000000800080940}
 - instance size:     13
 - klass size:        104
 - access:            synchronized 
 - state:             fully_initialized
 - name:              'jdk/internal/loader/ClassLoaders$AppClassLoader'
 - super:             'jdk/internal/loader/BuiltinClassLoader'
 - sub:               
 - arrays:            NULL
 - methods:           Array<T>(0x00000008006568b8)
 - method ordering:   Array<T>(0x0000000800656a08)
 - default_methods:   Array<T>(0x0000000000000000)
 - local interfaces:  Array<T>(0x00000008005c0440)
 - trans. interfaces: Array<T>(0x00000008005c0440)
 - constants:         constant pool [119] {0x00000008006540b8} for 'jdk/internal/loader/ClassLoaders$AppClassLoader' cache=0x0000000800080d58
 - class loader data:  loader data: 0x0000600003c4c320 of 'bootstrap'
 - source file:       'ClassLoaders.java'
 - class annotations:       Array<T>(0x0000000000000000)
 - class type annotations:  Array<T>(0x0000000000000000)
 - field annotations:       Array<T>(0x0000000000000000)
 - field type annotations:  Array<T>(0x0000000000000000)
 - inner classes:     Array<T>(0x00000008006568a0)
 - nest members:     Array<T>(0x00000008005c03d0)
 - permitted subclasses:     Array<T>(0x00000008005c03d0)
 - java mirror:       a 'java/lang/Class'{0x00000007ffe03d70} = 'jdk/internal/loader/ClassLoaders$AppClassLoader'
 - vtable length      43  (start addr: 0x0000000800080b10)
 - itable length      2 (start addr: 0x0000000800080c68)
 - ---- static fields (0 words):
 - ---- non-static fields (23 words):
 - private 'defaultAssertionStatus' 'Z' @12 
 - private final 'parent' 'Ljava/lang/ClassLoader;' @24 
 - private final 'name' 'Ljava/lang/String;' @28 
 - private final 'unnamedModule' 'Ljava/lang/Module;' @32 
 - private final 'nameAndId' 'Ljava/lang/String;' @36 
 - private final 'parallelLockMap' 'Ljava/util/concurrent/ConcurrentHashMap;' @40 
 - private final 'package2certs' 'Ljava/util/concurrent/ConcurrentHashMap;' @44 
 - private final 'classes' 'Ljava/util/ArrayList;' @48 
 - private final 'defaultDomain' 'Ljava/security/ProtectionDomain;' @52 
 - private final 'packages' 'Ljava/util/concurrent/ConcurrentHashMap;' @56 
 - private final 'libraries' 'Ljdk/internal/loader/NativeLibraries;' @60 
 - final 'assertionLock' 'Ljava/lang/Object;' @64 
 - private 'packageAssertionStatus' 'Ljava/util/Map;' @68 
 - 'classAssertionStatus' 'Ljava/util/Map;' @72 
 - private volatile 'classLoaderValueMap' 'Ljava/util/concurrent/ConcurrentHashMap;' @76 
 - private final 'pdcache' 'Ljava/util/Map;' @80 
 - private final 'parent' 'Ljdk/internal/loader/BuiltinClassLoader;' @84 
 - private synchronized 'ucp' 'Ljdk/internal/loader/URLClassPath;' @88 
 - private final 'nameToModule' 'Ljava/util/Map;' @92 
 - private final 'moduleToReader' 'Ljava/util/Map;' @96 
 - private volatile 'resourceCache' 'Ljava/lang/ref/SoftReference;' @100 
 - non-static oop maps: 24-100 
RDI=0x0000000020010f43 is an unknown value
R8 =0x0000000780000000 points into unknown readable memory: 0x0000000000000000 | 00 00 00 00 00 00 00 00
R9 =0x0000000000003000 is an unknown value
R10=0x0 is NULL
R11=0x0 is NULL
R12=0x000060000324dd28 points into unknown readable memory: 0x0000000787f19700 | 00 97 f1 87 07 00 00 00
R13=0x000000080043d0c8 is pointing into metadata
R14=0x0000000787f19700 is an oop: jdk.internal.loader.ClassLoaders$AppClassLoader 
{0x0000000787f19700} - klass: 'jdk/internal/loader/ClassLoaders$AppClassLoader'
 - ---- fields (total size 13 words):
 - private 'defaultAssertionStatus' 'Z' @12  true
 - private final 'parent' 'Ljava/lang/ClassLoader;' @24  a 'java/lang/Class'{0x0000000787313f30} = 'com/sun/javafx/tk/quantum/QuantumRenderer$$Lambda$90+0x0000000800c30000' (f0e627e6)
 - private final 'name' 'Ljava/lang/String;' @28  "app"{0x00000007fff0ba60} (fffe174c)
 - private final 'unnamedModule' 'Ljava/lang/Module;' @32  a 'java/lang/Module'{0x0000000787f19890} (f0fe3312)
 - private final 'nameAndId' 'Ljava/lang/String;' @36  a 'java/lang/invoke/ResolvedMethodName'{0x00000007873140e8} (f0e6281d)
 - private final 'parallelLockMap' 'Ljava/util/concurrent/ConcurrentHashMap;' @40  a 'java/util/concurrent/ConcurrentHashMap'{0x0000000787f198c8} (f0fe3319)
 - private final 'package2certs' 'Ljava/util/concurrent/ConcurrentHashMap;' @44  a 'java/util/concurrent/ConcurrentHashMap'{0x0000000787f19918} (f0fe3323)
 - private final 'classes' 'Ljava/util/ArrayList;' @48  a 'java/util/ArrayList'{0x0000000787f19768} (f0fe32ed)
 - private final 'defaultDomain' 'Ljava/security/ProtectionDomain;' @52  a 'java/security/ProtectionDomain'{0x0000000787f19780} (f0fe32f0)
 - private final 'packages' 'Ljava/util/concurrent/ConcurrentHashMap;' @56  a 'java/util/concurrent/ConcurrentHashMap'{0x0000000787f197f0} (f0fe32fe)
 - private final 'libraries' 'Ljdk/internal/loader/NativeLibraries;' @60  a 'jdk/internal/loader/NativeLibraries'{0x0000000787f19830} (f0fe3306)
 - final 'assertionLock' 'Ljava/lang/Object;' @64  a 'java/lang/Object'{0x0000000787f19908} (f0fe3321)
 - private 'packageAssertionStatus' 'Ljava/util/Map;' @68  NULL (0)
 - 'classAssertionStatus' 'Ljava/util/Map;' @72  NULL (0)
 - private volatile 'classLoaderValueMap' 'Ljava/util/concurrent/ConcurrentHashMap;' @76  a 'java/util/concurrent/ConcurrentHashMap'{0x0000000787f19d00} (f0fe33a0)
 - private final 'pdcache' 'Ljava/util/Map;' @80  a 'java/util/concurrent/ConcurrentHashMap'{0x0000000787f199c0} (f0fe3338)
 - private final 'parent' 'Ljdk/internal/loader/BuiltinClassLoader;' @84  a 'jdk/internal/loader/ClassLoaders$PlatformClassLoader'{0x0000000787f17ef0} (f0fe2fde)
 - private synchronized 'ucp' 'Ljdk/internal/loader/URLClassPath;' @88  a 'jdk/internal/loader/URLClassPath'{0x0000000787f18548} (f0fe30a9)
 - private final 'nameToModule' 'Ljava/util/Map;' @92  a 'java/util/concurrent/ConcurrentHashMap'{0x0000000787f19a00} (f0fe3340)
 - private final 'moduleToReader' 'Ljava/util/Map;' @96  a 'java/util/concurrent/ConcurrentHashMap'{0x0000000787f19a40} (f0fe3348)
 - private volatile 'resourceCache' 'Ljava/lang/ref/SoftReference;' @100  NULL (0)
R15=0x00007fad2c943600 is a thread


Registers:
RAX=0xfffffffffffffffe, RBX=0x0000600001873dc0, RCX=0x0000000000000006, RDX=0x0000000800000000
RSP=0x00007ff7b8cc4590, RBP=0x00007ff7b8cc4690, RSI=0x0000000800080940, RDI=0x0000000020010f43
R8 =0x0000000780000000, R9 =0x0000000000003000, R10=0x0000000000000000, R11=0x0000000000000000
R12=0x000060000324dd28, R13=0x000000080043d0c8, R14=0x0000000787f19700, R15=0x00007fad2c943600
RIP=0x0000000108ef4f30, EFLAGS=0x0000000000010202, ERR=0x0000000000000004
  TRAPNO=0x000000000000000e

Top of Stack: (sp=0x00007ff7b8cc4590)
0x00007ff7b8cc4590:   0000000000000000 00007fad2c943600
0x00007ff7b8cc45a0:   0000600001873dc0 000060000324dd10
0x00007ff7b8cc45b0:   000060000324dd28 000060000324ddf8
0x00007ff7b8cc45c0:   00000000000000d8 00007ff7b8cc49c0
0x00007ff7b8cc45d0:   00007ff7b8cc45f0 ffffffffffffffff
0x00007ff7b8cc45e0:   00007ff8065eed20 0000000000000000
0x00007ff7b8cc45f0:   0000000000000000 0000000000000000
0x00007ff7b8cc4600:   00007ff700000000 0000000108eec048
0x00007ff7b8cc4610:   0000000000000010 0000000000000010
0x00007ff7b8cc4620:   0000000000000000 0000000083d61705
0x00007ff7b8cc4630:   00007fad2c943600 0000000000000000
0x00007ff7b8cc4640:   000060000324dd28 00007ff7b8cc4750
0x00007ff7b8cc4650:   00007fad2c943600 0000000100000000
0x00007ff7b8cc4660:   0000600000d1c100 000060000324dd20
0x00007ff7b8cc4670:   000000080043d0c8 0000000000000000
0x00007ff7b8cc4680:   0000000000000000 00007fad2c943600
0x00007ff7b8cc4690:   00007ff7b8cc46d0 0000000108ef489f
0x00007ff7b8cc46a0:   000060000324dd28 0000000787f19700
0x00007ff7b8cc46b0:   00007fad2c943600 0000000000000000
0x00007ff7b8cc46c0:   000000080043d0c8 000060000324dd20
0x00007ff7b8cc46d0:   00007ff7b8cc4720 0000000108a50b22
0x00007ff7b8cc46e0:   0000000000000010 0000000100000010
0x00007ff7b8cc46f0:   0000000000000000 0000000000000010
0x00007ff7b8cc4700:   0000000000000010 00007fad2c9438a8
0x00007ff7b8cc4710:   00007ff7b8cc4750 00007ff7b8cc48b0
0x00007ff7b8cc4720:   00007ff7b8cc4800 0000000107411335
0x00007ff7b8cc4730:   00007ff7b8cc47f0 0000000000000000
0x00007ff7b8cc4740:   00007ff7b8cc48a0 00000001003796e0
0x00007ff7b8cc4750:   6e616c2f6176616a 676e697274532f67
0x00007ff7b8cc4760:   0000000090011900 00007ff846c40510
0x00007ff7b8cc4770:   99b5180aa8d000e0 00007ff7b8cc4818
0x00007ff7b8cc4780:   0000000000000001 00007ff7b8cc4800 

Instructions: (pc=0x0000000108ef4f30)
0x0000000108ef4e30:   8c be ac ff 48 85 c0 4c 89 65 c0 75 19 e9 c7 00
0x0000000108ef4e40:   00 00 31 ff e8 77 be ac ff 48 85 c0 4c 89 65 c0
0x0000000108ef4e50:   0f 84 b3 00 00 00 49 89 c6 49 8b 9c 24 38 02 00
0x0000000108ef4e60:   00 4c 8b 63 18 49 83 fc f8 72 18 48 8d 15 fd 72
0x0000000108ef4e70:   13 00 be 08 00 00 00 48 89 df e8 81 44 70 ff 4c
0x0000000108ef4e80:   8b 63 18 49 8d 44 24 08 48 3b 43 20 76 6e be 08
0x0000000108ef4e90:   00 00 00 31 d2 48 89 df e8 93 44 70 ff 49 89 c4
0x0000000108ef4ea0:   4d 89 34 24 4d 85 e4 74 60 31 f6 4c 89 f7 e8 fd
0x0000000108ef4eb0:   f1 e3 ff 84 c0 75 26 48 8d 3d c7 e3 19 00 48 8d
0x0000000108ef4ec0:   15 fc e3 19 00 48 8d 0d 35 e4 19 00 be 23 00 00
0x0000000108ef4ed0:   00 31 c0 e8 88 6c 90 ff e8 43 fd e4 ff 49 8b 3c
0x0000000108ef4ee0:   24 e8 6a ba ac ff 48 85 c0 4c 89 65 b0 0f 84 f7
0x0000000108ef4ef0:   01 00 00 c7 45 c8 00 00 00 00 eb 22 48 89 43 18
0x0000000108ef4f00:   4d 89 34 24 4d 85 e4 75 a0 48 8d 05 d0 d2 2f 00
0x0000000108ef4f10:   48 8b 00 b1 01 89 4d c8 31 c9 48 89 4d b0 48 8d
0x0000000108ef4f20:   0d b7 4a 2c 00 8b 09 83 c1 03 4c 89 ef 48 d3 ef
0x0000000108ef4f30:   4c 8b 78 58 41 8b 4d 00 49 89 c4 41 8b 55 04 c1
0x0000000108ef4f40:   e2 08 41 0f b6 75 06 c1 e6 08 45 0f b6 75 07 41
0x0000000108ef4f50:   09 f6 41 31 d6 41 31 fe 41 0f a4 ce 10 4c 89 ff
0x0000000108ef4f60:   44 89 f6 4c 89 ea 48 8b 4d 90 e8 a1 86 97 ff 48
0x0000000108ef4f70:   89 c3 48 85 c0 0f 85 2d 03 00 00 4c 89 7d a0 4c
0x0000000108ef4f80:   89 65 a8 80 7d c8 00 74 04 31 c0 eb 20 48 8d 05
0x0000000108ef4f90:   b2 5b 30 00 80 38 00 4c 8b 65 b0 75 0d 49 8b 3c
0x0000000108ef4fa0:   24 e8 2a bc ac ff 84 c0 75 df 4c 89 e0 48 8b 5d
0x0000000108ef4fb0:   c0 4d 89 ef 48 8d bd 40 ff ff ff 48 89 85 58 ff
0x0000000108ef4fc0:   ff ff 48 89 c6 48 89 da e8 83 c9 ff ff 48 8d 05
0x0000000108ef4fd0:   fc 7c 31 00 4c 8b 28 4d 85 ed 74 0b 4c 89 ef 48
0x0000000108ef4fe0:   89 de e8 89 b3 e1 ff 48 8b 7d a0 44 89 f6 4c 89
0x0000000108ef4ff0:   fa e8 da 86 97 ff 48 85 c0 48 89 45 c8 0f 84 fd
0x0000000108ef5000:   00 00 00 48 89 c2 31 f6 45 31 e4 4c 89 7d b8 4d
0x0000000108ef5010:   85 ed 74 12 4c 89 ef 48 89 f3 e8 11 b5 e1 ff 48
0x0000000108ef5020:   89 de 48 8b 55 c8 45 84 e4 4c 8b 6d c0 4c 8b 7d 


Stack slot to memory mapping:
stack at sp + 0 slots: 0x0 is NULL
stack at sp + 1 slots: 0x00007fad2c943600 is a thread
stack at sp + 2 slots: 0x0000600001873dc0 points into unknown readable memory: 0x0000000000000002 | 02 00 00 00 00 00 00 00
stack at sp + 3 slots: 0x000060000324dd10 points into unknown readable memory: 0x0000000000000000 | 00 00 00 00 00 00 00 00
stack at sp + 4 slots: 0x000060000324dd28 points into unknown readable memory: 0x0000000787f19700 | 00 97 f1 87 07 00 00 00
stack at sp + 5 slots: 0x000060000324ddf8 points into unknown readable memory: 0x0000000000000000 | 00 00 00 00 00 00 00 00
stack at sp + 6 slots: 0x00000000000000d8 is an unknown value
stack at sp + 7 slots: 0x00007ff7b8cc49c0 is pointing into the stack for thread: 0x00007fad2c943600


---------------  P R O C E S S  ---------------

Threads class SMR info:
_java_thread_list=0x0000600000d14ec0, length=17, elements={
0x00007fad2b80b000, 0x00007fad2c87e000, 0x00007fad2c880800, 0x00007fad2b840a00,
0x00007fad2b835200, 0x00007fad2b841800, 0x00007fad2c882a00, 0x00007fad2d813c00,
0x00007fad2d011000, 0x00007fad2c887a00, 0x00007fad2d012400, 0x00007fad2c89d000,
0x00007fad2d813200, 0x00007fad2b842400, 0x00007fad2c888000, 0x00007fad2b9c8800,
0x00007fad2c943600
}

Java Threads: ( => current thread )
  0x00007fad2b80b000 JavaThread "main" [_thread_blocked, id=10499, stack(0x0000700001f32000,0x0000700002032000)]
  0x00007fad2c87e000 JavaThread "Reference Handler" daemon [_thread_blocked, id=16899, stack(0x0000700002647000,0x0000700002747000)]
  0x00007fad2c880800 JavaThread "Finalizer" daemon [_thread_blocked, id=16643, stack(0x000070000274a000,0x000070000284a000)]
  0x00007fad2b840a00 JavaThread "Signal Dispatcher" daemon [_thread_blocked, id=42499, stack(0x0000700002953000,0x0000700002a53000)]
  0x00007fad2b835200 JavaThread "Service Thread" daemon [_thread_blocked, id=42243, stack(0x0000700002a56000,0x0000700002b56000)]
  0x00007fad2b841800 JavaThread "Monitor Deflation Thread" daemon [_thread_blocked, id=23555, stack(0x0000700002b59000,0x0000700002c59000)]
  0x00007fad2c882a00 JavaThread "C2 CompilerThread0" daemon [_thread_blocked, id=24067, stack(0x0000700002c5c000,0x0000700002d5c000)]
  0x00007fad2d813c00 JavaThread "C1 CompilerThread0" daemon [_thread_in_vm, id=41987, stack(0x0000700002d5f000,0x0000700002e5f000)]
  0x00007fad2d011000 JavaThread "Sweeper thread" daemon [_thread_blocked, id=24835, stack(0x0000700002e62000,0x0000700002f62000)]
  0x00007fad2c887a00 JavaThread "Common-Cleaner" daemon [_thread_blocked, id=41475, stack(0x0000700002f65000,0x0000700003065000)]
  0x00007fad2d012400 JavaThread "JDWP Transport Listener: dt_socket" daemon [_thread_blocked, id=41223, stack(0x0000700003068000,0x0000700003168000)]
  0x00007fad2c89d000 JavaThread "JDWP Event Helper Thread" daemon [_thread_blocked, id=40963, stack(0x000070000316b000,0x000070000326b000)]
  0x00007fad2d813200 JavaThread "JDWP Command Reader" daemon [_thread_in_native, id=25603, stack(0x000070000326e000,0x000070000336e000)]
  0x00007fad2b842400 JavaThread "Notification Thread" daemon [_thread_blocked, id=40451, stack(0x0000700003371000,0x0000700003471000)]
  0x00007fad2c888000 JavaThread "QuantumRenderer-0" daemon [_thread_blocked, id=39683, stack(0x0000700003577000,0x0000700003677000)]
  0x00007fad2b9c8800 JavaThread "InvokeLaterDispatcher" daemon [_thread_blocked, id=34063, stack(0x000070000367a000,0x000070000377a000)]
=>0x00007fad2c943600 JavaThread "JavaFX Application Thread" [_thread_in_vm, id=259, stack(0x00007ff7b84c8000,0x00007ff7b8cc8000)]

Other Threads:
  0x00007fad2c204e90 VMThread "VM Thread" [stack: 0x0000700002544000,0x0000700002644000] [id=15107]
  0x00007fad2b71b5a0 WatcherThread [stack: 0x0000700003474000,0x0000700003574000] [id=39939]
  0x00007fad2b706e70 GCTaskThread "GC Thread#0" [stack: 0x0000700002035000,0x0000700002135000] [id=19715]
  0x00007fad2c105480 ConcurrentGCThread "G1 Main Marker" [stack: 0x0000700002138000,0x0000700002238000] [id=19459]
  0x00007fad2b7072e0 ConcurrentGCThread "G1 Conc#0" [stack: 0x000070000223b000,0x000070000233b000] [id=18947]
  0x00007fad2c106b80 ConcurrentGCThread "G1 Refine#0" [stack: 0x000070000233e000,0x000070000243e000] [id=18691]
  0x00007fad2c107410 ConcurrentGCThread "G1 Service" [stack: 0x0000700002441000,0x0000700002541000] [id=13571]

Threads with active compile tasks:
C1 CompilerThread0     1039  621       3       jdk.internal.org.objectweb.asm.ByteVector::<init> (13 bytes)

VM state: not at safepoint (normal execution)

VM Mutex/Monitor currently owned by a thread: None

Heap address: 0x0000000780000000, size: 2048 MB, Compressed Oops mode: Zero based, Oop shift amount: 3

CDS archive(s) mapped at: [0x0000000800000000-0x0000000800bd0000-0x0000000800bd0000), size 12386304, SharedBaseAddress: 0x0000000800000000, ArchiveRelocationMode: 0.
Compressed class space mapped at: 0x0000000800c00000-0x0000000840c00000, reserved size: 1073741824
Narrow klass base: 0x0000000800000000, Narrow klass shift: 0, Narrow klass range: 0x100000000

GC Precious Log:
 CPUs: 4 total, 4 available
 Memory: 8192M
 Large Page Support: Disabled
 NUMA Support: Disabled
 Compressed Oops: Enabled (Zero based)
 Heap Region Size: 1M
 Heap Min Capacity: 8M
 Heap Initial Capacity: 128M
 Heap Max Capacity: 2G
 Pre-touch: Disabled
 Parallel Workers: 4
 Concurrent Workers: 1
 Concurrent Refinement Workers: 4
 Periodic GC: Disabled

Heap:
 garbage-first heap   total 133120K, used 12244K [0x0000000780000000, 0x0000000800000000)
  region size 1024K, 13 young (13312K), 0 survivors (0K)
 Metaspace       used 2310K, committed 2496K, reserved 1056768K
  class space    used 251K, committed 384K, reserved 1048576K

Heap Regions: E=young(eden), S=young(survivor), O=old, HS=humongous(starts), HC=humongous(continues), CS=collection set, F=free, OA=open archive, CA=closed archive, TAMS=top-at-mark-start (previous, next)
|   0|0x0000000780000000, 0x0000000780000000, 0x0000000780100000|  0%| F|  |TAMS 0x0000000780000000, 0x0000000780000000| Untracked 
|   1|0x0000000780100000, 0x0000000780100000, 0x0000000780200000|  0%| F|  |TAMS 0x0000000780100000, 0x0000000780100000| Untracked 
|   2|0x0000000780200000, 0x0000000780200000, 0x0000000780300000|  0%| F|  |TAMS 0x0000000780200000, 0x0000000780200000| Untracked 
|   3|0x0000000780300000, 0x0000000780300000, 0x0000000780400000|  0%| F|  |TAMS 0x0000000780300000, 0x0000000780300000| Untracked 
|   4|0x0000000780400000, 0x0000000780400000, 0x0000000780500000|  0%| F|  |TAMS 0x0000000780400000, 0x0000000780400000| Untracked 
|   5|0x0000000780500000, 0x0000000780500000, 0x0000000780600000|  0%| F|  |TAMS 0x0000000780500000, 0x0000000780500000| Untracked 
|   6|0x0000000780600000, 0x0000000780600000, 0x0000000780700000|  0%| F|  |TAMS 0x0000000780600000, 0x0000000780600000| Untracked 
|   7|0x0000000780700000, 0x0000000780700000, 0x0000000780800000|  0%| F|  |TAMS 0x0000000780700000, 0x0000000780700000| Untracked 
|   8|0x0000000780800000, 0x0000000780800000, 0x0000000780900000|  0%| F|  |TAMS 0x0000000780800000, 0x0000000780800000| Untracked 
|   9|0x0000000780900000, 0x0000000780900000, 0x0000000780a00000|  0%| F|  |TAMS 0x0000000780900000, 0x0000000780900000| Untracked 
|  10|0x0000000780a00000, 0x0000000780a00000, 0x0000000780b00000|  0%| F|  |TAMS 0x0000000780a00000, 0x0000000780a00000| Untracked 
|  11|0x0000000780b00000, 0x0000000780b00000, 0x0000000780c00000|  0%| F|  |TAMS 0x0000000780b00000, 0x0000000780b00000| Untracked 
|  12|0x0000000780c00000, 0x0000000780c00000, 0x0000000780d00000|  0%| F|  |TAMS 0x0000000780c00000, 0x0000000780c00000| Untracked 
|  13|0x0000000780d00000, 0x0000000780d00000, 0x0000000780e00000|  0%| F|  |TAMS 0x0000000780d00000, 0x0000000780d00000| Untracked 
|  14|0x0000000780e00000, 0x0000000780e00000, 0x0000000780f00000|  0%| F|  |TAMS 0x0000000780e00000, 0x0000000780e00000| Untracked 
|  15|0x0000000780f00000, 0x0000000780f00000, 0x0000000781000000|  0%| F|  |TAMS 0x0000000780f00000, 0x0000000780f00000| Untracked 
|  16|0x0000000781000000, 0x0000000781000000, 0x0000000781100000|  0%| F|  |TAMS 0x0000000781000000, 0x0000000781000000| Untracked 
|  17|0x0000000781100000, 0x0000000781100000, 0x0000000781200000|  0%| F|  |TAMS 0x0000000781100000, 0x0000000781100000| Untracked 
|  18|0x0000000781200000, 0x0000000781200000, 0x0000000781300000|  0%| F|  |TAMS 0x0000000781200000, 0x0000000781200000| Untracked 
|  19|0x0000000781300000, 0x0000000781300000, 0x0000000781400000|  0%| F|  |TAMS 0x0000000781300000, 0x0000000781300000| Untracked 
|  20|0x0000000781400000, 0x0000000781400000, 0x0000000781500000|  0%| F|  |TAMS 0x0000000781400000, 0x0000000781400000| Untracked 
|  21|0x0000000781500000, 0x0000000781500000, 0x0000000781600000|  0%| F|  |TAMS 0x0000000781500000, 0x0000000781500000| Untracked 
|  22|0x0000000781600000, 0x0000000781600000, 0x0000000781700000|  0%| F|  |TAMS 0x0000000781600000, 0x0000000781600000| Untracked 
|  23|0x0000000781700000, 0x0000000781700000, 0x0000000781800000|  0%| F|  |TAMS 0x0000000781700000, 0x0000000781700000| Untracked 
|  24|0x0000000781800000, 0x0000000781800000, 0x0000000781900000|  0%| F|  |TAMS 0x0000000781800000, 0x0000000781800000| Untracked 
|  25|0x0000000781900000, 0x0000000781900000, 0x0000000781a00000|  0%| F|  |TAMS 0x0000000781900000, 0x0000000781900000| Untracked 
|  26|0x0000000781a00000, 0x0000000781a00000, 0x0000000781b00000|  0%| F|  |TAMS 0x0000000781a00000, 0x0000000781a00000| Untracked 
|  27|0x0000000781b00000, 0x0000000781b00000, 0x0000000781c00000|  0%| F|  |TAMS 0x0000000781b00000, 0x0000000781b00000| Untracked 
|  28|0x0000000781c00000, 0x0000000781c00000, 0x0000000781d00000|  0%| F|  |TAMS 0x0000000781c00000, 0x0000000781c00000| Untracked 
|  29|0x0000000781d00000, 0x0000000781d00000, 0x0000000781e00000|  0%| F|  |TAMS 0x0000000781d00000, 0x0000000781d00000| Untracked 
|  30|0x0000000781e00000, 0x0000000781e00000, 0x0000000781f00000|  0%| F|  |TAMS 0x0000000781e00000, 0x0000000781e00000| Untracked 
|  31|0x0000000781f00000, 0x0000000781f00000, 0x0000000782000000|  0%| F|  |TAMS 0x0000000781f00000, 0x0000000781f00000| Untracked 
|  32|0x0000000782000000, 0x0000000782000000, 0x0000000782100000|  0%| F|  |TAMS 0x0000000782000000, 0x0000000782000000| Untracked 
|  33|0x0000000782100000, 0x0000000782100000, 0x0000000782200000|  0%| F|  |TAMS 0x0000000782100000, 0x0000000782100000| Untracked 
|  34|0x0000000782200000, 0x0000000782200000, 0x0000000782300000|  0%| F|  |TAMS 0x0000000782200000, 0x0000000782200000| Untracked 
|  35|0x0000000782300000, 0x0000000782300000, 0x0000000782400000|  0%| F|  |TAMS 0x0000000782300000, 0x0000000782300000| Untracked 
|  36|0x0000000782400000, 0x0000000782400000, 0x0000000782500000|  0%| F|  |TAMS 0x0000000782400000, 0x0000000782400000| Untracked 
|  37|0x0000000782500000, 0x0000000782500000, 0x0000000782600000|  0%| F|  |TAMS 0x0000000782500000, 0x0000000782500000| Untracked 
|  38|0x0000000782600000, 0x0000000782600000, 0x0000000782700000|  0%| F|  |TAMS 0x0000000782600000, 0x0000000782600000| Untracked 
|  39|0x0000000782700000, 0x0000000782700000, 0x0000000782800000|  0%| F|  |TAMS 0x0000000782700000, 0x0000000782700000| Untracked 
|  40|0x0000000782800000, 0x0000000782800000, 0x0000000782900000|  0%| F|  |TAMS 0x0000000782800000, 0x0000000782800000| Untracked 
|  41|0x0000000782900000, 0x0000000782900000, 0x0000000782a00000|  0%| F|  |TAMS 0x0000000782900000, 0x0000000782900000| Untracked 
|  42|0x0000000782a00000, 0x0000000782a00000, 0x0000000782b00000|  0%| F|  |TAMS 0x0000000782a00000, 0x0000000782a00000| Untracked 
|  43|0x0000000782b00000, 0x0000000782b00000, 0x0000000782c00000|  0%| F|  |TAMS 0x0000000782b00000, 0x0000000782b00000| Untracked 
|  44|0x0000000782c00000, 0x0000000782c00000, 0x0000000782d00000|  0%| F|  |TAMS 0x0000000782c00000, 0x0000000782c00000| Untracked 
|  45|0x0000000782d00000, 0x0000000782d00000, 0x0000000782e00000|  0%| F|  |TAMS 0x0000000782d00000, 0x0000000782d00000| Untracked 
|  46|0x0000000782e00000, 0x0000000782e00000, 0x0000000782f00000|  0%| F|  |TAMS 0x0000000782e00000, 0x0000000782e00000| Untracked 
|  47|0x0000000782f00000, 0x0000000782f00000, 0x0000000783000000|  0%| F|  |TAMS 0x0000000782f00000, 0x0000000782f00000| Untracked 
|  48|0x0000000783000000, 0x0000000783000000, 0x0000000783100000|  0%| F|  |TAMS 0x0000000783000000, 0x0000000783000000| Untracked 
|  49|0x0000000783100000, 0x0000000783100000, 0x0000000783200000|  0%| F|  |TAMS 0x0000000783100000, 0x0000000783100000| Untracked 
|  50|0x0000000783200000, 0x0000000783200000, 0x0000000783300000|  0%| F|  |TAMS 0x0000000783200000, 0x0000000783200000| Untracked 
|  51|0x0000000783300000, 0x0000000783300000, 0x0000000783400000|  0%| F|  |TAMS 0x0000000783300000, 0x0000000783300000| Untracked 
|  52|0x0000000783400000, 0x0000000783400000, 0x0000000783500000|  0%| F|  |TAMS 0x0000000783400000, 0x0000000783400000| Untracked 
|  53|0x0000000783500000, 0x0000000783500000, 0x0000000783600000|  0%| F|  |TAMS 0x0000000783500000, 0x0000000783500000| Untracked 
|  54|0x0000000783600000, 0x0000000783600000, 0x0000000783700000|  0%| F|  |TAMS 0x0000000783600000, 0x0000000783600000| Untracked 
|  55|0x0000000783700000, 0x0000000783700000, 0x0000000783800000|  0%| F|  |TAMS 0x0000000783700000, 0x0000000783700000| Untracked 
|  56|0x0000000783800000, 0x0000000783800000, 0x0000000783900000|  0%| F|  |TAMS 0x0000000783800000, 0x0000000783800000| Untracked 
|  57|0x0000000783900000, 0x0000000783900000, 0x0000000783a00000|  0%| F|  |TAMS 0x0000000783900000, 0x0000000783900000| Untracked 
|  58|0x0000000783a00000, 0x0000000783a00000, 0x0000000783b00000|  0%| F|  |TAMS 0x0000000783a00000, 0x0000000783a00000| Untracked 
|  59|0x0000000783b00000, 0x0000000783b00000, 0x0000000783c00000|  0%| F|  |TAMS 0x0000000783b00000, 0x0000000783b00000| Untracked 
|  60|0x0000000783c00000, 0x0000000783c00000, 0x0000000783d00000|  0%| F|  |TAMS 0x0000000783c00000, 0x0000000783c00000| Untracked 
|  61|0x0000000783d00000, 0x0000000783d00000, 0x0000000783e00000|  0%| F|  |TAMS 0x0000000783d00000, 0x0000000783d00000| Untracked 
|  62|0x0000000783e00000, 0x0000000783e00000, 0x0000000783f00000|  0%| F|  |TAMS 0x0000000783e00000, 0x0000000783e00000| Untracked 
|  63|0x0000000783f00000, 0x0000000783f00000, 0x0000000784000000|  0%| F|  |TAMS 0x0000000783f00000, 0x0000000783f00000| Untracked 
|  64|0x0000000784000000, 0x0000000784000000, 0x0000000784100000|  0%| F|  |TAMS 0x0000000784000000, 0x0000000784000000| Untracked 
|  65|0x0000000784100000, 0x0000000784100000, 0x0000000784200000|  0%| F|  |TAMS 0x0000000784100000, 0x0000000784100000| Untracked 
|  66|0x0000000784200000, 0x0000000784200000, 0x0000000784300000|  0%| F|  |TAMS 0x0000000784200000, 0x0000000784200000| Untracked 
|  67|0x0000000784300000, 0x0000000784300000, 0x0000000784400000|  0%| F|  |TAMS 0x0000000784300000, 0x0000000784300000| Untracked 
|  68|0x0000000784400000, 0x0000000784400000, 0x0000000784500000|  0%| F|  |TAMS 0x0000000784400000, 0x0000000784400000| Untracked 
|  69|0x0000000784500000, 0x0000000784500000, 0x0000000784600000|  0%| F|  |TAMS 0x0000000784500000, 0x0000000784500000| Untracked 
|  70|0x0000000784600000, 0x0000000784600000, 0x0000000784700000|  0%| F|  |TAMS 0x0000000784600000, 0x0000000784600000| Untracked 
|  71|0x0000000784700000, 0x0000000784700000, 0x0000000784800000|  0%| F|  |TAMS 0x0000000784700000, 0x0000000784700000| Untracked 
|  72|0x0000000784800000, 0x0000000784800000, 0x0000000784900000|  0%| F|  |TAMS 0x0000000784800000, 0x0000000784800000| Untracked 
|  73|0x0000000784900000, 0x0000000784900000, 0x0000000784a00000|  0%| F|  |TAMS 0x0000000784900000, 0x0000000784900000| Untracked 
|  74|0x0000000784a00000, 0x0000000784a00000, 0x0000000784b00000|  0%| F|  |TAMS 0x0000000784a00000, 0x0000000784a00000| Untracked 
|  75|0x0000000784b00000, 0x0000000784b00000, 0x0000000784c00000|  0%| F|  |TAMS 0x0000000784b00000, 0x0000000784b00000| Untracked 
|  76|0x0000000784c00000, 0x0000000784c00000, 0x0000000784d00000|  0%| F|  |TAMS 0x0000000784c00000, 0x0000000784c00000| Untracked 
|  77|0x0000000784d00000, 0x0000000784d00000, 0x0000000784e00000|  0%| F|  |TAMS 0x0000000784d00000, 0x0000000784d00000| Untracked 
|  78|0x0000000784e00000, 0x0000000784e00000, 0x0000000784f00000|  0%| F|  |TAMS 0x0000000784e00000, 0x0000000784e00000| Untracked 
|  79|0x0000000784f00000, 0x0000000784f00000, 0x0000000785000000|  0%| F|  |TAMS 0x0000000784f00000, 0x0000000784f00000| Untracked 
|  80|0x0000000785000000, 0x0000000785000000, 0x0000000785100000|  0%| F|  |TAMS 0x0000000785000000, 0x0000000785000000| Untracked 
|  81|0x0000000785100000, 0x0000000785100000, 0x0000000785200000|  0%| F|  |TAMS 0x0000000785100000, 0x0000000785100000| Untracked 
|  82|0x0000000785200000, 0x0000000785200000, 0x0000000785300000|  0%| F|  |TAMS 0x0000000785200000, 0x0000000785200000| Untracked 
|  83|0x0000000785300000, 0x0000000785300000, 0x0000000785400000|  0%| F|  |TAMS 0x0000000785300000, 0x0000000785300000| Untracked 
|  84|0x0000000785400000, 0x0000000785400000, 0x0000000785500000|  0%| F|  |TAMS 0x0000000785400000, 0x0000000785400000| Untracked 
|  85|0x0000000785500000, 0x0000000785500000, 0x0000000785600000|  0%| F|  |TAMS 0x0000000785500000, 0x0000000785500000| Untracked 
|  86|0x0000000785600000, 0x0000000785600000, 0x0000000785700000|  0%| F|  |TAMS 0x0000000785600000, 0x0000000785600000| Untracked 
|  87|0x0000000785700000, 0x0000000785700000, 0x0000000785800000|  0%| F|  |TAMS 0x0000000785700000, 0x0000000785700000| Untracked 
|  88|0x0000000785800000, 0x0000000785800000, 0x0000000785900000|  0%| F|  |TAMS 0x0000000785800000, 0x0000000785800000| Untracked 
|  89|0x0000000785900000, 0x0000000785900000, 0x0000000785a00000|  0%| F|  |TAMS 0x0000000785900000, 0x0000000785900000| Untracked 
|  90|0x0000000785a00000, 0x0000000785a00000, 0x0000000785b00000|  0%| F|  |TAMS 0x0000000785a00000, 0x0000000785a00000| Untracked 
|  91|0x0000000785b00000, 0x0000000785b00000, 0x0000000785c00000|  0%| F|  |TAMS 0x0000000785b00000, 0x0000000785b00000| Untracked 
|  92|0x0000000785c00000, 0x0000000785c00000, 0x0000000785d00000|  0%| F|  |TAMS 0x0000000785c00000, 0x0000000785c00000| Untracked 
|  93|0x0000000785d00000, 0x0000000785d00000, 0x0000000785e00000|  0%| F|  |TAMS 0x0000000785d00000, 0x0000000785d00000| Untracked 
|  94|0x0000000785e00000, 0x0000000785e00000, 0x0000000785f00000|  0%| F|  |TAMS 0x0000000785e00000, 0x0000000785e00000| Untracked 
|  95|0x0000000785f00000, 0x0000000785f00000, 0x0000000786000000|  0%| F|  |TAMS 0x0000000785f00000, 0x0000000785f00000| Untracked 
|  96|0x0000000786000000, 0x0000000786000000, 0x0000000786100000|  0%| F|  |TAMS 0x0000000786000000, 0x0000000786000000| Untracked 
|  97|0x0000000786100000, 0x0000000786100000, 0x0000000786200000|  0%| F|  |TAMS 0x0000000786100000, 0x0000000786100000| Untracked 
|  98|0x0000000786200000, 0x0000000786200000, 0x0000000786300000|  0%| F|  |TAMS 0x0000000786200000, 0x0000000786200000| Untracked 
|  99|0x0000000786300000, 0x0000000786300000, 0x0000000786400000|  0%| F|  |TAMS 0x0000000786300000, 0x0000000786300000| Untracked 
| 100|0x0000000786400000, 0x0000000786400000, 0x0000000786500000|  0%| F|  |TAMS 0x0000000786400000, 0x0000000786400000| Untracked 
| 101|0x0000000786500000, 0x0000000786500000, 0x0000000786600000|  0%| F|  |TAMS 0x0000000786500000, 0x0000000786500000| Untracked 
| 102|0x0000000786600000, 0x0000000786600000, 0x0000000786700000|  0%| F|  |TAMS 0x0000000786600000, 0x0000000786600000| Untracked 
| 103|0x0000000786700000, 0x0000000786700000, 0x0000000786800000|  0%| F|  |TAMS 0x0000000786700000, 0x0000000786700000| Untracked 
| 104|0x0000000786800000, 0x0000000786800000, 0x0000000786900000|  0%| F|  |TAMS 0x0000000786800000, 0x0000000786800000| Untracked 
| 105|0x0000000786900000, 0x0000000786900000, 0x0000000786a00000|  0%| F|  |TAMS 0x0000000786900000, 0x0000000786900000| Untracked 
| 106|0x0000000786a00000, 0x0000000786a00000, 0x0000000786b00000|  0%| F|  |TAMS 0x0000000786a00000, 0x0000000786a00000| Untracked 
| 107|0x0000000786b00000, 0x0000000786b00000, 0x0000000786c00000|  0%| F|  |TAMS 0x0000000786b00000, 0x0000000786b00000| Untracked 
| 108|0x0000000786c00000, 0x0000000786c00000, 0x0000000786d00000|  0%| F|  |TAMS 0x0000000786c00000, 0x0000000786c00000| Untracked 
| 109|0x0000000786d00000, 0x0000000786d00000, 0x0000000786e00000|  0%| F|  |TAMS 0x0000000786d00000, 0x0000000786d00000| Untracked 
| 110|0x0000000786e00000, 0x0000000786e00000, 0x0000000786f00000|  0%| F|  |TAMS 0x0000000786e00000, 0x0000000786e00000| Untracked 
| 111|0x0000000786f00000, 0x0000000786f00000, 0x0000000787000000|  0%| F|  |TAMS 0x0000000786f00000, 0x0000000786f00000| Untracked 
| 112|0x0000000787000000, 0x0000000787000000, 0x0000000787100000|  0%| F|  |TAMS 0x0000000787000000, 0x0000000787000000| Untracked 
| 113|0x0000000787100000, 0x0000000787100000, 0x0000000787200000|  0%| F|  |TAMS 0x0000000787100000, 0x0000000787100000| Untracked 
| 114|0x0000000787200000, 0x0000000787200000, 0x0000000787300000|  0%| F|  |TAMS 0x0000000787200000, 0x0000000787200000| Untracked 
| 115|0x0000000787300000, 0x00000007873c8898, 0x0000000787400000| 78%| E|  |TAMS 0x0000000787300000, 0x0000000787300000| Complete 
| 116|0x0000000787400000, 0x0000000787500000, 0x0000000787500000|100%| E|CS|TAMS 0x0000000787400000, 0x0000000787400000| Complete 
| 117|0x0000000787500000, 0x0000000787600000, 0x0000000787600000|100%| E|CS|TAMS 0x0000000787500000, 0x0000000787500000| Complete 
| 118|0x0000000787600000, 0x0000000787700000, 0x0000000787700000|100%| E|CS|TAMS 0x0000000787600000, 0x0000000787600000| Complete 
| 119|0x0000000787700000, 0x0000000787800000, 0x0000000787800000|100%| E|CS|TAMS 0x0000000787700000, 0x0000000787700000| Complete 
| 120|0x0000000787800000, 0x0000000787900000, 0x0000000787900000|100%| E|CS|TAMS 0x0000000787800000, 0x0000000787800000| Complete 
| 121|0x0000000787900000, 0x0000000787a00000, 0x0000000787a00000|100%| E|  |TAMS 0x0000000787900000, 0x0000000787900000| Complete 
| 122|0x0000000787a00000, 0x0000000787b00000, 0x0000000787b00000|100%| E|CS|TAMS 0x0000000787a00000, 0x0000000787a00000| Complete 
| 123|0x0000000787b00000, 0x0000000787c00000, 0x0000000787c00000|100%| E|CS|TAMS 0x0000000787b00000, 0x0000000787b00000| Complete 
| 124|0x0000000787c00000, 0x0000000787d00000, 0x0000000787d00000|100%| E|CS|TAMS 0x0000000787c00000, 0x0000000787c00000| Complete 
| 125|0x0000000787d00000, 0x0000000787e00000, 0x0000000787e00000|100%| E|CS|TAMS 0x0000000787d00000, 0x0000000787d00000| Complete 
| 126|0x0000000787e00000, 0x0000000787f00000, 0x0000000787f00000|100%| E|CS|TAMS 0x0000000787e00000, 0x0000000787e00000| Complete 
| 127|0x0000000787f00000, 0x0000000788000000, 0x0000000788000000|100%| E|CS|TAMS 0x0000000787f00000, 0x0000000787f00000| Complete 
|2046|0x00000007ffe00000, 0x00000007ffe76000, 0x00000007fff00000| 46%|OA|  |TAMS 0x00000007ffe00000, 0x00000007ffe00000| Untracked 
|2047|0x00000007fff00000, 0x00000007fff7f000, 0x0000000800000000| 49%|CA|  |TAMS 0x00000007fff00000, 0x00000007fff00000| Untracked 

Card table byte_map: [0x0000000107a1d000,0x0000000107e1d000] _byte_map_base: 0x0000000103e1d000

Marking Bits (Prev, Next): (CMBitMap*) 0x00007fad2c80c410, (CMBitMap*) 0x00007fad2c80c450
 Prev Bits: [0x0000000121a2a000, 0x0000000123a2a000)
 Next Bits: [0x0000000123a2a000, 0x0000000125a2a000)

Polling page: 0x0000000107373000

Metaspace:

Usage:
  Non-class:      2.01 MB used.
      Class:    251.42 KB used.
       Both:      2.26 MB used.

Virtual space:
  Non-class space:        8.00 MB reserved,       2.06 MB ( 26%) committed,  1 nodes.
      Class space:        1.00 GB reserved,     384.00 KB ( <1%) committed,  1 nodes.
             Both:        1.01 GB reserved,       2.44 MB ( <1%) committed. 

Chunk freelists:
   Non-Class:  2.88 MB
       Class:  3.55 MB
        Both:  6.42 MB

MaxMetaspaceSize: unlimited
CompressedClassSpaceSize: 1.00 GB
Initial GC threshold: 21.00 MB
Current GC threshold: 21.00 MB
CDS: on
MetaspaceReclaimPolicy: balanced
 - commit_granule_bytes: 65536.
 - commit_granule_words: 8192.
 - virtual_space_node_default_size: 1048576.
 - enlarge_chunks_in_place: 1.
 - new_chunks_are_fully_committed: 0.
 - uncommit_free_chunks: 1.
 - use_allocation_guard: 0.
 - handle_deallocations: 1.


Internal statistics:

num_allocs_failed_limit: 0.
num_arena_births: 68.
num_arena_deaths: 0.
num_vsnodes_births: 2.
num_vsnodes_deaths: 0.
num_space_committed: 39.
num_space_uncommitted: 0.
num_chunks_returned_to_freelist: 0.
num_chunks_taken_from_freelist: 140.
num_chunk_merges: 0.
num_chunk_splits: 90.
num_chunks_enlarged: 64.
num_purges: 0.
num_inconsistent_stats: 0.

CodeHeap 'non-profiled nmethods': size=120032Kb used=210Kb max_used=210Kb free=119821Kb
 bounds [0x000000011a4f2000, 0x000000011a762000, 0x0000000121a2a000]
CodeHeap 'profiled nmethods': size=120028Kb used=844Kb max_used=844Kb free=119183Kb
 bounds [0x0000000112fbb000, 0x000000011322b000, 0x000000011a4f2000]
CodeHeap 'non-nmethods': size=5700Kb used=1219Kb max_used=1228Kb free=4481Kb
 bounds [0x0000000112a2a000, 0x0000000112c9a000, 0x0000000112fbb000]
 total_blobs=1080 nmethods=619 adapters=375
 compilation: enabled
              stopped_count=0, restarted_count=0
 full_count=0

Compilation events (20 events):
Event: 0.731 Thread 0x00007fad2d813c00 nmethod 609 0x0000000113086710 code [0x00000001130868a0, 0x00000001130869b0]
Event: 0.731 Thread 0x00007fad2d813c00  610       3       java.lang.StringConcatHelper::simpleConcat (94 bytes)
Event: 0.733 Thread 0x00007fad2d813c00 nmethod 610 0x0000000113086a10 code [0x0000000113086d60, 0x00000001130881f0]
Event: 0.733 Thread 0x00007fad2d813c00  611       3       java.lang.String::concat (15 bytes)
Event: 0.735 Thread 0x00007fad2d813c00 nmethod 611 0x0000000113088990 code [0x0000000113088ce0, 0x000000011308a1b0]
Event: 0.742 Thread 0x00007fad2d813c00  613       3       java.lang.invoke.MemberName::getType (19 bytes)
Event: 0.743 Thread 0x00007fad2d813c00 nmethod 613 0x000000011308a990 code [0x000000011308ab80, 0x000000011308af30]
Event: 0.743 Thread 0x00007fad2d813c00  612       3       java.lang.invoke.MethodHandles$Lookup::<init> (84 bytes)
Event: 0.743 Thread 0x00007fad2d813c00 nmethod 612 0x000000011308b090 code [0x000000011308b240, 0x000000011308b490]
Event: 0.753 Thread 0x00007fad2d813c00  614       3       jdk.internal.org.objectweb.asm.SymbolTable::addConstantNameAndType (137 bytes)
Event: 0.754 Thread 0x00007fad2d813c00 nmethod 614 0x000000011308b590 code [0x000000011308b7e0, 0x000000011308bf00]
Event: 0.754 Thread 0x00007fad2d813c00  615       3       jdk.internal.org.objectweb.asm.SymbolTable$Entry::<init> (20 bytes)
Event: 0.754 Thread 0x00007fad2d813c00 nmethod 615 0x000000011308c310 code [0x000000011308c4c0, 0x000000011308c660]
Event: 0.754 Thread 0x00007fad2d813c00  616       3       jdk.internal.org.objectweb.asm.MethodWriter::visitMethodInsn (191 bytes)
Event: 0.755 Thread 0x00007fad2d813c00 nmethod 616 0x000000011308c710 code [0x000000011308c940, 0x000000011308d100]
Event: 0.757 Thread 0x00007fad2d813c00  617       3       java.lang.invoke.MethodHandles$Lookup::checkSymbolicClass (25 bytes)
Event: 0.757 Thread 0x00007fad2d813c00 nmethod 617 0x000000011308d490 code [0x000000011308d660, 0x000000011308d8e0]
Event: 0.757 Thread 0x00007fad2d813c00  618       3       java.lang.ref.SoftReference::get (29 bytes)
Event: 0.757 Thread 0x00007fad2d813c00 nmethod 618 0x000000011308da10 code [0x000000011308dbc0, 0x000000011308dd90]
Event: 0.973 Thread 0x00007fad2d813c00  621       3       jdk.internal.org.objectweb.asm.ByteVector::<init> (13 bytes)

GC Heap History (0 events):
No events

Deoptimization events (16 events):
Event: 0.206 Thread 0x00007fad2b80b000 DEOPT PACKING pc=0x000000011300360b sp=0x0000700002030510
Event: 0.206 Thread 0x00007fad2b80b000 DEOPT UNPACKING pc=0x0000000112a7c82f sp=0x000070000202f990 mode 0
Event: 0.206 Thread 0x00007fad2b80b000 DEOPT PACKING pc=0x0000000112fe4255 sp=0x00007000020304c0
Event: 0.206 Thread 0x00007fad2b80b000 DEOPT UNPACKING pc=0x0000000112a7c82f sp=0x000070000202f980 mode 0
Event: 0.207 Thread 0x00007fad2b80b000 DEOPT PACKING pc=0x0000000112fe4255 sp=0x00007000020304d0
Event: 0.207 Thread 0x00007fad2b80b000 DEOPT UNPACKING pc=0x0000000112a7c82f sp=0x000070000202f978 mode 0
Event: 0.243 Thread 0x00007fad2b80b000 Uncommon trap: trap_request=0xffffff45 fr.pc=0x000000011a504f48 relative=0x0000000000000608
Event: 0.243 Thread 0x00007fad2b80b000 Uncommon trap: reason=unstable_if action=reinterpret pc=0x000000011a504f48 method=java.util.ImmutableCollections$SetN.probe(Ljava/lang/Object;)I @ 34 c2
Event: 0.243 Thread 0x00007fad2b80b000 DEOPT PACKING pc=0x000000011a504f48 sp=0x0000700002031490
Event: 0.243 Thread 0x00007fad2b80b000 DEOPT UNPACKING pc=0x0000000112a7c099 sp=0x0000700002031470 mode 2
Event: 0.348 Thread 0x00007fad2b80b000 Uncommon trap: trap_request=0xfffffff4 fr.pc=0x000000011a5077c8 relative=0x00000000000001a8
Event: 0.348 Thread 0x00007fad2b80b000 Uncommon trap: reason=null_check action=make_not_entrant pc=0x000000011a5077c8 method=java.lang.String.equals(Ljava/lang/Object;)Z @ 8 c2
Event: 0.348 Thread 0x00007fad2b80b000 DEOPT PACKING pc=0x000000011a5077c8 sp=0x00007000020318c0
Event: 0.348 Thread 0x00007fad2b80b000 DEOPT UNPACKING pc=0x0000000112a7c099 sp=0x0000700002031888 mode 2
Event: 0.967 Thread 0x00007fad2c943600 DEOPT PACKING pc=0x0000000112fddc1c sp=0x00007ff7b8cc2da0
Event: 0.967 Thread 0x00007fad2c943600 DEOPT UNPACKING pc=0x0000000112a7c82f sp=0x00007ff7b8cc22e0 mode 1

Classes unloaded (0 events):
No events

Classes redefined (0 events):
No events

Internal exceptions (8 events):
Event: 0.238 Thread 0x00007fad2b80b000 Exception <a 'sun/nio/fs/UnixException'{0x0000000787aa9e70}> (0x0000000787aa9e70) 
thrown [src/hotspot/share/prims/jni.cpp, line 516]
Event: 0.348 Thread 0x00007fad2b80b000 Implicit null exception at 0x000000011a507655 to 0x000000011a5077b8
Event: 0.348 Thread 0x00007fad2b80b000 Exception <a 'java/lang/NoSuchMethodError'{0x0000000787983c58}: 'java.lang.Object java.lang.invoke.DirectMethodHandle$Holder.invokeStaticInit(java.lang.Object)'> (0x0000000787983c58) 
thrown [src/hotspot/share/interpreter/linkResolver.cpp, line 766]
Event: 0.354 Thread 0x00007fad2b80b000 Exception <a 'java/lang/NoSuchMethodError'{0x00000007879cda30}: 'void java.lang.invoke.DirectMethodHandle$Holder.invokeStatic(java.lang.Object, java.lang.Object)'> (0x00000007879cda30) 
thrown [src/hotspot/share/interpreter/linkResolver.cpp, line 766]
Event: 0.546 Thread 0x00007fad2b80b000 Exception <a 'java/lang/NoSuchMethodError'{0x00000007876a1d08}: 'void java.lang.invoke.DirectMethodHandle$Holder.invokeSpecial(java.lang.Object, java.lang.Object, java.lang.Object)'> (0x00000007876a1d08) 
thrown [src/hotspot/share/interpreter/linkResolver.cpp, line 766]
Event: 0.562 Thread 0x00007fad2b80b000 Exception <a 'java/lang/NoSuchMethodError'{0x00000007876defb8}: 'void java.lang.invoke.DirectMethodHandle$Holder.invokeStatic(java.lang.Object, java.lang.Object, java.lang.Object)'> (0x00000007876defb8) 
thrown [src/hotspot/share/interpreter/linkResolver.cpp, line 766]
Event: 0.711 Thread 0x00007fad2b80b000 Exception <a 'java/lang/NoSuchMethodError'{0x00000007876fb8d0}: 'int java.lang.invoke.DirectMethodHandle$Holder.invokeStaticInit(java.lang.Object, java.lang.Object, java.lang.Object)'> (0x00000007876fb8d0) 
thrown [src/hotspot/share/interpreter/linkResolver.cpp, line 766]
Event: 0.967 Thread 0x00007fad2c943600 Exception <a 'java/lang/ClassCastException'{0x00000007873141d8}> (0x00000007873141d8) 
thrown [src/hotspot/share/runtime/sharedRuntime.cpp, line 628]

VM Operations (6 events):
Event: 0.145 Executing VM operation: HandshakeAllThreads
Event: 0.145 Executing VM operation: HandshakeAllThreads done
Event: 0.241 Executing VM operation: HandshakeAllThreads
Event: 0.241 Executing VM operation: HandshakeAllThreads done
Event: 0.272 Executing VM operation: ChangeBreakpoints
Event: 0.272 Executing VM operation: ChangeBreakpoints done

Events (20 events):
Event: 0.755 loading class java/util/concurrent/LinkedBlockingDeque
Event: 0.755 loading class java/util/concurrent/LinkedBlockingDeque done
Event: 0.756 Thread 0x00007fad2b9c8800 Thread added: 0x00007fad2b9c8800
Event: 0.756 Protecting memory [0x000070000367a000,0x000070000367e000] with protection modes 0
Event: 0.758 Protecting memory [0x00007ff7b84c8000,0x00007ff7b84cc000] with protection modes 0
Event: 0.758 Thread 0x00007fad2c943600 Thread added: 0x00007fad2c943600
Event: 0.857 Thread 0x00007fad2c957400 Thread added: 0x00007fad2c957400
Event: 0.858 Protecting memory [0x000070000377d000,0x0000700003781000] with protection modes 0
Event: 0.961 loading class java/util/concurrent/LinkedBlockingDeque$Node
Event: 0.961 loading class java/util/concurrent/LinkedBlockingDeque$Node done
Event: 0.961 Protecting memory [0x000070000377d000,0x0000700003781000] with protection modes 3
Event: 0.961 Thread 0x00007fad2c957400 Thread exited: 0x00007fad2c957400
Event: 0.965 loading class java/util/concurrent/FutureTask
Event: 0.966 loading class java/util/concurrent/FutureTask done
Event: 0.968 loading class java/lang/Throwable$WrappedPrintStream
Event: 0.968 loading class java/lang/Throwable$PrintStreamOrWriter
Event: 0.968 loading class java/lang/Throwable$PrintStreamOrWriter done
Event: 0.968 loading class java/lang/Throwable$WrappedPrintStream done
Event: 0.969 loading class java/lang/StackTraceElement$HashedModules
Event: 0.969 loading class java/lang/StackTraceElement$HashedModules done


Dynamic libraries:
0x0000000107355000 	/Library/Java/JavaVirtualMachines/temurin-17.jdk/Contents/Home/lib/libjli.dylib
0x00007ff810160000 	/usr/lib/libz.1.dylib
0x00007ff810240000 	/usr/lib/libSystem.B.dylib
0x00007ff81023b000 	/usr/lib/system/libcache.dylib
0x00007ff8101f7000 	/usr/lib/system/libcommonCrypto.dylib
0x00007ff810220000 	/usr/lib/system/libcompiler_rt.dylib
0x00007ff810216000 	/usr/lib/system/libcopyfile.dylib
0x00007ff8051b4000 	/usr/lib/system/libcorecrypto.dylib
0x00007ff805273000 	/usr/lib/system/libdispatch.dylib
0x00007ff805432000 	/usr/lib/system/libdyld.dylib
0x00007ff810232000 	/usr/lib/system/libkeymgr.dylib
0x00007ff8101d5000 	/usr/lib/system/libmacho.dylib
0x00007ff80f86c000 	/usr/lib/system/libquarantine.dylib
0x00007ff810230000 	/usr/lib/system/libremovefile.dylib
0x00007ff80a38a000 	/usr/lib/system/libsystem_asl.dylib
0x00007ff805162000 	/usr/lib/system/libsystem_blocks.dylib
0x00007ff8052f7000 	/usr/lib/system/libsystem_c.dylib
0x00007ff810228000 	/usr/lib/system/libsystem_collections.dylib
0x00007ff80ea53000 	/usr/lib/system/libsystem_configuration.dylib
0x00007ff80dd15000 	/usr/lib/system/libsystem_containermanager.dylib
0x00007ff80ff14000 	/usr/lib/system/libsystem_coreservices.dylib
0x00007ff807a58000 	/usr/lib/system/libsystem_darwin.dylib
0x00007ff810233000 	/usr/lib/system/libsystem_dnssd.dylib
0x00007ff8052f4000 	/usr/lib/system/libsystem_featureflags.dylib
0x00007ff805448000 	/usr/lib/system/libsystem_info.dylib
0x00007ff810173000 	/usr/lib/system/libsystem_m.dylib
0x00007ff805247000 	/usr/lib/system/libsystem_malloc.dylib
0x00007ff80a327000 	/usr/lib/system/libsystem_networkextension.dylib
0x00007ff807e80000 	/usr/lib/system/libsystem_notify.dylib
0x00007ff816371000 	/usr/lib/system/libsystem_product_info_filter.dylib
0x00007ff80ea57000 	/usr/lib/system/libsystem_sandbox.dylib
0x00007ff81022d000 	/usr/lib/system/libsystem_secinit.dylib
0x00007ff8053ef000 	/usr/lib/system/libsystem_kernel.dylib
0x00007ff80543e000 	/usr/lib/system/libsystem_platform.dylib
0x00007ff805426000 	/usr/lib/system/libsystem_pthread.dylib
0x00007ff80bbdb000 	/usr/lib/system/libsystem_symptoms.dylib
0x00007ff80519b000 	/usr/lib/system/libsystem_trace.dylib
0x00007ff810203000 	/usr/lib/system/libunwind.dylib
0x00007ff805164000 	/usr/lib/system/libxpc.dylib
0x00007ff8053d9000 	/usr/lib/libc++abi.dylib
0x00007ff8052ba000 	/usr/lib/libobjc.A.dylib
0x00007ff81020e000 	/usr/lib/liboah.dylib
0x00007ff805380000 	/usr/lib/libc++.1.dylib
0x00007ff81c0a0000 	/System/Library/Frameworks/Cocoa.framework/Versions/A/Cocoa
0x00007ff807ede000 	/System/Library/Frameworks/AppKit.framework/Versions/C/AppKit
0x00007ff80b3cb000 	/System/Library/Frameworks/CoreData.framework/Versions/A/CoreData
0x00007ff8062f9000 	/System/Library/Frameworks/Foundation.framework/Versions/C/Foundation
0x00007ff808d6b000 	/System/Library/PrivateFrameworks/UIFoundation.framework/Versions/A/UIFoundation
0x00007ff816078000 	/System/Library/PrivateFrameworks/RemoteViewServices.framework/Versions/A/RemoteViewServices
0x00007ff80e3ec000 	/System/Library/PrivateFrameworks/XCTTargetBootstrap.framework/Versions/A/XCTTargetBootstrap
0x00007ff81204f000 	/System/Library/PrivateFrameworks/InternationalSupport.framework/Versions/A/InternationalSupport
0x00007ff8120d9000 	/System/Library/PrivateFrameworks/UserActivity.framework/Versions/A/UserActivity
0x00007ff81142f000 	/usr/lib/libspindump.dylib
0x00007ff808ff9000 	/System/Library/Frameworks/UniformTypeIdentifiers.framework/Versions/A/UniformTypeIdentifiers
0x00007ff80cb2b000 	/usr/lib/libapp_launch_measurement.dylib
0x00007ff80bd95000 	/System/Library/PrivateFrameworks/CoreAnalytics.framework/Versions/A/CoreAnalytics
0x00007ff80cb2e000 	/System/Library/PrivateFrameworks/CoreAutoLayout.framework/Versions/A/CoreAutoLayout
0x00007ff80dd4d000 	/System/Library/Frameworks/Metal.framework/Versions/A/Metal
0x00007ff80ea62000 	/usr/lib/liblangid.dylib
0x00007ff80e3f0000 	/System/Library/PrivateFrameworks/CoreSVG.framework/Versions/A/CoreSVG
0x00007ff80a3bb000 	/System/Library/PrivateFrameworks/SkyLight.framework/Versions/A/SkyLight
0x00007ff80a74c000 	/System/Library/Frameworks/CoreGraphics.framework/Versions/A/CoreGraphics
0x00007ff8166e3000 	/System/Library/Frameworks/Accelerate.framework/Versions/A/Accelerate
0x00007ff810eaa000 	/System/Library/PrivateFrameworks/IconServices.framework/Versions/A/IconServices
0x00007ff80dd32000 	/System/Library/Frameworks/IOSurface.framework/Versions/A/IOSurface
0x00007ff80bdc3000 	/usr/lib/libDiagnosticMessagesClient.dylib
0x00007ff819d42000 	/System/Library/Frameworks/ApplicationServices.framework/Versions/A/ApplicationServices
0x00007ff80e3d8000 	/System/Library/PrivateFrameworks/DFRFoundation.framework/Versions/A/DFRFoundation
0x00007ff8077cf000 	/usr/lib/libicucore.A.dylib
0x00007ff812d71000 	/System/Library/Frameworks/AudioToolbox.framework/Versions/A/AudioToolbox
0x00007ff81205b000 	/System/Library/PrivateFrameworks/DataDetectorsCore.framework/Versions/A/DataDetectorsCore
0x00007ff90d8a1000 	/System/Library/PrivateFrameworks/TextInput.framework/Versions/A/TextInput
0x00007ff80a33e000 	/usr/lib/libMobileGestalt.dylib
0x00007ff80e0e0000 	/System/Library/Frameworks/Carbon.framework/Versions/A/Frameworks/HIToolbox.framework/Versions/A/HIToolbox
0x00007ff80c559000 	/System/Library/Frameworks/QuartzCore.framework/Versions/A/QuartzCore
0x00007ff807470000 	/System/Library/Frameworks/Security.framework/Versions/A/Security
0x00007ff8160b0000 	/System/Library/Frameworks/Carbon.framework/Versions/A/Frameworks/SpeechRecognition.framework/Versions/A/SpeechRecognition
0x00007ff80c88b000 	/System/Library/PrivateFrameworks/CoreUI.framework/Versions/A/CoreUI
0x00007ff806d4a000 	/System/Library/Frameworks/CoreAudio.framework/Versions/A/CoreAudio
0x00007ff80beb1000 	/System/Library/Frameworks/DiskArbitration.framework/Versions/A/DiskArbitration
0x00007ff811816000 	/System/Library/PrivateFrameworks/MultitouchSupport.framework/Versions/A/MultitouchSupport
0x00007ff80a33d000 	/usr/lib/libenergytrace.dylib
0x00007ff807dca000 	/System/Library/Frameworks/IOKit.framework/Versions/A/IOKit
0x00007ff81649a000 	/System/Library/Frameworks/CoreServices.framework/Versions/A/CoreServices
0x00007ff80cac5000 	/System/Library/PrivateFrameworks/PerformanceAnalysis.framework/Versions/A/PerformanceAnalysis
0x00007ffa1ce62000 	/System/Library/Frameworks/OpenGL.framework/Versions/A/OpenGL
0x00007ff80f798000 	/System/Library/PrivateFrameworks/MobileKeyBag.framework/Versions/A/MobileKeyBag
0x00007ff80ae18000 	/System/Library/Frameworks/ColorSync.framework/Versions/A/ColorSync
0x00007ff805473000 	/System/Library/Frameworks/CoreFoundation.framework/Versions/A/CoreFoundation
0x00007ff80e669000 	/System/Library/Frameworks/CoreImage.framework/Versions/A/CoreImage
0x00007ff806b60000 	/System/Library/Frameworks/CoreText.framework/Versions/A/CoreText
0x00007ff80e41f000 	/System/Library/Frameworks/ImageIO.framework/Versions/A/ImageIO
0x00007ff810246000 	/System/Library/PrivateFrameworks/SoftLinking.framework/Versions/A/SoftLinking
0x00007ff80cb76000 	/usr/lib/libxml2.2.dylib
0x00007ff8104c9000 	/usr/lib/libcompression.dylib
0x00007ff811f85000 	/System/Library/PrivateFrameworks/TextureIO.framework/Versions/A/TextureIO
0x00007ff810bbc000 	/usr/lib/libate.dylib
0x00007ff81099a000 	/usr/lib/liblzma.5.dylib
0x00007ff80600a000 	/System/Library/Frameworks/SystemConfiguration.framework/Versions/A/SystemConfiguration
0x00007ff810242000 	/usr/lib/libfakelink.dylib
0x00007ff809e91000 	/System/Library/Frameworks/CFNetwork.framework/Versions/A/CFNetwork
0x00007ff810381000 	/usr/lib/libarchive.2.dylib
0x00007ff80ea5e000 	/System/Library/PrivateFrameworks/AppleSystemInfo.framework/Versions/A/AppleSystemInfo
0x00007ff80f892000 	/usr/lib/libbsm.0.dylib
0x00007ff8094c8000 	/usr/lib/libnetwork.dylib
0x00007ff8101db000 	/usr/lib/system/libkxld.dylib
0x00007ff80f4c1000 	/System/Library/PrivateFrameworks/IOMobileFramebuffer.framework/Versions/A/IOMobileFramebuffer
0x00007ffb1a94b000 	/usr/lib/libCoreEntitlements.dylib
0x00007ff80fef6000 	/System/Library/PrivateFrameworks/AppleFSCompression.framework/Versions/A/AppleFSCompression
0x00007ff80f87b000 	/usr/lib/libcoretls.dylib
0x00007ff8109b4000 	/usr/lib/libcoretls_cfhelpers.dylib
0x00007ff8104c4000 	/usr/lib/libpam.2.dylib
0x00007ff80b7fd000 	/usr/lib/libsqlite3.dylib
0x00007ff810a23000 	/usr/lib/libxar.1.dylib
0x00007ff80ff06000 	/usr/lib/libbz2.1.0.dylib
0x00007ff810247000 	/usr/lib/libpcap.A.dylib
0x00007ff80bbd2000 	/usr/lib/libdns_services.dylib
0x00007ff810493000 	/usr/lib/libapple_nghttp2.dylib
0x00007ff81027e000 	/usr/lib/libiconv.2.dylib
0x00007ff8101d4000 	/usr/lib/libcharset.1.dylib
0x00007ff80caf9000 	/System/Library/Frameworks/CoreServices.framework/Versions/A/Frameworks/FSEvents.framework/Versions/A/FSEvents
0x00007ff807a62000 	/System/Library/Frameworks/CoreServices.framework/Versions/A/Frameworks/CarbonCore.framework/Versions/A/CarbonCore
0x00007ff80be16000 	/System/Library/Frameworks/CoreServices.framework/Versions/A/Frameworks/Metadata.framework/Versions/A/Metadata
0x00007ff80ff19000 	/System/Library/Frameworks/CoreServices.framework/Versions/A/Frameworks/OSServices.framework/Versions/A/OSServices
0x00007ff810407000 	/System/Library/Frameworks/CoreServices.framework/Versions/A/Frameworks/SearchKit.framework/Versions/A/SearchKit
0x00007ff80bb64000 	/System/Library/Frameworks/CoreServices.framework/Versions/A/Frameworks/AE.framework/Versions/A/AE
0x00007ff805976000 	/System/Library/Frameworks/CoreServices.framework/Versions/A/Frameworks/LaunchServices.framework/Versions/A/LaunchServices
0x00007ff81094b000 	/System/Library/Frameworks/CoreServices.framework/Versions/A/Frameworks/DictionaryServices.framework/Versions/A/DictionaryServices
0x00007ff80cb06000 	/System/Library/Frameworks/CoreServices.framework/Versions/A/Frameworks/SharedFileList.framework/Versions/A/SharedFileList
0x00007ff80f86f000 	/usr/lib/libCheckFix.dylib
0x00007ff80a3a1000 	/System/Library/PrivateFrameworks/TCC.framework/Versions/A/TCC
0x00007ff80ea64000 	/System/Library/PrivateFrameworks/CoreNLP.framework/Versions/A/CoreNLP
0x00007ff80bdc6000 	/System/Library/PrivateFrameworks/MetadataUtilities.framework/Versions/A/MetadataUtilities
0x00007ff8060ba000 	/usr/lib/libmecabra.dylib
0x00007ff80f8a2000 	/usr/lib/libmecab.dylib
0x00007ff806085000 	/usr/lib/libCRFSuite.dylib
0x00007ff80f8ff000 	/usr/lib/libgermantok.dylib
0x00007ff81046e000 	/usr/lib/libThaiTokenizer.dylib
0x00007ff80beb8000 	/System/Library/Frameworks/Accelerate.framework/Versions/A/Frameworks/vImage.framework/Versions/A/vImage
0x00007ff816471000 	/System/Library/Frameworks/Accelerate.framework/Versions/A/Frameworks/vecLib.framework/Versions/A/vecLib
0x00007ff810a64000 	/System/Library/Frameworks/Accelerate.framework/Versions/A/Frameworks/vecLib.framework/Versions/A/libvMisc.dylib
0x00007ff80f2df000 	/System/Library/Frameworks/Accelerate.framework/Versions/A/Frameworks/vecLib.framework/Versions/A/libvDSP.dylib
0x00007ff805cee000 	/System/Library/Frameworks/Accelerate.framework/Versions/A/Frameworks/vecLib.framework/Versions/A/libBLAS.dylib
0x00007ff8105a5000 	/System/Library/Frameworks/Accelerate.framework/Versions/A/Frameworks/vecLib.framework/Versions/A/libLAPACK.dylib
0x00007ff80f902000 	/System/Library/Frameworks/Accelerate.framework/Versions/A/Frameworks/vecLib.framework/Versions/A/libLinearAlgebra.dylib
0x00007ff8104ac000 	/System/Library/Frameworks/Accelerate.framework/Versions/A/Frameworks/vecLib.framework/Versions/A/libSparseBLAS.dylib
0x00007ff81059f000 	/System/Library/Frameworks/Accelerate.framework/Versions/A/Frameworks/vecLib.framework/Versions/A/libQuadrature.dylib
0x00007ff80eb4e000 	/System/Library/Frameworks/Accelerate.framework/Versions/A/Frameworks/vecLib.framework/Versions/A/libBNNS.dylib
0x00007ff805f9b000 	/System/Library/Frameworks/Accelerate.framework/Versions/A/Frameworks/vecLib.framework/Versions/A/libSparse.dylib
0x00007ff80eb47000 	/System/Library/PrivateFrameworks/LinguisticData.framework/Versions/A/LinguisticData
0x00007ff805f50000 	/System/Library/PrivateFrameworks/Lexicon.framework/Versions/A/Lexicon
0x00007ff810a5d000 	/usr/lib/libChineseTokenizer.dylib
0x00007ff8066b4000 	/System/Library/PrivateFrameworks/LanguageModeling.framework/Versions/A/LanguageModeling
0x00007ff810470000 	/System/Library/PrivateFrameworks/AppleSauce.framework/Versions/A/AppleSauce
0x00007ff80f4af000 	/System/Library/PrivateFrameworks/CoreEmoji.framework/Versions/A/CoreEmoji
0x00007ff810370000 	/usr/lib/libcmph.dylib
0x00007ff80cadd000 	/System/Library/Frameworks/OpenDirectory.framework/Versions/A/Frameworks/CFOpenDirectory.framework/Versions/A/CFOpenDirectory
0x00007ff80cad1000 	/System/Library/Frameworks/OpenDirectory.framework/Versions/A/OpenDirectory
0x00007ff8109b6000 	/System/Library/PrivateFrameworks/APFS.framework/Versions/A/APFS
0x00007ff80f7d0000 	/System/Library/Frameworks/SecurityFoundation.framework/Versions/A/SecurityFoundation
0x00007ff810a31000 	/usr/lib/libutil.dylib
0x00007ff807d8d000 	/System/Library/PrivateFrameworks/CoreServicesStore.framework/Versions/A/CoreServicesStore
0x00007ff810a35000 	/usr/lib/libxslt.1.dylib
0x00007ff80f85d000 	/System/Library/PrivateFrameworks/BackgroundTaskManagement.framework/Versions/A/BackgroundTaskManagement
0x00007ff811ea5000 	/System/Library/Frameworks/ImageIO.framework/Versions/A/Resources/libRadiance.dylib
0x00007ff811eae000 	/System/Library/Frameworks/ImageIO.framework/Versions/A/Resources/libJPEG.dylib
0x00007ff811dfe000 	/System/Library/Frameworks/ImageIO.framework/Versions/A/Resources/libPng.dylib
0x00007ff811e1f000 	/System/Library/Frameworks/ImageIO.framework/Versions/A/Resources/libTIFF.dylib
0x00007ff811f0e000 	/System/Library/Frameworks/ImageIO.framework/Versions/A/Resources/libGIF.dylib
0x00007ff81172f000 	/System/Library/Frameworks/ImageIO.framework/Versions/A/Resources/libJP2.dylib
0x00007ff810e71000 	/usr/lib/libexpat.1.dylib
0x00007ff8116e4000 	/System/Library/PrivateFrameworks/AppleJPEG.framework/Versions/A/AppleJPEG
0x00007ff80dfa7000 	/System/Library/PrivateFrameworks/FontServices.framework/libFontParser.dylib
0x00007ff80bb0e000 	/System/Library/PrivateFrameworks/RunningBoardServices.framework/Versions/A/RunningBoardServices
0x00007ff81c611000 	/System/Library/PrivateFrameworks/IOSurfaceAccelerator.framework/Versions/A/IOSurfaceAccelerator
0x00007ff811812000 	/System/Library/PrivateFrameworks/WatchdogClient.framework/Versions/A/WatchdogClient
0x00007ff8067a3000 	/System/Library/Frameworks/CoreDisplay.framework/Versions/A/CoreDisplay
0x00007ff80dea7000 	/System/Library/Frameworks/CoreMedia.framework/Versions/A/CoreMedia
0x00007ff80dd44000 	/System/Library/PrivateFrameworks/IOAccelerator.framework/Versions/A/IOAccelerator
0x00007ff80cc59000 	/System/Library/Frameworks/CoreVideo.framework/Versions/A/CoreVideo
0x00007ff8104c2000 	/System/Library/Frameworks/MetalPerformanceShaders.framework/Versions/A/MetalPerformanceShaders
0x00007ff81184d000 	/System/Library/Frameworks/VideoToolbox.framework/Versions/A/VideoToolbox
0x00007ff80ba56000 	/System/Library/PrivateFrameworks/BaseBoard.framework/Versions/A/BaseBoard
0x00007ff80b7e3000 	/System/Library/PrivateFrameworks/ProtocolBuffer.framework/Versions/A/ProtocolBuffer
0x00007ff811e9e000 	/System/Library/PrivateFrameworks/GPUWrangler.framework/Versions/A/GPUWrangler
0x00007ff811e81000 	/System/Library/PrivateFrameworks/IOPresentment.framework/Versions/A/IOPresentment
0x00007ff811ea8000 	/System/Library/PrivateFrameworks/DSExternalDisplay.framework/Versions/A/DSExternalDisplay
0x00007ffa1ce56000 	/System/Library/Frameworks/OpenGL.framework/Versions/A/Libraries/libCoreFSCache.dylib
0x00007ffb08f4a000 	/System/Library/PrivateFrameworks/GPUCompiler.framework/Versions/31001/Libraries/libGPUCompilerUtils.dylib
0x00007ff811f13000 	/System/Library/PrivateFrameworks/CMCaptureCore.framework/Versions/A/CMCaptureCore
0x00007ff81141d000 	/System/Library/PrivateFrameworks/AppServerSupport.framework/Versions/A/AppServerSupport
0x00007ff8135ee000 	/System/Library/PrivateFrameworks/perfdata.framework/Versions/A/perfdata
0x00007ff8068cf000 	/System/Library/PrivateFrameworks/AudioToolboxCore.framework/Versions/A/AudioToolboxCore
0x00007ff80de84000 	/System/Library/PrivateFrameworks/caulk.framework/Versions/A/caulk
0x00007ff812f1b000 	/usr/lib/libAudioStatistics.dylib
0x00007ff90a160000 	/System/Library/PrivateFrameworks/SystemPolicy.framework/Versions/A/SystemPolicy
0x00007ff813167000 	/usr/lib/libSMC.dylib
0x00007ff81bf53000 	/System/Library/Frameworks/CoreMIDI.framework/Versions/A/CoreMIDI
0x00007ff811dce000 	/usr/lib/libAudioToolboxUtility.dylib
0x00007ff9065e8000 	/System/Library/PrivateFrameworks/OSAServicesClient.framework/Versions/A/OSAServicesClient
0x00007ff8135fb000 	/usr/lib/libperfcheck.dylib
0x00007ff90abec000 	/usr/lib/libmis.dylib
0x00007ffa1ceb2000 	/System/Library/Frameworks/OpenGL.framework/Versions/A/Libraries/libGLU.dylib
0x00007ffa1ce75000 	/System/Library/Frameworks/OpenGL.framework/Versions/A/Libraries/libGFXShared.dylib
0x00007ffa1d083000 	/System/Library/Frameworks/OpenGL.framework/Versions/A/Libraries/libGL.dylib
0x00007ffa1ce7e000 	/System/Library/Frameworks/OpenGL.framework/Versions/A/Libraries/libGLImage.dylib
0x00007ffa1ce72000 	/System/Library/Frameworks/OpenGL.framework/Versions/A/Libraries/libCVMSPluginSupport.dylib
0x00007ffa1ce5d000 	/System/Library/Frameworks/OpenGL.framework/Versions/A/Libraries/libCoreVMClient.dylib
0x00007ff80e9e2000 	/System/Library/Frameworks/MetalPerformanceShaders.framework/Versions/A/Frameworks/MPSCore.framework/Versions/A/MPSCore
0x00007ff80fe61000 	/System/Library/Frameworks/MetalPerformanceShaders.framework/Versions/A/Frameworks/MPSImage.framework/Versions/A/MPSImage
0x00007ff80f918000 	/System/Library/Frameworks/MetalPerformanceShaders.framework/Versions/A/Frameworks/MPSNeuralNetwork.framework/Versions/A/MPSNeuralNetwork
0x00007ff80fd8d000 	/System/Library/Frameworks/MetalPerformanceShaders.framework/Versions/A/Frameworks/MPSMatrix.framework/Versions/A/MPSMatrix
0x00007ff80fb49000 	/System/Library/Frameworks/MetalPerformanceShaders.framework/Versions/A/Frameworks/MPSRayIntersector.framework/Versions/A/MPSRayIntersector
0x00007ff80fdc6000 	/System/Library/Frameworks/MetalPerformanceShaders.framework/Versions/A/Frameworks/MPSNDArray.framework/Versions/A/MPSNDArray
0x00007ffa21a5b000 	/System/Library/Frameworks/MetalPerformanceShaders.framework/Versions/A/Frameworks/MPSFunctions.framework/Versions/A/MPSFunctions
0x00007ff805bd1000 	/System/Library/PrivateFrameworks/MetalTools.framework/Versions/A/MetalTools
0x00007ff80ea5c000 	/System/Library/PrivateFrameworks/AggregateDictionary.framework/Versions/A/AggregateDictionary
0x00007ff810c53000 	/usr/lib/libIOReport.dylib
0x00007ffa1e492000 	/System/Library/Frameworks/OpenCL.framework/Versions/A/OpenCL
0x00007ff810fb7000 	/System/Library/PrivateFrameworks/FaceCore.framework/Versions/A/FaceCore
0x00007ff810fa8000 	/System/Library/PrivateFrameworks/GraphVisualizer.framework/Versions/A/GraphVisualizer
0x00007ffb08e55000 	/System/Library/PrivateFrameworks/FontServices.framework/Versions/A/FontServices
0x00007ff8113d4000 	/System/Library/PrivateFrameworks/OTSVG.framework/Versions/A/OTSVG
0x00007ff80c841000 	/System/Library/Frameworks/ApplicationServices.framework/Versions/A/Frameworks/ATS.framework/Versions/A/Resources/libFontRegistry.dylib
0x00007ff811425000 	/System/Library/PrivateFrameworks/FontServices.framework/libhvf.dylib
0x00007ffb08e56000 	/System/Library/PrivateFrameworks/FontServices.framework/libXTFontStaticRegistryData.dylib
0x00007ff810e21000 	/System/Library/PrivateFrameworks/AppleVA.framework/Versions/A/AppleVA
0x00007ff812f3b000 	/System/Library/Frameworks/ApplicationServices.framework/Versions/A/Frameworks/ATS.framework/Versions/A/ATS
0x00007ff80af14000 	/System/Library/Frameworks/ApplicationServices.framework/Versions/A/Frameworks/HIServices.framework/Versions/A/HIServices
0x00007ff811f1d000 	/System/Library/Frameworks/ApplicationServices.framework/Versions/A/Frameworks/PrintCore.framework/Versions/A/PrintCore
0x00007ff8132ba000 	/System/Library/Frameworks/ApplicationServices.framework/Versions/A/Frameworks/QD.framework/Versions/A/QD
0x00007ff8132b2000 	/System/Library/Frameworks/ApplicationServices.framework/Versions/A/Frameworks/ColorSyncLegacy.framework/Versions/A/ColorSyncLegacy
0x00007ff812f2b000 	/System/Library/Frameworks/ApplicationServices.framework/Versions/A/Frameworks/SpeechSynthesis.framework/Versions/A/SpeechSynthesis
0x00007ff811ede000 	/System/Library/Frameworks/ApplicationServices.framework/Versions/A/Frameworks/ATSUI.framework/Versions/A/ATSUI
0x00007ff813247000 	/usr/lib/libcups.2.dylib
0x00007ff81360a000 	/System/Library/Frameworks/Kerberos.framework/Versions/A/Kerberos
0x00007ff813619000 	/System/Library/Frameworks/GSS.framework/Versions/A/GSS
0x00007ff812fa7000 	/usr/lib/libresolv.9.dylib
0x00007ff811434000 	/System/Library/PrivateFrameworks/Heimdal.framework/Versions/A/Heimdal
0x00007ff81a0bd000 	/System/Library/Frameworks/Kerberos.framework/Versions/A/Libraries/libHeimdalProxy.dylib
0x00007ff80bbe3000 	/System/Library/Frameworks/Network.framework/Versions/A/Network
0x00007ff810e8b000 	/usr/lib/libheimdal-asn1.dylib
0x00007ff813664000 	/System/Library/PrivateFrameworks/CommonAuth.framework/Versions/A/CommonAuth
0x00007ff812eac000 	/System/Library/PrivateFrameworks/AudioSession.framework/Versions/A/AudioSession
0x00007ff810f1b000 	/System/Library/PrivateFrameworks/MediaExperience.framework/Versions/A/MediaExperience
0x00007ff812d40000 	/System/Library/PrivateFrameworks/AudioSession.framework/libSessionUtility.dylib
0x00007ff8132c6000 	/System/Library/PrivateFrameworks/AudioResourceArbitration.framework/Versions/A/AudioResourceArbitration
0x00007ff810e94000 	/System/Library/PrivateFrameworks/IconFoundation.framework/Versions/A/IconFoundation
0x00007ff8160a0000 	/System/Library/PrivateFrameworks/SpeechRecognitionCore.framework/Versions/A/SpeechRecognitionCore
0x000000010849b000 	/Library/Java/JavaVirtualMachines/temurin-17.jdk/Contents/Home/lib/server/libjvm.dylib
0x000000010737f000 	/Library/Java/JavaVirtualMachines/temurin-17.jdk/Contents/Home/lib/libjimage.dylib
0x00000001073cd000 	/Library/Java/JavaVirtualMachines/temurin-17.jdk/Contents/Home/lib/libjdwp.dylib
0x0000000107410000 	/Library/Java/JavaVirtualMachines/temurin-17.jdk/Contents/Home/lib/libjava.dylib
0x000000010828b000 	/Library/Java/JavaVirtualMachines/temurin-17.jdk/Contents/Home/lib/libnio.dylib
0x00000001082ba000 	/Library/Java/JavaVirtualMachines/temurin-17.jdk/Contents/Home/lib/libnet.dylib
0x00000001082a0000 	/Library/Java/JavaVirtualMachines/temurin-17.jdk/Contents/Home/lib/libzip.dylib
0x00000001082ae000 	/Library/Java/JavaVirtualMachines/temurin-17.jdk/Contents/Home/lib/libdt_socket.dylib
0x00000001082d4000 	/Users/sidhantmathur/Downloads/javafx-sdk-17.0.1/lib/libprism_es2.dylib
0x00007ff807d4e000 	/System/Library/PrivateFrameworks/CoreServicesInternal.framework/Versions/A/CoreServicesInternal
0x00007ffa1d08e000 	/System/Library/Frameworks/OpenGL.framework/Versions/A/Resources/GLEngine.bundle/GLEngine
0x00007ffa1cef0000 	/System/Library/Frameworks/OpenGL.framework/Versions/A/Libraries/libGLProgrammability.dylib
0x00007ffa14bc4000 	/System/Library/Extensions/AppleIntelBDWGraphicsGLDriver.bundle/Contents/MacOS/AppleIntelBDWGraphicsGLDriver
0x00007ff9149d5000 	/System/Library/PrivateFrameworks/GPUSupport.framework/Versions/A/Libraries/libGPUSupportMercury.dylib
0x00007ffa1d21d000 	/System/Library/Frameworks/OpenGL.framework/Versions/A/Resources/GLRendererFloat.bundle/GLRendererFloat
0x0000000111b61000 	/Users/sidhantmathur/Downloads/javafx-sdk-17.0.1/lib/libglass.dylib
0x00007ff817871000 	/System/Library/Frameworks/FileProvider.framework/Versions/A/FileProvider
0x00007ff80b9c2000 	/System/Library/Frameworks/Accounts.framework/Versions/A/Accounts
0x00007ff8179e9000 	/System/Library/PrivateFrameworks/GenerationalStorage.framework/Versions/A/GenerationalStorage
0x00007ff8184f6000 	/System/Library/PrivateFrameworks/CoreSymbolication.framework/Versions/A/CoreSymbolication
0x00007ff817275000 	/System/Library/PrivateFrameworks/SymptomDiagnosticReporter.framework/Versions/A/SymptomDiagnosticReporter
0x00007ff80900d000 	/System/Library/PrivateFrameworks/DesktopServicesPriv.framework/Versions/A/DesktopServicesPriv
0x00007ff807e8f000 	/usr/lib/libsandbox.1.dylib
0x00007ff80ccd7000 	/System/Library/PrivateFrameworks/UserManagement.framework/Versions/A/UserManagement
0x00007ff8184bb000 	/System/Library/PrivateFrameworks/DebugSymbols.framework/Versions/A/DebugSymbols
0x00007ff8132a7000 	/System/Library/PrivateFrameworks/NetAuth.framework/Versions/A/NetAuth
0x00007ff814193000 	/System/Library/PrivateFrameworks/Sharing.framework/Versions/A/Sharing
0x00007ff80ccaa000 	/System/Library/PrivateFrameworks/login.framework/Versions/A/Frameworks/loginsupport.framework/Versions/A/loginsupport
0x00007ff8195f3000 	/System/Library/PrivateFrameworks/Apple80211.framework/Versions/A/Apple80211
0x00007ff80ff46000 	/System/Library/PrivateFrameworks/AuthKit.framework/Versions/A/AuthKit
0x00007ff80f5a5000 	/System/Library/PrivateFrameworks/CoreUtils.framework/Versions/A/CoreUtils
0x00007ff80f4cc000 	/System/Library/Frameworks/CoreWLAN.framework/Versions/A/CoreWLAN
0x00007ff8142ee000 	/System/Library/Frameworks/IOBluetooth.framework/Versions/A/IOBluetooth
0x00007ff81965b000 	/System/Library/PrivateFrameworks/CoreWiFi.framework/Versions/A/CoreWiFi
0x00007ff818090000 	/System/Library/PrivateFrameworks/FrontBoardServices.framework/Versions/A/FrontBoardServices
0x00007ff818122000 	/System/Library/PrivateFrameworks/BoardServices.framework/Versions/A/BoardServices
0x00007ff80f7bf000 	/System/Library/PrivateFrameworks/AssertionServices.framework/Versions/A/AssertionServices
0x00007ff8197df000 	/System/Library/PrivateFrameworks/BackBoardServices.framework/Versions/A/BackBoardServices
0x00007ff8136f3000 	/System/Library/PrivateFrameworks/CorePhoneNumbers.framework/Versions/A/CorePhoneNumbers
0x00007ff817392000 	/System/Library/PrivateFrameworks/DiskManagement.framework/Versions/A/DiskManagement
0x00007ff8172a6000 	/System/Library/PrivateFrameworks/AppleIDAuthSupport.framework/Versions/A/AppleIDAuthSupport
0x00007ffa239c1000 	/System/Library/PrivateFrameworks/AAAFoundation.framework/Versions/A/AAAFoundation
0x00007ff8136d4000 	/System/Library/PrivateFrameworks/KeychainCircle.framework/Versions/A/KeychainCircle
0x00007ff81735e000 	/System/Library/PrivateFrameworks/MediaKit.framework/Versions/A/MediaKit
0x00007ff8172b2000 	/System/Library/Frameworks/DiscRecording.framework/Versions/A/DiscRecording
0x00007ff810d99000 	/usr/lib/libCoreStorage.dylib
0x00007ff819acc000 	/usr/lib/libcsfde.dylib
0x00007ff8143bb000 	/System/Library/PrivateFrameworks/ProtectedCloudStorage.framework/Versions/A/ProtectedCloudStorage
0x00007ff819ac8000 	/System/Library/PrivateFrameworks/EFILogin.framework/Versions/A/EFILogin
0x00007ff817a0f000 	/System/Library/PrivateFrameworks/OctagonTrust.framework/Versions/A/OctagonTrust
0x00007ffb0818f000 	/System/Library/PrivateFrameworks/CoreUtilsExtras.framework/Versions/A/CoreUtilsExtras
0x00007ff8171e5000 	/System/Library/Frameworks/CoreBluetooth.framework/Versions/A/CoreBluetooth
0x00007ff81a142000 	/System/Library/Frameworks/AudioUnit.framework/Versions/A/AudioUnit
0x00007ff810d91000 	/usr/lib/libMatch.1.dylib
0x00007ff90efbf000 	/System/Library/Frameworks/Accelerate.framework/Versions/A/Frameworks/vImage.framework/Versions/A/Libraries/libCGInterfaces.dylib
0x000000012a234000 	/usr/lib/libobjc-trampolines.dylib
0x00007ff80c9d1000 	/System/Library/PrivateFrameworks/ViewBridge.framework/Versions/A/ViewBridge


VM Arguments:
jvm_args: -agentlib:jdwp=transport=dt_socket,server=n,suspend=y,address=localhost:63827 --module-path=/Users/sidhantmathur/Downloads/javafx-sdk-17.0.1/lib --add-modules=javafx.controls,javafx.fxml --enable-preview -XX:+ShowCodeDetailsInExceptionMessages 
java_command: App
java_class_path (initial): /Users/sidhantmathur/Documents/Will_Hero_VSCode/bin:/Users/sidhantmathur/Downloads/javafx-sdk-17.0.1/lib/javafx.swing.jar:/Users/sidhantmathur/Downloads/javafx-sdk-17.0.1/lib/javafx.controls.jar:/Users/sidhantmathur/Downloads/javafx-sdk-17.0.1/lib/javafx.base.jar:/Users/sidhantmathur/Downloads/javafx-sdk-17.0.1/lib/javafx.graphics.jar:/Users/sidhantmathur/Downloads/javafx-sdk-17.0.1/lib/javafx-swt.jar:/Users/sidhantmathur/Downloads/javafx-sdk-17.0.1/lib/javafx.web.jar:/Users/sidhantmathur/Downloads/javafx-sdk-17.0.1/lib/javafx.media.jar:/Users/sidhantmathur/Downloads/javafx-sdk-17.0.1/lib/javafx.fxml.jar
Launcher Type: SUN_STANDARD

[Global flags]
     intx CICompilerCount                          = 3                                         {product} {ergonomic}
     uint ConcGCThreads                            = 1                                         {product} {ergonomic}
     uint G1ConcRefinementThreads                  = 4                                         {product} {ergonomic}
   size_t G1HeapRegionSize                         = 1048576                                   {product} {ergonomic}
    uintx GCDrainStackTargetSize                   = 64                                        {product} {ergonomic}
   size_t InitialHeapSize                          = 134217728                                 {product} {ergonomic}
   size_t MarkStackSize                            = 4194304                                   {product} {ergonomic}
   size_t MaxHeapSize                              = 2147483648                                {product} {ergonomic}
   size_t MaxNewSize                               = 1287651328                                {product} {ergonomic}
   size_t MinHeapDeltaBytes                        = 1048576                                   {product} {ergonomic}
   size_t MinHeapSize                              = 8388608                                   {product} {ergonomic}
    uintx NonNMethodCodeHeapSize                   = 5832780                                {pd product} {ergonomic}
    uintx NonProfiledCodeHeapSize                  = 122912730                              {pd product} {ergonomic}
    uintx ProfiledCodeHeapSize                     = 122912730                              {pd product} {ergonomic}
    uintx ReservedCodeCacheSize                    = 251658240                              {pd product} {ergonomic}
     bool SegmentedCodeCache                       = true                                      {product} {ergonomic}
     bool ShowCodeDetailsInExceptionMessages       = true                                   {manageable} {command line}
   size_t SoftMaxHeapSize                          = 2147483648                             {manageable} {ergonomic}
     bool UseCompressedClassPointers               = true                           {product lp64_product} {ergonomic}
     bool UseCompressedOops                        = true                           {product lp64_product} {ergonomic}
     bool UseG1GC                                  = true                                      {product} {ergonomic}
     bool UseNUMA                                  = false                                     {product} {ergonomic}
     bool UseNUMAInterleaving                      = false                                     {product} {ergonomic}

Logging:
Log output configuration:
 #0: stdout all=warning uptime,level,tags
 #1: stderr all=off uptime,level,tags

Environment Variables:
PATH=/usr/local/bin:/usr/bin:/bin:/usr/sbin:/sbin
SHELL=/bin/zsh
LANG=en_GB.UTF-8

Signal Handlers:
   SIGSEGV: _ZL13crash_handleriP9__siginfoPv in libjvm.dylib, mask=11100110000111110111111111111111, flags=SA_RESTART|SA_SIGINFO
    SIGBUS: _ZL13crash_handleriP9__siginfoPv in libjvm.dylib, mask=11100110000111110111111111111111, flags=SA_RESTART|SA_SIGINFO
    SIGFPE: _ZL13crash_handleriP9__siginfoPv in libjvm.dylib, mask=11100110000111110111111111111111, flags=SA_RESTART|SA_SIGINFO
   SIGPIPE: _ZL17javaSignalHandleriP9__siginfoPv in libjvm.dylib, mask=11100110000111110111111111111111, flags=SA_RESTART|SA_SIGINFO
   SIGXFSZ: _ZL17javaSignalHandleriP9__siginfoPv in libjvm.dylib, mask=11100110000111110111111111111111, flags=SA_RESTART|SA_SIGINFO
    SIGILL: _ZL13crash_handleriP9__siginfoPv in libjvm.dylib, mask=11100110000111110111111111111111, flags=SA_RESTART|SA_SIGINFO
   SIGUSR2: _ZL10SR_handleriP9__siginfoP17__darwin_ucontext in libjvm.dylib, mask=00000000000000000000000000000000, flags=SA_RESTART|SA_SIGINFO
    SIGHUP: _ZL11UserHandleriPvS_ in libjvm.dylib, mask=11100110000111110111111111111111, flags=SA_RESTART|SA_SIGINFO
    SIGINT: _ZL11UserHandleriPvS_ in libjvm.dylib, mask=11100110000111110111111111111111, flags=SA_RESTART|SA_SIGINFO
   SIGTERM: _ZL11UserHandleriPvS_ in libjvm.dylib, mask=11100110000111110111111111111111, flags=SA_RESTART|SA_SIGINFO
   SIGQUIT: _ZL11UserHandleriPvS_ in libjvm.dylib, mask=11100110000111110111111111111111, flags=SA_RESTART|SA_SIGINFO
   SIGTRAP: _ZL13crash_handleriP9__siginfoPv in libjvm.dylib, mask=11100110000111110111111111111111, flags=SA_RESTART|SA_SIGINFO


---------------  S Y S T E M  ---------------

OS:
uname: Darwin 21.1.0 Darwin Kernel Version 21.1.0: Wed Oct 13 17:33:23 PDT 2021; root:xnu-8019.41.5~1/RELEASE_X86_64 x86_64
OS uptime: 10 days 12:38 hours
rlimit (soft/hard): STACK 8192k/65532k , CORE 0k/infinity , NPROC 1392/2088 , NOFILE 10240/infinity , AS infinity/infinity , CPU infinity/infinity , DATA infinity/infinity , FSIZE infinity/infinity , MEMLOCK infinity/infinity , RSS infinity/infinity
load average: 7.28 5.44 5.83

CPU: total 4 (initial active 4) (2 cores per cpu, 2 threads per core) family 6 model 61 stepping 4 microcode 0x2f, cx8, cmov, fxsr, ht, mmx, 3dnowpref, sse, sse2, sse3, ssse3, sse4.1, sse4.2, popcnt, lzcnt, tsc, tscinvbit, avx, avx2, aes, erms, clmul, bmi1, bmi2, adx, fma, vzeroupper, clflush

Memory: 4k page, physical 8388608k(162092k free), swap 3145728k(992512k free)

vm_info: OpenJDK 64-Bit Server VM (17.0.1+12) for bsd-amd64 JRE (17.0.1+12), built on Oct 20 2021 13:44:50 by "jenkins" with clang 4.2.1 Compatible Apple LLVM 10.0.1 (clang-1001.0.46.4)

END.
