#
# A fatal error has been detected by the Java Runtime Environment:
#
#  SIGSEGV (0xb) at pc=0x00000001158e602f, pid=39938, tid=259
#
# JRE version: OpenJDK Runtime Environment Temurin-17.0.1+12 (17.0.1+12) (build 17.0.1+12)
# Java VM: OpenJDK 64-Bit Server VM Temurin-17.0.1+12 (17.0.1+12, mixed mode, sharing, tiered, compressed oops, compressed class ptrs, g1 gc, bsd-amd64)
# Problematic frame:
# j  java.lang.ClassLoader.findNative(Ljava/lang/ClassLoader;Ljava/lang/String;)J+17 java.base@17.0.1
#
# No core dump will be written. Core dumps have been disabled. To enable core dumping, try "ulimit -c unlimited" before starting Java again
#
# If you would like to submit a bug report, please visit:
#   https://github.com/adoptium/adoptium-support/issues
#

---------------  S U M M A R Y ------------

Command Line: -agentlib:jdwp=transport=dt_socket,server=n,suspend=y,address=localhost:55376 --module-path=/Users/sidhantmathur/Downloads/javafx-sdk-17.0.1/lib --add-modules=javafx.controls,javafx.fxml --enable-preview -XX:+ShowCodeDetailsInExceptionMessages App

Host: "MacBookAir7,2" x86_64 1600 MHz, 4 cores, 8G, Darwin 21.1.0, macOS 10.16 (21A559)
Time: Mon Dec  6 23:12:53 2021 IST elapsed time: 1.052107 seconds (0d 0h 0m 1s)

---------------  T H R E A D  ---------------

Current thread (0x00007fdc8e812000):  JavaThread "Thread-1" [_thread_in_Java, id=259, stack(0x00007ff7b4ad2000,0x00007ff7b52d2000)]

Stack: [0x00007ff7b4ad2000,0x00007ff7b52d2000],  sp=0x00007ff7b52cd6f0,  free space=8173k
Native frames: (J=compiled Java code, j=interpreted, Vv=VM code, C=native code)
j  java.lang.ClassLoader.findNative(Ljava/lang/ClassLoader;Ljava/lang/String;)J+17 java.base@17.0.1
v  ~StubRoutines::call_stub
V  [libjvm.dylib+0x519896]  _ZN9JavaCalls11call_helperEP9JavaValueRK12methodHandleP17JavaCallArgumentsP10JavaThread+0x2b6
V  [libjvm.dylib+0x518f44]  _ZN9JavaCalls11call_staticEP9JavaValueP5KlassP6SymbolS5_P17JavaCallArgumentsP10JavaThread+0x114
V  [libjvm.dylib+0x5190d4]  _ZN9JavaCalls11call_staticEP9JavaValueP5KlassP6SymbolS5_6HandleS6_P10JavaThread+0x64
V  [libjvm.dylib+0x87a14b]  _ZN12NativeLookup12lookup_styleERK12methodHandlePcPKcibP10JavaThread+0x10b
V  [libjvm.dylib+0x87a4f9]  _ZN12NativeLookup12lookup_entryERK12methodHandleP10JavaThread+0x59
V  [libjvm.dylib+0x87ae26]  _ZN12NativeLookup11lookup_baseERK12methodHandleP10JavaThread+0x56
V  [libjvm.dylib+0x87af68]  _ZN12NativeLookup6lookupERK12methodHandleP10JavaThread+0x38
V  [libjvm.dylib+0x514d68]  _ZN18InterpreterRuntime19prepare_native_callEP10JavaThreadP6Method+0x78
j  com.sun.glass.ui.mac.MacApplication.staticScreen_getScreens()[Lcom/sun/glass/ui/Screen;+0 javafx.graphics
j  com.sun.glass.ui.Screen.initScreens()V+6 javafx.graphics
j  com.sun.glass.ui.Application.lambda$run$1(Ljava/lang/Runnable;)V+0 javafx.graphics
j  com.sun.glass.ui.Application$$Lambda$84+0x0000000800c2e498.run()V+4 javafx.graphics
j  com.sun.glass.ui.mac.MacApplication.lambda$runLoop$3(Ljava/lang/Runnable;)V+12 javafx.graphics
j  com.sun.glass.ui.mac.MacApplication$$Lambda$85+0x0000000800c2e6c0.run()V+8 javafx.graphics
v  ~StubRoutines::call_stub
V  [libjvm.dylib+0x519896]  _ZN9JavaCalls11call_helperEP9JavaValueRK12methodHandleP17JavaCallArgumentsP10JavaThread+0x2b6
V  [libjvm.dylib+0x5749a5]  _ZL20jni_invoke_nonstaticP7JNIEnv_P9JavaValueP8_jobject11JNICallTypeP10_jmethodIDP18JNI_ArgumentPusherP10JavaThread+0x2d5
V  [libjvm.dylib+0x578f00]  jni_CallVoidMethod+0x1a0
C  [libglass.dylib+0x8582]  -[GlassApplication applicationWillFinishLaunching:]+0x192
C  [CoreFoundation+0x75e73]  __CFNOTIFICATIONCENTER_IS_CALLING_OUT_TO_AN_OBSERVER__+0xc
C  [CoreFoundation+0x113349]  ___CFXRegistrationPost_block_invoke+0x31
C  [CoreFoundation+0x1132c6]  _CFXRegistrationPost+0x1f0
C  [CoreFoundation+0x47786]  _CFXNotificationPost+0x2dd
C  [Foundation+0x9996]  -[NSNotificationCenter postNotificationName:object:userInfo:]+0x52
C  [AppKit+0x2f5ff]  -[NSApplication finishLaunching]+0x146
C  [AppKit+0x2f209]  -[NSApplication run]+0xfa
C  [libglass.dylib+0xa2a5]  -[GlassApplication runLoop:]+0x795
C  [Foundation+0x81d63]  __NSThreadPerformPerform+0xb3
C  [CoreFoundation+0x8084d]  __CFRUNLOOP_IS_CALLING_OUT_TO_A_SOURCE0_PERFORM_FUNCTION__+0x11
C  [CoreFoundation+0x807b5]  __CFRunLoopDoSource0+0xb4
C  [CoreFoundation+0x80534]  __CFRunLoopDoSources0+0xf2
C  [CoreFoundation+0x7ef6b]  __CFRunLoopRun+0x37d
C  [CoreFoundation+0x7e52d]  CFRunLoopRunSpecific+0x233
C  [libjli.dylib+0x6e82]  CreateExecutionEnvironment+0x192
C  [libjli.dylib+0x26a8]  JLI_Launch+0x5d8
C  [java+0xc0e]  main+0x19e
C  0x000000010de364fe
C  0x0000000000000000


siginfo: si_signo: 11 (SIGSEGV), si_code: 1 (SEGV_MAPERR), si_addr: 0x000000030b6afb48

Register to memory mapping:

RAX=0x0000000000100000 is an unknown value
RBX={method} {0x000000080040db08} 'find' '(Ljava/lang/String;)J' in 'jdk/internal/loader/NativeLibraries'
RCX=0x000000030b6afb48 is an unknown value
RDX=0x0000000050500002 is an unknown value
RSP=0x00007ff7b52cd6f0 is pointing into the stack for thread: 0x00007fdc8e812000
RBP=0x00007ff7b52cd750 is pointing into the stack for thread: 0x00007fdc8e812000
RSI=0x00000001158d2000 is at code_begin+0 in an Interpreter codelet
method entry point (kind = zerolocals)  [0x00000001158d2000, 0x00000001158d2600]  1536 bytes
RDI=0x00007ff7b52cd828 is pointing into the stack for thread: 0x00007fdc8e812000
R8 =0x00000001158d2000 is at code_begin+0 in an Interpreter codelet
method entry point (kind = zerolocals)  [0x00000001158d2000, 0x00000001158d2600]  1536 bytes
R9 =0x00007ff7b52cd9a0 is pointing into the stack for thread: 0x00007fdc8e812000
R10=0x000000010cc12650: _ZN19TemplateInterpreter20_invoke_return_entryE+0 in /Library/Java/JavaVirtualMachines/temurin-17.jdk/Contents/Home/lib/server/libjvm.dylib at 0x000000010be91000
R11=0x0 is NULL
R12=0x0 is NULL
R13=0x00000008005ca259 is pointing into metadata
R14=0x00007ff7b52cd768 is pointing into the stack for thread: 0x00007fdc8e812000
R15=0x00007fdc8e812000 is a thread


Registers:
RAX=0x0000000000100000, RBX=0x000000080040db08, RCX=0x000000030b6afb48, RDX=0x0000000050500002
RSP=0x00007ff7b52cd6f0, RBP=0x00007ff7b52cd750, RSI=0x00000001158d2000, RDI=0x00007ff7b52cd828
R8 =0x00000001158d2000, R9 =0x00007ff7b52cd9a0, R10=0x000000010cc12650, R11=0x0000000000000000
R12=0x0000000000000000, R13=0x00000008005ca259, R14=0x00007ff7b52cd768, R15=0x00007fdc8e812000
RIP=0x00000001158e602f, EFLAGS=0x0000000000010206, ERR=0x0000000000000004
  TRAPNO=0x000000000000000e

Top of Stack: (sp=0x00007ff7b52cd6f0)
0x00007ff7b52cd6f0:   00000001158ccc02 000000078730d558
0x00007ff7b52cd700:   000000030b6afb48 00007ff7b52cd708
0x00007ff7b52cd710:   00000008005ca259 00007ff7b52cd768
0x00007ff7b52cd720:   000000080000bc90 0000000000000000
0x00007ff7b52cd730:   00000007ffe01218 0000000800010128
0x00007ff7b52cd740:   0000000000000000 00007ff7b52cd760
0x00007ff7b52cd750:   00007ff7b52cd7d0 00000001158c3cc9
0x00007ff7b52cd760:   000000078730d558 000000078730d558
0x00007ff7b52cd770:   0000000800001fa1 00007fdc8e812000
0x00007ff7b52cd780:   00007ff7b52cd998 00007ff7b52cda40
0x00007ff7b52cd790:   00007ff7b52cd940 0000000000000002
0x00007ff7b52cd7a0:   00007ff7b52cd828 00007ff7b52cda40
0x00007ff7b52cd7b0:   b9453c4e0000000b 0000000800010128
0x00007ff7b52cd7c0:   00000001158d2000 00007ff7b52cd9a0
0x00007ff7b52cd7d0:   00007ff7b52cd8b0 000000010c3aa896
0x00007ff7b52cd7e0:   0000000000000002 00007fdc8e812000
0x00007ff7b52cd7f0:   00007fdc8e812000 000060000181e280
0x00007ff7b52cd800:   0000600003228d20 0000600003228d40
0x00007ff7b52cd810:   0000600003228e08 00000000000000d8
0x00007ff7b52cd820:   00007ff7b52cdf30 00007fdc8e812000
0x00007ff7b52cd830:   00007fdc9020fef0 0000000800010128
0x00007ff7b52cd840:   0000000000000000 00007ff7b52cdc50
0x00007ff7b52cd850:   00000001158d3674 00007ff7b52cdca0
0x00007ff7b52cd860:   00007ff7b52cda38 00000001158d2000
0x00007ff7b52cd870:   00007ff7b52cda38 000000000000000b
0x00007ff7b52cd880:   0000000bb52cd8d8 00007ff7b52cd8d0
0x00007ff7b52cd890:   00007ff7b52cda38 00007ff7b52cd940
0x00007ff7b52cd8a0:   0000000800010128 00007fdc8e812000
0x00007ff7b52cd8b0:   00007ff7b52cd980 000000010c3a9f44
0x00007ff7b52cd8c0:   0000000000000001 0000000800008b08
0x00007ff7b52cd8d0:   0000000800010128 00007fdc8e812000
0x00007ff7b52cd8e0:   0000000800010128 00007fdc8e812000 

Instructions: (pc=0x00000001158e602f)
0x00000001158e5f2f:   c5 f8 77 41 8b bf fc 03 00 00 f7 c7 01 00 00 00
0x00000001158e5f3f:   0f 84 31 00 00 00 f7 c7 02 00 00 00 0f 85 25 00
0x00000001158e5f4f:   00 00 f7 c4 0f 00 00 00 0f 84 12 00 00 00 48 83
0x00000001158e5f5f:   ec 08 e8 ca f1 aa f6 48 83 c4 08 e9 05 00 00 00
0x00000001158e5f6f:   e8 bc f1 aa f6 ff e0 49 8b bf 60 04 00 00 48 85
0x00000001158e5f7f:   ff 0f 84 41 00 00 00 8b bf 8c 00 00 00 83 ff 01
0x00000001158e5f8f:   0f 85 32 00 00 00 49 8b bf 60 04 00 00 8b bf 90
0x00000001158e5f9f:   00 00 00 f7 c4 0f 00 00 00 0f 84 12 00 00 00 48
0x00000001158e5faf:   83 ec 08 e8 69 fc aa f6 48 83 c4 08 e9 05 00 00
0x00000001158e5fbf:   00 e8 5b fc aa f6 ff e0 49 81 7f 08 00 00 00 00
0x00000001158e5fcf:   0f 84 05 00 00 00 e9 26 dc fd ff 4c 8b 6d c0 4c
0x00000001158e5fdf:   8b 75 c8 c3 41 0f b7 55 01 48 8b 4d d0 c1 e2 02
0x00000001158e5fef:   48 8b 5c d1 38 8b 54 d1 40 8b ca 81 e1 ff 00 00
0x00000001158e5fff:   00 48 8b 4c cc f8 44 8b ea c1 ea 1c 49 ba 50 26
0x00000001158e600f:   c1 0c 01 00 00 00 49 8b 14 d2 52 41 8b d5 4c 8b
0x00000001158e601f:   6d c0 8b c2 81 e0 00 00 10 00 0f 84 7d 01 00 00
0x00000001158e602f:   48 3b 01 48 8b 45 d8 48 85 c0 0f 84 12 00 00 00
0x00000001158e603f:   48 83 40 08 01 48 83 58 08 00 48 83 c0 38 48 89
0x00000001158e604f:   45 d8 48 8b 45 d8 48 85 c0 0f 84 35 01 00 00 80
0x00000001158e605f:   78 c8 0b 0f 85 2b 01 00 00 48 83 c0 08 4c 8b 68
0x00000001158e606f:   f8 41 83 ed 00 41 83 fd 02 0f 8c 0a 01 00 00 4c
0x00000001158e607f:   8b 6b 08 45 0f b7 6d 2c 4c 2b 28 41 83 ed 01 4e
0x00000001158e608f:   8b 6c ec 08 4d 85 ed 75 07 48 83 48 08 01 eb 53
0x00000001158e609f:   45 8b 6d 08 49 ba 00 00 00 00 08 00 00 00 4d 03
0x00000001158e60af:   ea 4c 33 68 08 49 f7 c5 fc ff ff ff 74 35 49 f7
0x00000001158e60bf:   c5 02 00 00 00 75 2c 48 81 78 08 00 00 00 00 74
0x00000001158e60cf:   1e 48 81 78 08 01 00 00 00 74 14 4c 33 68 08 49
0x00000001158e60df:   f7 c5 fc ff ff ff 74 0b 48 83 48 08 02 eb 04 4c
0x00000001158e60ef:   89 68 08 48 83 c0 10 4c 8b 68 e8 41 83 ed 02 41
0x00000001158e60ff:   83 fd 02 0f 8c 80 00 00 00 4c 8b 6b 08 45 0f b7
0x00000001158e610f:   6d 2c 4c 2b 28 41 83 ed 01 4e 8b 6c ec 08 4d 85
0x00000001158e611f:   ed 75 07 48 83 48 08 01 eb 53 45 8b 6d 08 49 ba 


Stack slot to memory mapping:
stack at sp + 0 slots: 0x00000001158ccc02 is at code_begin+3490 in an Interpreter codelet
return entry points  [0x00000001158cbe60, 0x00000001158cdae0]  7296 bytes
stack at sp + 1 slots: 0x000000078730d558 is an oop: java.lang.String 
{0x000000078730d558} - klass: 'java/lang/String'
 - string: "Java_com_sun_glass_ui_mac_MacApplication_staticScreen_1getScreens"
stack at sp + 2 slots: 0x000000030b6afb48 is an unknown value
stack at sp + 3 slots: 0x00007ff7b52cd708 is pointing into the stack for thread: 0x00007fdc8e812000
stack at sp + 4 slots: 0x00000008005ca259 is pointing into metadata
stack at sp + 5 slots: 0x00007ff7b52cd768 is pointing into the stack for thread: 0x00007fdc8e812000
stack at sp + 6 slots: 0x000000080000bc90 is pointing into metadata
stack at sp + 7 slots: 0x0 is NULL

invokevirtual  182 invokevirtual  [0x00000001158e5e60, 0x00000001158e63e0]  1408 bytes
[MachCode]
  0x00000001158e5e60: 4883 ec08 | c5fa 1104 | 24e9 2500 | 0000 4883 | ec10 c5fb | 1104 24e9 | 1700 0000 | 4883 ec10 
  0x00000001158e5e80: 4889 0424 | 48c7 4424 | 0800 0000 | 00e9 0100 | 0000 504c | 896d c041 | 0fb7 5501 | 488b 4dd0 
  0x00000001158e5ea0: c1e2 028b | 5cd1 28c1 | eb18 81e3 | ff00 0000 | 81fb b600 | 0000 0f84 | 3301 0000 | bbb6 0000 
  0x00000001158e5ec0: 00e8 0500 | 0000 e918 | 0100 0048 | 8bf3 488d | 4424 084c | 896d c049 | 8bff c5f8 | 7749 89af 
  0x00000001158e5ee0: 9802 0000 | 4989 8788 | 0200 00f7 | c40f 0000 | 000f 8412 | 0000 0048 | 83ec 08e8 | 20df abf6 
  0x00000001158e5f00: 4883 c408 | e905 0000 | 00e8 12df | abf6 49c7 | 8788 0200 | 0000 0000 | 0049 c787 | 9802 0000 
  0x00000001158e5f20: 0000 0000 | 49c7 8790 | 0200 0000 | 0000 00c5 | f877 418b | bffc 0300 | 00f7 c701 | 0000 000f 
  0x00000001158e5f40: 8431 0000 | 00f7 c702 | 0000 000f | 8525 0000 | 00f7 c40f | 0000 000f | 8412 0000 | 0048 83ec 
  0x00000001158e5f60: 08e8 caf1 | aaf6 4883 | c408 e905 | 0000 00e8 | bcf1 aaf6 | ffe0 498b | bf60 0400 | 0048 85ff 
  0x00000001158e5f80: 0f84 4100 | 0000 8bbf | 8c00 0000 | 83ff 010f | 8532 0000 | 0049 8bbf | 6004 0000 | 8bbf 9000 
  0x00000001158e5fa0: 0000 f7c4 | 0f00 0000 | 0f84 1200 | 0000 4883 | ec08 e869 | fcaa f648 | 83c4 08e9 | 0500 0000 
  0x00000001158e5fc0: e85b fcaa | f6ff e049 | 817f 0800 | 0000 000f | 8405 0000 | 00e9 26dc | fdff 4c8b | 6dc0 4c8b 
  0x00000001158e5fe0: 75c8 c341 | 0fb7 5501 | 488b 4dd0 | c1e2 0248 | 8b5c d138 | 8b54 d140 | 8bca 81e1 | ff00 0000 
  0x00000001158e6000: 488b 4ccc | f844 8bea | c1ea 1c49 | ba50 26c1 | 0c01 0000 | 0049 8b14 | d252 418b | d54c 8b6d 
  0x00000001158e6020: c08b c281 | e000 0010 | 000f 847d | 0100 0048 | 3b01 488b | 45d8 4885 | c00f 8412 | 0000 0048 
  0x00000001158e6040: 8340 0801 | 4883 5808 | 0048 83c0 | 3848 8945 | d848 8b45 | d848 85c0 | 0f84 3501 | 0000 8078 
  0x00000001158e6060: c80b 0f85 | 2b01 0000 | 4883 c008 | 4c8b 68f8 | 4183 ed00 | 4183 fd02 | 0f8c 0a01 | 0000 4c8b 
  0x00000001158e6080: 6b08 450f | b76d 2c4c | 2b28 4183 | ed01 4e8b | 6cec 084d | 85ed 7507 | 4883 4808 | 01eb 5345 
  0x00000001158e60a0: 8b6d 0849 | ba00 0000 | 0008 0000 | 004d 03ea | 4c33 6808 | 49f7 c5fc | ffff ff74 | 3549 f7c5 
  0x00000001158e60c0: 0200 0000 | 752c 4881 | 7808 0000 | 0000 741e | 4881 7808 | 0100 0000 | 7414 4c33 | 6808 49f7 
  0x00000001158e60e0: c5fc ffff | ff74 0b48 | 8348 0802 | eb04 4c89 | 6808 4883 | c010 4c8b | 68e8 4183 | ed02 4183 
  0x00000001158e6100: fd02 0f8c | 8000 0000 | 4c8b 6b08 | 450f b76d | 2c4c 2b28 | 4183 ed01 | 4e8b 6cec | 084d 85ed 
  0x00000001158e6120: 7507 4883 | 4808 01eb | 5345 8b6d | 0849 ba00 | 0000 0008 | 0000 004d | 03ea 4c33 | 6808 49f7 
  0x00000001158e6140: c5fc ffff | ff74 3549 | f7c5 0200 | 0000 752c | 4881 7808 | 0000 0000 | 741e 4881 | 7808 0100 
  0x00000001158e6160: 0000 7414 | 4c33 6808 | 49f7 c5fc | ffff ff74 | 0b48 8348 | 0802 eb04 | 4c89 6808 | 4883 c010 
  0x00000001158e6180: 4c8b 68d8 | 4183 ed04 | 41c1 e503 | 4903 c548 | 8945 d84c | 8d6c 2408 | 4c89 6df0 | 4180 bf68 
  0x00000001158e61a0: 0400 0000 | 7403 ff63 | 38ff 6350 | 8b41 0849 | ba00 0000 | 0008 0000 | 0049 03c2 | 4c8b 75d8 
  0x00000001158e61c0: 4d85 f60f | 8495 0000 | 0049 8b56 | 1848 3bd0 | 0f85 0f00 | 0000 4983 | 4620 0149 | 835e 2000 
  0x00000001158e61e0: e971 0000 | 0048 85d2 | 0f84 4200 | 0000 498b | 5628 483b | d00f 850f | 0000 0049 | 8346 3001 
  0x00000001158e6200: 4983 5e30 | 00e9 4c00 | 0000 4885 | d274 0f49 | 8346 0801 | 4983 5e08 | 00e9 3800 | 0000 4989 
  0x00000001158e6220: 4628 ba01 | 0000 0049 | 8956 30e9 | 2600 0000 | 493b 4628 | 0f85 0f00 | 0000 4983 | 4630 0149 
  0x00000001158e6240: 835e 3000 | e90d 0000 | 0049 8946 | 18ba 0100 | 0000 4989 | 5620 4983 | c638 4c89 | 75d8 488b 
  0x00000001158e6260: 9cd8 d001 | 0000 488b | 55d8 4885 | d20f 8435 | 0100 0080 | 7ac8 0b0f | 852b 0100 | 0048 83c2 
  0x00000001158e6280: 084c 8b6a | f841 83ed | 0041 83fd | 020f 8c0a | 0100 004c | 8b6b 0845 | 0fb7 6d2c | 4c2b 2a41 
  0x00000001158e62a0: 83ed 014e | 8b6c ec08 | 4d85 ed75 | 0748 834a | 0801 eb53 | 458b 6d08 | 49ba 0000 | 0000 0800 
  0x00000001158e62c0: 0000 4d03 | ea4c 336a | 0849 f7c5 | fcff ffff | 7435 49f7 | c502 0000 | 0075 2c48 | 817a 0800 
  0x00000001158e62e0: 0000 0074 | 1e48 817a | 0801 0000 | 0074 144c | 336a 0849 | f7c5 fcff | ffff 740b | 4883 4a08 
  0x00000001158e6300: 02eb 044c | 896a 0848 | 83c2 104c | 8b6a e841 | 83ed 0241 | 83fd 020f | 8c80 0000 | 004c 8b6b 
  0x00000001158e6320: 0845 0fb7 | 6d2c 4c2b | 2a41 83ed | 014e 8b6c | ec08 4d85 | ed75 0748 | 834a 0801 | eb53 458b 
  0x00000001158e6340: 6d08 49ba | 0000 0000 | 0800 0000 | 4d03 ea4c | 336a 0849 | f7c5 fcff | ffff 7435 | 49f7 c502 
  0x00000001158e6360: 0000 0075 | 2c48 817a | 0800 0000 | 0074 1e48 | 817a 0801 | 0000 0074 | 144c 336a | 0849 f7c5 
  0x00000001158e6380: fcff ffff | 740b 4883 | 4a08 02eb | 044c 896a | 0848 83c2 | 104c 8b6a | d841 83ed | 0441 c1e5 
  0x00000001158e63a0: 0349 03d5 | 4889 55d8 | 4c8d 6c24 | 084c 896d | f041 80bf | 6804 0000 | 0074 03ff | 6338 ff63 
  0x00000001158e63c0: 500f 1f80 | 0000 0000 | 0000 0000 | 0000 0000 | 0000 0000 | 0000 0000 | 0000 0000 | 0000 0000 
[/MachCode]

---------------  P R O C E S S  ---------------

Threads class SMR info:
_java_thread_list=0x0000600000d4cc00, length=17, elements={
0x00007fdc8f00c800, 0x00007fdc8f01a400, 0x00007fdc8f815400, 0x00007fdc9081a200,
0x00007fdc9081d000, 0x00007fdc9081d600, 0x00007fdc8f01b000, 0x00007fdc8f01b600,
0x00007fdc8f01bc00, 0x00007fdc9081dc00, 0x00007fdc90859c00, 0x00007fdc8e812e00,
0x00007fdc8f01c800, 0x00007fdc8e811a00, 0x00007fdc8f8c2e00, 0x00007fdc8f020400,
0x00007fdc8e812000
}

Java Threads: ( => current thread )
  0x00007fdc8f00c800 JavaThread "main" [_thread_blocked, id=6403, stack(0x0000700006e35000,0x0000700006f35000)]
  0x00007fdc8f01a400 JavaThread "Reference Handler" daemon [_thread_blocked, id=16131, stack(0x000070000754a000,0x000070000764a000)]
  0x00007fdc8f815400 JavaThread "Finalizer" daemon [_thread_blocked, id=15619, stack(0x000070000764d000,0x000070000774d000)]
  0x00007fdc9081a200 JavaThread "Signal Dispatcher" daemon [_thread_blocked, id=42243, stack(0x0000700007856000,0x0000700007956000)]
  0x00007fdc9081d000 JavaThread "Service Thread" daemon [_thread_blocked, id=41987, stack(0x0000700007959000,0x0000700007a59000)]
  0x00007fdc9081d600 JavaThread "Monitor Deflation Thread" daemon [_thread_blocked, id=41731, stack(0x0000700007a5c000,0x0000700007b5c000)]
  0x00007fdc8f01b000 JavaThread "C2 CompilerThread0" daemon [_thread_in_native, id=23555, stack(0x0000700007b5f000,0x0000700007c5f000)]
  0x00007fdc8f01b600 JavaThread "C1 CompilerThread0" daemon [_thread_blocked, id=23811, stack(0x0000700007c62000,0x0000700007d62000)]
  0x00007fdc8f01bc00 JavaThread "Sweeper thread" daemon [_thread_blocked, id=24323, stack(0x0000700007d65000,0x0000700007e65000)]
  0x00007fdc9081dc00 JavaThread "Common-Cleaner" daemon [_thread_blocked, id=40963, stack(0x0000700007e68000,0x0000700007f68000)]
  0x00007fdc90859c00 JavaThread "JDWP Transport Listener: dt_socket" daemon [_thread_blocked, id=25095, stack(0x000070000806e000,0x000070000816e000)]
  0x00007fdc8e812e00 JavaThread "JDWP Event Helper Thread" daemon [_thread_blocked, id=25347, stack(0x0000700008171000,0x0000700008271000)]
  0x00007fdc8f01c800 JavaThread "JDWP Command Reader" daemon [_thread_in_native, id=39939, stack(0x0000700008274000,0x0000700008374000)]
  0x00007fdc8e811a00 JavaThread "Notification Thread" daemon [_thread_blocked, id=25859, stack(0x0000700008377000,0x0000700008477000)]
  0x00007fdc8f8c2e00 JavaThread "QuantumRenderer-0" daemon [_thread_blocked, id=24583, stack(0x0000700007f6b000,0x000070000806b000)]
  0x00007fdc8f020400 JavaThread "InvokeLaterDispatcher" daemon [_thread_blocked, id=35343, stack(0x0000700008680000,0x0000700008780000)]
=>0x00007fdc8e812000 JavaThread "Thread-1" [_thread_in_Java, id=259, stack(0x00007ff7b4ad2000,0x00007ff7b52d2000)]

Other Threads:
  0x00007fdc90205e00 VMThread "VM Thread" [stack: 0x0000700007447000,0x0000700007547000] [id=14339]
  0x00007fdc90013e50 WatcherThread [stack: 0x000070000847a000,0x000070000857a000] [id=26115]
  0x00007fdc90004d40 GCTaskThread "GC Thread#0" [stack: 0x0000700006f38000,0x0000700007038000] [id=19715]
  0x00007fdc900053e0 ConcurrentGCThread "G1 Main Marker" [stack: 0x000070000703b000,0x000070000713b000] [id=19203]
  0x00007fdc90105870 ConcurrentGCThread "G1 Conc#0" [stack: 0x000070000713e000,0x000070000723e000] [id=12547]
  0x00007fdc90006c60 ConcurrentGCThread "G1 Refine#0" [stack: 0x0000700007241000,0x0000700007341000] [id=18179]
  0x00007fdc900074f0 ConcurrentGCThread "G1 Service" [stack: 0x0000700007344000,0x0000700007444000] [id=17667]

Threads with active compile tasks:
C2 CompilerThread0     1148  290       4       java.util.stream.ReferencePipeline$3$1::accept (23 bytes)

VM state: not at safepoint (normal execution)

VM Mutex/Monitor currently owned by a thread: None

Heap address: 0x0000000780000000, size: 2048 MB, Compressed Oops mode: Zero based, Oop shift amount: 3

CDS archive(s) mapped at: [0x0000000800000000-0x0000000800bd0000-0x0000000800bd0000), size 12386304, SharedBaseAddress: 0x0000000800000000, ArchiveRelocationMode: 0.
Compressed class space mapped at: 0x0000000800c00000-0x0000000840c00000, reserved size: 1073741824
Narrow klass base: 0x0000000800000000, Narrow klass shift: 0, Narrow klass range: 0x100000000

GC Precious Log:
 CPUs: 4 total, 4 available
 Memory: 8192M
 Large Page Support: Disabled
 NUMA Support: Disabled
 Compressed Oops: Enabled (Zero based)
 Heap Region Size: 1M
 Heap Min Capacity: 8M
 Heap Initial Capacity: 128M
 Heap Max Capacity: 2G
 Pre-touch: Disabled
 Parallel Workers: 4
 Concurrent Workers: 1
 Concurrent Refinement Workers: 4
 Periodic GC: Disabled

Heap:
 garbage-first heap   total 133120K, used 12244K [0x0000000780000000, 0x0000000800000000)
  region size 1024K, 13 young (13312K), 0 survivors (0K)
 Metaspace       used 2288K, committed 2496K, reserved 1056768K
  class space    used 247K, committed 320K, reserved 1048576K

Heap Regions: E=young(eden), S=young(survivor), O=old, HS=humongous(starts), HC=humongous(continues), CS=collection set, F=free, OA=open archive, CA=closed archive, TAMS=top-at-mark-start (previous, next)
|   0|0x0000000780000000, 0x0000000780000000, 0x0000000780100000|  0%| F|  |TAMS 0x0000000780000000, 0x0000000780000000| Untracked 
|   1|0x0000000780100000, 0x0000000780100000, 0x0000000780200000|  0%| F|  |TAMS 0x0000000780100000, 0x0000000780100000| Untracked 
|   2|0x0000000780200000, 0x0000000780200000, 0x0000000780300000|  0%| F|  |TAMS 0x0000000780200000, 0x0000000780200000| Untracked 
|   3|0x0000000780300000, 0x0000000780300000, 0x0000000780400000|  0%| F|  |TAMS 0x0000000780300000, 0x0000000780300000| Untracked 
|   4|0x0000000780400000, 0x0000000780400000, 0x0000000780500000|  0%| F|  |TAMS 0x0000000780400000, 0x0000000780400000| Untracked 
|   5|0x0000000780500000, 0x0000000780500000, 0x0000000780600000|  0%| F|  |TAMS 0x0000000780500000, 0x0000000780500000| Untracked 
|   6|0x0000000780600000, 0x0000000780600000, 0x0000000780700000|  0%| F|  |TAMS 0x0000000780600000, 0x0000000780600000| Untracked 
|   7|0x0000000780700000, 0x0000000780700000, 0x0000000780800000|  0%| F|  |TAMS 0x0000000780700000, 0x0000000780700000| Untracked 
|   8|0x0000000780800000, 0x0000000780800000, 0x0000000780900000|  0%| F|  |TAMS 0x0000000780800000, 0x0000000780800000| Untracked 
|   9|0x0000000780900000, 0x0000000780900000, 0x0000000780a00000|  0%| F|  |TAMS 0x0000000780900000, 0x0000000780900000| Untracked 
|  10|0x0000000780a00000, 0x0000000780a00000, 0x0000000780b00000|  0%| F|  |TAMS 0x0000000780a00000, 0x0000000780a00000| Untracked 
|  11|0x0000000780b00000, 0x0000000780b00000, 0x0000000780c00000|  0%| F|  |TAMS 0x0000000780b00000, 0x0000000780b00000| Untracked 
|  12|0x0000000780c00000, 0x0000000780c00000, 0x0000000780d00000|  0%| F|  |TAMS 0x0000000780c00000, 0x0000000780c00000| Untracked 
|  13|0x0000000780d00000, 0x0000000780d00000, 0x0000000780e00000|  0%| F|  |TAMS 0x0000000780d00000, 0x0000000780d00000| Untracked 
|  14|0x0000000780e00000, 0x0000000780e00000, 0x0000000780f00000|  0%| F|  |TAMS 0x0000000780e00000, 0x0000000780e00000| Untracked 
|  15|0x0000000780f00000, 0x0000000780f00000, 0x0000000781000000|  0%| F|  |TAMS 0x0000000780f00000, 0x0000000780f00000| Untracked 
|  16|0x0000000781000000, 0x0000000781000000, 0x0000000781100000|  0%| F|  |TAMS 0x0000000781000000, 0x0000000781000000| Untracked 
|  17|0x0000000781100000, 0x0000000781100000, 0x0000000781200000|  0%| F|  |TAMS 0x0000000781100000, 0x0000000781100000| Untracked 
|  18|0x0000000781200000, 0x0000000781200000, 0x0000000781300000|  0%| F|  |TAMS 0x0000000781200000, 0x0000000781200000| Untracked 
|  19|0x0000000781300000, 0x0000000781300000, 0x0000000781400000|  0%| F|  |TAMS 0x0000000781300000, 0x0000000781300000| Untracked 
|  20|0x0000000781400000, 0x0000000781400000, 0x0000000781500000|  0%| F|  |TAMS 0x0000000781400000, 0x0000000781400000| Untracked 
|  21|0x0000000781500000, 0x0000000781500000, 0x0000000781600000|  0%| F|  |TAMS 0x0000000781500000, 0x0000000781500000| Untracked 
|  22|0x0000000781600000, 0x0000000781600000, 0x0000000781700000|  0%| F|  |TAMS 0x0000000781600000, 0x0000000781600000| Untracked 
|  23|0x0000000781700000, 0x0000000781700000, 0x0000000781800000|  0%| F|  |TAMS 0x0000000781700000, 0x0000000781700000| Untracked 
|  24|0x0000000781800000, 0x0000000781800000, 0x0000000781900000|  0%| F|  |TAMS 0x0000000781800000, 0x0000000781800000| Untracked 
|  25|0x0000000781900000, 0x0000000781900000, 0x0000000781a00000|  0%| F|  |TAMS 0x0000000781900000, 0x0000000781900000| Untracked 
|  26|0x0000000781a00000, 0x0000000781a00000, 0x0000000781b00000|  0%| F|  |TAMS 0x0000000781a00000, 0x0000000781a00000| Untracked 
|  27|0x0000000781b00000, 0x0000000781b00000, 0x0000000781c00000|  0%| F|  |TAMS 0x0000000781b00000, 0x0000000781b00000| Untracked 
|  28|0x0000000781c00000, 0x0000000781c00000, 0x0000000781d00000|  0%| F|  |TAMS 0x0000000781c00000, 0x0000000781c00000| Untracked 
|  29|0x0000000781d00000, 0x0000000781d00000, 0x0000000781e00000|  0%| F|  |TAMS 0x0000000781d00000, 0x0000000781d00000| Untracked 
|  30|0x0000000781e00000, 0x0000000781e00000, 0x0000000781f00000|  0%| F|  |TAMS 0x0000000781e00000, 0x0000000781e00000| Untracked 
|  31|0x0000000781f00000, 0x0000000781f00000, 0x0000000782000000|  0%| F|  |TAMS 0x0000000781f00000, 0x0000000781f00000| Untracked 
|  32|0x0000000782000000, 0x0000000782000000, 0x0000000782100000|  0%| F|  |TAMS 0x0000000782000000, 0x0000000782000000| Untracked 
|  33|0x0000000782100000, 0x0000000782100000, 0x0000000782200000|  0%| F|  |TAMS 0x0000000782100000, 0x0000000782100000| Untracked 
|  34|0x0000000782200000, 0x0000000782200000, 0x0000000782300000|  0%| F|  |TAMS 0x0000000782200000, 0x0000000782200000| Untracked 
|  35|0x0000000782300000, 0x0000000782300000, 0x0000000782400000|  0%| F|  |TAMS 0x0000000782300000, 0x0000000782300000| Untracked 
|  36|0x0000000782400000, 0x0000000782400000, 0x0000000782500000|  0%| F|  |TAMS 0x0000000782400000, 0x0000000782400000| Untracked 
|  37|0x0000000782500000, 0x0000000782500000, 0x0000000782600000|  0%| F|  |TAMS 0x0000000782500000, 0x0000000782500000| Untracked 
|  38|0x0000000782600000, 0x0000000782600000, 0x0000000782700000|  0%| F|  |TAMS 0x0000000782600000, 0x0000000782600000| Untracked 
|  39|0x0000000782700000, 0x0000000782700000, 0x0000000782800000|  0%| F|  |TAMS 0x0000000782700000, 0x0000000782700000| Untracked 
|  40|0x0000000782800000, 0x0000000782800000, 0x0000000782900000|  0%| F|  |TAMS 0x0000000782800000, 0x0000000782800000| Untracked 
|  41|0x0000000782900000, 0x0000000782900000, 0x0000000782a00000|  0%| F|  |TAMS 0x0000000782900000, 0x0000000782900000| Untracked 
|  42|0x0000000782a00000, 0x0000000782a00000, 0x0000000782b00000|  0%| F|  |TAMS 0x0000000782a00000, 0x0000000782a00000| Untracked 
|  43|0x0000000782b00000, 0x0000000782b00000, 0x0000000782c00000|  0%| F|  |TAMS 0x0000000782b00000, 0x0000000782b00000| Untracked 
|  44|0x0000000782c00000, 0x0000000782c00000, 0x0000000782d00000|  0%| F|  |TAMS 0x0000000782c00000, 0x0000000782c00000| Untracked 
|  45|0x0000000782d00000, 0x0000000782d00000, 0x0000000782e00000|  0%| F|  |TAMS 0x0000000782d00000, 0x0000000782d00000| Untracked 
|  46|0x0000000782e00000, 0x0000000782e00000, 0x0000000782f00000|  0%| F|  |TAMS 0x0000000782e00000, 0x0000000782e00000| Untracked 
|  47|0x0000000782f00000, 0x0000000782f00000, 0x0000000783000000|  0%| F|  |TAMS 0x0000000782f00000, 0x0000000782f00000| Untracked 
|  48|0x0000000783000000, 0x0000000783000000, 0x0000000783100000|  0%| F|  |TAMS 0x0000000783000000, 0x0000000783000000| Untracked 
|  49|0x0000000783100000, 0x0000000783100000, 0x0000000783200000|  0%| F|  |TAMS 0x0000000783100000, 0x0000000783100000| Untracked 
|  50|0x0000000783200000, 0x0000000783200000, 0x0000000783300000|  0%| F|  |TAMS 0x0000000783200000, 0x0000000783200000| Untracked 
|  51|0x0000000783300000, 0x0000000783300000, 0x0000000783400000|  0%| F|  |TAMS 0x0000000783300000, 0x0000000783300000| Untracked 
|  52|0x0000000783400000, 0x0000000783400000, 0x0000000783500000|  0%| F|  |TAMS 0x0000000783400000, 0x0000000783400000| Untracked 
|  53|0x0000000783500000, 0x0000000783500000, 0x0000000783600000|  0%| F|  |TAMS 0x0000000783500000, 0x0000000783500000| Untracked 
|  54|0x0000000783600000, 0x0000000783600000, 0x0000000783700000|  0%| F|  |TAMS 0x0000000783600000, 0x0000000783600000| Untracked 
|  55|0x0000000783700000, 0x0000000783700000, 0x0000000783800000|  0%| F|  |TAMS 0x0000000783700000, 0x0000000783700000| Untracked 
|  56|0x0000000783800000, 0x0000000783800000, 0x0000000783900000|  0%| F|  |TAMS 0x0000000783800000, 0x0000000783800000| Untracked 
|  57|0x0000000783900000, 0x0000000783900000, 0x0000000783a00000|  0%| F|  |TAMS 0x0000000783900000, 0x0000000783900000| Untracked 
|  58|0x0000000783a00000, 0x0000000783a00000, 0x0000000783b00000|  0%| F|  |TAMS 0x0000000783a00000, 0x0000000783a00000| Untracked 
|  59|0x0000000783b00000, 0x0000000783b00000, 0x0000000783c00000|  0%| F|  |TAMS 0x0000000783b00000, 0x0000000783b00000| Untracked 
|  60|0x0000000783c00000, 0x0000000783c00000, 0x0000000783d00000|  0%| F|  |TAMS 0x0000000783c00000, 0x0000000783c00000| Untracked 
|  61|0x0000000783d00000, 0x0000000783d00000, 0x0000000783e00000|  0%| F|  |TAMS 0x0000000783d00000, 0x0000000783d00000| Untracked 
|  62|0x0000000783e00000, 0x0000000783e00000, 0x0000000783f00000|  0%| F|  |TAMS 0x0000000783e00000, 0x0000000783e00000| Untracked 
|  63|0x0000000783f00000, 0x0000000783f00000, 0x0000000784000000|  0%| F|  |TAMS 0x0000000783f00000, 0x0000000783f00000| Untracked 
|  64|0x0000000784000000, 0x0000000784000000, 0x0000000784100000|  0%| F|  |TAMS 0x0000000784000000, 0x0000000784000000| Untracked 
|  65|0x0000000784100000, 0x0000000784100000, 0x0000000784200000|  0%| F|  |TAMS 0x0000000784100000, 0x0000000784100000| Untracked 
|  66|0x0000000784200000, 0x0000000784200000, 0x0000000784300000|  0%| F|  |TAMS 0x0000000784200000, 0x0000000784200000| Untracked 
|  67|0x0000000784300000, 0x0000000784300000, 0x0000000784400000|  0%| F|  |TAMS 0x0000000784300000, 0x0000000784300000| Untracked 
|  68|0x0000000784400000, 0x0000000784400000, 0x0000000784500000|  0%| F|  |TAMS 0x0000000784400000, 0x0000000784400000| Untracked 
|  69|0x0000000784500000, 0x0000000784500000, 0x0000000784600000|  0%| F|  |TAMS 0x0000000784500000, 0x0000000784500000| Untracked 
|  70|0x0000000784600000, 0x0000000784600000, 0x0000000784700000|  0%| F|  |TAMS 0x0000000784600000, 0x0000000784600000| Untracked 
|  71|0x0000000784700000, 0x0000000784700000, 0x0000000784800000|  0%| F|  |TAMS 0x0000000784700000, 0x0000000784700000| Untracked 
|  72|0x0000000784800000, 0x0000000784800000, 0x0000000784900000|  0%| F|  |TAMS 0x0000000784800000, 0x0000000784800000| Untracked 
|  73|0x0000000784900000, 0x0000000784900000, 0x0000000784a00000|  0%| F|  |TAMS 0x0000000784900000, 0x0000000784900000| Untracked 
|  74|0x0000000784a00000, 0x0000000784a00000, 0x0000000784b00000|  0%| F|  |TAMS 0x0000000784a00000, 0x0000000784a00000| Untracked 
|  75|0x0000000784b00000, 0x0000000784b00000, 0x0000000784c00000|  0%| F|  |TAMS 0x0000000784b00000, 0x0000000784b00000| Untracked 
|  76|0x0000000784c00000, 0x0000000784c00000, 0x0000000784d00000|  0%| F|  |TAMS 0x0000000784c00000, 0x0000000784c00000| Untracked 
|  77|0x0000000784d00000, 0x0000000784d00000, 0x0000000784e00000|  0%| F|  |TAMS 0x0000000784d00000, 0x0000000784d00000| Untracked 
|  78|0x0000000784e00000, 0x0000000784e00000, 0x0000000784f00000|  0%| F|  |TAMS 0x0000000784e00000, 0x0000000784e00000| Untracked 
|  79|0x0000000784f00000, 0x0000000784f00000, 0x0000000785000000|  0%| F|  |TAMS 0x0000000784f00000, 0x0000000784f00000| Untracked 
|  80|0x0000000785000000, 0x0000000785000000, 0x0000000785100000|  0%| F|  |TAMS 0x0000000785000000, 0x0000000785000000| Untracked 
|  81|0x0000000785100000, 0x0000000785100000, 0x0000000785200000|  0%| F|  |TAMS 0x0000000785100000, 0x0000000785100000| Untracked 
|  82|0x0000000785200000, 0x0000000785200000, 0x0000000785300000|  0%| F|  |TAMS 0x0000000785200000, 0x0000000785200000| Untracked 
|  83|0x0000000785300000, 0x0000000785300000, 0x0000000785400000|  0%| F|  |TAMS 0x0000000785300000, 0x0000000785300000| Untracked 
|  84|0x0000000785400000, 0x0000000785400000, 0x0000000785500000|  0%| F|  |TAMS 0x0000000785400000, 0x0000000785400000| Untracked 
|  85|0x0000000785500000, 0x0000000785500000, 0x0000000785600000|  0%| F|  |TAMS 0x0000000785500000, 0x0000000785500000| Untracked 
|  86|0x0000000785600000, 0x0000000785600000, 0x0000000785700000|  0%| F|  |TAMS 0x0000000785600000, 0x0000000785600000| Untracked 
|  87|0x0000000785700000, 0x0000000785700000, 0x0000000785800000|  0%| F|  |TAMS 0x0000000785700000, 0x0000000785700000| Untracked 
|  88|0x0000000785800000, 0x0000000785800000, 0x0000000785900000|  0%| F|  |TAMS 0x0000000785800000, 0x0000000785800000| Untracked 
|  89|0x0000000785900000, 0x0000000785900000, 0x0000000785a00000|  0%| F|  |TAMS 0x0000000785900000, 0x0000000785900000| Untracked 
|  90|0x0000000785a00000, 0x0000000785a00000, 0x0000000785b00000|  0%| F|  |TAMS 0x0000000785a00000, 0x0000000785a00000| Untracked 
|  91|0x0000000785b00000, 0x0000000785b00000, 0x0000000785c00000|  0%| F|  |TAMS 0x0000000785b00000, 0x0000000785b00000| Untracked 
|  92|0x0000000785c00000, 0x0000000785c00000, 0x0000000785d00000|  0%| F|  |TAMS 0x0000000785c00000, 0x0000000785c00000| Untracked 
|  93|0x0000000785d00000, 0x0000000785d00000, 0x0000000785e00000|  0%| F|  |TAMS 0x0000000785d00000, 0x0000000785d00000| Untracked 
|  94|0x0000000785e00000, 0x0000000785e00000, 0x0000000785f00000|  0%| F|  |TAMS 0x0000000785e00000, 0x0000000785e00000| Untracked 
|  95|0x0000000785f00000, 0x0000000785f00000, 0x0000000786000000|  0%| F|  |TAMS 0x0000000785f00000, 0x0000000785f00000| Untracked 
|  96|0x0000000786000000, 0x0000000786000000, 0x0000000786100000|  0%| F|  |TAMS 0x0000000786000000, 0x0000000786000000| Untracked 
|  97|0x0000000786100000, 0x0000000786100000, 0x0000000786200000|  0%| F|  |TAMS 0x0000000786100000, 0x0000000786100000| Untracked 
|  98|0x0000000786200000, 0x0000000786200000, 0x0000000786300000|  0%| F|  |TAMS 0x0000000786200000, 0x0000000786200000| Untracked 
|  99|0x0000000786300000, 0x0000000786300000, 0x0000000786400000|  0%| F|  |TAMS 0x0000000786300000, 0x0000000786300000| Untracked 
| 100|0x0000000786400000, 0x0000000786400000, 0x0000000786500000|  0%| F|  |TAMS 0x0000000786400000, 0x0000000786400000| Untracked 
| 101|0x0000000786500000, 0x0000000786500000, 0x0000000786600000|  0%| F|  |TAMS 0x0000000786500000, 0x0000000786500000| Untracked 
| 102|0x0000000786600000, 0x0000000786600000, 0x0000000786700000|  0%| F|  |TAMS 0x0000000786600000, 0x0000000786600000| Untracked 
| 103|0x0000000786700000, 0x0000000786700000, 0x0000000786800000|  0%| F|  |TAMS 0x0000000786700000, 0x0000000786700000| Untracked 
| 104|0x0000000786800000, 0x0000000786800000, 0x0000000786900000|  0%| F|  |TAMS 0x0000000786800000, 0x0000000786800000| Untracked 
| 105|0x0000000786900000, 0x0000000786900000, 0x0000000786a00000|  0%| F|  |TAMS 0x0000000786900000, 0x0000000786900000| Untracked 
| 106|0x0000000786a00000, 0x0000000786a00000, 0x0000000786b00000|  0%| F|  |TAMS 0x0000000786a00000, 0x0000000786a00000| Untracked 
| 107|0x0000000786b00000, 0x0000000786b00000, 0x0000000786c00000|  0%| F|  |TAMS 0x0000000786b00000, 0x0000000786b00000| Untracked 
| 108|0x0000000786c00000, 0x0000000786c00000, 0x0000000786d00000|  0%| F|  |TAMS 0x0000000786c00000, 0x0000000786c00000| Untracked 
| 109|0x0000000786d00000, 0x0000000786d00000, 0x0000000786e00000|  0%| F|  |TAMS 0x0000000786d00000, 0x0000000786d00000| Untracked 
| 110|0x0000000786e00000, 0x0000000786e00000, 0x0000000786f00000|  0%| F|  |TAMS 0x0000000786e00000, 0x0000000786e00000| Untracked 
| 111|0x0000000786f00000, 0x0000000786f00000, 0x0000000787000000|  0%| F|  |TAMS 0x0000000786f00000, 0x0000000786f00000| Untracked 
| 112|0x0000000787000000, 0x0000000787000000, 0x0000000787100000|  0%| F|  |TAMS 0x0000000787000000, 0x0000000787000000| Untracked 
| 113|0x0000000787100000, 0x0000000787100000, 0x0000000787200000|  0%| F|  |TAMS 0x0000000787100000, 0x0000000787100000| Untracked 
| 114|0x0000000787200000, 0x0000000787200000, 0x0000000787300000|  0%| F|  |TAMS 0x0000000787200000, 0x0000000787200000| Untracked 
| 115|0x0000000787300000, 0x00000007873c8898, 0x0000000787400000| 78%| E|  |TAMS 0x0000000787300000, 0x0000000787300000| Complete 
| 116|0x0000000787400000, 0x0000000787500000, 0x0000000787500000|100%| E|CS|TAMS 0x0000000787400000, 0x0000000787400000| Complete 
| 117|0x0000000787500000, 0x0000000787600000, 0x0000000787600000|100%| E|CS|TAMS 0x0000000787500000, 0x0000000787500000| Complete 
| 118|0x0000000787600000, 0x0000000787700000, 0x0000000787700000|100%| E|CS|TAMS 0x0000000787600000, 0x0000000787600000| Complete 
| 119|0x0000000787700000, 0x0000000787800000, 0x0000000787800000|100%| E|CS|TAMS 0x0000000787700000, 0x0000000787700000| Complete 
| 120|0x0000000787800000, 0x0000000787900000, 0x0000000787900000|100%| E|CS|TAMS 0x0000000787800000, 0x0000000787800000| Complete 
| 121|0x0000000787900000, 0x0000000787a00000, 0x0000000787a00000|100%| E|  |TAMS 0x0000000787900000, 0x0000000787900000| Complete 
| 122|0x0000000787a00000, 0x0000000787b00000, 0x0000000787b00000|100%| E|CS|TAMS 0x0000000787a00000, 0x0000000787a00000| Complete 
| 123|0x0000000787b00000, 0x0000000787c00000, 0x0000000787c00000|100%| E|CS|TAMS 0x0000000787b00000, 0x0000000787b00000| Complete 
| 124|0x0000000787c00000, 0x0000000787d00000, 0x0000000787d00000|100%| E|CS|TAMS 0x0000000787c00000, 0x0000000787c00000| Complete 
| 125|0x0000000787d00000, 0x0000000787e00000, 0x0000000787e00000|100%| E|CS|TAMS 0x0000000787d00000, 0x0000000787d00000| Complete 
| 126|0x0000000787e00000, 0x0000000787f00000, 0x0000000787f00000|100%| E|CS|TAMS 0x0000000787e00000, 0x0000000787e00000| Complete 
| 127|0x0000000787f00000, 0x0000000788000000, 0x0000000788000000|100%| E|CS|TAMS 0x0000000787f00000, 0x0000000787f00000| Complete 
|2046|0x00000007ffe00000, 0x00000007ffe76000, 0x00000007fff00000| 46%|OA|  |TAMS 0x00000007ffe00000, 0x00000007ffe00000| Untracked 
|2047|0x00000007fff00000, 0x00000007fff7f000, 0x0000000800000000| 49%|CA|  |TAMS 0x00000007fff00000, 0x00000007fff00000| Untracked 

Card table byte_map: [0x000000010b413000,0x000000010b813000] _byte_map_base: 0x0000000107813000

Marking Bits (Prev, Next): (CMBitMap*) 0x00007fdc8f827c10, (CMBitMap*) 0x00007fdc8f827c50
 Prev Bits: [0x00000001248c3000, 0x00000001268c3000)
 Next Bits: [0x00000001268c3000, 0x00000001288c3000)

Polling page: 0x000000010ad69000

Metaspace:

Usage:
  Non-class:      1.99 MB used.
      Class:    247.11 KB used.
       Both:      2.23 MB used.

Virtual space:
  Non-class space:        8.00 MB reserved,       2.12 MB ( 27%) committed,  1 nodes.
      Class space:        1.00 GB reserved,     320.00 KB ( <1%) committed,  1 nodes.
             Both:        1.01 GB reserved,       2.44 MB ( <1%) committed. 

Chunk freelists:
   Non-Class:  2.86 MB
       Class:  3.56 MB
        Both:  6.42 MB

MaxMetaspaceSize: unlimited
CompressedClassSpaceSize: 1.00 GB
Initial GC threshold: 21.00 MB
Current GC threshold: 21.00 MB
CDS: on
MetaspaceReclaimPolicy: balanced
 - commit_granule_bytes: 65536.
 - commit_granule_words: 8192.
 - virtual_space_node_default_size: 1048576.
 - enlarge_chunks_in_place: 1.
 - new_chunks_are_fully_committed: 0.
 - uncommit_free_chunks: 1.
 - use_allocation_guard: 0.
 - handle_deallocations: 1.


Internal statistics:

num_allocs_failed_limit: 0.
num_arena_births: 68.
num_arena_deaths: 0.
num_vsnodes_births: 2.
num_vsnodes_deaths: 0.
num_space_committed: 39.
num_space_uncommitted: 0.
num_chunks_returned_to_freelist: 0.
num_chunks_taken_from_freelist: 139.
num_chunk_merges: 0.
num_chunk_splits: 89.
num_chunks_enlarged: 65.
num_purges: 0.
num_inconsistent_stats: 0.

CodeHeap 'non-profiled nmethods': size=120032Kb used=221Kb max_used=221Kb free=119810Kb
 bounds [0x000000011d38b000, 0x000000011d5fb000, 0x00000001248c3000]
CodeHeap 'profiled nmethods': size=120028Kb used=842Kb max_used=842Kb free=119185Kb
 bounds [0x0000000115e54000, 0x00000001160c4000, 0x000000011d38b000]
CodeHeap 'non-nmethods': size=5700Kb used=1218Kb max_used=1229Kb free=4481Kb
 bounds [0x00000001158c3000, 0x0000000115b33000, 0x0000000115e54000]
 total_blobs=1081 nmethods=621 adapters=374
 compilation: enabled
              stopped_count=0, restarted_count=0
 full_count=0

Compilation events (20 events):
Event: 0.829 Thread 0x00007fdc8f01b600  610       3       java.lang.ClassLoader::loadClass (7 bytes)
Event: 0.830 Thread 0x00007fdc8f01b600 nmethod 610 0x0000000115f21890 code [0x0000000115f21a40, 0x0000000115f21c20]
Event: 0.830 Thread 0x00007fdc8f01b600  611       3       jdk.internal.loader.ClassLoaders$AppClassLoader::loadClass (40 bytes)
Event: 0.831 Thread 0x00007fdc8f01b600 nmethod 611 0x0000000115f21d10 code [0x0000000115f21f80, 0x0000000115f228f0]
Event: 0.837 Thread 0x00007fdc8f01b600  615       3       jdk.internal.org.objectweb.asm.ByteVector::putInt (74 bytes)
Event: 0.838 Thread 0x00007fdc8f01b600 nmethod 615 0x0000000115f22d10 code [0x0000000115f22ec0, 0x0000000115f23120]
Event: 0.838 Thread 0x00007fdc8f01b600  613       3       java.lang.invoke.MethodHandles$Lookup::<init> (84 bytes)
Event: 0.838 Thread 0x00007fdc8f01b600 nmethod 613 0x0000000115f23290 code [0x0000000115f23440, 0x0000000115f23690]
Event: 0.838 Thread 0x00007fdc8f01b600  614       3       java.lang.invoke.MemberName::getType (19 bytes)
Event: 0.838 Thread 0x00007fdc8f01b600 nmethod 614 0x0000000115f23790 code [0x0000000115f23980, 0x0000000115f23d30]
Event: 0.841 Thread 0x00007fdc8f01b600  616       3       jdk.internal.org.objectweb.asm.MethodWriter::visitMethodInsn (191 bytes)
Event: 0.842 Thread 0x00007fdc8f01b600 nmethod 616 0x0000000115f23e90 code [0x0000000115f240c0, 0x0000000115f24880]
Event: 0.842 Thread 0x00007fdc8f01b600  617       3       jdk.internal.org.objectweb.asm.SymbolTable::addConstantMethodref (24 bytes)
Event: 0.843 Thread 0x00007fdc8f01b600 nmethod 617 0x0000000115f24c10 code [0x0000000115f24dc0, 0x0000000115f24f80]
Event: 0.845 Thread 0x00007fdc8f01b600  618       3       java.lang.ref.SoftReference::get (29 bytes)
Event: 0.845 Thread 0x00007fdc8f01b600 nmethod 618 0x0000000115f25010 code [0x0000000115f251c0, 0x0000000115f25390]
Event: 0.845 Thread 0x00007fdc8f01b600  619       3       java.lang.invoke.MethodHandles$Lookup::checkSymbolicClass (25 bytes)
Event: 0.846 Thread 0x00007fdc8f01b600 nmethod 619 0x0000000115f25410 code [0x0000000115f255e0, 0x0000000115f25860]
Event: 0.940 Thread 0x00007fdc8f01b600  620       3       jdk.internal.org.objectweb.asm.SymbolTable$Entry::<init> (18 bytes)
Event: 0.943 Thread 0x00007fdc8f01b600 nmethod 620 0x0000000115f25990 code [0x0000000115f25b40, 0x0000000115f25ce0]

GC Heap History (0 events):
No events

Deoptimization events (20 events):
Event: 0.335 Thread 0x00007fdc8f00c800 Uncommon trap: trap_request=0xffffff45 fr.pc=0x000000011d3a1668 relative=0x00000000000004a8
Event: 0.335 Thread 0x00007fdc8f00c800 Uncommon trap: reason=unstable_if action=reinterpret pc=0x000000011d3a1668 method=java.lang.StringLatin1.newString([BII)Ljava/lang/String; @ 1 c2
Event: 0.335 Thread 0x00007fdc8f00c800 DEOPT PACKING pc=0x000000011d3a1668 sp=0x0000700006f342e0
Event: 0.335 Thread 0x00007fdc8f00c800 DEOPT UNPACKING pc=0x0000000115915099 sp=0x0000700006f34270 mode 2
Event: 0.335 Thread 0x00007fdc8f00c800 Uncommon trap: trap_request=0xffffffe5 fr.pc=0x000000011d39ef7c relative=0x000000000000015c
Event: 0.335 Thread 0x00007fdc8f00c800 Uncommon trap: reason=range_check action=reinterpret pc=0x000000011d39ef7c method=java.lang.StringLatin1.indexOf([BII)I @ 13 c2
Event: 0.335 Thread 0x00007fdc8f00c800 DEOPT PACKING pc=0x000000011d39ef7c sp=0x0000700006f342b0
Event: 0.335 Thread 0x00007fdc8f00c800 DEOPT UNPACKING pc=0x0000000115915099 sp=0x0000700006f34260 mode 2
Event: 0.336 Thread 0x00007fdc8f00c800 Uncommon trap: trap_request=0xffffff45 fr.pc=0x000000011d39e634 relative=0x0000000000000314
Event: 0.336 Thread 0x00007fdc8f00c800 Uncommon trap: reason=unstable_if action=reinterpret pc=0x000000011d39e634 method=java.lang.StringLatin1.newString([BII)Ljava/lang/String; @ 1 c2
Event: 0.336 Thread 0x00007fdc8f00c800 DEOPT PACKING pc=0x000000011d39e634 sp=0x0000700006f34270
Event: 0.336 Thread 0x00007fdc8f00c800 DEOPT UNPACKING pc=0x0000000115915099 sp=0x0000700006f34270 mode 2
Event: 0.438 Thread 0x00007fdc8f00c800 Uncommon trap: trap_request=0xfffffff4 fr.pc=0x000000011d39b1c8 relative=0x00000000000001a8
Event: 0.438 Thread 0x00007fdc8f00c800 Uncommon trap: reason=null_check action=make_not_entrant pc=0x000000011d39b1c8 method=java.lang.String.equals(Ljava/lang/Object;)Z @ 8 c2
Event: 0.438 Thread 0x00007fdc8f00c800 DEOPT PACKING pc=0x000000011d39b1c8 sp=0x0000700006f348c0
Event: 0.438 Thread 0x00007fdc8f00c800 DEOPT UNPACKING pc=0x0000000115915099 sp=0x0000700006f34888 mode 2
Event: 0.603 Thread 0x00007fdc8f00c800 DEOPT PACKING pc=0x0000000115ecf9ea sp=0x0000700006f33190
Event: 0.603 Thread 0x00007fdc8f00c800 DEOPT UNPACKING pc=0x000000011591582f sp=0x0000700006f325d0 mode 0
Event: 0.699 Thread 0x00007fdc8f8c2e00 DEOPT PACKING pc=0x0000000115e5b05b sp=0x0000700008069370
Event: 0.699 Thread 0x00007fdc8f8c2e00 DEOPT UNPACKING pc=0x000000011591582f sp=0x0000700008068808 mode 0

Classes unloaded (0 events):
No events

Classes redefined (0 events):
No events

Internal exceptions (7 events):
Event: 0.302 Thread 0x00007fdc8f00c800 Exception <a 'sun/nio/fs/UnixException'{0x0000000787aaa128}> (0x0000000787aaa128) 
thrown [src/hotspot/share/prims/jni.cpp, line 516]
Event: 0.438 Thread 0x00007fdc8f00c800 Implicit null exception at 0x000000011d39b055 to 0x000000011d39b1b8
Event: 0.439 Thread 0x00007fdc8f00c800 Exception <a 'java/lang/NoSuchMethodError'{0x00000007879cae80}: 'java.lang.Object java.lang.invoke.DirectMethodHandle$Holder.invokeStaticInit(java.lang.Object)'> (0x00000007879cae80) 
thrown [src/hotspot/share/interpreter/linkResolver.cpp, line 766]
Event: 0.443 Thread 0x00007fdc8f00c800 Exception <a 'java/lang/NoSuchMethodError'{0x00000007879d20e8}: 'void java.lang.invoke.DirectMethodHandle$Holder.invokeStatic(java.lang.Object, java.lang.Object)'> (0x00000007879d20e8) 
thrown [src/hotspot/share/interpreter/linkResolver.cpp, line 766]
Event: 0.646 Thread 0x00007fdc8f00c800 Exception <a 'java/lang/NoSuchMethodError'{0x00000007876a38f0}: 'void java.lang.invoke.DirectMethodHandle$Holder.invokeSpecial(java.lang.Object, java.lang.Object, java.lang.Object)'> (0x00000007876a38f0) 
thrown [src/hotspot/share/interpreter/linkResolver.cpp, line 766]
Event: 0.686 Thread 0x00007fdc8f00c800 Exception <a 'java/lang/NoSuchMethodError'{0x00000007876e0bc0}: 'void java.lang.invoke.DirectMethodHandle$Holder.invokeStatic(java.lang.Object, java.lang.Object, java.lang.Object)'> (0x00000007876e0bc0) 
thrown [src/hotspot/share/interpreter/linkResolver.cpp, line 766]
Event: 0.813 Thread 0x00007fdc8f00c800 Exception <a 'java/lang/NoSuchMethodError'{0x00000007876fd4d8}: 'int java.lang.invoke.DirectMethodHandle$Holder.invokeStaticInit(java.lang.Object, java.lang.Object, java.lang.Object)'> (0x00000007876fd4d8) 
thrown [src/hotspot/share/interpreter/linkResolver.cpp, line 766]

VM Operations (6 events):
Event: 0.162 Executing VM operation: HandshakeAllThreads
Event: 0.162 Executing VM operation: HandshakeAllThreads done
Event: 0.308 Executing VM operation: HandshakeAllThreads
Event: 0.308 Executing VM operation: HandshakeAllThreads done
Event: 0.389 Executing VM operation: ChangeBreakpoints
Event: 0.390 Executing VM operation: ChangeBreakpoints done

Events (20 events):
Event: 0.806 loading class java/util/concurrent/ForkJoinPool$ManagedBlocker
Event: 0.806 loading class java/util/concurrent/ForkJoinPool$ManagedBlocker done
Event: 0.806 loading class java/util/concurrent/locks/AbstractQueuedSynchronizer$ConditionNode done
Event: 0.839 Loaded shared library /Users/sidhantmathur/Downloads/javafx-sdk-17.0.1/lib/libglass.dylib
Event: 0.842 loading class java/util/concurrent/BlockingDeque
Event: 0.842 loading class java/util/concurrent/BlockingDeque done
Event: 0.842 loading class java/util/concurrent/LinkedBlockingDeque
Event: 0.843 loading class java/util/concurrent/LinkedBlockingDeque done
Event: 0.843 Thread 0x00007fdc8f020400 Thread added: 0x00007fdc8f020400
Event: 0.843 Protecting memory [0x0000700008680000,0x0000700008684000] with protection modes 0
Event: 0.846 Protecting memory [0x00007ff7b4ad2000,0x00007ff7b4ad6000] with protection modes 0
Event: 0.846 Thread 0x00007fdc8e812000 Thread added: 0x00007fdc8e812000
Event: 0.939 Protecting memory [0x000070000857d000,0x0000700008581000] with protection modes 3
Event: 0.939 Thread 0x00007fdc8e88e000 Thread exited: 0x00007fdc8e88e000
Event: 0.943 Thread 0x00007fdc8e88e000 Thread added: 0x00007fdc8e88e000
Event: 0.946 Protecting memory [0x000070000857d000,0x0000700008581000] with protection modes 0
Event: 1.043 loading class java/util/concurrent/LinkedBlockingDeque$Node
Event: 1.043 loading class java/util/concurrent/LinkedBlockingDeque$Node done
Event: 1.044 Protecting memory [0x000070000857d000,0x0000700008581000] with protection modes 3
Event: 1.047 Thread 0x00007fdc8e88e000 Thread exited: 0x00007fdc8e88e000


Dynamic libraries:
0x000000010ad4b000 	/Library/Java/JavaVirtualMachines/temurin-17.jdk/Contents/Home/lib/libjli.dylib
0x00007ff810160000 	/usr/lib/libz.1.dylib
0x00007ff810240000 	/usr/lib/libSystem.B.dylib
0x00007ff81023b000 	/usr/lib/system/libcache.dylib
0x00007ff8101f7000 	/usr/lib/system/libcommonCrypto.dylib
0x00007ff810220000 	/usr/lib/system/libcompiler_rt.dylib
0x00007ff810216000 	/usr/lib/system/libcopyfile.dylib
0x00007ff8051b4000 	/usr/lib/system/libcorecrypto.dylib
0x00007ff805273000 	/usr/lib/system/libdispatch.dylib
0x00007ff805432000 	/usr/lib/system/libdyld.dylib
0x00007ff810232000 	/usr/lib/system/libkeymgr.dylib
0x00007ff8101d5000 	/usr/lib/system/libmacho.dylib
0x00007ff80f86c000 	/usr/lib/system/libquarantine.dylib
0x00007ff810230000 	/usr/lib/system/libremovefile.dylib
0x00007ff80a38a000 	/usr/lib/system/libsystem_asl.dylib
0x00007ff805162000 	/usr/lib/system/libsystem_blocks.dylib
0x00007ff8052f7000 	/usr/lib/system/libsystem_c.dylib
0x00007ff810228000 	/usr/lib/system/libsystem_collections.dylib
0x00007ff80ea53000 	/usr/lib/system/libsystem_configuration.dylib
0x00007ff80dd15000 	/usr/lib/system/libsystem_containermanager.dylib
0x00007ff80ff14000 	/usr/lib/system/libsystem_coreservices.dylib
0x00007ff807a58000 	/usr/lib/system/libsystem_darwin.dylib
0x00007ff810233000 	/usr/lib/system/libsystem_dnssd.dylib
0x00007ff8052f4000 	/usr/lib/system/libsystem_featureflags.dylib
0x00007ff805448000 	/usr/lib/system/libsystem_info.dylib
0x00007ff810173000 	/usr/lib/system/libsystem_m.dylib
0x00007ff805247000 	/usr/lib/system/libsystem_malloc.dylib
0x00007ff80a327000 	/usr/lib/system/libsystem_networkextension.dylib
0x00007ff807e80000 	/usr/lib/system/libsystem_notify.dylib
0x00007ff816371000 	/usr/lib/system/libsystem_product_info_filter.dylib
0x00007ff80ea57000 	/usr/lib/system/libsystem_sandbox.dylib
0x00007ff81022d000 	/usr/lib/system/libsystem_secinit.dylib
0x00007ff8053ef000 	/usr/lib/system/libsystem_kernel.dylib
0x00007ff80543e000 	/usr/lib/system/libsystem_platform.dylib
0x00007ff805426000 	/usr/lib/system/libsystem_pthread.dylib
0x00007ff80bbdb000 	/usr/lib/system/libsystem_symptoms.dylib
0x00007ff80519b000 	/usr/lib/system/libsystem_trace.dylib
0x00007ff810203000 	/usr/lib/system/libunwind.dylib
0x00007ff805164000 	/usr/lib/system/libxpc.dylib
0x00007ff8053d9000 	/usr/lib/libc++abi.dylib
0x00007ff8052ba000 	/usr/lib/libobjc.A.dylib
0x00007ff81020e000 	/usr/lib/liboah.dylib
0x00007ff805380000 	/usr/lib/libc++.1.dylib
0x00007ff81c0a0000 	/System/Library/Frameworks/Cocoa.framework/Versions/A/Cocoa
0x00007ff807ede000 	/System/Library/Frameworks/AppKit.framework/Versions/C/AppKit
0x00007ff80b3cb000 	/System/Library/Frameworks/CoreData.framework/Versions/A/CoreData
0x00007ff8062f9000 	/System/Library/Frameworks/Foundation.framework/Versions/C/Foundation
0x00007ff808d6b000 	/System/Library/PrivateFrameworks/UIFoundation.framework/Versions/A/UIFoundation
0x00007ff816078000 	/System/Library/PrivateFrameworks/RemoteViewServices.framework/Versions/A/RemoteViewServices
0x00007ff80e3ec000 	/System/Library/PrivateFrameworks/XCTTargetBootstrap.framework/Versions/A/XCTTargetBootstrap
0x00007ff81204f000 	/System/Library/PrivateFrameworks/InternationalSupport.framework/Versions/A/InternationalSupport
0x00007ff8120d9000 	/System/Library/PrivateFrameworks/UserActivity.framework/Versions/A/UserActivity
0x00007ff81142f000 	/usr/lib/libspindump.dylib
0x00007ff808ff9000 	/System/Library/Frameworks/UniformTypeIdentifiers.framework/Versions/A/UniformTypeIdentifiers
0x00007ff80cb2b000 	/usr/lib/libapp_launch_measurement.dylib
0x00007ff80bd95000 	/System/Library/PrivateFrameworks/CoreAnalytics.framework/Versions/A/CoreAnalytics
0x00007ff80cb2e000 	/System/Library/PrivateFrameworks/CoreAutoLayout.framework/Versions/A/CoreAutoLayout
0x00007ff80dd4d000 	/System/Library/Frameworks/Metal.framework/Versions/A/Metal
0x00007ff80ea62000 	/usr/lib/liblangid.dylib
0x00007ff80e3f0000 	/System/Library/PrivateFrameworks/CoreSVG.framework/Versions/A/CoreSVG
0x00007ff80a3bb000 	/System/Library/PrivateFrameworks/SkyLight.framework/Versions/A/SkyLight
0x00007ff80a74c000 	/System/Library/Frameworks/CoreGraphics.framework/Versions/A/CoreGraphics
0x00007ff8166e3000 	/System/Library/Frameworks/Accelerate.framework/Versions/A/Accelerate
0x00007ff810eaa000 	/System/Library/PrivateFrameworks/IconServices.framework/Versions/A/IconServices
0x00007ff80dd32000 	/System/Library/Frameworks/IOSurface.framework/Versions/A/IOSurface
0x00007ff80bdc3000 	/usr/lib/libDiagnosticMessagesClient.dylib
0x00007ff819d42000 	/System/Library/Frameworks/ApplicationServices.framework/Versions/A/ApplicationServices
0x00007ff80e3d8000 	/System/Library/PrivateFrameworks/DFRFoundation.framework/Versions/A/DFRFoundation
0x00007ff8077cf000 	/usr/lib/libicucore.A.dylib
0x00007ff812d71000 	/System/Library/Frameworks/AudioToolbox.framework/Versions/A/AudioToolbox
0x00007ff81205b000 	/System/Library/PrivateFrameworks/DataDetectorsCore.framework/Versions/A/DataDetectorsCore
0x00007ff90d8a1000 	/System/Library/PrivateFrameworks/TextInput.framework/Versions/A/TextInput
0x00007ff80a33e000 	/usr/lib/libMobileGestalt.dylib
0x00007ff80e0e0000 	/System/Library/Frameworks/Carbon.framework/Versions/A/Frameworks/HIToolbox.framework/Versions/A/HIToolbox
0x00007ff80c559000 	/System/Library/Frameworks/QuartzCore.framework/Versions/A/QuartzCore
0x00007ff807470000 	/System/Library/Frameworks/Security.framework/Versions/A/Security
0x00007ff8160b0000 	/System/Library/Frameworks/Carbon.framework/Versions/A/Frameworks/SpeechRecognition.framework/Versions/A/SpeechRecognition
0x00007ff80c88b000 	/System/Library/PrivateFrameworks/CoreUI.framework/Versions/A/CoreUI
0x00007ff806d4a000 	/System/Library/Frameworks/CoreAudio.framework/Versions/A/CoreAudio
0x00007ff80beb1000 	/System/Library/Frameworks/DiskArbitration.framework/Versions/A/DiskArbitration
0x00007ff811816000 	/System/Library/PrivateFrameworks/MultitouchSupport.framework/Versions/A/MultitouchSupport
0x00007ff80a33d000 	/usr/lib/libenergytrace.dylib
0x00007ff807dca000 	/System/Library/Frameworks/IOKit.framework/Versions/A/IOKit
0x00007ff81649a000 	/System/Library/Frameworks/CoreServices.framework/Versions/A/CoreServices
0x00007ff80cac5000 	/System/Library/PrivateFrameworks/PerformanceAnalysis.framework/Versions/A/PerformanceAnalysis
0x00007ffa1ce62000 	/System/Library/Frameworks/OpenGL.framework/Versions/A/OpenGL
0x00007ff80f798000 	/System/Library/PrivateFrameworks/MobileKeyBag.framework/Versions/A/MobileKeyBag
0x00007ff80ae18000 	/System/Library/Frameworks/ColorSync.framework/Versions/A/ColorSync
0x00007ff805473000 	/System/Library/Frameworks/CoreFoundation.framework/Versions/A/CoreFoundation
0x00007ff80e669000 	/System/Library/Frameworks/CoreImage.framework/Versions/A/CoreImage
0x00007ff806b60000 	/System/Library/Frameworks/CoreText.framework/Versions/A/CoreText
0x00007ff80e41f000 	/System/Library/Frameworks/ImageIO.framework/Versions/A/ImageIO
0x00007ff810246000 	/System/Library/PrivateFrameworks/SoftLinking.framework/Versions/A/SoftLinking
0x00007ff80cb76000 	/usr/lib/libxml2.2.dylib
0x00007ff8104c9000 	/usr/lib/libcompression.dylib
0x00007ff811f85000 	/System/Library/PrivateFrameworks/TextureIO.framework/Versions/A/TextureIO
0x00007ff810bbc000 	/usr/lib/libate.dylib
0x00007ff81099a000 	/usr/lib/liblzma.5.dylib
0x00007ff80600a000 	/System/Library/Frameworks/SystemConfiguration.framework/Versions/A/SystemConfiguration
0x00007ff810242000 	/usr/lib/libfakelink.dylib
0x00007ff809e91000 	/System/Library/Frameworks/CFNetwork.framework/Versions/A/CFNetwork
0x00007ff810381000 	/usr/lib/libarchive.2.dylib
0x00007ff80ea5e000 	/System/Library/PrivateFrameworks/AppleSystemInfo.framework/Versions/A/AppleSystemInfo
0x00007ff80f892000 	/usr/lib/libbsm.0.dylib
0x00007ff8094c8000 	/usr/lib/libnetwork.dylib
0x00007ff8101db000 	/usr/lib/system/libkxld.dylib
0x00007ff80f4c1000 	/System/Library/PrivateFrameworks/IOMobileFramebuffer.framework/Versions/A/IOMobileFramebuffer
0x00007ffb1a94b000 	/usr/lib/libCoreEntitlements.dylib
0x00007ff80fef6000 	/System/Library/PrivateFrameworks/AppleFSCompression.framework/Versions/A/AppleFSCompression
0x00007ff80f87b000 	/usr/lib/libcoretls.dylib
0x00007ff8109b4000 	/usr/lib/libcoretls_cfhelpers.dylib
0x00007ff8104c4000 	/usr/lib/libpam.2.dylib
0x00007ff80b7fd000 	/usr/lib/libsqlite3.dylib
0x00007ff810a23000 	/usr/lib/libxar.1.dylib
0x00007ff80ff06000 	/usr/lib/libbz2.1.0.dylib
0x00007ff810247000 	/usr/lib/libpcap.A.dylib
0x00007ff80bbd2000 	/usr/lib/libdns_services.dylib
0x00007ff810493000 	/usr/lib/libapple_nghttp2.dylib
0x00007ff81027e000 	/usr/lib/libiconv.2.dylib
0x00007ff8101d4000 	/usr/lib/libcharset.1.dylib
0x00007ff80caf9000 	/System/Library/Frameworks/CoreServices.framework/Versions/A/Frameworks/FSEvents.framework/Versions/A/FSEvents
0x00007ff807a62000 	/System/Library/Frameworks/CoreServices.framework/Versions/A/Frameworks/CarbonCore.framework/Versions/A/CarbonCore
0x00007ff80be16000 	/System/Library/Frameworks/CoreServices.framework/Versions/A/Frameworks/Metadata.framework/Versions/A/Metadata
0x00007ff80ff19000 	/System/Library/Frameworks/CoreServices.framework/Versions/A/Frameworks/OSServices.framework/Versions/A/OSServices
0x00007ff810407000 	/System/Library/Frameworks/CoreServices.framework/Versions/A/Frameworks/SearchKit.framework/Versions/A/SearchKit
0x00007ff80bb64000 	/System/Library/Frameworks/CoreServices.framework/Versions/A/Frameworks/AE.framework/Versions/A/AE
0x00007ff805976000 	/System/Library/Frameworks/CoreServices.framework/Versions/A/Frameworks/LaunchServices.framework/Versions/A/LaunchServices
0x00007ff81094b000 	/System/Library/Frameworks/CoreServices.framework/Versions/A/Frameworks/DictionaryServices.framework/Versions/A/DictionaryServices
0x00007ff80cb06000 	/System/Library/Frameworks/CoreServices.framework/Versions/A/Frameworks/SharedFileList.framework/Versions/A/SharedFileList
0x00007ff80f86f000 	/usr/lib/libCheckFix.dylib
0x00007ff80a3a1000 	/System/Library/PrivateFrameworks/TCC.framework/Versions/A/TCC
0x00007ff80ea64000 	/System/Library/PrivateFrameworks/CoreNLP.framework/Versions/A/CoreNLP
0x00007ff80bdc6000 	/System/Library/PrivateFrameworks/MetadataUtilities.framework/Versions/A/MetadataUtilities
0x00007ff8060ba000 	/usr/lib/libmecabra.dylib
0x00007ff80f8a2000 	/usr/lib/libmecab.dylib
0x00007ff806085000 	/usr/lib/libCRFSuite.dylib
0x00007ff80f8ff000 	/usr/lib/libgermantok.dylib
0x00007ff81046e000 	/usr/lib/libThaiTokenizer.dylib
0x00007ff80beb8000 	/System/Library/Frameworks/Accelerate.framework/Versions/A/Frameworks/vImage.framework/Versions/A/vImage
0x00007ff816471000 	/System/Library/Frameworks/Accelerate.framework/Versions/A/Frameworks/vecLib.framework/Versions/A/vecLib
0x00007ff810a64000 	/System/Library/Frameworks/Accelerate.framework/Versions/A/Frameworks/vecLib.framework/Versions/A/libvMisc.dylib
0x00007ff80f2df000 	/System/Library/Frameworks/Accelerate.framework/Versions/A/Frameworks/vecLib.framework/Versions/A/libvDSP.dylib
0x00007ff805cee000 	/System/Library/Frameworks/Accelerate.framework/Versions/A/Frameworks/vecLib.framework/Versions/A/libBLAS.dylib
0x00007ff8105a5000 	/System/Library/Frameworks/Accelerate.framework/Versions/A/Frameworks/vecLib.framework/Versions/A/libLAPACK.dylib
0x00007ff80f902000 	/System/Library/Frameworks/Accelerate.framework/Versions/A/Frameworks/vecLib.framework/Versions/A/libLinearAlgebra.dylib
0x00007ff8104ac000 	/System/Library/Frameworks/Accelerate.framework/Versions/A/Frameworks/vecLib.framework/Versions/A/libSparseBLAS.dylib
0x00007ff81059f000 	/System/Library/Frameworks/Accelerate.framework/Versions/A/Frameworks/vecLib.framework/Versions/A/libQuadrature.dylib
0x00007ff80eb4e000 	/System/Library/Frameworks/Accelerate.framework/Versions/A/Frameworks/vecLib.framework/Versions/A/libBNNS.dylib
0x00007ff805f9b000 	/System/Library/Frameworks/Accelerate.framework/Versions/A/Frameworks/vecLib.framework/Versions/A/libSparse.dylib
0x00007ff80eb47000 	/System/Library/PrivateFrameworks/LinguisticData.framework/Versions/A/LinguisticData
0x00007ff805f50000 	/System/Library/PrivateFrameworks/Lexicon.framework/Versions/A/Lexicon
0x00007ff810a5d000 	/usr/lib/libChineseTokenizer.dylib
0x00007ff8066b4000 	/System/Library/PrivateFrameworks/LanguageModeling.framework/Versions/A/LanguageModeling
0x00007ff810470000 	/System/Library/PrivateFrameworks/AppleSauce.framework/Versions/A/AppleSauce
0x00007ff80f4af000 	/System/Library/PrivateFrameworks/CoreEmoji.framework/Versions/A/CoreEmoji
0x00007ff810370000 	/usr/lib/libcmph.dylib
0x00007ff80cadd000 	/System/Library/Frameworks/OpenDirectory.framework/Versions/A/Frameworks/CFOpenDirectory.framework/Versions/A/CFOpenDirectory
0x00007ff80cad1000 	/System/Library/Frameworks/OpenDirectory.framework/Versions/A/OpenDirectory
0x00007ff8109b6000 	/System/Library/PrivateFrameworks/APFS.framework/Versions/A/APFS
0x00007ff80f7d0000 	/System/Library/Frameworks/SecurityFoundation.framework/Versions/A/SecurityFoundation
0x00007ff810a31000 	/usr/lib/libutil.dylib
0x00007ff807d8d000 	/System/Library/PrivateFrameworks/CoreServicesStore.framework/Versions/A/CoreServicesStore
0x00007ff810a35000 	/usr/lib/libxslt.1.dylib
0x00007ff80f85d000 	/System/Library/PrivateFrameworks/BackgroundTaskManagement.framework/Versions/A/BackgroundTaskManagement
0x00007ff811ea5000 	/System/Library/Frameworks/ImageIO.framework/Versions/A/Resources/libRadiance.dylib
0x00007ff811eae000 	/System/Library/Frameworks/ImageIO.framework/Versions/A/Resources/libJPEG.dylib
0x00007ff811dfe000 	/System/Library/Frameworks/ImageIO.framework/Versions/A/Resources/libPng.dylib
0x00007ff811e1f000 	/System/Library/Frameworks/ImageIO.framework/Versions/A/Resources/libTIFF.dylib
0x00007ff811f0e000 	/System/Library/Frameworks/ImageIO.framework/Versions/A/Resources/libGIF.dylib
0x00007ff81172f000 	/System/Library/Frameworks/ImageIO.framework/Versions/A/Resources/libJP2.dylib
0x00007ff810e71000 	/usr/lib/libexpat.1.dylib
0x00007ff8116e4000 	/System/Library/PrivateFrameworks/AppleJPEG.framework/Versions/A/AppleJPEG
0x00007ff80dfa7000 	/System/Library/PrivateFrameworks/FontServices.framework/libFontParser.dylib
0x00007ff80bb0e000 	/System/Library/PrivateFrameworks/RunningBoardServices.framework/Versions/A/RunningBoardServices
0x00007ff81c611000 	/System/Library/PrivateFrameworks/IOSurfaceAccelerator.framework/Versions/A/IOSurfaceAccelerator
0x00007ff811812000 	/System/Library/PrivateFrameworks/WatchdogClient.framework/Versions/A/WatchdogClient
0x00007ff8067a3000 	/System/Library/Frameworks/CoreDisplay.framework/Versions/A/CoreDisplay
0x00007ff80dea7000 	/System/Library/Frameworks/CoreMedia.framework/Versions/A/CoreMedia
0x00007ff80dd44000 	/System/Library/PrivateFrameworks/IOAccelerator.framework/Versions/A/IOAccelerator
0x00007ff80cc59000 	/System/Library/Frameworks/CoreVideo.framework/Versions/A/CoreVideo
0x00007ff8104c2000 	/System/Library/Frameworks/MetalPerformanceShaders.framework/Versions/A/MetalPerformanceShaders
0x00007ff81184d000 	/System/Library/Frameworks/VideoToolbox.framework/Versions/A/VideoToolbox
0x00007ff80ba56000 	/System/Library/PrivateFrameworks/BaseBoard.framework/Versions/A/BaseBoard
0x00007ff80b7e3000 	/System/Library/PrivateFrameworks/ProtocolBuffer.framework/Versions/A/ProtocolBuffer
0x00007ff811e9e000 	/System/Library/PrivateFrameworks/GPUWrangler.framework/Versions/A/GPUWrangler
0x00007ff811e81000 	/System/Library/PrivateFrameworks/IOPresentment.framework/Versions/A/IOPresentment
0x00007ff811ea8000 	/System/Library/PrivateFrameworks/DSExternalDisplay.framework/Versions/A/DSExternalDisplay
0x00007ffa1ce56000 	/System/Library/Frameworks/OpenGL.framework/Versions/A/Libraries/libCoreFSCache.dylib
0x00007ffb08f4a000 	/System/Library/PrivateFrameworks/GPUCompiler.framework/Versions/31001/Libraries/libGPUCompilerUtils.dylib
0x00007ff811f13000 	/System/Library/PrivateFrameworks/CMCaptureCore.framework/Versions/A/CMCaptureCore
0x00007ff81141d000 	/System/Library/PrivateFrameworks/AppServerSupport.framework/Versions/A/AppServerSupport
0x00007ff8135ee000 	/System/Library/PrivateFrameworks/perfdata.framework/Versions/A/perfdata
0x00007ff8068cf000 	/System/Library/PrivateFrameworks/AudioToolboxCore.framework/Versions/A/AudioToolboxCore
0x00007ff80de84000 	/System/Library/PrivateFrameworks/caulk.framework/Versions/A/caulk
0x00007ff812f1b000 	/usr/lib/libAudioStatistics.dylib
0x00007ff90a160000 	/System/Library/PrivateFrameworks/SystemPolicy.framework/Versions/A/SystemPolicy
0x00007ff813167000 	/usr/lib/libSMC.dylib
0x00007ff81bf53000 	/System/Library/Frameworks/CoreMIDI.framework/Versions/A/CoreMIDI
0x00007ff811dce000 	/usr/lib/libAudioToolboxUtility.dylib
0x00007ff9065e8000 	/System/Library/PrivateFrameworks/OSAServicesClient.framework/Versions/A/OSAServicesClient
0x00007ff8135fb000 	/usr/lib/libperfcheck.dylib
0x00007ff90abec000 	/usr/lib/libmis.dylib
0x00007ffa1ceb2000 	/System/Library/Frameworks/OpenGL.framework/Versions/A/Libraries/libGLU.dylib
0x00007ffa1ce75000 	/System/Library/Frameworks/OpenGL.framework/Versions/A/Libraries/libGFXShared.dylib
0x00007ffa1d083000 	/System/Library/Frameworks/OpenGL.framework/Versions/A/Libraries/libGL.dylib
0x00007ffa1ce7e000 	/System/Library/Frameworks/OpenGL.framework/Versions/A/Libraries/libGLImage.dylib
0x00007ffa1ce72000 	/System/Library/Frameworks/OpenGL.framework/Versions/A/Libraries/libCVMSPluginSupport.dylib
0x00007ffa1ce5d000 	/System/Library/Frameworks/OpenGL.framework/Versions/A/Libraries/libCoreVMClient.dylib
0x00007ff80e9e2000 	/System/Library/Frameworks/MetalPerformanceShaders.framework/Versions/A/Frameworks/MPSCore.framework/Versions/A/MPSCore
0x00007ff80fe61000 	/System/Library/Frameworks/MetalPerformanceShaders.framework/Versions/A/Frameworks/MPSImage.framework/Versions/A/MPSImage
0x00007ff80f918000 	/System/Library/Frameworks/MetalPerformanceShaders.framework/Versions/A/Frameworks/MPSNeuralNetwork.framework/Versions/A/MPSNeuralNetwork
0x00007ff80fd8d000 	/System/Library/Frameworks/MetalPerformanceShaders.framework/Versions/A/Frameworks/MPSMatrix.framework/Versions/A/MPSMatrix
0x00007ff80fb49000 	/System/Library/Frameworks/MetalPerformanceShaders.framework/Versions/A/Frameworks/MPSRayIntersector.framework/Versions/A/MPSRayIntersector
0x00007ff80fdc6000 	/System/Library/Frameworks/MetalPerformanceShaders.framework/Versions/A/Frameworks/MPSNDArray.framework/Versions/A/MPSNDArray
0x00007ffa21a5b000 	/System/Library/Frameworks/MetalPerformanceShaders.framework/Versions/A/Frameworks/MPSFunctions.framework/Versions/A/MPSFunctions
0x00007ff805bd1000 	/System/Library/PrivateFrameworks/MetalTools.framework/Versions/A/MetalTools
0x00007ff80ea5c000 	/System/Library/PrivateFrameworks/AggregateDictionary.framework/Versions/A/AggregateDictionary
0x00007ff810c53000 	/usr/lib/libIOReport.dylib
0x00007ffa1e492000 	/System/Library/Frameworks/OpenCL.framework/Versions/A/OpenCL
0x00007ff810fb7000 	/System/Library/PrivateFrameworks/FaceCore.framework/Versions/A/FaceCore
0x00007ff810fa8000 	/System/Library/PrivateFrameworks/GraphVisualizer.framework/Versions/A/GraphVisualizer
0x00007ffb08e55000 	/System/Library/PrivateFrameworks/FontServices.framework/Versions/A/FontServices
0x00007ff8113d4000 	/System/Library/PrivateFrameworks/OTSVG.framework/Versions/A/OTSVG
0x00007ff80c841000 	/System/Library/Frameworks/ApplicationServices.framework/Versions/A/Frameworks/ATS.framework/Versions/A/Resources/libFontRegistry.dylib
0x00007ff811425000 	/System/Library/PrivateFrameworks/FontServices.framework/libhvf.dylib
0x00007ffb08e56000 	/System/Library/PrivateFrameworks/FontServices.framework/libXTFontStaticRegistryData.dylib
0x00007ff810e21000 	/System/Library/PrivateFrameworks/AppleVA.framework/Versions/A/AppleVA
0x00007ff812f3b000 	/System/Library/Frameworks/ApplicationServices.framework/Versions/A/Frameworks/ATS.framework/Versions/A/ATS
0x00007ff80af14000 	/System/Library/Frameworks/ApplicationServices.framework/Versions/A/Frameworks/HIServices.framework/Versions/A/HIServices
0x00007ff811f1d000 	/System/Library/Frameworks/ApplicationServices.framework/Versions/A/Frameworks/PrintCore.framework/Versions/A/PrintCore
0x00007ff8132ba000 	/System/Library/Frameworks/ApplicationServices.framework/Versions/A/Frameworks/QD.framework/Versions/A/QD
0x00007ff8132b2000 	/System/Library/Frameworks/ApplicationServices.framework/Versions/A/Frameworks/ColorSyncLegacy.framework/Versions/A/ColorSyncLegacy
0x00007ff812f2b000 	/System/Library/Frameworks/ApplicationServices.framework/Versions/A/Frameworks/SpeechSynthesis.framework/Versions/A/SpeechSynthesis
0x00007ff811ede000 	/System/Library/Frameworks/ApplicationServices.framework/Versions/A/Frameworks/ATSUI.framework/Versions/A/ATSUI
0x00007ff813247000 	/usr/lib/libcups.2.dylib
0x00007ff81360a000 	/System/Library/Frameworks/Kerberos.framework/Versions/A/Kerberos
0x00007ff813619000 	/System/Library/Frameworks/GSS.framework/Versions/A/GSS
0x00007ff812fa7000 	/usr/lib/libresolv.9.dylib
0x00007ff811434000 	/System/Library/PrivateFrameworks/Heimdal.framework/Versions/A/Heimdal
0x00007ff81a0bd000 	/System/Library/Frameworks/Kerberos.framework/Versions/A/Libraries/libHeimdalProxy.dylib
0x00007ff80bbe3000 	/System/Library/Frameworks/Network.framework/Versions/A/Network
0x00007ff810e8b000 	/usr/lib/libheimdal-asn1.dylib
0x00007ff813664000 	/System/Library/PrivateFrameworks/CommonAuth.framework/Versions/A/CommonAuth
0x00007ff812eac000 	/System/Library/PrivateFrameworks/AudioSession.framework/Versions/A/AudioSession
0x00007ff810f1b000 	/System/Library/PrivateFrameworks/MediaExperience.framework/Versions/A/MediaExperience
0x00007ff812d40000 	/System/Library/PrivateFrameworks/AudioSession.framework/libSessionUtility.dylib
0x00007ff8132c6000 	/System/Library/PrivateFrameworks/AudioResourceArbitration.framework/Versions/A/AudioResourceArbitration
0x00007ff810e94000 	/System/Library/PrivateFrameworks/IconFoundation.framework/Versions/A/IconFoundation
0x00007ff8160a0000 	/System/Library/PrivateFrameworks/SpeechRecognitionCore.framework/Versions/A/SpeechRecognitionCore
0x000000010be91000 	/Library/Java/JavaVirtualMachines/temurin-17.jdk/Contents/Home/lib/server/libjvm.dylib
0x000000010ad75000 	/Library/Java/JavaVirtualMachines/temurin-17.jdk/Contents/Home/lib/libjimage.dylib
0x000000010adc3000 	/Library/Java/JavaVirtualMachines/temurin-17.jdk/Contents/Home/lib/libjdwp.dylib
0x000000010ae06000 	/Library/Java/JavaVirtualMachines/temurin-17.jdk/Contents/Home/lib/libjava.dylib
0x000000010bc81000 	/Library/Java/JavaVirtualMachines/temurin-17.jdk/Contents/Home/lib/libnio.dylib
0x000000010bcb0000 	/Library/Java/JavaVirtualMachines/temurin-17.jdk/Contents/Home/lib/libnet.dylib
0x000000010bc96000 	/Library/Java/JavaVirtualMachines/temurin-17.jdk/Contents/Home/lib/libzip.dylib
0x000000010bca4000 	/Library/Java/JavaVirtualMachines/temurin-17.jdk/Contents/Home/lib/libdt_socket.dylib
0x000000010bcca000 	/Users/sidhantmathur/Downloads/javafx-sdk-17.0.1/lib/libprism_es2.dylib
0x00007ff807d4e000 	/System/Library/PrivateFrameworks/CoreServicesInternal.framework/Versions/A/CoreServicesInternal
0x00007ffa1d08e000 	/System/Library/Frameworks/OpenGL.framework/Versions/A/Resources/GLEngine.bundle/GLEngine
0x00007ffa1cef0000 	/System/Library/Frameworks/OpenGL.framework/Versions/A/Libraries/libGLProgrammability.dylib
0x00007ffa14bc4000 	/System/Library/Extensions/AppleIntelBDWGraphicsGLDriver.bundle/Contents/MacOS/AppleIntelBDWGraphicsGLDriver
0x00007ff9149d5000 	/System/Library/PrivateFrameworks/GPUSupport.framework/Versions/A/Libraries/libGPUSupportMercury.dylib
0x00007ffa1d21d000 	/System/Library/Frameworks/OpenGL.framework/Versions/A/Resources/GLRendererFloat.bundle/GLRendererFloat
0x000000010d36c000 	/Users/sidhantmathur/Downloads/javafx-sdk-17.0.1/lib/libglass.dylib
0x00007ff817871000 	/System/Library/Frameworks/FileProvider.framework/Versions/A/FileProvider
0x00007ff80b9c2000 	/System/Library/Frameworks/Accounts.framework/Versions/A/Accounts
0x00007ff8179e9000 	/System/Library/PrivateFrameworks/GenerationalStorage.framework/Versions/A/GenerationalStorage
0x00007ff8184f6000 	/System/Library/PrivateFrameworks/CoreSymbolication.framework/Versions/A/CoreSymbolication
0x00007ff817275000 	/System/Library/PrivateFrameworks/SymptomDiagnosticReporter.framework/Versions/A/SymptomDiagnosticReporter
0x00007ff80900d000 	/System/Library/PrivateFrameworks/DesktopServicesPriv.framework/Versions/A/DesktopServicesPriv
0x00007ff807e8f000 	/usr/lib/libsandbox.1.dylib
0x00007ff80ccd7000 	/System/Library/PrivateFrameworks/UserManagement.framework/Versions/A/UserManagement
0x00007ff8184bb000 	/System/Library/PrivateFrameworks/DebugSymbols.framework/Versions/A/DebugSymbols
0x00007ff8132a7000 	/System/Library/PrivateFrameworks/NetAuth.framework/Versions/A/NetAuth
0x00007ff814193000 	/System/Library/PrivateFrameworks/Sharing.framework/Versions/A/Sharing
0x00007ff80ccaa000 	/System/Library/PrivateFrameworks/login.framework/Versions/A/Frameworks/loginsupport.framework/Versions/A/loginsupport
0x00007ff8195f3000 	/System/Library/PrivateFrameworks/Apple80211.framework/Versions/A/Apple80211
0x00007ff80ff46000 	/System/Library/PrivateFrameworks/AuthKit.framework/Versions/A/AuthKit
0x00007ff80f5a5000 	/System/Library/PrivateFrameworks/CoreUtils.framework/Versions/A/CoreUtils
0x00007ff80f4cc000 	/System/Library/Frameworks/CoreWLAN.framework/Versions/A/CoreWLAN
0x00007ff8142ee000 	/System/Library/Frameworks/IOBluetooth.framework/Versions/A/IOBluetooth
0x00007ff81965b000 	/System/Library/PrivateFrameworks/CoreWiFi.framework/Versions/A/CoreWiFi
0x00007ff818090000 	/System/Library/PrivateFrameworks/FrontBoardServices.framework/Versions/A/FrontBoardServices
0x00007ff818122000 	/System/Library/PrivateFrameworks/BoardServices.framework/Versions/A/BoardServices
0x00007ff80f7bf000 	/System/Library/PrivateFrameworks/AssertionServices.framework/Versions/A/AssertionServices
0x00007ff8197df000 	/System/Library/PrivateFrameworks/BackBoardServices.framework/Versions/A/BackBoardServices
0x00007ff8136f3000 	/System/Library/PrivateFrameworks/CorePhoneNumbers.framework/Versions/A/CorePhoneNumbers
0x00007ff817392000 	/System/Library/PrivateFrameworks/DiskManagement.framework/Versions/A/DiskManagement
0x00007ff8172a6000 	/System/Library/PrivateFrameworks/AppleIDAuthSupport.framework/Versions/A/AppleIDAuthSupport
0x00007ffa239c1000 	/System/Library/PrivateFrameworks/AAAFoundation.framework/Versions/A/AAAFoundation
0x00007ff8136d4000 	/System/Library/PrivateFrameworks/KeychainCircle.framework/Versions/A/KeychainCircle
0x00007ff81735e000 	/System/Library/PrivateFrameworks/MediaKit.framework/Versions/A/MediaKit
0x00007ff8172b2000 	/System/Library/Frameworks/DiscRecording.framework/Versions/A/DiscRecording
0x00007ff810d99000 	/usr/lib/libCoreStorage.dylib
0x00007ff819acc000 	/usr/lib/libcsfde.dylib
0x00007ff8143bb000 	/System/Library/PrivateFrameworks/ProtectedCloudStorage.framework/Versions/A/ProtectedCloudStorage
0x00007ff819ac8000 	/System/Library/PrivateFrameworks/EFILogin.framework/Versions/A/EFILogin
0x00007ff817a0f000 	/System/Library/PrivateFrameworks/OctagonTrust.framework/Versions/A/OctagonTrust
0x00007ffb0818f000 	/System/Library/PrivateFrameworks/CoreUtilsExtras.framework/Versions/A/CoreUtilsExtras
0x00007ff8171e5000 	/System/Library/Frameworks/CoreBluetooth.framework/Versions/A/CoreBluetooth
0x00007ff81a142000 	/System/Library/Frameworks/AudioUnit.framework/Versions/A/AudioUnit
0x00007ff810d91000 	/usr/lib/libMatch.1.dylib
0x00007ff90efbf000 	/System/Library/Frameworks/Accelerate.framework/Versions/A/Frameworks/vImage.framework/Versions/A/Libraries/libCGInterfaces.dylib
0x000000010dd0b000 	/usr/lib/libobjc-trampolines.dylib
0x00007ff80c9d1000 	/System/Library/PrivateFrameworks/ViewBridge.framework/Versions/A/ViewBridge


VM Arguments:
jvm_args: -agentlib:jdwp=transport=dt_socket,server=n,suspend=y,address=localhost:55376 --module-path=/Users/sidhantmathur/Downloads/javafx-sdk-17.0.1/lib --add-modules=javafx.controls,javafx.fxml --enable-preview -XX:+ShowCodeDetailsInExceptionMessages 
java_command: App
java_class_path (initial): /Users/sidhantmathur/Documents/Will_Hero_VSCode/bin:/Users/sidhantmathur/Downloads/javafx-sdk-17.0.1/lib/javafx.swing.jar:/Users/sidhantmathur/Downloads/javafx-sdk-17.0.1/lib/javafx.controls.jar:/Users/sidhantmathur/Downloads/javafx-sdk-17.0.1/lib/javafx.base.jar:/Users/sidhantmathur/Downloads/javafx-sdk-17.0.1/lib/javafx.graphics.jar:/Users/sidhantmathur/Downloads/javafx-sdk-17.0.1/lib/javafx-swt.jar:/Users/sidhantmathur/Downloads/javafx-sdk-17.0.1/lib/javafx.web.jar:/Users/sidhantmathur/Downloads/javafx-sdk-17.0.1/lib/javafx.media.jar:/Users/sidhantmathur/Downloads/javafx-sdk-17.0.1/lib/javafx.fxml.jar
Launcher Type: SUN_STANDARD

[Global flags]
     intx CICompilerCount                          = 3                                         {product} {ergonomic}
     uint ConcGCThreads                            = 1                                         {product} {ergonomic}
     uint G1ConcRefinementThreads                  = 4                                         {product} {ergonomic}
   size_t G1HeapRegionSize                         = 1048576                                   {product} {ergonomic}
    uintx GCDrainStackTargetSize                   = 64                                        {product} {ergonomic}
   size_t InitialHeapSize                          = 134217728                                 {product} {ergonomic}
   size_t MarkStackSize                            = 4194304                                   {product} {ergonomic}
   size_t MaxHeapSize                              = 2147483648                                {product} {ergonomic}
   size_t MaxNewSize                               = 1287651328                                {product} {ergonomic}
   size_t MinHeapDeltaBytes                        = 1048576                                   {product} {ergonomic}
   size_t MinHeapSize                              = 8388608                                   {product} {ergonomic}
    uintx NonNMethodCodeHeapSize                   = 5832780                                {pd product} {ergonomic}
    uintx NonProfiledCodeHeapSize                  = 122912730                              {pd product} {ergonomic}
    uintx ProfiledCodeHeapSize                     = 122912730                              {pd product} {ergonomic}
    uintx ReservedCodeCacheSize                    = 251658240                              {pd product} {ergonomic}
     bool SegmentedCodeCache                       = true                                      {product} {ergonomic}
     bool ShowCodeDetailsInExceptionMessages       = true                                   {manageable} {command line}
   size_t SoftMaxHeapSize                          = 2147483648                             {manageable} {ergonomic}
     bool UseCompressedClassPointers               = true                           {product lp64_product} {ergonomic}
     bool UseCompressedOops                        = true                           {product lp64_product} {ergonomic}
     bool UseG1GC                                  = true                                      {product} {ergonomic}
     bool UseNUMA                                  = false                                     {product} {ergonomic}
     bool UseNUMAInterleaving                      = false                                     {product} {ergonomic}

Logging:
Log output configuration:
 #0: stdout all=warning uptime,level,tags
 #1: stderr all=off uptime,level,tags

Environment Variables:
PATH=/usr/local/bin:/usr/bin:/bin:/usr/sbin:/sbin
SHELL=/bin/zsh
LANG=en_GB.UTF-8

Signal Handlers:
   SIGSEGV: _ZL13crash_handleriP9__siginfoPv in libjvm.dylib, mask=11100110000111110111111111111111, flags=SA_RESTART|SA_SIGINFO
    SIGBUS: _ZL13crash_handleriP9__siginfoPv in libjvm.dylib, mask=11100110000111110111111111111111, flags=SA_RESTART|SA_SIGINFO
    SIGFPE: _ZL13crash_handleriP9__siginfoPv in libjvm.dylib, mask=11100110000111110111111111111111, flags=SA_RESTART|SA_SIGINFO
   SIGPIPE: _ZL17javaSignalHandleriP9__siginfoPv in libjvm.dylib, mask=11100110000111110111111111111111, flags=SA_RESTART|SA_SIGINFO
   SIGXFSZ: _ZL17javaSignalHandleriP9__siginfoPv in libjvm.dylib, mask=11100110000111110111111111111111, flags=SA_RESTART|SA_SIGINFO
    SIGILL: _ZL13crash_handleriP9__siginfoPv in libjvm.dylib, mask=11100110000111110111111111111111, flags=SA_RESTART|SA_SIGINFO
   SIGUSR2: _ZL10SR_handleriP9__siginfoP17__darwin_ucontext in libjvm.dylib, mask=00000000000000000000000000000000, flags=SA_RESTART|SA_SIGINFO
    SIGHUP: _ZL11UserHandleriPvS_ in libjvm.dylib, mask=11100110000111110111111111111111, flags=SA_RESTART|SA_SIGINFO
    SIGINT: _ZL11UserHandleriPvS_ in libjvm.dylib, mask=11100110000111110111111111111111, flags=SA_RESTART|SA_SIGINFO
   SIGTERM: _ZL11UserHandleriPvS_ in libjvm.dylib, mask=11100110000111110111111111111111, flags=SA_RESTART|SA_SIGINFO
   SIGQUIT: _ZL11UserHandleriPvS_ in libjvm.dylib, mask=11100110000111110111111111111111, flags=SA_RESTART|SA_SIGINFO
   SIGTRAP: _ZL13crash_handleriP9__siginfoPv in libjvm.dylib, mask=11100110000111110111111111111111, flags=SA_RESTART|SA_SIGINFO


---------------  S Y S T E M  ---------------

OS:
uname: Darwin 21.1.0 Darwin Kernel Version 21.1.0: Wed Oct 13 17:33:23 PDT 2021; root:xnu-8019.41.5~1/RELEASE_X86_64 x86_64
OS uptime: 6 days 0:25 hours
rlimit (soft/hard): STACK 8192k/65532k , CORE 0k/infinity , NPROC 1392/2088 , NOFILE 10240/infinity , AS infinity/infinity , CPU infinity/infinity , DATA infinity/infinity , FSIZE infinity/infinity , MEMLOCK infinity/infinity , RSS infinity/infinity
load average: 2.61 3.01 3.16

CPU: total 4 (initial active 4) (2 cores per cpu, 2 threads per core) family 6 model 61 stepping 4 microcode 0x2f, cx8, cmov, fxsr, ht, mmx, 3dnowpref, sse, sse2, sse3, ssse3, sse4.1, sse4.2, popcnt, lzcnt, tsc, tscinvbit, avx, avx2, aes, erms, clmul, bmi1, bmi2, adx, fma, vzeroupper, clflush

Memory: 4k page, physical 8388608k(831744k free), swap 3145728k(1367808k free)

vm_info: OpenJDK 64-Bit Server VM (17.0.1+12) for bsd-amd64 JRE (17.0.1+12), built on Oct 20 2021 13:44:50 by "jenkins" with clang 4.2.1 Compatible Apple LLVM 10.0.1 (clang-1001.0.46.4)

END.
