#
# A fatal error has been detected by the Java Runtime Environment:
#
#  SIGSEGV (0xb) at pc=0x0000000102466f30, pid=43260, tid=259
#
# JRE version: OpenJDK Runtime Environment Temurin-17.0.1+12 (17.0.1+12) (build 17.0.1+12)
# Java VM: OpenJDK 64-Bit Server VM Temurin-17.0.1+12 (17.0.1+12, mixed mode, sharing, tiered, compressed oops, compressed class ptrs, g1 gc, bsd-amd64)
# Problematic frame:
# V  [libjvm.dylib+0xa59f30]  SystemDictionary::resolve_instance_class_or_null(Symbol*, Handle, Handle, JavaThread*)+0x170
#
# No core dump will be written. Core dumps have been disabled. To enable core dumping, try "ulimit -c unlimited" before starting Java again
#
# If you would like to submit a bug report, please visit:
#   https://github.com/adoptium/adoptium-support/issues
#

---------------  S U M M A R Y ------------

Command Line: -agentlib:jdwp=transport=dt_socket,server=n,suspend=y,address=localhost:59362 --module-path=/Users/sidhantmathur/Downloads/javafx-sdk-17.0.1/lib --add-modules=javafx.controls,javafx.fxml --enable-preview -XX:+ShowCodeDetailsInExceptionMessages App

Host: "MacBookAir7,2" x86_64 1600 MHz, 4 cores, 8G, Darwin 21.1.0, macOS 10.16 (21A559)
Time: Sat Dec 18 18:57:03 2021 IST elapsed time: 0.813805 seconds (0d 0h 0m 0s)

---------------  T H R E A D  ---------------

Current thread (0x00007fe4a1081a00):  JavaThread "Thread-1" [_thread_in_vm, id=259, stack(0x00007ff7bef56000,0x00007ff7bf756000)]

Stack: [0x00007ff7bef56000,0x00007ff7bf756000],  sp=0x00007ff7bf752540,  free space=8177k
Native frames: (J=compiled Java code, j=interpreted, Vv=VM code, C=native code)
V  [libjvm.dylib+0xa59f30]  SystemDictionary::resolve_instance_class_or_null(Symbol*, Handle, Handle, JavaThread*)+0x170
V  [libjvm.dylib+0xa5989f]  SystemDictionary::resolve_or_fail(Symbol*, Handle, Handle, bool, JavaThread*)+0x6f
V  [libjvm.dylib+0x5b5b22]  JVM_FindClassFromCaller+0x232
C  [libjava.dylib+0x1335]  Java_java_lang_Class_forName0+0x185
j  java.lang.Class.forName0(Ljava/lang/String;ZLjava/lang/ClassLoader;Ljava/lang/Class;)Ljava/lang/Class;+0 java.base@17.0.1
j  java.lang.Class.forName(Ljava/lang/String;ZLjava/lang/ClassLoader;)Ljava/lang/Class;+43 java.base@17.0.1
v  ~StubRoutines::call_stub
V  [libjvm.dylib+0x519896]  JavaCalls::call_helper(JavaValue*, methodHandle const&, JavaCallArguments*, JavaThread*)+0x2b6
V  [libjvm.dylib+0x57d038]  jni_invoke_static(JNIEnv_*, JavaValue*, _jobject*, JNICallType, _jmethodID*, JNI_ArgumentPusher*, JavaThread*)+0x158
V  [libjvm.dylib+0x57d958]  jni_CallStaticObjectMethod+0x198
C  [libglass.dylib+0x27052]  +[GlassHelper ClassForName:withEnv:]+0xf2
C  [libglass.dylib+0x9651]  -[GlassApplication application:openFiles:]+0x121
C  [AppKit+0x4671eb]  -[NSApplication _doOpenFile:ok:tryTemp:]+0x10b
C  [AppKit+0x2fcd4]  -[NSApplication finishLaunching]+0x81b
C  [AppKit+0x2f209]  -[NSApplication run]+0xfa
C  [libglass.dylib+0xa2a5]  -[GlassApplication runLoop:]+0x795
C  [Foundation+0x81d63]  __NSThreadPerformPerform+0xb3
C  [CoreFoundation+0x8084d]  __CFRUNLOOP_IS_CALLING_OUT_TO_A_SOURCE0_PERFORM_FUNCTION__+0x11
C  [CoreFoundation+0x807b5]  __CFRunLoopDoSource0+0xb4
C  [CoreFoundation+0x80534]  __CFRunLoopDoSources0+0xf2
C  [CoreFoundation+0x7ef6b]  __CFRunLoopRun+0x37d
C  [CoreFoundation+0x7e52d]  CFRunLoopRunSpecific+0x233
C  [libjli.dylib+0x6e82]  CreateExecutionEnvironment+0x192
C  [libjli.dylib+0x26a8]  JLI_Launch+0x5d8
C  [java+0xc0e]  main+0x19e
C  0x00000001054fa4fe
C  0x0000000000000000

Java frames: (J=compiled Java code, j=interpreted, Vv=VM code)
j  java.lang.Class.forName0(Ljava/lang/String;ZLjava/lang/ClassLoader;Ljava/lang/Class;)Ljava/lang/Class;+0 java.base@17.0.1
j  java.lang.Class.forName(Ljava/lang/String;ZLjava/lang/ClassLoader;)Ljava/lang/Class;+43 java.base@17.0.1
v  ~StubRoutines::call_stub

siginfo: si_signo: 11 (SIGSEGV), si_code: 1 (SEGV_MAPERR), si_addr: 0x0000000000000056

Register to memory mapping:

RAX=0xfffffffffffffffe is an unknown value
RBX=0x0000600001984700 points into unknown readable memory: 0x0000000000000002 | 02 00 00 00 00 00 00 00
RCX=0x0000000000000006 is an unknown value
RDX=0x0000000800000000 is pointing into metadata
RSP=0x00007ff7bf752540 is pointing into the stack for thread: 0x00007fe4a1081a00
RBP=0x00007ff7bf752640 is pointing into the stack for thread: 0x00007fe4a1081a00
RSI=0x0000000800080940 is a pointer to class: 
jdk.internal.loader.ClassLoaders$AppClassLoader {0x0000000800080940}
 - instance size:     13
 - klass size:        104
 - access:            synchronized 
 - state:             fully_initialized
 - name:              'jdk/internal/loader/ClassLoaders$AppClassLoader'
 - super:             'jdk/internal/loader/BuiltinClassLoader'
 - sub:               
 - arrays:            NULL
 - methods:           Array<T>(0x00000008006568b8)
 - method ordering:   Array<T>(0x0000000800656a08)
 - default_methods:   Array<T>(0x0000000000000000)
 - local interfaces:  Array<T>(0x00000008005c0440)
 - trans. interfaces: Array<T>(0x00000008005c0440)
 - constants:         constant pool [119] {0x00000008006540b8} for 'jdk/internal/loader/ClassLoaders$AppClassLoader' cache=0x0000000800080d58
 - class loader data:  loader data: 0x0000600003dcc500 of 'bootstrap'
 - source file:       'ClassLoaders.java'
 - class annotations:       Array<T>(0x0000000000000000)
 - class type annotations:  Array<T>(0x0000000000000000)
 - field annotations:       Array<T>(0x0000000000000000)
 - field type annotations:  Array<T>(0x0000000000000000)
 - inner classes:     Array<T>(0x00000008006568a0)
 - nest members:     Array<T>(0x00000008005c03d0)
 - permitted subclasses:     Array<T>(0x00000008005c03d0)
 - java mirror:       a 'java/lang/Class'{0x00000007ffe03d70} = 'jdk/internal/loader/ClassLoaders$AppClassLoader'
 - vtable length      43  (start addr: 0x0000000800080b10)
 - itable length      2 (start addr: 0x0000000800080c68)
 - ---- static fields (0 words):
 - ---- non-static fields (23 words):
 - private 'defaultAssertionStatus' 'Z' @12 
 - private final 'parent' 'Ljava/lang/ClassLoader;' @24 
 - private final 'name' 'Ljava/lang/String;' @28 
 - private final 'unnamedModule' 'Ljava/lang/Module;' @32 
 - private final 'nameAndId' 'Ljava/lang/String;' @36 
 - private final 'parallelLockMap' 'Ljava/util/concurrent/ConcurrentHashMap;' @40 
 - private final 'package2certs' 'Ljava/util/concurrent/ConcurrentHashMap;' @44 
 - private final 'classes' 'Ljava/util/ArrayList;' @48 
 - private final 'defaultDomain' 'Ljava/security/ProtectionDomain;' @52 
 - private final 'packages' 'Ljava/util/concurrent/ConcurrentHashMap;' @56 
 - private final 'libraries' 'Ljdk/internal/loader/NativeLibraries;' @60 
 - final 'assertionLock' 'Ljava/lang/Object;' @64 
 - private 'packageAssertionStatus' 'Ljava/util/Map;' @68 
 - 'classAssertionStatus' 'Ljava/util/Map;' @72 
 - private volatile 'classLoaderValueMap' 'Ljava/util/concurrent/ConcurrentHashMap;' @76 
 - private final 'pdcache' 'Ljava/util/Map;' @80 
 - private final 'parent' 'Ljdk/internal/loader/BuiltinClassLoader;' @84 
 - private synchronized 'ucp' 'Ljdk/internal/loader/URLClassPath;' @88 
 - private final 'nameToModule' 'Ljava/util/Map;' @92 
 - private final 'moduleToReader' 'Ljava/util/Map;' @96 
 - private volatile 'resourceCache' 'Ljava/lang/ref/SoftReference;' @100 
 - non-static oop maps: 24-100 
RDI=0x0000000020010f43 is an unknown value
R8 =0x0000000780000000 points into unknown readable memory: 0x0000000000000000 | 00 00 00 00 00 00 00 00
R9 =0x0000000000003000 is an unknown value
R10=0x0 is NULL
R11=0x0 is NULL
R12=0x00006000033c8978 points into unknown readable memory: 0x0000000787f198b0 | b0 98 f1 87 07 00 00 00
R13=0x000000080043d0c8 is pointing into metadata
R14=0x0000000787f198b0 is an oop: jdk.internal.loader.ClassLoaders$AppClassLoader 
{0x0000000787f198b0} - klass: 'jdk/internal/loader/ClassLoaders$AppClassLoader'
 - ---- fields (total size 13 words):
 - private 'defaultAssertionStatus' 'Z' @12  true (a)
 - private final 'parent' 'Ljava/lang/ClassLoader;' @24  a 'java/lang/Class'{0x00000007875e8bd0} = 'com/sun/glass/ui/Screen' (f0ebd17a)
 - private final 'name' 'Ljava/lang/String;' @28  "app"{0x00000007fff0ba60} (fffe174c)
 - private final 'unnamedModule' 'Ljava/lang/Module;' @32  a 'java/lang/Module'{0x0000000787f19a40} (f0fe3348)
 - private final 'nameAndId' 'Ljava/lang/String;' @36  a 'java/lang/invoke/ResolvedMethodName'{0x000000078730b778} (f0e616ef)
 - private final 'parallelLockMap' 'Ljava/util/concurrent/ConcurrentHashMap;' @40  a 'java/util/concurrent/ConcurrentHashMap'{0x0000000787f19a78} (f0fe334f)
 - private final 'package2certs' 'Ljava/util/concurrent/ConcurrentHashMap;' @44  a 'java/util/concurrent/ConcurrentHashMap'{0x0000000787f19ac8} (f0fe3359)
 - private final 'classes' 'Ljava/util/ArrayList;' @48  a 'java/util/ArrayList'{0x0000000787f19918} (f0fe3323)
 - private final 'defaultDomain' 'Ljava/security/ProtectionDomain;' @52  a 'java/security/ProtectionDomain'{0x0000000787f19930} (f0fe3326)
 - private final 'packages' 'Ljava/util/concurrent/ConcurrentHashMap;' @56  a 'java/util/concurrent/ConcurrentHashMap'{0x0000000787f199a0} (f0fe3334)
 - private final 'libraries' 'Ljdk/internal/loader/NativeLibraries;' @60  a 'jdk/internal/loader/NativeLibraries'{0x0000000787f199e0} (f0fe333c)
 - final 'assertionLock' 'Ljava/lang/Object;' @64  a 'java/lang/Object'{0x0000000787f19ab8} (f0fe3357)
 - private 'packageAssertionStatus' 'Ljava/util/Map;' @68  NULL (0)
 - 'classAssertionStatus' 'Ljava/util/Map;' @72  NULL (0)
 - private volatile 'classLoaderValueMap' 'Ljava/util/concurrent/ConcurrentHashMap;' @76  a 'java/util/concurrent/ConcurrentHashMap'{0x0000000787f19eb0} (f0fe33d6)
 - private final 'pdcache' 'Ljava/util/Map;' @80  a 'java/util/concurrent/ConcurrentHashMap'{0x0000000787f19b70} (f0fe336e)
 - private final 'parent' 'Ljdk/internal/loader/BuiltinClassLoader;' @84  a 'jdk/internal/loader/ClassLoaders$PlatformClassLoader'{0x0000000787f180a0} (f0fe3014)
 - private synchronized 'ucp' 'Ljdk/internal/loader/URLClassPath;' @88  a 'jdk/internal/loader/URLClassPath'{0x0000000787f186f8} (f0fe30df)
 - private final 'nameToModule' 'Ljava/util/Map;' @92  a 'java/util/concurrent/ConcurrentHashMap'{0x0000000787f19bb0} (f0fe3376)
 - private final 'moduleToReader' 'Ljava/util/Map;' @96  a 'java/util/concurrent/ConcurrentHashMap'{0x0000000787f19bf0} (f0fe337e)
 - private volatile 'resourceCache' 'Ljava/lang/ref/SoftReference;' @100  NULL (0)
R15=0x00007fe4a1081a00 is a thread


Registers:
RAX=0xfffffffffffffffe, RBX=0x0000600001984700, RCX=0x0000000000000006, RDX=0x0000000800000000
RSP=0x00007ff7bf752540, RBP=0x00007ff7bf752640, RSI=0x0000000800080940, RDI=0x0000000020010f43
R8 =0x0000000780000000, R9 =0x0000000000003000, R10=0x0000000000000000, R11=0x0000000000000000
R12=0x00006000033c8978, R13=0x000000080043d0c8, R14=0x0000000787f198b0, R15=0x00007fe4a1081a00
RIP=0x0000000102466f30, EFLAGS=0x0000000000010202, ERR=0x0000000000000004
  TRAPNO=0x000000000000000e

Top of Stack: (sp=0x00007ff7bf752540)
0x00007ff7bf752540:   0000000000000002 00007fe4a1081a00
0x00007ff7bf752550:   0000600001984700 00006000033c8960
0x00007ff7bf752560:   00006000033c8978 00006000033c8a48
0x00007ff7bf752570:   00000000000000d8 00007ff7bf752970
0x00007ff7bf752580:   00007ff803cc7d20 0000000000000000
0x00007ff7bf752590:   00007ff8441a39b0 00007ff80293db8f
0x00007ff7bf7525a0:   0000000000000000 0000000000000000
0x00007ff7bf7525b0:   00007ff700000000 000000010245e048
0x00007ff7bf7525c0:   0000000000000010 0000000000000010
0x00007ff7bf7525d0:   0000000000000000 0000000083d61705
0x00007ff7bf7525e0:   00007fe4a1081a00 0000000000000000
0x00007ff7bf7525f0:   00006000033c8978 00007ff7bf752700
0x00007ff7bf752600:   00007fe4a1081a00 0000000100000000
0x00007ff7bf752610:   00006000002caeb0 00006000033c8970
0x00007ff7bf752620:   000000080043d0c8 0000000000000000
0x00007ff7bf752630:   0000000000000000 00007fe4a1081a00
0x00007ff7bf752640:   00007ff7bf752680 000000010246689f
0x00007ff7bf752650:   00006000033c8978 0000000787f198b0
0x00007ff7bf752660:   00007fe4a1081a00 0000000000000000
0x00007ff7bf752670:   000000080043d0c8 00006000033c8970
0x00007ff7bf752680:   00007ff7bf7526d0 0000000101fc2b22
0x00007ff7bf752690:   0000000000000010 0000000100000010
0x00007ff7bf7526a0:   0000000000000000 0000000000000010
0x00007ff7bf7526b0:   0000000000000010 00007fe4a1081ca8
0x00007ff7bf7526c0:   00007ff7bf752700 00007ff7bf752860
0x00007ff7bf7526d0:   00007ff7bf7527b0 0000000100983335
0x00007ff7bf7526e0:   0000600000c946c0 0000000000000000
0x00007ff7bf7526f0:   00007ff7bf752850 00000001002caeb0
0x00007ff7bf752700:   6e616c2f6176616a 676e697274532f67
0x00007ff7bf752710:   3b61c734b2f40000 00007ff7bf7527b8
0x00007ff7bf752720:   0000000000000001 00007ff7bf7527a0
0x00007ff7bf752730:   0000000000000000 0000000000000000 

Instructions: (pc=0x0000000102466f30)
0x0000000102466e30:   8c be ac ff 48 85 c0 4c 89 65 c0 75 19 e9 c7 00
0x0000000102466e40:   00 00 31 ff e8 77 be ac ff 48 85 c0 4c 89 65 c0
0x0000000102466e50:   0f 84 b3 00 00 00 49 89 c6 49 8b 9c 24 38 02 00
0x0000000102466e60:   00 4c 8b 63 18 49 83 fc f8 72 18 48 8d 15 fd 72
0x0000000102466e70:   13 00 be 08 00 00 00 48 89 df e8 81 44 70 ff 4c
0x0000000102466e80:   8b 63 18 49 8d 44 24 08 48 3b 43 20 76 6e be 08
0x0000000102466e90:   00 00 00 31 d2 48 89 df e8 93 44 70 ff 49 89 c4
0x0000000102466ea0:   4d 89 34 24 4d 85 e4 74 60 31 f6 4c 89 f7 e8 fd
0x0000000102466eb0:   f1 e3 ff 84 c0 75 26 48 8d 3d c7 e3 19 00 48 8d
0x0000000102466ec0:   15 fc e3 19 00 48 8d 0d 35 e4 19 00 be 23 00 00
0x0000000102466ed0:   00 31 c0 e8 88 6c 90 ff e8 43 fd e4 ff 49 8b 3c
0x0000000102466ee0:   24 e8 6a ba ac ff 48 85 c0 4c 89 65 b0 0f 84 f7
0x0000000102466ef0:   01 00 00 c7 45 c8 00 00 00 00 eb 22 48 89 43 18
0x0000000102466f00:   4d 89 34 24 4d 85 e4 75 a0 48 8d 05 d0 d2 2f 00
0x0000000102466f10:   48 8b 00 b1 01 89 4d c8 31 c9 48 89 4d b0 48 8d
0x0000000102466f20:   0d b7 4a 2c 00 8b 09 83 c1 03 4c 89 ef 48 d3 ef
0x0000000102466f30:   4c 8b 78 58 41 8b 4d 00 49 89 c4 41 8b 55 04 c1
0x0000000102466f40:   e2 08 41 0f b6 75 06 c1 e6 08 45 0f b6 75 07 41
0x0000000102466f50:   09 f6 41 31 d6 41 31 fe 41 0f a4 ce 10 4c 89 ff
0x0000000102466f60:   44 89 f6 4c 89 ea 48 8b 4d 90 e8 a1 86 97 ff 48
0x0000000102466f70:   89 c3 48 85 c0 0f 85 2d 03 00 00 4c 89 7d a0 4c
0x0000000102466f80:   89 65 a8 80 7d c8 00 74 04 31 c0 eb 20 48 8d 05
0x0000000102466f90:   b2 5b 30 00 80 38 00 4c 8b 65 b0 75 0d 49 8b 3c
0x0000000102466fa0:   24 e8 2a bc ac ff 84 c0 75 df 4c 89 e0 48 8b 5d
0x0000000102466fb0:   c0 4d 89 ef 48 8d bd 40 ff ff ff 48 89 85 58 ff
0x0000000102466fc0:   ff ff 48 89 c6 48 89 da e8 83 c9 ff ff 48 8d 05
0x0000000102466fd0:   fc 7c 31 00 4c 8b 28 4d 85 ed 74 0b 4c 89 ef 48
0x0000000102466fe0:   89 de e8 89 b3 e1 ff 48 8b 7d a0 44 89 f6 4c 89
0x0000000102466ff0:   fa e8 da 86 97 ff 48 85 c0 48 89 45 c8 0f 84 fd
0x0000000102467000:   00 00 00 48 89 c2 31 f6 45 31 e4 4c 89 7d b8 4d
0x0000000102467010:   85 ed 74 12 4c 89 ef 48 89 f3 e8 11 b5 e1 ff 48
0x0000000102467020:   89 de 48 8b 55 c8 45 84 e4 4c 8b 6d c0 4c 8b 7d 


Stack slot to memory mapping:
stack at sp + 0 slots: 0x0000000000000002 is an unknown value
stack at sp + 1 slots: 0x00007fe4a1081a00 is a thread
stack at sp + 2 slots: 0x0000600001984700 points into unknown readable memory: 0x0000000000000002 | 02 00 00 00 00 00 00 00
stack at sp + 3 slots: 0x00006000033c8960 points into unknown readable memory: 0x0000000000000000 | 00 00 00 00 00 00 00 00
stack at sp + 4 slots: 0x00006000033c8978 points into unknown readable memory: 0x0000000787f198b0 | b0 98 f1 87 07 00 00 00
stack at sp + 5 slots: 0x00006000033c8a48 points into unknown readable memory: 0x0000000000000000 | 00 00 00 00 00 00 00 00
stack at sp + 6 slots: 0x00000000000000d8 is an unknown value
stack at sp + 7 slots: 0x00007ff7bf752970 is pointing into the stack for thread: 0x00007fe4a1081a00


---------------  P R O C E S S  ---------------

Threads class SMR info:
_java_thread_list=0x0000600000c91680, length=17, elements={
0x00007fe4a2009a00, 0x00007fe4a2029a00, 0x00007fe4a202c200, 0x00007fe4a202e000,
0x00007fe4a202a000, 0x00007fe4a202a600, 0x00007fe4a202ac00, 0x00007fe4a202b200,
0x00007fe4a2811200, 0x00007fe4a3065200, 0x00007fe4a1008200, 0x00007fe4a3012a00,
0x00007fe4a3065800, 0x00007fe4a100e200, 0x00007fe4a200a000, 0x00007fe4a2962800,
0x00007fe4a1081a00
}

Java Threads: ( => current thread )
  0x00007fe4a2009a00 JavaThread "main" [_thread_blocked, id=9987, stack(0x0000700008350000,0x0000700008450000)]
  0x00007fe4a2029a00 JavaThread "Reference Handler" daemon [_thread_blocked, id=17667, stack(0x0000700008a65000,0x0000700008b65000)]
  0x00007fe4a202c200 JavaThread "Finalizer" daemon [_thread_blocked, id=16643, stack(0x0000700008b68000,0x0000700008c68000)]
  0x00007fe4a202e000 JavaThread "Signal Dispatcher" daemon [_thread_blocked, id=22787, stack(0x0000700008d71000,0x0000700008e71000)]
  0x00007fe4a202a000 JavaThread "Service Thread" daemon [_thread_blocked, id=23043, stack(0x0000700008e74000,0x0000700008f74000)]
  0x00007fe4a202a600 JavaThread "Monitor Deflation Thread" daemon [_thread_blocked, id=41987, stack(0x0000700008f77000,0x0000700009077000)]
  0x00007fe4a202ac00 JavaThread "C2 CompilerThread0" daemon [_thread_blocked, id=41731, stack(0x000070000907a000,0x000070000917a000)]
  0x00007fe4a202b200 JavaThread "C1 CompilerThread0" daemon [_thread_blocked, id=23811, stack(0x000070000917d000,0x000070000927d000)]
  0x00007fe4a2811200 JavaThread "Sweeper thread" daemon [_thread_blocked, id=40963, stack(0x0000700009280000,0x0000700009380000)]
  0x00007fe4a3065200 JavaThread "Common-Cleaner" daemon [_thread_blocked, id=24323, stack(0x0000700009383000,0x0000700009483000)]
  0x00007fe4a1008200 JavaThread "JDWP Transport Listener: dt_socket" daemon [_thread_blocked, id=24839, stack(0x0000700009486000,0x0000700009586000)]
  0x00007fe4a3012a00 JavaThread "JDWP Event Helper Thread" daemon [_thread_blocked, id=25091, stack(0x0000700009589000,0x0000700009689000)]
  0x00007fe4a3065800 JavaThread "JDWP Command Reader" daemon [_thread_in_native, id=40195, stack(0x000070000968c000,0x000070000978c000)]
  0x00007fe4a100e200 JavaThread "Notification Thread" daemon [_thread_blocked, id=25347, stack(0x000070000978f000,0x000070000988f000)]
  0x00007fe4a200a000 JavaThread "QuantumRenderer-0" daemon [_thread_blocked, id=25603, stack(0x0000700009995000,0x0000700009a95000)]
  0x00007fe4a2962800 JavaThread "InvokeLaterDispatcher" daemon [_thread_blocked, id=35855, stack(0x0000700009a98000,0x0000700009b98000)]
=>0x00007fe4a1081a00 JavaThread "Thread-1" [_thread_in_vm, id=259, stack(0x00007ff7bef56000,0x00007ff7bf756000)]

Other Threads:
  0x00007fe4a1908e40 VMThread "VM Thread" [stack: 0x0000700008962000,0x0000700008a62000] [id=15875]
  0x00007fe4a0f196e0 WatcherThread [stack: 0x0000700009892000,0x0000700009992000] [id=39427]
  0x00007fe4a19054c0 GCTaskThread "GC Thread#0" [stack: 0x0000700008453000,0x0000700008553000] [id=12803]
  0x00007fe4a1807210 ConcurrentGCThread "G1 Main Marker" [stack: 0x0000700008556000,0x0000700008656000] [id=13315]
  0x00007fe4a1905930 ConcurrentGCThread "G1 Conc#0" [stack: 0x0000700008659000,0x0000700008759000] [id=19715]
  0x00007fe4a1b053f0 ConcurrentGCThread "G1 Refine#0" [stack: 0x000070000875c000,0x000070000885c000] [id=13827]
  0x00007fe4a1807a90 ConcurrentGCThread "G1 Service" [stack: 0x000070000885f000,0x000070000895f000] [id=14083]

Threads with active compile tasks:

VM state: not at safepoint (normal execution)

VM Mutex/Monitor currently owned by a thread: None

Heap address: 0x0000000780000000, size: 2048 MB, Compressed Oops mode: Zero based, Oop shift amount: 3

CDS archive(s) mapped at: [0x0000000800000000-0x0000000800bd0000-0x0000000800bd0000), size 12386304, SharedBaseAddress: 0x0000000800000000, ArchiveRelocationMode: 0.
Compressed class space mapped at: 0x0000000800c00000-0x0000000840c00000, reserved size: 1073741824
Narrow klass base: 0x0000000800000000, Narrow klass shift: 0, Narrow klass range: 0x100000000

GC Precious Log:
 CPUs: 4 total, 4 available
 Memory: 8192M
 Large Page Support: Disabled
 NUMA Support: Disabled
 Compressed Oops: Enabled (Zero based)
 Heap Region Size: 1M
 Heap Min Capacity: 8M
 Heap Initial Capacity: 128M
 Heap Max Capacity: 2G
 Pre-touch: Disabled
 Parallel Workers: 4
 Concurrent Workers: 1
 Concurrent Refinement Workers: 4
 Periodic GC: Disabled

Heap:
 garbage-first heap   total 133120K, used 12244K [0x0000000780000000, 0x0000000800000000)
  region size 1024K, 13 young (13312K), 0 survivors (0K)
 Metaspace       used 2289K, committed 2496K, reserved 1056768K
  class space    used 248K, committed 320K, reserved 1048576K

Heap Regions: E=young(eden), S=young(survivor), O=old, HS=humongous(starts), HC=humongous(continues), CS=collection set, F=free, OA=open archive, CA=closed archive, TAMS=top-at-mark-start (previous, next)
|   0|0x0000000780000000, 0x0000000780000000, 0x0000000780100000|  0%| F|  |TAMS 0x0000000780000000, 0x0000000780000000| Untracked 
|   1|0x0000000780100000, 0x0000000780100000, 0x0000000780200000|  0%| F|  |TAMS 0x0000000780100000, 0x0000000780100000| Untracked 
|   2|0x0000000780200000, 0x0000000780200000, 0x0000000780300000|  0%| F|  |TAMS 0x0000000780200000, 0x0000000780200000| Untracked 
|   3|0x0000000780300000, 0x0000000780300000, 0x0000000780400000|  0%| F|  |TAMS 0x0000000780300000, 0x0000000780300000| Untracked 
|   4|0x0000000780400000, 0x0000000780400000, 0x0000000780500000|  0%| F|  |TAMS 0x0000000780400000, 0x0000000780400000| Untracked 
|   5|0x0000000780500000, 0x0000000780500000, 0x0000000780600000|  0%| F|  |TAMS 0x0000000780500000, 0x0000000780500000| Untracked 
|   6|0x0000000780600000, 0x0000000780600000, 0x0000000780700000|  0%| F|  |TAMS 0x0000000780600000, 0x0000000780600000| Untracked 
|   7|0x0000000780700000, 0x0000000780700000, 0x0000000780800000|  0%| F|  |TAMS 0x0000000780700000, 0x0000000780700000| Untracked 
|   8|0x0000000780800000, 0x0000000780800000, 0x0000000780900000|  0%| F|  |TAMS 0x0000000780800000, 0x0000000780800000| Untracked 
|   9|0x0000000780900000, 0x0000000780900000, 0x0000000780a00000|  0%| F|  |TAMS 0x0000000780900000, 0x0000000780900000| Untracked 
|  10|0x0000000780a00000, 0x0000000780a00000, 0x0000000780b00000|  0%| F|  |TAMS 0x0000000780a00000, 0x0000000780a00000| Untracked 
|  11|0x0000000780b00000, 0x0000000780b00000, 0x0000000780c00000|  0%| F|  |TAMS 0x0000000780b00000, 0x0000000780b00000| Untracked 
|  12|0x0000000780c00000, 0x0000000780c00000, 0x0000000780d00000|  0%| F|  |TAMS 0x0000000780c00000, 0x0000000780c00000| Untracked 
|  13|0x0000000780d00000, 0x0000000780d00000, 0x0000000780e00000|  0%| F|  |TAMS 0x0000000780d00000, 0x0000000780d00000| Untracked 
|  14|0x0000000780e00000, 0x0000000780e00000, 0x0000000780f00000|  0%| F|  |TAMS 0x0000000780e00000, 0x0000000780e00000| Untracked 
|  15|0x0000000780f00000, 0x0000000780f00000, 0x0000000781000000|  0%| F|  |TAMS 0x0000000780f00000, 0x0000000780f00000| Untracked 
|  16|0x0000000781000000, 0x0000000781000000, 0x0000000781100000|  0%| F|  |TAMS 0x0000000781000000, 0x0000000781000000| Untracked 
|  17|0x0000000781100000, 0x0000000781100000, 0x0000000781200000|  0%| F|  |TAMS 0x0000000781100000, 0x0000000781100000| Untracked 
|  18|0x0000000781200000, 0x0000000781200000, 0x0000000781300000|  0%| F|  |TAMS 0x0000000781200000, 0x0000000781200000| Untracked 
|  19|0x0000000781300000, 0x0000000781300000, 0x0000000781400000|  0%| F|  |TAMS 0x0000000781300000, 0x0000000781300000| Untracked 
|  20|0x0000000781400000, 0x0000000781400000, 0x0000000781500000|  0%| F|  |TAMS 0x0000000781400000, 0x0000000781400000| Untracked 
|  21|0x0000000781500000, 0x0000000781500000, 0x0000000781600000|  0%| F|  |TAMS 0x0000000781500000, 0x0000000781500000| Untracked 
|  22|0x0000000781600000, 0x0000000781600000, 0x0000000781700000|  0%| F|  |TAMS 0x0000000781600000, 0x0000000781600000| Untracked 
|  23|0x0000000781700000, 0x0000000781700000, 0x0000000781800000|  0%| F|  |TAMS 0x0000000781700000, 0x0000000781700000| Untracked 
|  24|0x0000000781800000, 0x0000000781800000, 0x0000000781900000|  0%| F|  |TAMS 0x0000000781800000, 0x0000000781800000| Untracked 
|  25|0x0000000781900000, 0x0000000781900000, 0x0000000781a00000|  0%| F|  |TAMS 0x0000000781900000, 0x0000000781900000| Untracked 
|  26|0x0000000781a00000, 0x0000000781a00000, 0x0000000781b00000|  0%| F|  |TAMS 0x0000000781a00000, 0x0000000781a00000| Untracked 
|  27|0x0000000781b00000, 0x0000000781b00000, 0x0000000781c00000|  0%| F|  |TAMS 0x0000000781b00000, 0x0000000781b00000| Untracked 
|  28|0x0000000781c00000, 0x0000000781c00000, 0x0000000781d00000|  0%| F|  |TAMS 0x0000000781c00000, 0x0000000781c00000| Untracked 
|  29|0x0000000781d00000, 0x0000000781d00000, 0x0000000781e00000|  0%| F|  |TAMS 0x0000000781d00000, 0x0000000781d00000| Untracked 
|  30|0x0000000781e00000, 0x0000000781e00000, 0x0000000781f00000|  0%| F|  |TAMS 0x0000000781e00000, 0x0000000781e00000| Untracked 
|  31|0x0000000781f00000, 0x0000000781f00000, 0x0000000782000000|  0%| F|  |TAMS 0x0000000781f00000, 0x0000000781f00000| Untracked 
|  32|0x0000000782000000, 0x0000000782000000, 0x0000000782100000|  0%| F|  |TAMS 0x0000000782000000, 0x0000000782000000| Untracked 
|  33|0x0000000782100000, 0x0000000782100000, 0x0000000782200000|  0%| F|  |TAMS 0x0000000782100000, 0x0000000782100000| Untracked 
|  34|0x0000000782200000, 0x0000000782200000, 0x0000000782300000|  0%| F|  |TAMS 0x0000000782200000, 0x0000000782200000| Untracked 
|  35|0x0000000782300000, 0x0000000782300000, 0x0000000782400000|  0%| F|  |TAMS 0x0000000782300000, 0x0000000782300000| Untracked 
|  36|0x0000000782400000, 0x0000000782400000, 0x0000000782500000|  0%| F|  |TAMS 0x0000000782400000, 0x0000000782400000| Untracked 
|  37|0x0000000782500000, 0x0000000782500000, 0x0000000782600000|  0%| F|  |TAMS 0x0000000782500000, 0x0000000782500000| Untracked 
|  38|0x0000000782600000, 0x0000000782600000, 0x0000000782700000|  0%| F|  |TAMS 0x0000000782600000, 0x0000000782600000| Untracked 
|  39|0x0000000782700000, 0x0000000782700000, 0x0000000782800000|  0%| F|  |TAMS 0x0000000782700000, 0x0000000782700000| Untracked 
|  40|0x0000000782800000, 0x0000000782800000, 0x0000000782900000|  0%| F|  |TAMS 0x0000000782800000, 0x0000000782800000| Untracked 
|  41|0x0000000782900000, 0x0000000782900000, 0x0000000782a00000|  0%| F|  |TAMS 0x0000000782900000, 0x0000000782900000| Untracked 
|  42|0x0000000782a00000, 0x0000000782a00000, 0x0000000782b00000|  0%| F|  |TAMS 0x0000000782a00000, 0x0000000782a00000| Untracked 
|  43|0x0000000782b00000, 0x0000000782b00000, 0x0000000782c00000|  0%| F|  |TAMS 0x0000000782b00000, 0x0000000782b00000| Untracked 
|  44|0x0000000782c00000, 0x0000000782c00000, 0x0000000782d00000|  0%| F|  |TAMS 0x0000000782c00000, 0x0000000782c00000| Untracked 
|  45|0x0000000782d00000, 0x0000000782d00000, 0x0000000782e00000|  0%| F|  |TAMS 0x0000000782d00000, 0x0000000782d00000| Untracked 
|  46|0x0000000782e00000, 0x0000000782e00000, 0x0000000782f00000|  0%| F|  |TAMS 0x0000000782e00000, 0x0000000782e00000| Untracked 
|  47|0x0000000782f00000, 0x0000000782f00000, 0x0000000783000000|  0%| F|  |TAMS 0x0000000782f00000, 0x0000000782f00000| Untracked 
|  48|0x0000000783000000, 0x0000000783000000, 0x0000000783100000|  0%| F|  |TAMS 0x0000000783000000, 0x0000000783000000| Untracked 
|  49|0x0000000783100000, 0x0000000783100000, 0x0000000783200000|  0%| F|  |TAMS 0x0000000783100000, 0x0000000783100000| Untracked 
|  50|0x0000000783200000, 0x0000000783200000, 0x0000000783300000|  0%| F|  |TAMS 0x0000000783200000, 0x0000000783200000| Untracked 
|  51|0x0000000783300000, 0x0000000783300000, 0x0000000783400000|  0%| F|  |TAMS 0x0000000783300000, 0x0000000783300000| Untracked 
|  52|0x0000000783400000, 0x0000000783400000, 0x0000000783500000|  0%| F|  |TAMS 0x0000000783400000, 0x0000000783400000| Untracked 
|  53|0x0000000783500000, 0x0000000783500000, 0x0000000783600000|  0%| F|  |TAMS 0x0000000783500000, 0x0000000783500000| Untracked 
|  54|0x0000000783600000, 0x0000000783600000, 0x0000000783700000|  0%| F|  |TAMS 0x0000000783600000, 0x0000000783600000| Untracked 
|  55|0x0000000783700000, 0x0000000783700000, 0x0000000783800000|  0%| F|  |TAMS 0x0000000783700000, 0x0000000783700000| Untracked 
|  56|0x0000000783800000, 0x0000000783800000, 0x0000000783900000|  0%| F|  |TAMS 0x0000000783800000, 0x0000000783800000| Untracked 
|  57|0x0000000783900000, 0x0000000783900000, 0x0000000783a00000|  0%| F|  |TAMS 0x0000000783900000, 0x0000000783900000| Untracked 
|  58|0x0000000783a00000, 0x0000000783a00000, 0x0000000783b00000|  0%| F|  |TAMS 0x0000000783a00000, 0x0000000783a00000| Untracked 
|  59|0x0000000783b00000, 0x0000000783b00000, 0x0000000783c00000|  0%| F|  |TAMS 0x0000000783b00000, 0x0000000783b00000| Untracked 
|  60|0x0000000783c00000, 0x0000000783c00000, 0x0000000783d00000|  0%| F|  |TAMS 0x0000000783c00000, 0x0000000783c00000| Untracked 
|  61|0x0000000783d00000, 0x0000000783d00000, 0x0000000783e00000|  0%| F|  |TAMS 0x0000000783d00000, 0x0000000783d00000| Untracked 
|  62|0x0000000783e00000, 0x0000000783e00000, 0x0000000783f00000|  0%| F|  |TAMS 0x0000000783e00000, 0x0000000783e00000| Untracked 
|  63|0x0000000783f00000, 0x0000000783f00000, 0x0000000784000000|  0%| F|  |TAMS 0x0000000783f00000, 0x0000000783f00000| Untracked 
|  64|0x0000000784000000, 0x0000000784000000, 0x0000000784100000|  0%| F|  |TAMS 0x0000000784000000, 0x0000000784000000| Untracked 
|  65|0x0000000784100000, 0x0000000784100000, 0x0000000784200000|  0%| F|  |TAMS 0x0000000784100000, 0x0000000784100000| Untracked 
|  66|0x0000000784200000, 0x0000000784200000, 0x0000000784300000|  0%| F|  |TAMS 0x0000000784200000, 0x0000000784200000| Untracked 
|  67|0x0000000784300000, 0x0000000784300000, 0x0000000784400000|  0%| F|  |TAMS 0x0000000784300000, 0x0000000784300000| Untracked 
|  68|0x0000000784400000, 0x0000000784400000, 0x0000000784500000|  0%| F|  |TAMS 0x0000000784400000, 0x0000000784400000| Untracked 
|  69|0x0000000784500000, 0x0000000784500000, 0x0000000784600000|  0%| F|  |TAMS 0x0000000784500000, 0x0000000784500000| Untracked 
|  70|0x0000000784600000, 0x0000000784600000, 0x0000000784700000|  0%| F|  |TAMS 0x0000000784600000, 0x0000000784600000| Untracked 
|  71|0x0000000784700000, 0x0000000784700000, 0x0000000784800000|  0%| F|  |TAMS 0x0000000784700000, 0x0000000784700000| Untracked 
|  72|0x0000000784800000, 0x0000000784800000, 0x0000000784900000|  0%| F|  |TAMS 0x0000000784800000, 0x0000000784800000| Untracked 
|  73|0x0000000784900000, 0x0000000784900000, 0x0000000784a00000|  0%| F|  |TAMS 0x0000000784900000, 0x0000000784900000| Untracked 
|  74|0x0000000784a00000, 0x0000000784a00000, 0x0000000784b00000|  0%| F|  |TAMS 0x0000000784a00000, 0x0000000784a00000| Untracked 
|  75|0x0000000784b00000, 0x0000000784b00000, 0x0000000784c00000|  0%| F|  |TAMS 0x0000000784b00000, 0x0000000784b00000| Untracked 
|  76|0x0000000784c00000, 0x0000000784c00000, 0x0000000784d00000|  0%| F|  |TAMS 0x0000000784c00000, 0x0000000784c00000| Untracked 
|  77|0x0000000784d00000, 0x0000000784d00000, 0x0000000784e00000|  0%| F|  |TAMS 0x0000000784d00000, 0x0000000784d00000| Untracked 
|  78|0x0000000784e00000, 0x0000000784e00000, 0x0000000784f00000|  0%| F|  |TAMS 0x0000000784e00000, 0x0000000784e00000| Untracked 
|  79|0x0000000784f00000, 0x0000000784f00000, 0x0000000785000000|  0%| F|  |TAMS 0x0000000784f00000, 0x0000000784f00000| Untracked 
|  80|0x0000000785000000, 0x0000000785000000, 0x0000000785100000|  0%| F|  |TAMS 0x0000000785000000, 0x0000000785000000| Untracked 
|  81|0x0000000785100000, 0x0000000785100000, 0x0000000785200000|  0%| F|  |TAMS 0x0000000785100000, 0x0000000785100000| Untracked 
|  82|0x0000000785200000, 0x0000000785200000, 0x0000000785300000|  0%| F|  |TAMS 0x0000000785200000, 0x0000000785200000| Untracked 
|  83|0x0000000785300000, 0x0000000785300000, 0x0000000785400000|  0%| F|  |TAMS 0x0000000785300000, 0x0000000785300000| Untracked 
|  84|0x0000000785400000, 0x0000000785400000, 0x0000000785500000|  0%| F|  |TAMS 0x0000000785400000, 0x0000000785400000| Untracked 
|  85|0x0000000785500000, 0x0000000785500000, 0x0000000785600000|  0%| F|  |TAMS 0x0000000785500000, 0x0000000785500000| Untracked 
|  86|0x0000000785600000, 0x0000000785600000, 0x0000000785700000|  0%| F|  |TAMS 0x0000000785600000, 0x0000000785600000| Untracked 
|  87|0x0000000785700000, 0x0000000785700000, 0x0000000785800000|  0%| F|  |TAMS 0x0000000785700000, 0x0000000785700000| Untracked 
|  88|0x0000000785800000, 0x0000000785800000, 0x0000000785900000|  0%| F|  |TAMS 0x0000000785800000, 0x0000000785800000| Untracked 
|  89|0x0000000785900000, 0x0000000785900000, 0x0000000785a00000|  0%| F|  |TAMS 0x0000000785900000, 0x0000000785900000| Untracked 
|  90|0x0000000785a00000, 0x0000000785a00000, 0x0000000785b00000|  0%| F|  |TAMS 0x0000000785a00000, 0x0000000785a00000| Untracked 
|  91|0x0000000785b00000, 0x0000000785b00000, 0x0000000785c00000|  0%| F|  |TAMS 0x0000000785b00000, 0x0000000785b00000| Untracked 
|  92|0x0000000785c00000, 0x0000000785c00000, 0x0000000785d00000|  0%| F|  |TAMS 0x0000000785c00000, 0x0000000785c00000| Untracked 
|  93|0x0000000785d00000, 0x0000000785d00000, 0x0000000785e00000|  0%| F|  |TAMS 0x0000000785d00000, 0x0000000785d00000| Untracked 
|  94|0x0000000785e00000, 0x0000000785e00000, 0x0000000785f00000|  0%| F|  |TAMS 0x0000000785e00000, 0x0000000785e00000| Untracked 
|  95|0x0000000785f00000, 0x0000000785f00000, 0x0000000786000000|  0%| F|  |TAMS 0x0000000785f00000, 0x0000000785f00000| Untracked 
|  96|0x0000000786000000, 0x0000000786000000, 0x0000000786100000|  0%| F|  |TAMS 0x0000000786000000, 0x0000000786000000| Untracked 
|  97|0x0000000786100000, 0x0000000786100000, 0x0000000786200000|  0%| F|  |TAMS 0x0000000786100000, 0x0000000786100000| Untracked 
|  98|0x0000000786200000, 0x0000000786200000, 0x0000000786300000|  0%| F|  |TAMS 0x0000000786200000, 0x0000000786200000| Untracked 
|  99|0x0000000786300000, 0x0000000786300000, 0x0000000786400000|  0%| F|  |TAMS 0x0000000786300000, 0x0000000786300000| Untracked 
| 100|0x0000000786400000, 0x0000000786400000, 0x0000000786500000|  0%| F|  |TAMS 0x0000000786400000, 0x0000000786400000| Untracked 
| 101|0x0000000786500000, 0x0000000786500000, 0x0000000786600000|  0%| F|  |TAMS 0x0000000786500000, 0x0000000786500000| Untracked 
| 102|0x0000000786600000, 0x0000000786600000, 0x0000000786700000|  0%| F|  |TAMS 0x0000000786600000, 0x0000000786600000| Untracked 
| 103|0x0000000786700000, 0x0000000786700000, 0x0000000786800000|  0%| F|  |TAMS 0x0000000786700000, 0x0000000786700000| Untracked 
| 104|0x0000000786800000, 0x0000000786800000, 0x0000000786900000|  0%| F|  |TAMS 0x0000000786800000, 0x0000000786800000| Untracked 
| 105|0x0000000786900000, 0x0000000786900000, 0x0000000786a00000|  0%| F|  |TAMS 0x0000000786900000, 0x0000000786900000| Untracked 
| 106|0x0000000786a00000, 0x0000000786a00000, 0x0000000786b00000|  0%| F|  |TAMS 0x0000000786a00000, 0x0000000786a00000| Untracked 
| 107|0x0000000786b00000, 0x0000000786b00000, 0x0000000786c00000|  0%| F|  |TAMS 0x0000000786b00000, 0x0000000786b00000| Untracked 
| 108|0x0000000786c00000, 0x0000000786c00000, 0x0000000786d00000|  0%| F|  |TAMS 0x0000000786c00000, 0x0000000786c00000| Untracked 
| 109|0x0000000786d00000, 0x0000000786d00000, 0x0000000786e00000|  0%| F|  |TAMS 0x0000000786d00000, 0x0000000786d00000| Untracked 
| 110|0x0000000786e00000, 0x0000000786e00000, 0x0000000786f00000|  0%| F|  |TAMS 0x0000000786e00000, 0x0000000786e00000| Untracked 
| 111|0x0000000786f00000, 0x0000000786f00000, 0x0000000787000000|  0%| F|  |TAMS 0x0000000786f00000, 0x0000000786f00000| Untracked 
| 112|0x0000000787000000, 0x0000000787000000, 0x0000000787100000|  0%| F|  |TAMS 0x0000000787000000, 0x0000000787000000| Untracked 
| 113|0x0000000787100000, 0x0000000787100000, 0x0000000787200000|  0%| F|  |TAMS 0x0000000787100000, 0x0000000787100000| Untracked 
| 114|0x0000000787200000, 0x0000000787200000, 0x0000000787300000|  0%| F|  |TAMS 0x0000000787200000, 0x0000000787200000| Untracked 
| 115|0x0000000787300000, 0x00000007873c8898, 0x0000000787400000| 78%| E|  |TAMS 0x0000000787300000, 0x0000000787300000| Complete 
| 116|0x0000000787400000, 0x0000000787500000, 0x0000000787500000|100%| E|CS|TAMS 0x0000000787400000, 0x0000000787400000| Complete 
| 117|0x0000000787500000, 0x0000000787600000, 0x0000000787600000|100%| E|CS|TAMS 0x0000000787500000, 0x0000000787500000| Complete 
| 118|0x0000000787600000, 0x0000000787700000, 0x0000000787700000|100%| E|CS|TAMS 0x0000000787600000, 0x0000000787600000| Complete 
| 119|0x0000000787700000, 0x0000000787800000, 0x0000000787800000|100%| E|CS|TAMS 0x0000000787700000, 0x0000000787700000| Complete 
| 120|0x0000000787800000, 0x0000000787900000, 0x0000000787900000|100%| E|CS|TAMS 0x0000000787800000, 0x0000000787800000| Complete 
| 121|0x0000000787900000, 0x0000000787a00000, 0x0000000787a00000|100%| E|  |TAMS 0x0000000787900000, 0x0000000787900000| Complete 
| 122|0x0000000787a00000, 0x0000000787b00000, 0x0000000787b00000|100%| E|CS|TAMS 0x0000000787a00000, 0x0000000787a00000| Complete 
| 123|0x0000000787b00000, 0x0000000787c00000, 0x0000000787c00000|100%| E|CS|TAMS 0x0000000787b00000, 0x0000000787b00000| Complete 
| 124|0x0000000787c00000, 0x0000000787d00000, 0x0000000787d00000|100%| E|CS|TAMS 0x0000000787c00000, 0x0000000787c00000| Complete 
| 125|0x0000000787d00000, 0x0000000787e00000, 0x0000000787e00000|100%| E|CS|TAMS 0x0000000787d00000, 0x0000000787d00000| Complete 
| 126|0x0000000787e00000, 0x0000000787f00000, 0x0000000787f00000|100%| E|CS|TAMS 0x0000000787e00000, 0x0000000787e00000| Complete 
| 127|0x0000000787f00000, 0x0000000788000000, 0x0000000788000000|100%| E|CS|TAMS 0x0000000787f00000, 0x0000000787f00000| Complete 
|2046|0x00000007ffe00000, 0x00000007ffe76000, 0x00000007fff00000| 46%|OA|  |TAMS 0x00000007ffe00000, 0x00000007ffe00000| Untracked 
|2047|0x00000007fff00000, 0x00000007fff7f000, 0x0000000800000000| 49%|CA|  |TAMS 0x00000007fff00000, 0x00000007fff00000| Untracked 

Card table byte_map: [0x0000000100f8f000,0x000000010138f000] _byte_map_base: 0x00000000fd38f000

Marking Bits (Prev, Next): (CMBitMap*) 0x00007fe4a2009210, (CMBitMap*) 0x00007fe4a2009250
 Prev Bits: [0x0000000102b87000, 0x0000000104b87000)
 Next Bits: [0x000000011bf87000, 0x000000011df87000)

Polling page: 0x00000001008e5000

Metaspace:

Usage:
  Non-class:      1.99 MB used.
      Class:    248.16 KB used.
       Both:      2.24 MB used.

Virtual space:
  Non-class space:        8.00 MB reserved,       2.12 MB ( 27%) committed,  1 nodes.
      Class space:        1.00 GB reserved,     320.00 KB ( <1%) committed,  1 nodes.
             Both:        1.01 GB reserved,       2.44 MB ( <1%) committed. 

Chunk freelists:
   Non-Class:  2.86 MB
       Class:  3.56 MB
        Both:  6.42 MB

MaxMetaspaceSize: unlimited
CompressedClassSpaceSize: 1.00 GB
Initial GC threshold: 21.00 MB
Current GC threshold: 21.00 MB
CDS: on
MetaspaceReclaimPolicy: balanced
 - commit_granule_bytes: 65536.
 - commit_granule_words: 8192.
 - virtual_space_node_default_size: 1048576.
 - enlarge_chunks_in_place: 1.
 - new_chunks_are_fully_committed: 0.
 - uncommit_free_chunks: 1.
 - use_allocation_guard: 0.
 - handle_deallocations: 1.


Internal statistics:

num_allocs_failed_limit: 0.
num_arena_births: 68.
num_arena_deaths: 0.
num_vsnodes_births: 2.
num_vsnodes_deaths: 0.
num_space_committed: 39.
num_space_uncommitted: 0.
num_chunks_returned_to_freelist: 0.
num_chunks_taken_from_freelist: 144.
num_chunk_merges: 0.
num_chunk_splits: 86.
num_chunks_enlarged: 57.
num_purges: 0.
num_inconsistent_stats: 0.

CodeHeap 'non-profiled nmethods': size=120032Kb used=202Kb max_used=202Kb free=119829Kb
 bounds [0x0000000114a4f000, 0x0000000114cbf000, 0x000000011bf87000]
CodeHeap 'profiled nmethods': size=120028Kb used=796Kb max_used=796Kb free=119231Kb
 bounds [0x000000010d518000, 0x000000010d788000, 0x0000000114a4f000]
CodeHeap 'non-nmethods': size=5700Kb used=1218Kb max_used=1231Kb free=4482Kb
 bounds [0x000000010cf87000, 0x000000010d1f7000, 0x000000010d518000]
 total_blobs=1071 nmethods=610 adapters=375
 compilation: enabled
              stopped_count=0, restarted_count=0
 full_count=0

Compilation events (20 events):
Event: 0.607 Thread 0x00007fe4a202b200  601       3       java.lang.ClassLoader::findLoadedClass (15 bytes)
Event: 0.607 Thread 0x00007fe4a202b200 nmethod 601 0x000000010d5d9790 code [0x000000010d5d9960, 0x000000010d5d9b50]
Event: 0.607 Thread 0x00007fe4a202b200  603       3       java.lang.String::concat (15 bytes)
Event: 0.609 Thread 0x00007fe4a202b200 nmethod 603 0x000000010d5d9c10 code [0x000000010d5d9f60, 0x000000010d5db430]
Event: 0.610 Thread 0x00007fe4a202ac00  604       4       java.lang.String::isEmpty (14 bytes)
Event: 0.611 Thread 0x00007fe4a202ac00 nmethod 604 0x0000000114a81390 code [0x0000000114a81520, 0x0000000114a815b8]
Event: 0.620 Thread 0x00007fe4a202b200  607       3       jdk.internal.org.objectweb.asm.SymbolTable::addConstantNameAndType (137 bytes)
Event: 0.622 Thread 0x00007fe4a202b200 nmethod 607 0x000000010d5dbc10 code [0x000000010d5dbe60, 0x000000010d5dc580]
Event: 0.622 Thread 0x00007fe4a202b200  605       3       java.lang.invoke.MethodHandles$Lookup::<init> (84 bytes)
Event: 0.622 Thread 0x00007fe4a202b200 nmethod 605 0x000000010d5dc990 code [0x000000010d5dcb40, 0x000000010d5dcd90]
Event: 0.623 Thread 0x00007fe4a202b200  608       3       jdk.internal.org.objectweb.asm.SymbolTable$Entry::<init> (20 bytes)
Event: 0.623 Thread 0x00007fe4a202b200 nmethod 608 0x000000010d5dce90 code [0x000000010d5dd040, 0x000000010d5dd1e0]
Event: 0.623 Thread 0x00007fe4a202b200  606       3       java.lang.invoke.MemberName::getType (19 bytes)
Event: 0.624 Thread 0x00007fe4a202b200 nmethod 606 0x000000010d5dd290 code [0x000000010d5dd480, 0x000000010d5dd830]
Event: 0.627 Thread 0x00007fe4a202b200  609       3       java.lang.invoke.MethodHandles$Lookup::checkSymbolicClass (25 bytes)
Event: 0.628 Thread 0x00007fe4a202b200 nmethod 609 0x000000010d5dd990 code [0x000000010d5ddb60, 0x000000010d5ddde0]
Event: 0.628 Thread 0x00007fe4a202b200  610       3       java.lang.ref.SoftReference::get (29 bytes)
Event: 0.632 Thread 0x00007fe4a202b200 nmethod 610 0x000000010d5ddf10 code [0x000000010d5de0c0, 0x000000010d5de290]
Event: 0.729 Thread 0x00007fe4a202b200  611       3       jdk.internal.org.objectweb.asm.ByteVector::enlarge (51 bytes)
Event: 0.729 Thread 0x00007fe4a202b200 nmethod 611 0x000000010d5de310 code [0x000000010d5de4c0, 0x000000010d5de800]

GC Heap History (0 events):
No events

Deoptimization events (20 events):
Event: 0.264 Thread 0x00007fe4a2009a00 DEOPT PACKING pc=0x000000010d54f855 sp=0x000070000844e4d0
Event: 0.264 Thread 0x00007fe4a2009a00 DEOPT UNPACKING pc=0x000000010cfd982f sp=0x000070000844d978 mode 0
Event: 0.264 Thread 0x00007fe4a2009a00 DEOPT PACKING pc=0x000000010d54f855 sp=0x000070000844e4d0
Event: 0.264 Thread 0x00007fe4a2009a00 DEOPT UNPACKING pc=0x000000010cfd982f sp=0x000070000844d978 mode 0
Event: 0.264 Thread 0x00007fe4a2009a00 DEOPT PACKING pc=0x000000010d54f855 sp=0x000070000844e4d0
Event: 0.264 Thread 0x00007fe4a2009a00 DEOPT UNPACKING pc=0x000000010cfd982f sp=0x000070000844d978 mode 0
Event: 0.265 Thread 0x00007fe4a2009a00 DEOPT PACKING pc=0x000000010d54f855 sp=0x000070000844e4d0
Event: 0.265 Thread 0x00007fe4a2009a00 DEOPT UNPACKING pc=0x000000010cfd982f sp=0x000070000844d978 mode 0
Event: 0.283 Thread 0x00007fe4a2009a00 Uncommon trap: trap_request=0xffffff45 fr.pc=0x0000000114a640a4 relative=0x00000000000005e4
Event: 0.283 Thread 0x00007fe4a2009a00 Uncommon trap: reason=unstable_if action=reinterpret pc=0x0000000114a640a4 method=java.util.ImmutableCollections$SetN.probe(Ljava/lang/Object;)I @ 34 c2
Event: 0.283 Thread 0x00007fe4a2009a00 DEOPT PACKING pc=0x0000000114a640a4 sp=0x000070000844f490
Event: 0.283 Thread 0x00007fe4a2009a00 DEOPT UNPACKING pc=0x000000010cfd9099 sp=0x000070000844f460 mode 2
Event: 0.372 Thread 0x00007fe4a2009a00 Uncommon trap: trap_request=0xfffffff4 fr.pc=0x0000000114a66748 relative=0x00000000000001a8
Event: 0.372 Thread 0x00007fe4a2009a00 Uncommon trap: reason=null_check action=make_not_entrant pc=0x0000000114a66748 method=java.lang.String.equals(Ljava/lang/Object;)Z @ 8 c2
Event: 0.372 Thread 0x00007fe4a2009a00 DEOPT PACKING pc=0x0000000114a66748 sp=0x000070000844f8c0
Event: 0.372 Thread 0x00007fe4a2009a00 DEOPT UNPACKING pc=0x000000010cfd9099 sp=0x000070000844f888 mode 2
Event: 0.804 Thread 0x00007fe4a1081a00 DEOPT PACKING pc=0x000000010d54099c sp=0x00007ff7bf7508b0
Event: 0.804 Thread 0x00007fe4a1081a00 DEOPT UNPACKING pc=0x000000010cfd982f sp=0x00007ff7bf74fdf0 mode 1
Event: 0.804 Thread 0x00007fe4a1081a00 DEOPT PACKING pc=0x000000010d5d310c sp=0x00007ff7bf750a30
Event: 0.804 Thread 0x00007fe4a1081a00 DEOPT UNPACKING pc=0x000000010cfd982f sp=0x00007ff7bf74ff68 mode 1

Classes unloaded (0 events):
No events

Classes redefined (0 events):
No events

Internal exceptions (10 events):
Event: 0.271 Thread 0x00007fe4a2009a00 Exception <a 'sun/nio/fs/UnixException'{0x0000000787aaa128}> (0x0000000787aaa128) 
thrown [src/hotspot/share/prims/jni.cpp, line 516]
Event: 0.372 Thread 0x00007fe4a2009a00 Implicit null exception at 0x0000000114a665d5 to 0x0000000114a66738
Event: 0.373 Thread 0x00007fe4a2009a00 Exception <a 'java/lang/NoSuchMethodError'{0x00000007879cc848}: 'java.lang.Object java.lang.invoke.DirectMethodHandle$Holder.invokeStaticInit(java.lang.Object)'> (0x00000007879cc848) 
thrown [src/hotspot/share/interpreter/linkResolver.cpp, line 766]
Event: 0.379 Thread 0x00007fe4a2009a00 Exception <a 'java/lang/NoSuchMethodError'{0x00000007879d3ab0}: 'void java.lang.invoke.DirectMethodHandle$Holder.invokeStatic(java.lang.Object, java.lang.Object)'> (0x00000007879d3ab0) 
thrown [src/hotspot/share/interpreter/linkResolver.cpp, line 766]
Event: 0.464 Thread 0x00007fe4a2009a00 Exception <a 'java/lang/NoSuchMethodError'{0x00000007876a7c50}: 'void java.lang.invoke.DirectMethodHandle$Holder.invokeSpecial(java.lang.Object, java.lang.Object, java.lang.Object)'> (0x00000007876a7c50) 
thrown [src/hotspot/share/interpreter/linkResolver.cpp, line 766]
Event: 0.485 Thread 0x00007fe4a2009a00 Exception <a 'java/lang/NoSuchMethodError'{0x00000007876e4fd0}: 'void java.lang.invoke.DirectMethodHandle$Holder.invokeStatic(java.lang.Object, java.lang.Object, java.lang.Object)'> (0x00000007876e4fd0) 
thrown [src/hotspot/share/interpreter/linkResolver.cpp, line 766]
Event: 0.593 Thread 0x00007fe4a2009a00 Exception <a 'java/lang/NoSuchMethodError'{0x00000007876ff8d8}: 'int java.lang.invoke.DirectMethodHandle$Holder.invokeStaticInit(java.lang.Object, java.lang.Object, java.lang.Object)'> (0x00000007876ff8d8) 
thrown [src/hotspot/share/interpreter/linkResolver.cpp, line 766]
Event: 0.804 Thread 0x00007fe4a1081a00 Exception <a 'java/lang/ClassCastException'{0x000000078730b918}> (0x000000078730b918) 
thrown [src/hotspot/share/runtime/sharedRuntime.cpp, line 628]
Event: 0.804 Thread 0x00007fe4a1081a00 Exception <a 'java/lang/BootstrapMethodError'{0x000000078730bbe8}> (0x000000078730bbe8) 
thrown [src/hotspot/share/utilities/exceptions.cpp, line 452]
Event: 0.804 Thread 0x00007fe4a1081a00 Exception <a 'java/lang/BootstrapMethodError'{0x000000078730bbe8}> (0x000000078730bbe8) 
thrown [src/hotspot/share/oops/instanceKlass.cpp, line 1163]

VM Operations (6 events):
Event: 0.174 Executing VM operation: HandshakeAllThreads
Event: 0.174 Executing VM operation: HandshakeAllThreads done
Event: 0.274 Executing VM operation: HandshakeAllThreads
Event: 0.274 Executing VM operation: HandshakeAllThreads done
Event: 0.303 Executing VM operation: ChangeBreakpoints
Event: 0.304 Executing VM operation: ChangeBreakpoints done

Events (20 events):
Event: 0.618 loading class java/util/concurrent/BlockingDeque
Event: 0.619 loading class java/util/concurrent/BlockingDeque done
Event: 0.619 loading class java/util/concurrent/LinkedBlockingDeque
Event: 0.619 loading class java/util/concurrent/LinkedBlockingDeque done
Event: 0.622 Thread 0x00007fe4a2962800 Thread added: 0x00007fe4a2962800
Event: 0.624 Protecting memory [0x0000700009a98000,0x0000700009a9c000] with protection modes 0
Event: 0.632 Protecting memory [0x00007ff7bef56000,0x00007ff7bef5a000] with protection modes 0
Event: 0.632 Thread 0x00007fe4a1081a00 Thread added: 0x00007fe4a1081a00
Event: 0.727 Thread 0x00007fe4a30b8400 Thread added: 0x00007fe4a30b8400
Event: 0.728 Protecting memory [0x0000700009b9b000,0x0000700009b9f000] with protection modes 0
Event: 0.800 loading class java/util/concurrent/LinkedBlockingDeque$Node
Event: 0.800 loading class java/util/concurrent/LinkedBlockingDeque$Node done
Event: 0.801 Protecting memory [0x0000700009b9b000,0x0000700009b9f000] with protection modes 3
Event: 0.801 Thread 0x00007fe4a30b8400 Thread exited: 0x00007fe4a30b8400
Event: 0.804 loading class java/lang/Throwable$WrappedPrintStream
Event: 0.804 loading class java/lang/Throwable$PrintStreamOrWriter
Event: 0.804 loading class java/lang/Throwable$PrintStreamOrWriter done
Event: 0.804 loading class java/lang/Throwable$WrappedPrintStream done
Event: 0.805 loading class java/lang/StackTraceElement$HashedModules
Event: 0.806 loading class java/lang/StackTraceElement$HashedModules done


Dynamic libraries:
0x00000001008c7000 	/Library/Java/JavaVirtualMachines/temurin-17.jdk/Contents/Home/lib/libjli.dylib
0x00007ff80d839000 	/usr/lib/libz.1.dylib
0x00007ff80d919000 	/usr/lib/libSystem.B.dylib
0x00007ff80d914000 	/usr/lib/system/libcache.dylib
0x00007ff80d8d0000 	/usr/lib/system/libcommonCrypto.dylib
0x00007ff80d8f9000 	/usr/lib/system/libcompiler_rt.dylib
0x00007ff80d8ef000 	/usr/lib/system/libcopyfile.dylib
0x00007ff80288d000 	/usr/lib/system/libcorecrypto.dylib
0x00007ff80294c000 	/usr/lib/system/libdispatch.dylib
0x00007ff802b0b000 	/usr/lib/system/libdyld.dylib
0x00007ff80d90b000 	/usr/lib/system/libkeymgr.dylib
0x00007ff80d8ae000 	/usr/lib/system/libmacho.dylib
0x00007ff80cf45000 	/usr/lib/system/libquarantine.dylib
0x00007ff80d909000 	/usr/lib/system/libremovefile.dylib
0x00007ff807a63000 	/usr/lib/system/libsystem_asl.dylib
0x00007ff80283b000 	/usr/lib/system/libsystem_blocks.dylib
0x00007ff8029d0000 	/usr/lib/system/libsystem_c.dylib
0x00007ff80d901000 	/usr/lib/system/libsystem_collections.dylib
0x00007ff80c12c000 	/usr/lib/system/libsystem_configuration.dylib
0x00007ff80b3ee000 	/usr/lib/system/libsystem_containermanager.dylib
0x00007ff80d5ed000 	/usr/lib/system/libsystem_coreservices.dylib
0x00007ff805131000 	/usr/lib/system/libsystem_darwin.dylib
0x00007ff80d90c000 	/usr/lib/system/libsystem_dnssd.dylib
0x00007ff8029cd000 	/usr/lib/system/libsystem_featureflags.dylib
0x00007ff802b21000 	/usr/lib/system/libsystem_info.dylib
0x00007ff80d84c000 	/usr/lib/system/libsystem_m.dylib
0x00007ff802920000 	/usr/lib/system/libsystem_malloc.dylib
0x00007ff807a00000 	/usr/lib/system/libsystem_networkextension.dylib
0x00007ff805559000 	/usr/lib/system/libsystem_notify.dylib
0x00007ff813a4a000 	/usr/lib/system/libsystem_product_info_filter.dylib
0x00007ff80c130000 	/usr/lib/system/libsystem_sandbox.dylib
0x00007ff80d906000 	/usr/lib/system/libsystem_secinit.dylib
0x00007ff802ac8000 	/usr/lib/system/libsystem_kernel.dylib
0x00007ff802b17000 	/usr/lib/system/libsystem_platform.dylib
0x00007ff802aff000 	/usr/lib/system/libsystem_pthread.dylib
0x00007ff8092b4000 	/usr/lib/system/libsystem_symptoms.dylib
0x00007ff802874000 	/usr/lib/system/libsystem_trace.dylib
0x00007ff80d8dc000 	/usr/lib/system/libunwind.dylib
0x00007ff80283d000 	/usr/lib/system/libxpc.dylib
0x00007ff802ab2000 	/usr/lib/libc++abi.dylib
0x00007ff802993000 	/usr/lib/libobjc.A.dylib
0x00007ff80d8e7000 	/usr/lib/liboah.dylib
0x00007ff802a59000 	/usr/lib/libc++.1.dylib
0x00007ff819779000 	/System/Library/Frameworks/Cocoa.framework/Versions/A/Cocoa
0x00007ff8055b7000 	/System/Library/Frameworks/AppKit.framework/Versions/C/AppKit
0x00007ff808aa4000 	/System/Library/Frameworks/CoreData.framework/Versions/A/CoreData
0x00007ff8039d2000 	/System/Library/Frameworks/Foundation.framework/Versions/C/Foundation
0x00007ff806444000 	/System/Library/PrivateFrameworks/UIFoundation.framework/Versions/A/UIFoundation
0x00007ff813751000 	/System/Library/PrivateFrameworks/RemoteViewServices.framework/Versions/A/RemoteViewServices
0x00007ff80bac5000 	/System/Library/PrivateFrameworks/XCTTargetBootstrap.framework/Versions/A/XCTTargetBootstrap
0x00007ff80f728000 	/System/Library/PrivateFrameworks/InternationalSupport.framework/Versions/A/InternationalSupport
0x00007ff80f7b2000 	/System/Library/PrivateFrameworks/UserActivity.framework/Versions/A/UserActivity
0x00007ff80eb08000 	/usr/lib/libspindump.dylib
0x00007ff8066d2000 	/System/Library/Frameworks/UniformTypeIdentifiers.framework/Versions/A/UniformTypeIdentifiers
0x00007ff80a204000 	/usr/lib/libapp_launch_measurement.dylib
0x00007ff80946e000 	/System/Library/PrivateFrameworks/CoreAnalytics.framework/Versions/A/CoreAnalytics
0x00007ff80a207000 	/System/Library/PrivateFrameworks/CoreAutoLayout.framework/Versions/A/CoreAutoLayout
0x00007ff80b426000 	/System/Library/Frameworks/Metal.framework/Versions/A/Metal
0x00007ff80c13b000 	/usr/lib/liblangid.dylib
0x00007ff80bac9000 	/System/Library/PrivateFrameworks/CoreSVG.framework/Versions/A/CoreSVG
0x00007ff807a94000 	/System/Library/PrivateFrameworks/SkyLight.framework/Versions/A/SkyLight
0x00007ff807e25000 	/System/Library/Frameworks/CoreGraphics.framework/Versions/A/CoreGraphics
0x00007ff813dbc000 	/System/Library/Frameworks/Accelerate.framework/Versions/A/Accelerate
0x00007ff80e583000 	/System/Library/PrivateFrameworks/IconServices.framework/Versions/A/IconServices
0x00007ff80b40b000 	/System/Library/Frameworks/IOSurface.framework/Versions/A/IOSurface
0x00007ff80949c000 	/usr/lib/libDiagnosticMessagesClient.dylib
0x00007ff81741b000 	/System/Library/Frameworks/ApplicationServices.framework/Versions/A/ApplicationServices
0x00007ff80bab1000 	/System/Library/PrivateFrameworks/DFRFoundation.framework/Versions/A/DFRFoundation
0x00007ff804ea8000 	/usr/lib/libicucore.A.dylib
0x00007ff81044a000 	/System/Library/Frameworks/AudioToolbox.framework/Versions/A/AudioToolbox
0x00007ff80f734000 	/System/Library/PrivateFrameworks/DataDetectorsCore.framework/Versions/A/DataDetectorsCore
0x00007ff90af7a000 	/System/Library/PrivateFrameworks/TextInput.framework/Versions/A/TextInput
0x00007ff807a17000 	/usr/lib/libMobileGestalt.dylib
0x00007ff80b7b9000 	/System/Library/Frameworks/Carbon.framework/Versions/A/Frameworks/HIToolbox.framework/Versions/A/HIToolbox
0x00007ff809c32000 	/System/Library/Frameworks/QuartzCore.framework/Versions/A/QuartzCore
0x00007ff804b49000 	/System/Library/Frameworks/Security.framework/Versions/A/Security
0x00007ff813789000 	/System/Library/Frameworks/Carbon.framework/Versions/A/Frameworks/SpeechRecognition.framework/Versions/A/SpeechRecognition
0x00007ff809f64000 	/System/Library/PrivateFrameworks/CoreUI.framework/Versions/A/CoreUI
0x00007ff804423000 	/System/Library/Frameworks/CoreAudio.framework/Versions/A/CoreAudio
0x00007ff80958a000 	/System/Library/Frameworks/DiskArbitration.framework/Versions/A/DiskArbitration
0x00007ff80eeef000 	/System/Library/PrivateFrameworks/MultitouchSupport.framework/Versions/A/MultitouchSupport
0x00007ff807a16000 	/usr/lib/libenergytrace.dylib
0x00007ff8054a3000 	/System/Library/Frameworks/IOKit.framework/Versions/A/IOKit
0x00007ff813b73000 	/System/Library/Frameworks/CoreServices.framework/Versions/A/CoreServices
0x00007ff80a19e000 	/System/Library/PrivateFrameworks/PerformanceAnalysis.framework/Versions/A/PerformanceAnalysis
0x00007ffa1a53b000 	/System/Library/Frameworks/OpenGL.framework/Versions/A/OpenGL
0x00007ff80ce71000 	/System/Library/PrivateFrameworks/MobileKeyBag.framework/Versions/A/MobileKeyBag
0x00007ff8084f1000 	/System/Library/Frameworks/ColorSync.framework/Versions/A/ColorSync
0x00007ff802b4c000 	/System/Library/Frameworks/CoreFoundation.framework/Versions/A/CoreFoundation
0x00007ff80bd42000 	/System/Library/Frameworks/CoreImage.framework/Versions/A/CoreImage
0x00007ff804239000 	/System/Library/Frameworks/CoreText.framework/Versions/A/CoreText
0x00007ff80baf8000 	/System/Library/Frameworks/ImageIO.framework/Versions/A/ImageIO
0x00007ff80d91f000 	/System/Library/PrivateFrameworks/SoftLinking.framework/Versions/A/SoftLinking
0x00007ff80a24f000 	/usr/lib/libxml2.2.dylib
0x00007ff80dba2000 	/usr/lib/libcompression.dylib
0x00007ff80f65e000 	/System/Library/PrivateFrameworks/TextureIO.framework/Versions/A/TextureIO
0x00007ff80e295000 	/usr/lib/libate.dylib
0x00007ff80e073000 	/usr/lib/liblzma.5.dylib
0x00007ff8036e3000 	/System/Library/Frameworks/SystemConfiguration.framework/Versions/A/SystemConfiguration
0x00007ff80d91b000 	/usr/lib/libfakelink.dylib
0x00007ff80756a000 	/System/Library/Frameworks/CFNetwork.framework/Versions/A/CFNetwork
0x00007ff80da5a000 	/usr/lib/libarchive.2.dylib
0x00007ff80c137000 	/System/Library/PrivateFrameworks/AppleSystemInfo.framework/Versions/A/AppleSystemInfo
0x00007ff80cf6b000 	/usr/lib/libbsm.0.dylib
0x00007ff806ba1000 	/usr/lib/libnetwork.dylib
0x00007ff80d8b4000 	/usr/lib/system/libkxld.dylib
0x00007ff80cb9a000 	/System/Library/PrivateFrameworks/IOMobileFramebuffer.framework/Versions/A/IOMobileFramebuffer
0x00007ffb18024000 	/usr/lib/libCoreEntitlements.dylib
0x00007ff80d5cf000 	/System/Library/PrivateFrameworks/AppleFSCompression.framework/Versions/A/AppleFSCompression
0x00007ff80cf54000 	/usr/lib/libcoretls.dylib
0x00007ff80e08d000 	/usr/lib/libcoretls_cfhelpers.dylib
0x00007ff80db9d000 	/usr/lib/libpam.2.dylib
0x00007ff808ed6000 	/usr/lib/libsqlite3.dylib
0x00007ff80e0fc000 	/usr/lib/libxar.1.dylib
0x00007ff80d5df000 	/usr/lib/libbz2.1.0.dylib
0x00007ff80d920000 	/usr/lib/libpcap.A.dylib
0x00007ff8092ab000 	/usr/lib/libdns_services.dylib
0x00007ff80db6c000 	/usr/lib/libapple_nghttp2.dylib
0x00007ff80d957000 	/usr/lib/libiconv.2.dylib
0x00007ff80d8ad000 	/usr/lib/libcharset.1.dylib
0x00007ff80a1d2000 	/System/Library/Frameworks/CoreServices.framework/Versions/A/Frameworks/FSEvents.framework/Versions/A/FSEvents
0x00007ff80513b000 	/System/Library/Frameworks/CoreServices.framework/Versions/A/Frameworks/CarbonCore.framework/Versions/A/CarbonCore
0x00007ff8094ef000 	/System/Library/Frameworks/CoreServices.framework/Versions/A/Frameworks/Metadata.framework/Versions/A/Metadata
0x00007ff80d5f2000 	/System/Library/Frameworks/CoreServices.framework/Versions/A/Frameworks/OSServices.framework/Versions/A/OSServices
0x00007ff80dae0000 	/System/Library/Frameworks/CoreServices.framework/Versions/A/Frameworks/SearchKit.framework/Versions/A/SearchKit
0x00007ff80923d000 	/System/Library/Frameworks/CoreServices.framework/Versions/A/Frameworks/AE.framework/Versions/A/AE
0x00007ff80304f000 	/System/Library/Frameworks/CoreServices.framework/Versions/A/Frameworks/LaunchServices.framework/Versions/A/LaunchServices
0x00007ff80e024000 	/System/Library/Frameworks/CoreServices.framework/Versions/A/Frameworks/DictionaryServices.framework/Versions/A/DictionaryServices
0x00007ff80a1df000 	/System/Library/Frameworks/CoreServices.framework/Versions/A/Frameworks/SharedFileList.framework/Versions/A/SharedFileList
0x00007ff80cf48000 	/usr/lib/libCheckFix.dylib
0x00007ff807a7a000 	/System/Library/PrivateFrameworks/TCC.framework/Versions/A/TCC
0x00007ff80c13d000 	/System/Library/PrivateFrameworks/CoreNLP.framework/Versions/A/CoreNLP
0x00007ff80949f000 	/System/Library/PrivateFrameworks/MetadataUtilities.framework/Versions/A/MetadataUtilities
0x00007ff803793000 	/usr/lib/libmecabra.dylib
0x00007ff80cf7b000 	/usr/lib/libmecab.dylib
0x00007ff80375e000 	/usr/lib/libCRFSuite.dylib
0x00007ff80cfd8000 	/usr/lib/libgermantok.dylib
0x00007ff80db47000 	/usr/lib/libThaiTokenizer.dylib
0x00007ff809591000 	/System/Library/Frameworks/Accelerate.framework/Versions/A/Frameworks/vImage.framework/Versions/A/vImage
0x00007ff813b4a000 	/System/Library/Frameworks/Accelerate.framework/Versions/A/Frameworks/vecLib.framework/Versions/A/vecLib
0x00007ff80e13d000 	/System/Library/Frameworks/Accelerate.framework/Versions/A/Frameworks/vecLib.framework/Versions/A/libvMisc.dylib
0x00007ff80c9b8000 	/System/Library/Frameworks/Accelerate.framework/Versions/A/Frameworks/vecLib.framework/Versions/A/libvDSP.dylib
0x00007ff8033c7000 	/System/Library/Frameworks/Accelerate.framework/Versions/A/Frameworks/vecLib.framework/Versions/A/libBLAS.dylib
0x00007ff80dc7e000 	/System/Library/Frameworks/Accelerate.framework/Versions/A/Frameworks/vecLib.framework/Versions/A/libLAPACK.dylib
0x00007ff80cfdb000 	/System/Library/Frameworks/Accelerate.framework/Versions/A/Frameworks/vecLib.framework/Versions/A/libLinearAlgebra.dylib
0x00007ff80db85000 	/System/Library/Frameworks/Accelerate.framework/Versions/A/Frameworks/vecLib.framework/Versions/A/libSparseBLAS.dylib
0x00007ff80dc78000 	/System/Library/Frameworks/Accelerate.framework/Versions/A/Frameworks/vecLib.framework/Versions/A/libQuadrature.dylib
0x00007ff80c227000 	/System/Library/Frameworks/Accelerate.framework/Versions/A/Frameworks/vecLib.framework/Versions/A/libBNNS.dylib
0x00007ff803674000 	/System/Library/Frameworks/Accelerate.framework/Versions/A/Frameworks/vecLib.framework/Versions/A/libSparse.dylib
0x00007ff80c220000 	/System/Library/PrivateFrameworks/LinguisticData.framework/Versions/A/LinguisticData
0x00007ff803629000 	/System/Library/PrivateFrameworks/Lexicon.framework/Versions/A/Lexicon
0x00007ff80e136000 	/usr/lib/libChineseTokenizer.dylib
0x00007ff803d8d000 	/System/Library/PrivateFrameworks/LanguageModeling.framework/Versions/A/LanguageModeling
0x00007ff80db49000 	/System/Library/PrivateFrameworks/AppleSauce.framework/Versions/A/AppleSauce
0x00007ff80cb88000 	/System/Library/PrivateFrameworks/CoreEmoji.framework/Versions/A/CoreEmoji
0x00007ff80da49000 	/usr/lib/libcmph.dylib
0x00007ff80a1b6000 	/System/Library/Frameworks/OpenDirectory.framework/Versions/A/Frameworks/CFOpenDirectory.framework/Versions/A/CFOpenDirectory
0x00007ff80a1aa000 	/System/Library/Frameworks/OpenDirectory.framework/Versions/A/OpenDirectory
0x00007ff80e08f000 	/System/Library/PrivateFrameworks/APFS.framework/Versions/A/APFS
0x00007ff80cea9000 	/System/Library/Frameworks/SecurityFoundation.framework/Versions/A/SecurityFoundation
0x00007ff80e10a000 	/usr/lib/libutil.dylib
0x00007ff805466000 	/System/Library/PrivateFrameworks/CoreServicesStore.framework/Versions/A/CoreServicesStore
0x00007ff80e10e000 	/usr/lib/libxslt.1.dylib
0x00007ff80cf36000 	/System/Library/PrivateFrameworks/BackgroundTaskManagement.framework/Versions/A/BackgroundTaskManagement
0x00007ff80f57e000 	/System/Library/Frameworks/ImageIO.framework/Versions/A/Resources/libRadiance.dylib
0x00007ff80f587000 	/System/Library/Frameworks/ImageIO.framework/Versions/A/Resources/libJPEG.dylib
0x00007ff80f4d7000 	/System/Library/Frameworks/ImageIO.framework/Versions/A/Resources/libPng.dylib
0x00007ff80f4f8000 	/System/Library/Frameworks/ImageIO.framework/Versions/A/Resources/libTIFF.dylib
0x00007ff80f5e7000 	/System/Library/Frameworks/ImageIO.framework/Versions/A/Resources/libGIF.dylib
0x00007ff80ee08000 	/System/Library/Frameworks/ImageIO.framework/Versions/A/Resources/libJP2.dylib
0x00007ff80e54a000 	/usr/lib/libexpat.1.dylib
0x00007ff80edbd000 	/System/Library/PrivateFrameworks/AppleJPEG.framework/Versions/A/AppleJPEG
0x00007ff80b680000 	/System/Library/PrivateFrameworks/FontServices.framework/libFontParser.dylib
0x00007ff8091e7000 	/System/Library/PrivateFrameworks/RunningBoardServices.framework/Versions/A/RunningBoardServices
0x00007ff819cea000 	/System/Library/PrivateFrameworks/IOSurfaceAccelerator.framework/Versions/A/IOSurfaceAccelerator
0x00007ff80eeeb000 	/System/Library/PrivateFrameworks/WatchdogClient.framework/Versions/A/WatchdogClient
0x00007ff803e7c000 	/System/Library/Frameworks/CoreDisplay.framework/Versions/A/CoreDisplay
0x00007ff80b580000 	/System/Library/Frameworks/CoreMedia.framework/Versions/A/CoreMedia
0x00007ff80b41d000 	/System/Library/PrivateFrameworks/IOAccelerator.framework/Versions/A/IOAccelerator
0x00007ff80a332000 	/System/Library/Frameworks/CoreVideo.framework/Versions/A/CoreVideo
0x00007ff80db9b000 	/System/Library/Frameworks/MetalPerformanceShaders.framework/Versions/A/MetalPerformanceShaders
0x00007ff80ef26000 	/System/Library/Frameworks/VideoToolbox.framework/Versions/A/VideoToolbox
0x00007ff80912f000 	/System/Library/PrivateFrameworks/BaseBoard.framework/Versions/A/BaseBoard
0x00007ff808ebc000 	/System/Library/PrivateFrameworks/ProtocolBuffer.framework/Versions/A/ProtocolBuffer
0x00007ff80f577000 	/System/Library/PrivateFrameworks/GPUWrangler.framework/Versions/A/GPUWrangler
0x00007ff80f55a000 	/System/Library/PrivateFrameworks/IOPresentment.framework/Versions/A/IOPresentment
0x00007ff80f581000 	/System/Library/PrivateFrameworks/DSExternalDisplay.framework/Versions/A/DSExternalDisplay
0x00007ffa1a52f000 	/System/Library/Frameworks/OpenGL.framework/Versions/A/Libraries/libCoreFSCache.dylib
0x00007ffb06623000 	/System/Library/PrivateFrameworks/GPUCompiler.framework/Versions/31001/Libraries/libGPUCompilerUtils.dylib
0x00007ff80f5ec000 	/System/Library/PrivateFrameworks/CMCaptureCore.framework/Versions/A/CMCaptureCore
0x00007ff80eaf6000 	/System/Library/PrivateFrameworks/AppServerSupport.framework/Versions/A/AppServerSupport
0x00007ff810cc7000 	/System/Library/PrivateFrameworks/perfdata.framework/Versions/A/perfdata
0x00007ff803fa8000 	/System/Library/PrivateFrameworks/AudioToolboxCore.framework/Versions/A/AudioToolboxCore
0x00007ff80b55d000 	/System/Library/PrivateFrameworks/caulk.framework/Versions/A/caulk
0x00007ff8105f4000 	/usr/lib/libAudioStatistics.dylib
0x00007ff907839000 	/System/Library/PrivateFrameworks/SystemPolicy.framework/Versions/A/SystemPolicy
0x00007ff810840000 	/usr/lib/libSMC.dylib
0x00007ff81962c000 	/System/Library/Frameworks/CoreMIDI.framework/Versions/A/CoreMIDI
0x00007ff80f4a7000 	/usr/lib/libAudioToolboxUtility.dylib
0x00007ff903cc1000 	/System/Library/PrivateFrameworks/OSAServicesClient.framework/Versions/A/OSAServicesClient
0x00007ff810cd4000 	/usr/lib/libperfcheck.dylib
0x00007ff9082c5000 	/usr/lib/libmis.dylib
0x00007ffa1a58b000 	/System/Library/Frameworks/OpenGL.framework/Versions/A/Libraries/libGLU.dylib
0x00007ffa1a54e000 	/System/Library/Frameworks/OpenGL.framework/Versions/A/Libraries/libGFXShared.dylib
0x00007ffa1a75c000 	/System/Library/Frameworks/OpenGL.framework/Versions/A/Libraries/libGL.dylib
0x00007ffa1a557000 	/System/Library/Frameworks/OpenGL.framework/Versions/A/Libraries/libGLImage.dylib
0x00007ffa1a54b000 	/System/Library/Frameworks/OpenGL.framework/Versions/A/Libraries/libCVMSPluginSupport.dylib
0x00007ffa1a536000 	/System/Library/Frameworks/OpenGL.framework/Versions/A/Libraries/libCoreVMClient.dylib
0x00007ff80c0bb000 	/System/Library/Frameworks/MetalPerformanceShaders.framework/Versions/A/Frameworks/MPSCore.framework/Versions/A/MPSCore
0x00007ff80d53a000 	/System/Library/Frameworks/MetalPerformanceShaders.framework/Versions/A/Frameworks/MPSImage.framework/Versions/A/MPSImage
0x00007ff80cff1000 	/System/Library/Frameworks/MetalPerformanceShaders.framework/Versions/A/Frameworks/MPSNeuralNetwork.framework/Versions/A/MPSNeuralNetwork
0x00007ff80d466000 	/System/Library/Frameworks/MetalPerformanceShaders.framework/Versions/A/Frameworks/MPSMatrix.framework/Versions/A/MPSMatrix
0x00007ff80d222000 	/System/Library/Frameworks/MetalPerformanceShaders.framework/Versions/A/Frameworks/MPSRayIntersector.framework/Versions/A/MPSRayIntersector
0x00007ff80d49f000 	/System/Library/Frameworks/MetalPerformanceShaders.framework/Versions/A/Frameworks/MPSNDArray.framework/Versions/A/MPSNDArray
0x00007ffa1f134000 	/System/Library/Frameworks/MetalPerformanceShaders.framework/Versions/A/Frameworks/MPSFunctions.framework/Versions/A/MPSFunctions
0x00007ff8032aa000 	/System/Library/PrivateFrameworks/MetalTools.framework/Versions/A/MetalTools
0x00007ff80c135000 	/System/Library/PrivateFrameworks/AggregateDictionary.framework/Versions/A/AggregateDictionary
0x00007ff80e32c000 	/usr/lib/libIOReport.dylib
0x00007ffa1bb6b000 	/System/Library/Frameworks/OpenCL.framework/Versions/A/OpenCL
0x00007ff80e690000 	/System/Library/PrivateFrameworks/FaceCore.framework/Versions/A/FaceCore
0x00007ff80e681000 	/System/Library/PrivateFrameworks/GraphVisualizer.framework/Versions/A/GraphVisualizer
0x00007ffb0652e000 	/System/Library/PrivateFrameworks/FontServices.framework/Versions/A/FontServices
0x00007ff80eaad000 	/System/Library/PrivateFrameworks/OTSVG.framework/Versions/A/OTSVG
0x00007ff809f1a000 	/System/Library/Frameworks/ApplicationServices.framework/Versions/A/Frameworks/ATS.framework/Versions/A/Resources/libFontRegistry.dylib
0x00007ff80eafe000 	/System/Library/PrivateFrameworks/FontServices.framework/libhvf.dylib
0x00007ffb0652f000 	/System/Library/PrivateFrameworks/FontServices.framework/libXTFontStaticRegistryData.dylib
0x00007ff80e4fa000 	/System/Library/PrivateFrameworks/AppleVA.framework/Versions/A/AppleVA
0x00007ff810614000 	/System/Library/Frameworks/ApplicationServices.framework/Versions/A/Frameworks/ATS.framework/Versions/A/ATS
0x00007ff8085ed000 	/System/Library/Frameworks/ApplicationServices.framework/Versions/A/Frameworks/HIServices.framework/Versions/A/HIServices
0x00007ff80f5f6000 	/System/Library/Frameworks/ApplicationServices.framework/Versions/A/Frameworks/PrintCore.framework/Versions/A/PrintCore
0x00007ff810993000 	/System/Library/Frameworks/ApplicationServices.framework/Versions/A/Frameworks/QD.framework/Versions/A/QD
0x00007ff81098b000 	/System/Library/Frameworks/ApplicationServices.framework/Versions/A/Frameworks/ColorSyncLegacy.framework/Versions/A/ColorSyncLegacy
0x00007ff810604000 	/System/Library/Frameworks/ApplicationServices.framework/Versions/A/Frameworks/SpeechSynthesis.framework/Versions/A/SpeechSynthesis
0x00007ff80f5b7000 	/System/Library/Frameworks/ApplicationServices.framework/Versions/A/Frameworks/ATSUI.framework/Versions/A/ATSUI
0x00007ff810920000 	/usr/lib/libcups.2.dylib
0x00007ff810ce3000 	/System/Library/Frameworks/Kerberos.framework/Versions/A/Kerberos
0x00007ff810cf2000 	/System/Library/Frameworks/GSS.framework/Versions/A/GSS
0x00007ff810680000 	/usr/lib/libresolv.9.dylib
0x00007ff80eb0d000 	/System/Library/PrivateFrameworks/Heimdal.framework/Versions/A/Heimdal
0x00007ff817796000 	/System/Library/Frameworks/Kerberos.framework/Versions/A/Libraries/libHeimdalProxy.dylib
0x00007ff8092bc000 	/System/Library/Frameworks/Network.framework/Versions/A/Network
0x00007ff80e564000 	/usr/lib/libheimdal-asn1.dylib
0x00007ff810d3d000 	/System/Library/PrivateFrameworks/CommonAuth.framework/Versions/A/CommonAuth
0x00007ff810585000 	/System/Library/PrivateFrameworks/AudioSession.framework/Versions/A/AudioSession
0x00007ff80e5f4000 	/System/Library/PrivateFrameworks/MediaExperience.framework/Versions/A/MediaExperience
0x00007ff810419000 	/System/Library/PrivateFrameworks/AudioSession.framework/libSessionUtility.dylib
0x00007ff81099f000 	/System/Library/PrivateFrameworks/AudioResourceArbitration.framework/Versions/A/AudioResourceArbitration
0x00007ff80e56d000 	/System/Library/PrivateFrameworks/IconFoundation.framework/Versions/A/IconFoundation
0x00007ff813779000 	/System/Library/PrivateFrameworks/SpeechRecognitionCore.framework/Versions/A/SpeechRecognitionCore
0x0000000101a0d000 	/Library/Java/JavaVirtualMachines/temurin-17.jdk/Contents/Home/lib/server/libjvm.dylib
0x00000001008f1000 	/Library/Java/JavaVirtualMachines/temurin-17.jdk/Contents/Home/lib/libjimage.dylib
0x000000010093f000 	/Library/Java/JavaVirtualMachines/temurin-17.jdk/Contents/Home/lib/libjdwp.dylib
0x0000000100982000 	/Library/Java/JavaVirtualMachines/temurin-17.jdk/Contents/Home/lib/libjava.dylib
0x00000001017fd000 	/Library/Java/JavaVirtualMachines/temurin-17.jdk/Contents/Home/lib/libnio.dylib
0x000000010182c000 	/Library/Java/JavaVirtualMachines/temurin-17.jdk/Contents/Home/lib/libnet.dylib
0x0000000101812000 	/Library/Java/JavaVirtualMachines/temurin-17.jdk/Contents/Home/lib/libzip.dylib
0x0000000101820000 	/Library/Java/JavaVirtualMachines/temurin-17.jdk/Contents/Home/lib/libdt_socket.dylib
0x0000000101846000 	/Users/sidhantmathur/Downloads/javafx-sdk-17.0.1/lib/libprism_es2.dylib
0x00007ff805427000 	/System/Library/PrivateFrameworks/CoreServicesInternal.framework/Versions/A/CoreServicesInternal
0x00007ffa1a767000 	/System/Library/Frameworks/OpenGL.framework/Versions/A/Resources/GLEngine.bundle/GLEngine
0x00007ffa1a5c9000 	/System/Library/Frameworks/OpenGL.framework/Versions/A/Libraries/libGLProgrammability.dylib
0x00007ffa1229d000 	/System/Library/Extensions/AppleIntelBDWGraphicsGLDriver.bundle/Contents/MacOS/AppleIntelBDWGraphicsGLDriver
0x00007ff9120ae000 	/System/Library/PrivateFrameworks/GPUSupport.framework/Versions/A/Libraries/libGPUSupportMercury.dylib
0x00007ffa1a8f6000 	/System/Library/Frameworks/OpenGL.framework/Versions/A/Resources/GLRendererFloat.bundle/GLRendererFloat
0x0000000104ee8000 	/Users/sidhantmathur/Downloads/javafx-sdk-17.0.1/lib/libglass.dylib
0x00007ff814f4a000 	/System/Library/Frameworks/FileProvider.framework/Versions/A/FileProvider
0x00007ff80909b000 	/System/Library/Frameworks/Accounts.framework/Versions/A/Accounts
0x00007ff8150c2000 	/System/Library/PrivateFrameworks/GenerationalStorage.framework/Versions/A/GenerationalStorage
0x00007ff815bcf000 	/System/Library/PrivateFrameworks/CoreSymbolication.framework/Versions/A/CoreSymbolication
0x00007ff81494e000 	/System/Library/PrivateFrameworks/SymptomDiagnosticReporter.framework/Versions/A/SymptomDiagnosticReporter
0x00007ff8066e6000 	/System/Library/PrivateFrameworks/DesktopServicesPriv.framework/Versions/A/DesktopServicesPriv
0x00007ff805568000 	/usr/lib/libsandbox.1.dylib
0x00007ff80a3b0000 	/System/Library/PrivateFrameworks/UserManagement.framework/Versions/A/UserManagement
0x00007ff815b94000 	/System/Library/PrivateFrameworks/DebugSymbols.framework/Versions/A/DebugSymbols
0x00007ff810980000 	/System/Library/PrivateFrameworks/NetAuth.framework/Versions/A/NetAuth
0x00007ff81186c000 	/System/Library/PrivateFrameworks/Sharing.framework/Versions/A/Sharing
0x00007ff80a383000 	/System/Library/PrivateFrameworks/login.framework/Versions/A/Frameworks/loginsupport.framework/Versions/A/loginsupport
0x00007ff816ccc000 	/System/Library/PrivateFrameworks/Apple80211.framework/Versions/A/Apple80211
0x00007ff80d61f000 	/System/Library/PrivateFrameworks/AuthKit.framework/Versions/A/AuthKit
0x00007ff80cc7e000 	/System/Library/PrivateFrameworks/CoreUtils.framework/Versions/A/CoreUtils
0x00007ff80cba5000 	/System/Library/Frameworks/CoreWLAN.framework/Versions/A/CoreWLAN
0x00007ff8119c7000 	/System/Library/Frameworks/IOBluetooth.framework/Versions/A/IOBluetooth
0x00007ff816d34000 	/System/Library/PrivateFrameworks/CoreWiFi.framework/Versions/A/CoreWiFi
0x00007ff815769000 	/System/Library/PrivateFrameworks/FrontBoardServices.framework/Versions/A/FrontBoardServices
0x00007ff8157fb000 	/System/Library/PrivateFrameworks/BoardServices.framework/Versions/A/BoardServices
0x00007ff80ce98000 	/System/Library/PrivateFrameworks/AssertionServices.framework/Versions/A/AssertionServices
0x00007ff816eb8000 	/System/Library/PrivateFrameworks/BackBoardServices.framework/Versions/A/BackBoardServices
0x00007ff810dcc000 	/System/Library/PrivateFrameworks/CorePhoneNumbers.framework/Versions/A/CorePhoneNumbers
0x00007ff814a6b000 	/System/Library/PrivateFrameworks/DiskManagement.framework/Versions/A/DiskManagement
0x00007ff81497f000 	/System/Library/PrivateFrameworks/AppleIDAuthSupport.framework/Versions/A/AppleIDAuthSupport
0x00007ffa2109a000 	/System/Library/PrivateFrameworks/AAAFoundation.framework/Versions/A/AAAFoundation
0x00007ff810dad000 	/System/Library/PrivateFrameworks/KeychainCircle.framework/Versions/A/KeychainCircle
0x00007ff814a37000 	/System/Library/PrivateFrameworks/MediaKit.framework/Versions/A/MediaKit
0x00007ff81498b000 	/System/Library/Frameworks/DiscRecording.framework/Versions/A/DiscRecording
0x00007ff80e472000 	/usr/lib/libCoreStorage.dylib
0x00007ff8171a5000 	/usr/lib/libcsfde.dylib
0x00007ff811a94000 	/System/Library/PrivateFrameworks/ProtectedCloudStorage.framework/Versions/A/ProtectedCloudStorage
0x00007ff8171a1000 	/System/Library/PrivateFrameworks/EFILogin.framework/Versions/A/EFILogin
0x00007ff8150e8000 	/System/Library/PrivateFrameworks/OctagonTrust.framework/Versions/A/OctagonTrust
0x00007ffb05868000 	/System/Library/PrivateFrameworks/CoreUtilsExtras.framework/Versions/A/CoreUtilsExtras
0x00007ff8148be000 	/System/Library/Frameworks/CoreBluetooth.framework/Versions/A/CoreBluetooth
0x00007ff81781b000 	/System/Library/Frameworks/AudioUnit.framework/Versions/A/AudioUnit
0x00007ff80e46a000 	/usr/lib/libMatch.1.dylib
0x00007ff90c698000 	/System/Library/Frameworks/Accelerate.framework/Versions/A/Frameworks/vImage.framework/Versions/A/Libraries/libCGInterfaces.dylib
0x000000010531c000 	/usr/lib/libobjc-trampolines.dylib
0x00007ff80a0aa000 	/System/Library/PrivateFrameworks/ViewBridge.framework/Versions/A/ViewBridge


VM Arguments:
jvm_args: -agentlib:jdwp=transport=dt_socket,server=n,suspend=y,address=localhost:59362 --module-path=/Users/sidhantmathur/Downloads/javafx-sdk-17.0.1/lib --add-modules=javafx.controls,javafx.fxml --enable-preview -XX:+ShowCodeDetailsInExceptionMessages 
java_command: App
java_class_path (initial): /Users/sidhantmathur/Documents/Will_Hero_VSCode/bin:/Users/sidhantmathur/Downloads/javafx-sdk-17.0.1/lib/javafx.swing.jar:/Users/sidhantmathur/Downloads/javafx-sdk-17.0.1/lib/javafx.controls.jar:/Users/sidhantmathur/Downloads/javafx-sdk-17.0.1/lib/javafx.base.jar:/Users/sidhantmathur/Downloads/javafx-sdk-17.0.1/lib/javafx.graphics.jar:/Users/sidhantmathur/Downloads/javafx-sdk-17.0.1/lib/javafx-swt.jar:/Users/sidhantmathur/Downloads/javafx-sdk-17.0.1/lib/javafx.web.jar:/Users/sidhantmathur/Downloads/javafx-sdk-17.0.1/lib/javafx.media.jar:/Users/sidhantmathur/Downloads/javafx-sdk-17.0.1/lib/javafx.fxml.jar
Launcher Type: SUN_STANDARD

[Global flags]
     intx CICompilerCount                          = 3                                         {product} {ergonomic}
     uint ConcGCThreads                            = 1                                         {product} {ergonomic}
     uint G1ConcRefinementThreads                  = 4                                         {product} {ergonomic}
   size_t G1HeapRegionSize                         = 1048576                                   {product} {ergonomic}
    uintx GCDrainStackTargetSize                   = 64                                        {product} {ergonomic}
   size_t InitialHeapSize                          = 134217728                                 {product} {ergonomic}
   size_t MarkStackSize                            = 4194304                                   {product} {ergonomic}
   size_t MaxHeapSize                              = 2147483648                                {product} {ergonomic}
   size_t MaxNewSize                               = 1287651328                                {product} {ergonomic}
   size_t MinHeapDeltaBytes                        = 1048576                                   {product} {ergonomic}
   size_t MinHeapSize                              = 8388608                                   {product} {ergonomic}
    uintx NonNMethodCodeHeapSize                   = 5832780                                {pd product} {ergonomic}
    uintx NonProfiledCodeHeapSize                  = 122912730                              {pd product} {ergonomic}
    uintx ProfiledCodeHeapSize                     = 122912730                              {pd product} {ergonomic}
    uintx ReservedCodeCacheSize                    = 251658240                              {pd product} {ergonomic}
     bool SegmentedCodeCache                       = true                                      {product} {ergonomic}
     bool ShowCodeDetailsInExceptionMessages       = true                                   {manageable} {command line}
   size_t SoftMaxHeapSize                          = 2147483648                             {manageable} {ergonomic}
     bool UseCompressedClassPointers               = true                           {product lp64_product} {ergonomic}
     bool UseCompressedOops                        = true                           {product lp64_product} {ergonomic}
     bool UseG1GC                                  = true                                      {product} {ergonomic}
     bool UseNUMA                                  = false                                     {product} {ergonomic}
     bool UseNUMAInterleaving                      = false                                     {product} {ergonomic}

Logging:
Log output configuration:
 #0: stdout all=warning uptime,level,tags
 #1: stderr all=off uptime,level,tags

Environment Variables:
PATH=/usr/local/bin:/usr/bin:/bin:/usr/sbin:/sbin:/opt/X11/bin
SHELL=/bin/zsh
DISPLAY=/private/tmp/com.apple.launchd.6psREp4fPR/org.xquartz:0
LANG=en_GB.UTF-8

Signal Handlers:
   SIGSEGV: crash_handler in libjvm.dylib, mask=11100110000111110111111111111111, flags=SA_RESTART|SA_SIGINFO
    SIGBUS: crash_handler in libjvm.dylib, mask=11100110000111110111111111111111, flags=SA_RESTART|SA_SIGINFO
    SIGFPE: crash_handler in libjvm.dylib, mask=11100110000111110111111111111111, flags=SA_RESTART|SA_SIGINFO
   SIGPIPE: javaSignalHandler in libjvm.dylib, mask=11100110000111110111111111111111, flags=SA_RESTART|SA_SIGINFO
   SIGXFSZ: javaSignalHandler in libjvm.dylib, mask=11100110000111110111111111111111, flags=SA_RESTART|SA_SIGINFO
    SIGILL: crash_handler in libjvm.dylib, mask=11100110000111110111111111111111, flags=SA_RESTART|SA_SIGINFO
   SIGUSR2: SR_handler in libjvm.dylib, mask=00000000000000000000000000000000, flags=SA_RESTART|SA_SIGINFO
    SIGHUP: UserHandler in libjvm.dylib, mask=11100110000111110111111111111111, flags=SA_RESTART|SA_SIGINFO
    SIGINT: UserHandler in libjvm.dylib, mask=11100110000111110111111111111111, flags=SA_RESTART|SA_SIGINFO
   SIGTERM: UserHandler in libjvm.dylib, mask=11100110000111110111111111111111, flags=SA_RESTART|SA_SIGINFO
   SIGQUIT: UserHandler in libjvm.dylib, mask=11100110000111110111111111111111, flags=SA_RESTART|SA_SIGINFO
   SIGTRAP: crash_handler in libjvm.dylib, mask=11100110000111110111111111111111, flags=SA_RESTART|SA_SIGINFO


---------------  S Y S T E M  ---------------

OS:
uname: Darwin 21.1.0 Darwin Kernel Version 21.1.0: Wed Oct 13 17:33:23 PDT 2021; root:xnu-8019.41.5~1/RELEASE_X86_64 x86_64
OS uptime: 3 days 7:53 hours
rlimit (soft/hard): STACK 8192k/65532k , CORE 0k/infinity , NPROC 1392/2088 , NOFILE 10240/infinity , AS infinity/infinity , CPU infinity/infinity , DATA infinity/infinity , FSIZE infinity/infinity , MEMLOCK infinity/infinity , RSS infinity/infinity
load average: 6.36 4.96 4.61

CPU: total 4 (initial active 4) (2 cores per cpu, 2 threads per core) family 6 model 61 stepping 4 microcode 0x2f, cx8, cmov, fxsr, ht, mmx, 3dnowpref, sse, sse2, sse3, ssse3, sse4.1, sse4.2, popcnt, lzcnt, tsc, tscinvbit, avx, avx2, aes, erms, clmul, bmi1, bmi2, adx, fma, vzeroupper, clflush

Memory: 4k page, physical 8388608k(310920k free), swap 2097152k(1367040k free)

vm_info: OpenJDK 64-Bit Server VM (17.0.1+12) for bsd-amd64 JRE (17.0.1+12), built on Oct 20 2021 13:44:50 by "jenkins" with clang 4.2.1 Compatible Apple LLVM 10.0.1 (clang-1001.0.46.4)

END.
