#
# A fatal error has been detected by the Java Runtime Environment:
#
#  SIGSEGV (0xb) at pc=0x000000010772df30, pid=12513, tid=259
#
# JRE version: OpenJDK Runtime Environment Temurin-17.0.1+12 (17.0.1+12) (build 17.0.1+12)
# Java VM: OpenJDK 64-Bit Server VM Temurin-17.0.1+12 (17.0.1+12, mixed mode, sharing, tiered, compressed oops, compressed class ptrs, g1 gc, bsd-amd64)
# Problematic frame:
# V  [libjvm.dylib+0xa59f30]  _ZN16SystemDictionary30resolve_instance_class_or_nullEP6Symbol6HandleS2_P10JavaThread+0x170
#
# No core dump will be written. Core dumps have been disabled. To enable core dumping, try "ulimit -c unlimited" before starting Java again
#
# If you would like to submit a bug report, please visit:
#   https://github.com/adoptium/adoptium-support/issues
#

---------------  S U M M A R Y ------------

Command Line: -agentlib:jdwp=transport=dt_socket,server=n,suspend=y,address=localhost:51815 --module-path=/Users/sidhantmathur/Downloads/javafx-sdk-17.0.1/lib --add-modules=javafx.controls,javafx.fxml --enable-preview -XX:+ShowCodeDetailsInExceptionMessages -Dfile.encoding=UTF-8 App

Host: "MacBookAir7,2" x86_64 1600 MHz, 4 cores, 8G, Darwin 21.1.0, macOS 10.16 (21A559)
Time: Mon Nov 22 01:38:26 2021 IST elapsed time: 1.104555 seconds (0d 0h 0m 1s)

---------------  T H R E A D  ---------------

Current thread (0x00007fd20b169a00):  JavaThread "JavaFX Application Thread" [_thread_in_vm, id=259, stack(0x00007ff7bac7e000,0x00007ff7bb47e000)]

Stack: [0x00007ff7bac7e000,0x00007ff7bb47e000],  sp=0x00007ff7bb47a540,  free space=8177k
Native frames: (J=compiled Java code, j=interpreted, Vv=VM code, C=native code)
V  [libjvm.dylib+0xa59f30]  _ZN16SystemDictionary30resolve_instance_class_or_nullEP6Symbol6HandleS2_P10JavaThread+0x170
V  [libjvm.dylib+0xa5989f]  _ZN16SystemDictionary15resolve_or_failEP6Symbol6HandleS2_bP10JavaThread+0x6f
V  [libjvm.dylib+0x5b5b22]  JVM_FindClassFromCaller+0x232
C  [libjava.dylib+0x1335]  Java_java_lang_Class_forName0+0x185
j  java.lang.Class.forName0(Ljava/lang/String;ZLjava/lang/ClassLoader;Ljava/lang/Class;)Ljava/lang/Class;+0 java.base@17.0.1
j  java.lang.Class.forName(Ljava/lang/String;ZLjava/lang/ClassLoader;)Ljava/lang/Class;+43 java.base@17.0.1
v  ~StubRoutines::call_stub
V  [libjvm.dylib+0x519896]  _ZN9JavaCalls11call_helperEP9JavaValueRK12methodHandleP17JavaCallArgumentsP10JavaThread+0x2b6
V  [libjvm.dylib+0x57d038]  _ZL17jni_invoke_staticP7JNIEnv_P9JavaValueP8_jobject11JNICallTypeP10_jmethodIDP18JNI_ArgumentPusherP10JavaThread+0x158
V  [libjvm.dylib+0x57d958]  jni_CallStaticObjectMethod+0x198
C  [libglass.dylib+0x27052]  +[GlassHelper ClassForName:withEnv:]+0xf2
C  [libglass.dylib+0x9651]  -[GlassApplication application:openFiles:]+0x121
C  [AppKit+0x4671eb]  -[NSApplication _doOpenFile:ok:tryTemp:]+0x10b
C  [AppKit+0x2fcd4]  -[NSApplication finishLaunching]+0x81b
C  [AppKit+0x2f209]  -[NSApplication run]+0xfa
C  [libglass.dylib+0xa2a5]  -[GlassApplication runLoop:]+0x795
C  [Foundation+0x81d63]  __NSThreadPerformPerform+0xb3
C  [CoreFoundation+0x8084d]  __CFRUNLOOP_IS_CALLING_OUT_TO_A_SOURCE0_PERFORM_FUNCTION__+0x11
C  [CoreFoundation+0x807b5]  __CFRunLoopDoSource0+0xb4
C  [CoreFoundation+0x80534]  __CFRunLoopDoSources0+0xf2
C  [CoreFoundation+0x7ef6b]  __CFRunLoopRun+0x37d
C  [CoreFoundation+0x7e52d]  CFRunLoopRunSpecific+0x233
C  [libjli.dylib+0x6e82]  CreateExecutionEnvironment+0x192
C  [libjli.dylib+0x26a8]  JLI_Launch+0x5d8
C  [java+0xc0e]  main+0x19e
C  0x0000000106c294fe
C  0x0000000000000000

Java frames: (J=compiled Java code, j=interpreted, Vv=VM code)
j  java.lang.Class.forName0(Ljava/lang/String;ZLjava/lang/ClassLoader;Ljava/lang/Class;)Ljava/lang/Class;+0 java.base@17.0.1
j  java.lang.Class.forName(Ljava/lang/String;ZLjava/lang/ClassLoader;)Ljava/lang/Class;+43 java.base@17.0.1
v  ~StubRoutines::call_stub

siginfo: si_signo: 11 (SIGSEGV), si_code: 1 (SEGV_MAPERR), si_addr: 0x0000000000000056

Register to memory mapping:

RAX=0xfffffffffffffffe is an unknown value
RBX=0x00006000001cbd80 points into unknown readable memory: 0x0000000000000002 | 02 00 00 00 00 00 00 00
RCX=0x0000000000000006 is an unknown value
RDX=0x0000000800000000 is pointing into metadata
RSP=0x00007ff7bb47a540 is pointing into the stack for thread: 0x00007fd20b169a00
RBP=0x00007ff7bb47a640 is pointing into the stack for thread: 0x00007fd20b169a00
RSI=0x0000000800080940 is a pointer to class: 
jdk.internal.loader.ClassLoaders$AppClassLoader {0x0000000800080940}
 - instance size:     13
 - klass size:        104
 - access:            synchronized 
 - state:             fully_initialized
 - name:              'jdk/internal/loader/ClassLoaders$AppClassLoader'
 - super:             'jdk/internal/loader/BuiltinClassLoader'
 - sub:               
 - arrays:            NULL
 - methods:           Array<T>(0x00000008006568b8)
 - method ordering:   Array<T>(0x0000000800656a08)
 - default_methods:   Array<T>(0x0000000000000000)
 - local interfaces:  Array<T>(0x00000008005c0440)
 - trans. interfaces: Array<T>(0x00000008005c0440)
 - constants:         constant pool [119] {0x00000008006540b8} for 'jdk/internal/loader/ClassLoaders$AppClassLoader' cache=0x0000000800080d58
 - class loader data:  loader data: 0x00006000025f0280 of 'bootstrap'
 - source file:       'ClassLoaders.java'
 - class annotations:       Array<T>(0x0000000000000000)
 - class type annotations:  Array<T>(0x0000000000000000)
 - field annotations:       Array<T>(0x0000000000000000)
 - field type annotations:  Array<T>(0x0000000000000000)
 - inner classes:     Array<T>(0x00000008006568a0)
 - nest members:     Array<T>(0x00000008005c03d0)
 - permitted subclasses:     Array<T>(0x00000008005c03d0)
 - java mirror:       a 'java/lang/Class'{0x00000007ffe03d70} = 'jdk/internal/loader/ClassLoaders$AppClassLoader'
 - vtable length      43  (start addr: 0x0000000800080b10)
 - itable length      2 (start addr: 0x0000000800080c68)
 - ---- static fields (0 words):
 - ---- non-static fields (23 words):
 - private 'defaultAssertionStatus' 'Z' @12 
 - private final 'parent' 'Ljava/lang/ClassLoader;' @24 
 - private final 'name' 'Ljava/lang/String;' @28 
 - private final 'unnamedModule' 'Ljava/lang/Module;' @32 
 - private final 'nameAndId' 'Ljava/lang/String;' @36 
 - private final 'parallelLockMap' 'Ljava/util/concurrent/ConcurrentHashMap;' @40 
 - private final 'package2certs' 'Ljava/util/concurrent/ConcurrentHashMap;' @44 
 - private final 'classes' 'Ljava/util/ArrayList;' @48 
 - private final 'defaultDomain' 'Ljava/security/ProtectionDomain;' @52 
 - private final 'packages' 'Ljava/util/concurrent/ConcurrentHashMap;' @56 
 - private final 'libraries' 'Ljdk/internal/loader/NativeLibraries;' @60 
 - final 'assertionLock' 'Ljava/lang/Object;' @64 
 - private 'packageAssertionStatus' 'Ljava/util/Map;' @68 
 - 'classAssertionStatus' 'Ljava/util/Map;' @72 
 - private volatile 'classLoaderValueMap' 'Ljava/util/concurrent/ConcurrentHashMap;' @76 
 - private final 'pdcache' 'Ljava/util/Map;' @80 
 - private final 'parent' 'Ljdk/internal/loader/BuiltinClassLoader;' @84 
 - private synchronized 'ucp' 'Ljdk/internal/loader/URLClassPath;' @88 
 - private final 'nameToModule' 'Ljava/util/Map;' @92 
 - private final 'moduleToReader' 'Ljava/util/Map;' @96 
 - private volatile 'resourceCache' 'Ljava/lang/ref/SoftReference;' @100 
 - non-static oop maps: 24-100 
RDI=0x0000000020010f43 is an unknown value
R8 =0x0000000780000000 points into unknown readable memory: 0x0000000000000000 | 00 00 00 00 00 00 00 00
R9 =0x0000000000003000 is an unknown value
R10=0x0 is NULL
R11=0x0 is NULL
R12=0x0000600002bfc978 points into unknown readable memory: 0x0000000787f19920 | 20 99 f1 87 07 00 00 00
R13=0x000000080043d0c8 is pointing into metadata
R14=0x0000000787f19920 is an oop: jdk.internal.loader.ClassLoaders$AppClassLoader 
{0x0000000787f19920} - klass: 'jdk/internal/loader/ClassLoaders$AppClassLoader'
 - ---- fields (total size 13 words):
 - private 'defaultAssertionStatus' 'Z' @12  true (a)
 - private final 'parent' 'Ljava/lang/ClassLoader;' @24  a 'java/lang/Class'{0x00000007876af0b0} = 'com/sun/javafx/tk/quantum/QuantumRenderer' (f0ed5e16)
 - private final 'name' 'Ljava/lang/String;' @28  "app"{0x00000007fff0ba60} (fffe174c)
 - private final 'unnamedModule' 'Ljava/lang/Module;' @32  a 'java/lang/Module'{0x0000000787f19ab0} (f0fe3356)
 - private final 'nameAndId' 'Ljava/lang/String;' @36  a 'java/lang/invoke/ResolvedMethodName'{0x0000000787311910} (f0e62322)
 - private final 'parallelLockMap' 'Ljava/util/concurrent/ConcurrentHashMap;' @40  a 'java/util/concurrent/ConcurrentHashMap'{0x0000000787f19ae8} (f0fe335d)
 - private final 'package2certs' 'Ljava/util/concurrent/ConcurrentHashMap;' @44  a 'java/util/concurrent/ConcurrentHashMap'{0x0000000787f19b38} (f0fe3367)
 - private final 'classes' 'Ljava/util/ArrayList;' @48  a 'java/util/ArrayList'{0x0000000787f19988} (f0fe3331)
 - private final 'defaultDomain' 'Ljava/security/ProtectionDomain;' @52  a 'java/security/ProtectionDomain'{0x0000000787f199a0} (f0fe3334)
 - private final 'packages' 'Ljava/util/concurrent/ConcurrentHashMap;' @56  a 'java/util/concurrent/ConcurrentHashMap'{0x0000000787f19a10} (f0fe3342)
 - private final 'libraries' 'Ljdk/internal/loader/NativeLibraries;' @60  a 'jdk/internal/loader/NativeLibraries'{0x0000000787f19a50} (f0fe334a)
 - final 'assertionLock' 'Ljava/lang/Object;' @64  a 'java/lang/Object'{0x0000000787f19b28} (f0fe3365)
 - private 'packageAssertionStatus' 'Ljava/util/Map;' @68  NULL (0)
 - 'classAssertionStatus' 'Ljava/util/Map;' @72  NULL (0)
 - private volatile 'classLoaderValueMap' 'Ljava/util/concurrent/ConcurrentHashMap;' @76  a 'java/util/concurrent/ConcurrentHashMap'{0x0000000787f19f20} (f0fe33e4)
 - private final 'pdcache' 'Ljava/util/Map;' @80  a 'java/util/concurrent/ConcurrentHashMap'{0x0000000787f19be0} (f0fe337c)
 - private final 'parent' 'Ljdk/internal/loader/BuiltinClassLoader;' @84  a 'jdk/internal/loader/ClassLoaders$PlatformClassLoader'{0x0000000787f18110} (f0fe3022)
 - private synchronized 'ucp' 'Ljdk/internal/loader/URLClassPath;' @88  a 'jdk/internal/loader/URLClassPath'{0x0000000787f18768} (f0fe30ed)
 - private final 'nameToModule' 'Ljava/util/Map;' @92  a 'java/util/concurrent/ConcurrentHashMap'{0x0000000787f19c20} (f0fe3384)
 - private final 'moduleToReader' 'Ljava/util/Map;' @96  a 'java/util/concurrent/ConcurrentHashMap'{0x0000000787f19c60} (f0fe338c)
 - private volatile 'resourceCache' 'Ljava/lang/ref/SoftReference;' @100  NULL (0)
R15=0x00007fd20b169a00 is a thread


Registers:
RAX=0xfffffffffffffffe, RBX=0x00006000001cbd80, RCX=0x0000000000000006, RDX=0x0000000800000000
RSP=0x00007ff7bb47a540, RBP=0x00007ff7bb47a640, RSI=0x0000000800080940, RDI=0x0000000020010f43
R8 =0x0000000780000000, R9 =0x0000000000003000, R10=0x0000000000000000, R11=0x0000000000000000
R12=0x0000600002bfc978, R13=0x000000080043d0c8, R14=0x0000000787f19920, R15=0x00007fd20b169a00
RIP=0x000000010772df30, EFLAGS=0x0000000000010202, ERR=0x0000000000000004
  TRAPNO=0x000000000000000e

Top of Stack: (sp=0x00007ff7bb47a540)
0x00007ff7bb47a540:   0000000000000002 00007fd20b169a00
0x00007ff7bb47a550:   00006000001cbd80 0000600002bfc960
0x00007ff7bb47a560:   0000600002bfc978 0000600002bfca48
0x00007ff7bb47a570:   00000000000000d8 00007ff7bb47a970
0x00007ff7bb47a580:   00007ff80ce04d20 0000000000000000
0x00007ff7bb47a590:   00007ff84d2e09b0 00007ff80ba7ab8f
0x00007ff7bb47a5a0:   0000000000000000 0000000000000000
0x00007ff7bb47a5b0:   00007ff700000000 0000000107725048
0x00007ff7bb47a5c0:   0000000000000010 0000000000000010
0x00007ff7bb47a5d0:   0000000000000000 0000000083d61705
0x00007ff7bb47a5e0:   00007fd20b169a00 0000000000000000
0x00007ff7bb47a5f0:   0000600002bfc978 00007ff7bb47a700
0x00007ff7bb47a600:   00007fd20b169a00 0000000100000000
0x00007ff7bb47a610:   0000600001ad8210 0000600002bfc970
0x00007ff7bb47a620:   000000080043d0c8 0000000000000000
0x00007ff7bb47a630:   0000000000000000 00007fd20b169a00
0x00007ff7bb47a640:   00007ff7bb47a680 000000010772d89f
0x00007ff7bb47a650:   0000600002bfc978 0000000787f19920
0x00007ff7bb47a660:   00007fd20b169a00 0000000000000000
0x00007ff7bb47a670:   000000080043d0c8 0000600002bfc970
0x00007ff7bb47a680:   00007ff7bb47a6d0 0000000107289b22
0x00007ff7bb47a690:   0000000000000010 0000000100000010
0x00007ff7bb47a6a0:   0000000000000000 0000000000000010
0x00007ff7bb47a6b0:   0000000000000010 00007fd20b169ca8
0x00007ff7bb47a6c0:   00007ff7bb47a700 00007ff7bb47a860
0x00007ff7bb47a6d0:   00007ff7bb47a7b0 0000000104c5b335
0x00007ff7bb47a6e0:   00006000014c7560 0000000000000000
0x00007ff7bb47a6f0:   00007ff7bb47a850 0000000101ad8210
0x00007ff7bb47a700:   6e616c2f6176616a 676e697274532f67
0x00007ff7bb47a710:   0f6b54afb4cf0000 00007ff7bb47a7b8
0x00007ff7bb47a720:   0000000000000001 00007ff7bb47a7a0
0x00007ff7bb47a730:   0000000000000000 0000000000000000 

Instructions: (pc=0x000000010772df30)
0x000000010772de30:   8c be ac ff 48 85 c0 4c 89 65 c0 75 19 e9 c7 00
0x000000010772de40:   00 00 31 ff e8 77 be ac ff 48 85 c0 4c 89 65 c0
0x000000010772de50:   0f 84 b3 00 00 00 49 89 c6 49 8b 9c 24 38 02 00
0x000000010772de60:   00 4c 8b 63 18 49 83 fc f8 72 18 48 8d 15 fd 72
0x000000010772de70:   13 00 be 08 00 00 00 48 89 df e8 81 44 70 ff 4c
0x000000010772de80:   8b 63 18 49 8d 44 24 08 48 3b 43 20 76 6e be 08
0x000000010772de90:   00 00 00 31 d2 48 89 df e8 93 44 70 ff 49 89 c4
0x000000010772dea0:   4d 89 34 24 4d 85 e4 74 60 31 f6 4c 89 f7 e8 fd
0x000000010772deb0:   f1 e3 ff 84 c0 75 26 48 8d 3d c7 e3 19 00 48 8d
0x000000010772dec0:   15 fc e3 19 00 48 8d 0d 35 e4 19 00 be 23 00 00
0x000000010772ded0:   00 31 c0 e8 88 6c 90 ff e8 43 fd e4 ff 49 8b 3c
0x000000010772dee0:   24 e8 6a ba ac ff 48 85 c0 4c 89 65 b0 0f 84 f7
0x000000010772def0:   01 00 00 c7 45 c8 00 00 00 00 eb 22 48 89 43 18
0x000000010772df00:   4d 89 34 24 4d 85 e4 75 a0 48 8d 05 d0 d2 2f 00
0x000000010772df10:   48 8b 00 b1 01 89 4d c8 31 c9 48 89 4d b0 48 8d
0x000000010772df20:   0d b7 4a 2c 00 8b 09 83 c1 03 4c 89 ef 48 d3 ef
0x000000010772df30:   4c 8b 78 58 41 8b 4d 00 49 89 c4 41 8b 55 04 c1
0x000000010772df40:   e2 08 41 0f b6 75 06 c1 e6 08 45 0f b6 75 07 41
0x000000010772df50:   09 f6 41 31 d6 41 31 fe 41 0f a4 ce 10 4c 89 ff
0x000000010772df60:   44 89 f6 4c 89 ea 48 8b 4d 90 e8 a1 86 97 ff 48
0x000000010772df70:   89 c3 48 85 c0 0f 85 2d 03 00 00 4c 89 7d a0 4c
0x000000010772df80:   89 65 a8 80 7d c8 00 74 04 31 c0 eb 20 48 8d 05
0x000000010772df90:   b2 5b 30 00 80 38 00 4c 8b 65 b0 75 0d 49 8b 3c
0x000000010772dfa0:   24 e8 2a bc ac ff 84 c0 75 df 4c 89 e0 48 8b 5d
0x000000010772dfb0:   c0 4d 89 ef 48 8d bd 40 ff ff ff 48 89 85 58 ff
0x000000010772dfc0:   ff ff 48 89 c6 48 89 da e8 83 c9 ff ff 48 8d 05
0x000000010772dfd0:   fc 7c 31 00 4c 8b 28 4d 85 ed 74 0b 4c 89 ef 48
0x000000010772dfe0:   89 de e8 89 b3 e1 ff 48 8b 7d a0 44 89 f6 4c 89
0x000000010772dff0:   fa e8 da 86 97 ff 48 85 c0 48 89 45 c8 0f 84 fd
0x000000010772e000:   00 00 00 48 89 c2 31 f6 45 31 e4 4c 89 7d b8 4d
0x000000010772e010:   85 ed 74 12 4c 89 ef 48 89 f3 e8 11 b5 e1 ff 48
0x000000010772e020:   89 de 48 8b 55 c8 45 84 e4 4c 8b 6d c0 4c 8b 7d 


Stack slot to memory mapping:
stack at sp + 0 slots: 0x0000000000000002 is an unknown value
stack at sp + 1 slots: 0x00007fd20b169a00 is a thread
stack at sp + 2 slots: 0x00006000001cbd80 points into unknown readable memory: 0x0000000000000002 | 02 00 00 00 00 00 00 00
stack at sp + 3 slots: 0x0000600002bfc960 points into unknown readable memory: 0x0000000000000000 | 00 00 00 00 00 00 00 00
stack at sp + 4 slots: 0x0000600002bfc978 points into unknown readable memory: 0x0000000787f19920 | 20 99 f1 87 07 00 00 00
stack at sp + 5 slots: 0x0000600002bfca48 points into unknown readable memory: 0x0000000000000002 | 02 00 00 00 00 00 00 00
stack at sp + 6 slots: 0x00000000000000d8 is an unknown value
stack at sp + 7 slots: 0x00007ff7bb47a970 is pointing into the stack for thread: 0x00007fd20b169a00


---------------  P R O C E S S  ---------------

Threads class SMR info:
_java_thread_list=0x00006000014b8e60, length=18, elements={
0x00007fd20a00a800, 0x00007fd20a07f000, 0x00007fd20a081800, 0x00007fd209010c00,
0x00007fd20b008800, 0x00007fd20b00a000, 0x00007fd208835000, 0x00007fd208835600,
0x00007fd208835c00, 0x00007fd20b00e000, 0x00007fd20900b000, 0x00007fd20a0d0400,
0x00007fd20900b600, 0x00007fd20a084e00, 0x00007fd208838000, 0x00007fd208838600,
0x00007fd208a73c00, 0x00007fd20b169a00
}

Java Threads: ( => current thread )
  0x00007fd20a00a800 JavaThread "main" [_thread_blocked, id=9731, stack(0x0000700007601000,0x0000700007701000)]
  0x00007fd20a07f000 JavaThread "Reference Handler" daemon [_thread_blocked, id=15107, stack(0x0000700007d16000,0x0000700007e16000)]
  0x00007fd20a081800 JavaThread "Finalizer" daemon [_thread_blocked, id=13827, stack(0x0000700007e19000,0x0000700007f19000)]
  0x00007fd209010c00 JavaThread "Signal Dispatcher" daemon [_thread_blocked, id=22787, stack(0x0000700008022000,0x0000700008122000)]
  0x00007fd20b008800 JavaThread "Service Thread" daemon [_thread_blocked, id=41987, stack(0x0000700008125000,0x0000700008225000)]
  0x00007fd20b00a000 JavaThread "Monitor Deflation Thread" daemon [_thread_blocked, id=41475, stack(0x0000700008228000,0x0000700008328000)]
  0x00007fd208835000 JavaThread "C2 CompilerThread0" daemon [_thread_blocked, id=23043, stack(0x000070000832b000,0x000070000842b000)]
  0x00007fd208835600 JavaThread "C1 CompilerThread0" daemon [_thread_blocked, id=23555, stack(0x000070000842e000,0x000070000852e000)]
  0x00007fd208835c00 JavaThread "Sweeper thread" daemon [_thread_blocked, id=23811, stack(0x0000700008531000,0x0000700008631000)]
  0x00007fd20b00e000 JavaThread "Common-Cleaner" daemon [_thread_blocked, id=24323, stack(0x0000700008634000,0x0000700008734000)]
  0x00007fd20900b000 JavaThread "C2 CompilerThread1" daemon [_thread_in_native, id=24579, stack(0x0000700008737000,0x0000700008837000)]
  0x00007fd20a0d0400 JavaThread "JDWP Transport Listener: dt_socket" daemon [_thread_blocked, id=40199, stack(0x000070000883a000,0x000070000893a000)]
  0x00007fd20900b600 JavaThread "JDWP Event Helper Thread" daemon [_thread_blocked, id=25091, stack(0x000070000893d000,0x0000700008a3d000)]
  0x00007fd20a084e00 JavaThread "JDWP Command Reader" daemon [_thread_in_native, id=25603, stack(0x0000700008a40000,0x0000700008b40000)]
  0x00007fd208838000 JavaThread "Notification Thread" daemon [_thread_blocked, id=26115, stack(0x0000700008b43000,0x0000700008c43000)]
  0x00007fd208838600 JavaThread "QuantumRenderer-0" daemon [_thread_blocked, id=39427, stack(0x0000700008d49000,0x0000700008e49000)]
  0x00007fd208a73c00 JavaThread "InvokeLaterDispatcher" daemon [_thread_blocked, id=29711, stack(0x0000700008e4c000,0x0000700008f4c000)]
=>0x00007fd20b169a00 JavaThread "JavaFX Application Thread" [_thread_in_vm, id=259, stack(0x00007ff7bac7e000,0x00007ff7bb47e000)]

Other Threads:
  0x00007fd209807130 VMThread "VM Thread" [stack: 0x0000700007c13000,0x0000700007d13000] [id=15875]
  0x00007fd209911780 WatcherThread [stack: 0x0000700008c46000,0x0000700008d46000] [id=39683]
  0x00007fd209805870 GCTaskThread "GC Thread#0" [stack: 0x0000700007704000,0x0000700007804000] [id=12291]
  0x00007fd209805f10 ConcurrentGCThread "G1 Main Marker" [stack: 0x0000700007807000,0x0000700007907000] [id=19715]
  0x00007fd209806790 ConcurrentGCThread "G1 Conc#0" [stack: 0x000070000790a000,0x0000700007a0a000] [id=18691]
  0x00007fd209906ec0 ConcurrentGCThread "G1 Refine#0" [stack: 0x0000700007a0d000,0x0000700007b0d000] [id=12803]
  0x00007fd209907750 ConcurrentGCThread "G1 Service" [stack: 0x0000700007b10000,0x0000700007c10000] [id=17923]

Threads with active compile tasks:
C2 CompilerThread1     1157  289       4       java.util.stream.ReferencePipeline$3$1::accept (23 bytes)

VM state: not at safepoint (normal execution)

VM Mutex/Monitor currently owned by a thread: None

Heap address: 0x0000000780000000, size: 2048 MB, Compressed Oops mode: Zero based, Oop shift amount: 3

CDS archive(s) mapped at: [0x0000000800000000-0x0000000800bd0000-0x0000000800bd0000), size 12386304, SharedBaseAddress: 0x0000000800000000, ArchiveRelocationMode: 0.
Compressed class space mapped at: 0x0000000800c00000-0x0000000840c00000, reserved size: 1073741824
Narrow klass base: 0x0000000800000000, Narrow klass shift: 0, Narrow klass range: 0x100000000

GC Precious Log:
 CPUs: 4 total, 4 available
 Memory: 8192M
 Large Page Support: Disabled
 NUMA Support: Disabled
 Compressed Oops: Enabled (Zero based)
 Heap Region Size: 1M
 Heap Min Capacity: 8M
 Heap Initial Capacity: 128M
 Heap Max Capacity: 2G
 Pre-touch: Disabled
 Parallel Workers: 4
 Concurrent Workers: 1
 Concurrent Refinement Workers: 4
 Periodic GC: Disabled

Heap:
 garbage-first heap   total 133120K, used 12244K [0x0000000780000000, 0x0000000800000000)
  region size 1024K, 13 young (13312K), 0 survivors (0K)
 Metaspace       used 2301K, committed 2496K, reserved 1056768K
  class space    used 250K, committed 320K, reserved 1048576K

Heap Regions: E=young(eden), S=young(survivor), O=old, HS=humongous(starts), HC=humongous(continues), CS=collection set, F=free, OA=open archive, CA=closed archive, TAMS=top-at-mark-start (previous, next)
|   0|0x0000000780000000, 0x0000000780000000, 0x0000000780100000|  0%| F|  |TAMS 0x0000000780000000, 0x0000000780000000| Untracked 
|   1|0x0000000780100000, 0x0000000780100000, 0x0000000780200000|  0%| F|  |TAMS 0x0000000780100000, 0x0000000780100000| Untracked 
|   2|0x0000000780200000, 0x0000000780200000, 0x0000000780300000|  0%| F|  |TAMS 0x0000000780200000, 0x0000000780200000| Untracked 
|   3|0x0000000780300000, 0x0000000780300000, 0x0000000780400000|  0%| F|  |TAMS 0x0000000780300000, 0x0000000780300000| Untracked 
|   4|0x0000000780400000, 0x0000000780400000, 0x0000000780500000|  0%| F|  |TAMS 0x0000000780400000, 0x0000000780400000| Untracked 
|   5|0x0000000780500000, 0x0000000780500000, 0x0000000780600000|  0%| F|  |TAMS 0x0000000780500000, 0x0000000780500000| Untracked 
|   6|0x0000000780600000, 0x0000000780600000, 0x0000000780700000|  0%| F|  |TAMS 0x0000000780600000, 0x0000000780600000| Untracked 
|   7|0x0000000780700000, 0x0000000780700000, 0x0000000780800000|  0%| F|  |TAMS 0x0000000780700000, 0x0000000780700000| Untracked 
|   8|0x0000000780800000, 0x0000000780800000, 0x0000000780900000|  0%| F|  |TAMS 0x0000000780800000, 0x0000000780800000| Untracked 
|   9|0x0000000780900000, 0x0000000780900000, 0x0000000780a00000|  0%| F|  |TAMS 0x0000000780900000, 0x0000000780900000| Untracked 
|  10|0x0000000780a00000, 0x0000000780a00000, 0x0000000780b00000|  0%| F|  |TAMS 0x0000000780a00000, 0x0000000780a00000| Untracked 
|  11|0x0000000780b00000, 0x0000000780b00000, 0x0000000780c00000|  0%| F|  |TAMS 0x0000000780b00000, 0x0000000780b00000| Untracked 
|  12|0x0000000780c00000, 0x0000000780c00000, 0x0000000780d00000|  0%| F|  |TAMS 0x0000000780c00000, 0x0000000780c00000| Untracked 
|  13|0x0000000780d00000, 0x0000000780d00000, 0x0000000780e00000|  0%| F|  |TAMS 0x0000000780d00000, 0x0000000780d00000| Untracked 
|  14|0x0000000780e00000, 0x0000000780e00000, 0x0000000780f00000|  0%| F|  |TAMS 0x0000000780e00000, 0x0000000780e00000| Untracked 
|  15|0x0000000780f00000, 0x0000000780f00000, 0x0000000781000000|  0%| F|  |TAMS 0x0000000780f00000, 0x0000000780f00000| Untracked 
|  16|0x0000000781000000, 0x0000000781000000, 0x0000000781100000|  0%| F|  |TAMS 0x0000000781000000, 0x0000000781000000| Untracked 
|  17|0x0000000781100000, 0x0000000781100000, 0x0000000781200000|  0%| F|  |TAMS 0x0000000781100000, 0x0000000781100000| Untracked 
|  18|0x0000000781200000, 0x0000000781200000, 0x0000000781300000|  0%| F|  |TAMS 0x0000000781200000, 0x0000000781200000| Untracked 
|  19|0x0000000781300000, 0x0000000781300000, 0x0000000781400000|  0%| F|  |TAMS 0x0000000781300000, 0x0000000781300000| Untracked 
|  20|0x0000000781400000, 0x0000000781400000, 0x0000000781500000|  0%| F|  |TAMS 0x0000000781400000, 0x0000000781400000| Untracked 
|  21|0x0000000781500000, 0x0000000781500000, 0x0000000781600000|  0%| F|  |TAMS 0x0000000781500000, 0x0000000781500000| Untracked 
|  22|0x0000000781600000, 0x0000000781600000, 0x0000000781700000|  0%| F|  |TAMS 0x0000000781600000, 0x0000000781600000| Untracked 
|  23|0x0000000781700000, 0x0000000781700000, 0x0000000781800000|  0%| F|  |TAMS 0x0000000781700000, 0x0000000781700000| Untracked 
|  24|0x0000000781800000, 0x0000000781800000, 0x0000000781900000|  0%| F|  |TAMS 0x0000000781800000, 0x0000000781800000| Untracked 
|  25|0x0000000781900000, 0x0000000781900000, 0x0000000781a00000|  0%| F|  |TAMS 0x0000000781900000, 0x0000000781900000| Untracked 
|  26|0x0000000781a00000, 0x0000000781a00000, 0x0000000781b00000|  0%| F|  |TAMS 0x0000000781a00000, 0x0000000781a00000| Untracked 
|  27|0x0000000781b00000, 0x0000000781b00000, 0x0000000781c00000|  0%| F|  |TAMS 0x0000000781b00000, 0x0000000781b00000| Untracked 
|  28|0x0000000781c00000, 0x0000000781c00000, 0x0000000781d00000|  0%| F|  |TAMS 0x0000000781c00000, 0x0000000781c00000| Untracked 
|  29|0x0000000781d00000, 0x0000000781d00000, 0x0000000781e00000|  0%| F|  |TAMS 0x0000000781d00000, 0x0000000781d00000| Untracked 
|  30|0x0000000781e00000, 0x0000000781e00000, 0x0000000781f00000|  0%| F|  |TAMS 0x0000000781e00000, 0x0000000781e00000| Untracked 
|  31|0x0000000781f00000, 0x0000000781f00000, 0x0000000782000000|  0%| F|  |TAMS 0x0000000781f00000, 0x0000000781f00000| Untracked 
|  32|0x0000000782000000, 0x0000000782000000, 0x0000000782100000|  0%| F|  |TAMS 0x0000000782000000, 0x0000000782000000| Untracked 
|  33|0x0000000782100000, 0x0000000782100000, 0x0000000782200000|  0%| F|  |TAMS 0x0000000782100000, 0x0000000782100000| Untracked 
|  34|0x0000000782200000, 0x0000000782200000, 0x0000000782300000|  0%| F|  |TAMS 0x0000000782200000, 0x0000000782200000| Untracked 
|  35|0x0000000782300000, 0x0000000782300000, 0x0000000782400000|  0%| F|  |TAMS 0x0000000782300000, 0x0000000782300000| Untracked 
|  36|0x0000000782400000, 0x0000000782400000, 0x0000000782500000|  0%| F|  |TAMS 0x0000000782400000, 0x0000000782400000| Untracked 
|  37|0x0000000782500000, 0x0000000782500000, 0x0000000782600000|  0%| F|  |TAMS 0x0000000782500000, 0x0000000782500000| Untracked 
|  38|0x0000000782600000, 0x0000000782600000, 0x0000000782700000|  0%| F|  |TAMS 0x0000000782600000, 0x0000000782600000| Untracked 
|  39|0x0000000782700000, 0x0000000782700000, 0x0000000782800000|  0%| F|  |TAMS 0x0000000782700000, 0x0000000782700000| Untracked 
|  40|0x0000000782800000, 0x0000000782800000, 0x0000000782900000|  0%| F|  |TAMS 0x0000000782800000, 0x0000000782800000| Untracked 
|  41|0x0000000782900000, 0x0000000782900000, 0x0000000782a00000|  0%| F|  |TAMS 0x0000000782900000, 0x0000000782900000| Untracked 
|  42|0x0000000782a00000, 0x0000000782a00000, 0x0000000782b00000|  0%| F|  |TAMS 0x0000000782a00000, 0x0000000782a00000| Untracked 
|  43|0x0000000782b00000, 0x0000000782b00000, 0x0000000782c00000|  0%| F|  |TAMS 0x0000000782b00000, 0x0000000782b00000| Untracked 
|  44|0x0000000782c00000, 0x0000000782c00000, 0x0000000782d00000|  0%| F|  |TAMS 0x0000000782c00000, 0x0000000782c00000| Untracked 
|  45|0x0000000782d00000, 0x0000000782d00000, 0x0000000782e00000|  0%| F|  |TAMS 0x0000000782d00000, 0x0000000782d00000| Untracked 
|  46|0x0000000782e00000, 0x0000000782e00000, 0x0000000782f00000|  0%| F|  |TAMS 0x0000000782e00000, 0x0000000782e00000| Untracked 
|  47|0x0000000782f00000, 0x0000000782f00000, 0x0000000783000000|  0%| F|  |TAMS 0x0000000782f00000, 0x0000000782f00000| Untracked 
|  48|0x0000000783000000, 0x0000000783000000, 0x0000000783100000|  0%| F|  |TAMS 0x0000000783000000, 0x0000000783000000| Untracked 
|  49|0x0000000783100000, 0x0000000783100000, 0x0000000783200000|  0%| F|  |TAMS 0x0000000783100000, 0x0000000783100000| Untracked 
|  50|0x0000000783200000, 0x0000000783200000, 0x0000000783300000|  0%| F|  |TAMS 0x0000000783200000, 0x0000000783200000| Untracked 
|  51|0x0000000783300000, 0x0000000783300000, 0x0000000783400000|  0%| F|  |TAMS 0x0000000783300000, 0x0000000783300000| Untracked 
|  52|0x0000000783400000, 0x0000000783400000, 0x0000000783500000|  0%| F|  |TAMS 0x0000000783400000, 0x0000000783400000| Untracked 
|  53|0x0000000783500000, 0x0000000783500000, 0x0000000783600000|  0%| F|  |TAMS 0x0000000783500000, 0x0000000783500000| Untracked 
|  54|0x0000000783600000, 0x0000000783600000, 0x0000000783700000|  0%| F|  |TAMS 0x0000000783600000, 0x0000000783600000| Untracked 
|  55|0x0000000783700000, 0x0000000783700000, 0x0000000783800000|  0%| F|  |TAMS 0x0000000783700000, 0x0000000783700000| Untracked 
|  56|0x0000000783800000, 0x0000000783800000, 0x0000000783900000|  0%| F|  |TAMS 0x0000000783800000, 0x0000000783800000| Untracked 
|  57|0x0000000783900000, 0x0000000783900000, 0x0000000783a00000|  0%| F|  |TAMS 0x0000000783900000, 0x0000000783900000| Untracked 
|  58|0x0000000783a00000, 0x0000000783a00000, 0x0000000783b00000|  0%| F|  |TAMS 0x0000000783a00000, 0x0000000783a00000| Untracked 
|  59|0x0000000783b00000, 0x0000000783b00000, 0x0000000783c00000|  0%| F|  |TAMS 0x0000000783b00000, 0x0000000783b00000| Untracked 
|  60|0x0000000783c00000, 0x0000000783c00000, 0x0000000783d00000|  0%| F|  |TAMS 0x0000000783c00000, 0x0000000783c00000| Untracked 
|  61|0x0000000783d00000, 0x0000000783d00000, 0x0000000783e00000|  0%| F|  |TAMS 0x0000000783d00000, 0x0000000783d00000| Untracked 
|  62|0x0000000783e00000, 0x0000000783e00000, 0x0000000783f00000|  0%| F|  |TAMS 0x0000000783e00000, 0x0000000783e00000| Untracked 
|  63|0x0000000783f00000, 0x0000000783f00000, 0x0000000784000000|  0%| F|  |TAMS 0x0000000783f00000, 0x0000000783f00000| Untracked 
|  64|0x0000000784000000, 0x0000000784000000, 0x0000000784100000|  0%| F|  |TAMS 0x0000000784000000, 0x0000000784000000| Untracked 
|  65|0x0000000784100000, 0x0000000784100000, 0x0000000784200000|  0%| F|  |TAMS 0x0000000784100000, 0x0000000784100000| Untracked 
|  66|0x0000000784200000, 0x0000000784200000, 0x0000000784300000|  0%| F|  |TAMS 0x0000000784200000, 0x0000000784200000| Untracked 
|  67|0x0000000784300000, 0x0000000784300000, 0x0000000784400000|  0%| F|  |TAMS 0x0000000784300000, 0x0000000784300000| Untracked 
|  68|0x0000000784400000, 0x0000000784400000, 0x0000000784500000|  0%| F|  |TAMS 0x0000000784400000, 0x0000000784400000| Untracked 
|  69|0x0000000784500000, 0x0000000784500000, 0x0000000784600000|  0%| F|  |TAMS 0x0000000784500000, 0x0000000784500000| Untracked 
|  70|0x0000000784600000, 0x0000000784600000, 0x0000000784700000|  0%| F|  |TAMS 0x0000000784600000, 0x0000000784600000| Untracked 
|  71|0x0000000784700000, 0x0000000784700000, 0x0000000784800000|  0%| F|  |TAMS 0x0000000784700000, 0x0000000784700000| Untracked 
|  72|0x0000000784800000, 0x0000000784800000, 0x0000000784900000|  0%| F|  |TAMS 0x0000000784800000, 0x0000000784800000| Untracked 
|  73|0x0000000784900000, 0x0000000784900000, 0x0000000784a00000|  0%| F|  |TAMS 0x0000000784900000, 0x0000000784900000| Untracked 
|  74|0x0000000784a00000, 0x0000000784a00000, 0x0000000784b00000|  0%| F|  |TAMS 0x0000000784a00000, 0x0000000784a00000| Untracked 
|  75|0x0000000784b00000, 0x0000000784b00000, 0x0000000784c00000|  0%| F|  |TAMS 0x0000000784b00000, 0x0000000784b00000| Untracked 
|  76|0x0000000784c00000, 0x0000000784c00000, 0x0000000784d00000|  0%| F|  |TAMS 0x0000000784c00000, 0x0000000784c00000| Untracked 
|  77|0x0000000784d00000, 0x0000000784d00000, 0x0000000784e00000|  0%| F|  |TAMS 0x0000000784d00000, 0x0000000784d00000| Untracked 
|  78|0x0000000784e00000, 0x0000000784e00000, 0x0000000784f00000|  0%| F|  |TAMS 0x0000000784e00000, 0x0000000784e00000| Untracked 
|  79|0x0000000784f00000, 0x0000000784f00000, 0x0000000785000000|  0%| F|  |TAMS 0x0000000784f00000, 0x0000000784f00000| Untracked 
|  80|0x0000000785000000, 0x0000000785000000, 0x0000000785100000|  0%| F|  |TAMS 0x0000000785000000, 0x0000000785000000| Untracked 
|  81|0x0000000785100000, 0x0000000785100000, 0x0000000785200000|  0%| F|  |TAMS 0x0000000785100000, 0x0000000785100000| Untracked 
|  82|0x0000000785200000, 0x0000000785200000, 0x0000000785300000|  0%| F|  |TAMS 0x0000000785200000, 0x0000000785200000| Untracked 
|  83|0x0000000785300000, 0x0000000785300000, 0x0000000785400000|  0%| F|  |TAMS 0x0000000785300000, 0x0000000785300000| Untracked 
|  84|0x0000000785400000, 0x0000000785400000, 0x0000000785500000|  0%| F|  |TAMS 0x0000000785400000, 0x0000000785400000| Untracked 
|  85|0x0000000785500000, 0x0000000785500000, 0x0000000785600000|  0%| F|  |TAMS 0x0000000785500000, 0x0000000785500000| Untracked 
|  86|0x0000000785600000, 0x0000000785600000, 0x0000000785700000|  0%| F|  |TAMS 0x0000000785600000, 0x0000000785600000| Untracked 
|  87|0x0000000785700000, 0x0000000785700000, 0x0000000785800000|  0%| F|  |TAMS 0x0000000785700000, 0x0000000785700000| Untracked 
|  88|0x0000000785800000, 0x0000000785800000, 0x0000000785900000|  0%| F|  |TAMS 0x0000000785800000, 0x0000000785800000| Untracked 
|  89|0x0000000785900000, 0x0000000785900000, 0x0000000785a00000|  0%| F|  |TAMS 0x0000000785900000, 0x0000000785900000| Untracked 
|  90|0x0000000785a00000, 0x0000000785a00000, 0x0000000785b00000|  0%| F|  |TAMS 0x0000000785a00000, 0x0000000785a00000| Untracked 
|  91|0x0000000785b00000, 0x0000000785b00000, 0x0000000785c00000|  0%| F|  |TAMS 0x0000000785b00000, 0x0000000785b00000| Untracked 
|  92|0x0000000785c00000, 0x0000000785c00000, 0x0000000785d00000|  0%| F|  |TAMS 0x0000000785c00000, 0x0000000785c00000| Untracked 
|  93|0x0000000785d00000, 0x0000000785d00000, 0x0000000785e00000|  0%| F|  |TAMS 0x0000000785d00000, 0x0000000785d00000| Untracked 
|  94|0x0000000785e00000, 0x0000000785e00000, 0x0000000785f00000|  0%| F|  |TAMS 0x0000000785e00000, 0x0000000785e00000| Untracked 
|  95|0x0000000785f00000, 0x0000000785f00000, 0x0000000786000000|  0%| F|  |TAMS 0x0000000785f00000, 0x0000000785f00000| Untracked 
|  96|0x0000000786000000, 0x0000000786000000, 0x0000000786100000|  0%| F|  |TAMS 0x0000000786000000, 0x0000000786000000| Untracked 
|  97|0x0000000786100000, 0x0000000786100000, 0x0000000786200000|  0%| F|  |TAMS 0x0000000786100000, 0x0000000786100000| Untracked 
|  98|0x0000000786200000, 0x0000000786200000, 0x0000000786300000|  0%| F|  |TAMS 0x0000000786200000, 0x0000000786200000| Untracked 
|  99|0x0000000786300000, 0x0000000786300000, 0x0000000786400000|  0%| F|  |TAMS 0x0000000786300000, 0x0000000786300000| Untracked 
| 100|0x0000000786400000, 0x0000000786400000, 0x0000000786500000|  0%| F|  |TAMS 0x0000000786400000, 0x0000000786400000| Untracked 
| 101|0x0000000786500000, 0x0000000786500000, 0x0000000786600000|  0%| F|  |TAMS 0x0000000786500000, 0x0000000786500000| Untracked 
| 102|0x0000000786600000, 0x0000000786600000, 0x0000000786700000|  0%| F|  |TAMS 0x0000000786600000, 0x0000000786600000| Untracked 
| 103|0x0000000786700000, 0x0000000786700000, 0x0000000786800000|  0%| F|  |TAMS 0x0000000786700000, 0x0000000786700000| Untracked 
| 104|0x0000000786800000, 0x0000000786800000, 0x0000000786900000|  0%| F|  |TAMS 0x0000000786800000, 0x0000000786800000| Untracked 
| 105|0x0000000786900000, 0x0000000786900000, 0x0000000786a00000|  0%| F|  |TAMS 0x0000000786900000, 0x0000000786900000| Untracked 
| 106|0x0000000786a00000, 0x0000000786a00000, 0x0000000786b00000|  0%| F|  |TAMS 0x0000000786a00000, 0x0000000786a00000| Untracked 
| 107|0x0000000786b00000, 0x0000000786b00000, 0x0000000786c00000|  0%| F|  |TAMS 0x0000000786b00000, 0x0000000786b00000| Untracked 
| 108|0x0000000786c00000, 0x0000000786c00000, 0x0000000786d00000|  0%| F|  |TAMS 0x0000000786c00000, 0x0000000786c00000| Untracked 
| 109|0x0000000786d00000, 0x0000000786d00000, 0x0000000786e00000|  0%| F|  |TAMS 0x0000000786d00000, 0x0000000786d00000| Untracked 
| 110|0x0000000786e00000, 0x0000000786e00000, 0x0000000786f00000|  0%| F|  |TAMS 0x0000000786e00000, 0x0000000786e00000| Untracked 
| 111|0x0000000786f00000, 0x0000000786f00000, 0x0000000787000000|  0%| F|  |TAMS 0x0000000786f00000, 0x0000000786f00000| Untracked 
| 112|0x0000000787000000, 0x0000000787000000, 0x0000000787100000|  0%| F|  |TAMS 0x0000000787000000, 0x0000000787000000| Untracked 
| 113|0x0000000787100000, 0x0000000787100000, 0x0000000787200000|  0%| F|  |TAMS 0x0000000787100000, 0x0000000787100000| Untracked 
| 114|0x0000000787200000, 0x0000000787200000, 0x0000000787300000|  0%| F|  |TAMS 0x0000000787200000, 0x0000000787200000| Untracked 
| 115|0x0000000787300000, 0x00000007873c8898, 0x0000000787400000| 78%| E|  |TAMS 0x0000000787300000, 0x0000000787300000| Complete 
| 116|0x0000000787400000, 0x0000000787500000, 0x0000000787500000|100%| E|CS|TAMS 0x0000000787400000, 0x0000000787400000| Complete 
| 117|0x0000000787500000, 0x0000000787600000, 0x0000000787600000|100%| E|CS|TAMS 0x0000000787500000, 0x0000000787500000| Complete 
| 118|0x0000000787600000, 0x0000000787700000, 0x0000000787700000|100%| E|CS|TAMS 0x0000000787600000, 0x0000000787600000| Complete 
| 119|0x0000000787700000, 0x0000000787800000, 0x0000000787800000|100%| E|CS|TAMS 0x0000000787700000, 0x0000000787700000| Complete 
| 120|0x0000000787800000, 0x0000000787900000, 0x0000000787900000|100%| E|CS|TAMS 0x0000000787800000, 0x0000000787800000| Complete 
| 121|0x0000000787900000, 0x0000000787a00000, 0x0000000787a00000|100%| E|  |TAMS 0x0000000787900000, 0x0000000787900000| Complete 
| 122|0x0000000787a00000, 0x0000000787b00000, 0x0000000787b00000|100%| E|CS|TAMS 0x0000000787a00000, 0x0000000787a00000| Complete 
| 123|0x0000000787b00000, 0x0000000787c00000, 0x0000000787c00000|100%| E|CS|TAMS 0x0000000787b00000, 0x0000000787b00000| Complete 
| 124|0x0000000787c00000, 0x0000000787d00000, 0x0000000787d00000|100%| E|CS|TAMS 0x0000000787c00000, 0x0000000787c00000| Complete 
| 125|0x0000000787d00000, 0x0000000787e00000, 0x0000000787e00000|100%| E|CS|TAMS 0x0000000787d00000, 0x0000000787d00000| Complete 
| 126|0x0000000787e00000, 0x0000000787f00000, 0x0000000787f00000|100%| E|CS|TAMS 0x0000000787e00000, 0x0000000787e00000| Complete 
| 127|0x0000000787f00000, 0x0000000788000000, 0x0000000788000000|100%| E|CS|TAMS 0x0000000787f00000, 0x0000000787f00000| Complete 
|2046|0x00000007ffe00000, 0x00000007ffe76000, 0x00000007fff00000| 46%|OA|  |TAMS 0x00000007ffe00000, 0x00000007ffe00000| Untracked 
|2047|0x00000007fff00000, 0x00000007fff7f000, 0x0000000800000000| 49%|CA|  |TAMS 0x00000007fff00000, 0x00000007fff00000| Untracked 

Card table byte_map: [0x0000000105267000,0x0000000105667000] _byte_map_base: 0x0000000101667000

Marking Bits (Prev, Next): (CMBitMap*) 0x00007fd208824210, (CMBitMap*) 0x00007fd208824250
 Prev Bits: [0x000000011e830000, 0x0000000120830000)
 Next Bits: [0x0000000120830000, 0x0000000122830000)

Polling page: 0x0000000104bbd000

Metaspace:

Usage:
  Non-class:      2.00 MB used.
      Class:    250.59 KB used.
       Both:      2.25 MB used.

Virtual space:
  Non-class space:        8.00 MB reserved,       2.12 MB ( 27%) committed,  1 nodes.
      Class space:        1.00 GB reserved,     320.00 KB ( <1%) committed,  1 nodes.
             Both:        1.01 GB reserved,       2.44 MB ( <1%) committed. 

Chunk freelists:
   Non-Class:  2.86 MB
       Class:  3.56 MB
        Both:  6.42 MB

MaxMetaspaceSize: unlimited
CompressedClassSpaceSize: 1.00 GB
Initial GC threshold: 21.00 MB
Current GC threshold: 21.00 MB
CDS: on
MetaspaceReclaimPolicy: balanced
 - commit_granule_bytes: 65536.
 - commit_granule_words: 8192.
 - virtual_space_node_default_size: 1048576.
 - enlarge_chunks_in_place: 1.
 - new_chunks_are_fully_committed: 0.
 - uncommit_free_chunks: 1.
 - use_allocation_guard: 0.
 - handle_deallocations: 1.


Internal statistics:

num_allocs_failed_limit: 0.
num_arena_births: 68.
num_arena_deaths: 0.
num_vsnodes_births: 2.
num_vsnodes_deaths: 0.
num_space_committed: 39.
num_space_uncommitted: 0.
num_chunks_returned_to_freelist: 0.
num_chunks_taken_from_freelist: 140.
num_chunk_merges: 0.
num_chunk_splits: 90.
num_chunks_enlarged: 64.
num_purges: 0.
num_inconsistent_stats: 0.

CodeHeap 'non-profiled nmethods': size=120032Kb used=214Kb max_used=214Kb free=119817Kb
 bounds [0x00000001172f8000, 0x0000000117568000, 0x000000011e830000]
CodeHeap 'profiled nmethods': size=120028Kb used=842Kb max_used=842Kb free=119185Kb
 bounds [0x000000010fdc1000, 0x0000000110031000, 0x00000001172f8000]
CodeHeap 'non-nmethods': size=5700Kb used=1219Kb max_used=1229Kb free=4481Kb
 bounds [0x000000010f830000, 0x000000010faa0000, 0x000000010fdc1000]
 total_blobs=1077 nmethods=616 adapters=375
 compilation: enabled
              stopped_count=0, restarted_count=0
 full_count=0

Compilation events (20 events):
Event: 0.879 Thread 0x00007fd208835600  609       3       java.lang.StringConcatHelper::prepend (37 bytes)
Event: 0.879 Thread 0x00007fd208835600 nmethod 609 0x000000010fe8ff90 code [0x000000010fe90160, 0x000000010fe90450]
Event: 0.879 Thread 0x00007fd208835600  607       3       java.util.ArrayDeque::poll (5 bytes)
Event: 0.879 Thread 0x00007fd208835600 nmethod 607 0x000000010fe90590 code [0x000000010fe90740, 0x000000010fe90880]
Event: 0.879 Thread 0x00007fd208835600  610       3       java.util.Collections$SetFromMap::remove (19 bytes)
Event: 0.880 Thread 0x00007fd208835600 nmethod 610 0x000000010fe90910 code [0x000000010fe90ac0, 0x000000010fe90d00]
Event: 0.880 Thread 0x00007fd208835600  612       3       java.lang.invoke.MethodHandles$Lookup::<init> (84 bytes)
Event: 0.880 Thread 0x00007fd208835600 nmethod 612 0x000000010fe90e10 code [0x000000010fe90fc0, 0x000000010fe91210]
Event: 0.880 Thread 0x00007fd208835600  613       3       java.lang.invoke.MemberName::getType (19 bytes)
Event: 0.880 Thread 0x00007fd208835600 nmethod 613 0x000000010fe91310 code [0x000000010fe91500, 0x000000010fe918b0]
Event: 0.889 Thread 0x00007fd208835600  614       3       jdk.internal.org.objectweb.asm.SymbolTable::addConstantNameAndType (137 bytes)
Event: 0.890 Thread 0x00007fd208835600 nmethod 614 0x000000010fe91a10 code [0x000000010fe91c60, 0x000000010fe92380]
Event: 0.890 Thread 0x00007fd208835600  615       3       jdk.internal.org.objectweb.asm.SymbolTable$Entry::<init> (20 bytes)
Event: 0.890 Thread 0x00007fd208835600 nmethod 615 0x000000010fe92790 code [0x000000010fe92940, 0x000000010fe92ae0]
Event: 0.891 Thread 0x00007fd208835600  617       3       java.lang.ref.SoftReference::get (29 bytes)
Event: 0.892 Thread 0x00007fd208835600 nmethod 617 0x000000010fe92b90 code [0x000000010fe92d40, 0x000000010fe92f10]
Event: 0.892 Thread 0x00007fd208835600  616       3       java.lang.invoke.MethodHandles$Lookup::checkSymbolicClass (25 bytes)
Event: 0.892 Thread 0x00007fd208835600 nmethod 616 0x000000010fe92f90 code [0x000000010fe93160, 0x000000010fe933e0]
Event: 1.015 Thread 0x00007fd208835600  618       3       jdk.internal.org.objectweb.asm.ByteVector::enlarge (51 bytes)
Event: 1.015 Thread 0x00007fd208835600 nmethod 618 0x000000010fe93510 code [0x000000010fe936c0, 0x000000010fe93a00]

GC Heap History (0 events):
No events

Deoptimization events (20 events):
Event: 0.251 Thread 0x00007fd20a00a800 Uncommon trap: trap_request=0xffffffe5 fr.pc=0x000000011730d1fc relative=0x000000000000015c
Event: 0.251 Thread 0x00007fd20a00a800 Uncommon trap: reason=range_check action=reinterpret pc=0x000000011730d1fc method=java.lang.StringLatin1.indexOf([BII)I @ 13 c2
Event: 0.251 Thread 0x00007fd20a00a800 DEOPT PACKING pc=0x000000011730d1fc sp=0x00007000077002b0
Event: 0.251 Thread 0x00007fd20a00a800 DEOPT UNPACKING pc=0x000000010f882099 sp=0x0000700007700260 mode 2
Event: 0.252 Thread 0x00007fd20a00a800 Uncommon trap: trap_request=0xffffff45 fr.pc=0x000000011730c434 relative=0x0000000000000314
Event: 0.252 Thread 0x00007fd20a00a800 Uncommon trap: reason=unstable_if action=reinterpret pc=0x000000011730c434 method=java.lang.StringLatin1.newString([BII)Ljava/lang/String; @ 1 c2
Event: 0.252 Thread 0x00007fd20a00a800 DEOPT PACKING pc=0x000000011730c434 sp=0x0000700007700270
Event: 0.252 Thread 0x00007fd20a00a800 DEOPT UNPACKING pc=0x000000010f882099 sp=0x0000700007700270 mode 2
Event: 0.393 Thread 0x00007fd20a00a800 Uncommon trap: trap_request=0xfffffff4 fr.pc=0x000000011730dcc8 relative=0x00000000000001a8
Event: 0.393 Thread 0x00007fd20a00a800 Uncommon trap: reason=null_check action=make_not_entrant pc=0x000000011730dcc8 method=java.lang.String.equals(Ljava/lang/Object;)Z @ 8 c2
Event: 0.393 Thread 0x00007fd20a00a800 DEOPT PACKING pc=0x000000011730dcc8 sp=0x00007000077008c0
Event: 0.393 Thread 0x00007fd20a00a800 DEOPT UNPACKING pc=0x000000010f882099 sp=0x0000700007700888 mode 2
Event: 0.563 Thread 0x00007fd20a00a800 DEOPT PACKING pc=0x000000010fdc81db sp=0x00007000076fc050
Event: 0.563 Thread 0x00007fd20a00a800 DEOPT UNPACKING pc=0x000000010f88282f sp=0x00007000076fb4e8 mode 0
Event: 1.099 Thread 0x00007fd20b169a00 DEOPT PACKING pc=0x000000010fde891c sp=0x00007ff7bb478c70
Event: 1.099 Thread 0x00007fd20b169a00 DEOPT UNPACKING pc=0x000000010f88282f sp=0x00007ff7bb4781a8 mode 1
Event: 1.099 Thread 0x00007fd20b169a00 DEOPT PACKING pc=0x000000010fe8879c sp=0x00007ff7bb478d60
Event: 1.099 Thread 0x00007fd20b169a00 DEOPT UNPACKING pc=0x000000010f88282f sp=0x00007ff7bb4782b8 mode 1
Event: 1.099 Thread 0x00007fd20b169a00 DEOPT PACKING pc=0x000000010fe5fb8c sp=0x00007ff7bb478e50
Event: 1.099 Thread 0x00007fd20b169a00 DEOPT UNPACKING pc=0x000000010f88282f sp=0x00007ff7bb478388 mode 1

Classes unloaded (0 events):
No events

Classes redefined (0 events):
No events

Internal exceptions (9 events):
Event: 0.208 Thread 0x00007fd20a00a800 Exception <a 'sun/nio/fs/UnixException'{0x0000000787aaa128}> (0x0000000787aaa128) 
thrown [src/hotspot/share/prims/jni.cpp, line 516]
Event: 0.393 Thread 0x00007fd20a00a800 Implicit null exception at 0x000000011730db55 to 0x000000011730dcb8
Event: 0.394 Thread 0x00007fd20a00a800 Exception <a 'java/lang/NoSuchMethodError'{0x0000000787985340}: 'java.lang.Object java.lang.invoke.DirectMethodHandle$Holder.invokeStaticInit(java.lang.Object)'> (0x0000000787985340) 
thrown [src/hotspot/share/interpreter/linkResolver.cpp, line 766]
Event: 0.480 Thread 0x00007fd20a00a800 Exception <a 'java/lang/NoSuchMethodError'{0x00000007879cf250}: 'void java.lang.invoke.DirectMethodHandle$Holder.invokeStatic(java.lang.Object, java.lang.Object)'> (0x00000007879cf250) 
thrown [src/hotspot/share/interpreter/linkResolver.cpp, line 766]
Event: 0.702 Thread 0x00007fd20a00a800 Exception <a 'java/lang/NoSuchMethodError'{0x00000007876a1cb0}: 'void java.lang.invoke.DirectMethodHandle$Holder.invokeSpecial(java.lang.Object, java.lang.Object, java.lang.Object)'> (0x00000007876a1cb0) 
thrown [src/hotspot/share/interpreter/linkResolver.cpp, line 766]
Event: 0.735 Thread 0x00007fd20a00a800 Exception <a 'java/lang/NoSuchMethodError'{0x00000007876def60}: 'void java.lang.invoke.DirectMethodHandle$Holder.invokeStatic(java.lang.Object, java.lang.Object, java.lang.Object)'> (0x00000007876def60) 
thrown [src/hotspot/share/interpreter/linkResolver.cpp, line 766]
Event: 0.861 Thread 0x00007fd20a00a800 Exception <a 'java/lang/NoSuchMethodError'{0x00000007876fb878}: 'int java.lang.invoke.DirectMethodHandle$Holder.invokeStaticInit(java.lang.Object, java.lang.Object, java.lang.Object)'> (0x00000007876fb878) 
thrown [src/hotspot/share/interpreter/linkResolver.cpp, line 766]
Event: 1.099 Thread 0x00007fd20b169a00 Exception <a 'java/lang/ClassCastException'{0x0000000787311b70}> (0x0000000787311b70) 
thrown [src/hotspot/share/runtime/sharedRuntime.cpp, line 628]
Event: 1.099 Thread 0x00007fd20b169a00 Exception <a 'java/lang/BootstrapMethodError'{0x0000000787311e40}> (0x0000000787311e40) 
thrown [src/hotspot/share/utilities/exceptions.cpp, line 452]

VM Operations (6 events):
Event: 0.114 Executing VM operation: HandshakeAllThreads
Event: 0.114 Executing VM operation: HandshakeAllThreads done
Event: 0.213 Executing VM operation: HandshakeAllThreads
Event: 0.213 Executing VM operation: HandshakeAllThreads done
Event: 0.368 Executing VM operation: ChangeBreakpoints
Event: 0.368 Executing VM operation: ChangeBreakpoints done

Events (20 events):
Event: 0.888 loading class java/util/concurrent/LinkedBlockingDeque
Event: 0.888 loading class java/util/concurrent/LinkedBlockingDeque done
Event: 0.889 Thread 0x00007fd208a73c00 Thread added: 0x00007fd208a73c00
Event: 0.890 Protecting memory [0x0000700008e4c000,0x0000700008e50000] with protection modes 0
Event: 0.893 Protecting memory [0x00007ff7bac7e000,0x00007ff7bac82000] with protection modes 0
Event: 0.893 Thread 0x00007fd20b169a00 Thread added: 0x00007fd20b169a00
Event: 1.011 Thread 0x00007fd20b251800 Thread added: 0x00007fd20b251800
Event: 1.016 Protecting memory [0x0000700008f4f000,0x0000700008f53000] with protection modes 0
Event: 1.091 loading class java/util/concurrent/LinkedBlockingDeque$Node
Event: 1.091 loading class java/util/concurrent/LinkedBlockingDeque$Node done
Event: 1.091 Protecting memory [0x0000700008f4f000,0x0000700008f53000] with protection modes 3
Event: 1.091 Thread 0x00007fd20b251800 Thread exited: 0x00007fd20b251800
Event: 1.099 loading class java/util/concurrent/FutureTask
Event: 1.099 loading class java/util/concurrent/FutureTask done
Event: 1.099 loading class java/lang/Throwable$WrappedPrintStream
Event: 1.099 loading class java/lang/Throwable$PrintStreamOrWriter
Event: 1.099 loading class java/lang/Throwable$PrintStreamOrWriter done
Event: 1.099 loading class java/lang/Throwable$WrappedPrintStream done
Event: 1.100 loading class java/lang/StackTraceElement$HashedModules
Event: 1.100 loading class java/lang/StackTraceElement$HashedModules done


Dynamic libraries:
0x0000000104b9f000 	/Library/Java/JavaVirtualMachines/temurin-17.jdk/Contents/Home/lib/libjli.dylib
0x00007ff816976000 	/usr/lib/libz.1.dylib
0x00007ff816a56000 	/usr/lib/libSystem.B.dylib
0x00007ff816a51000 	/usr/lib/system/libcache.dylib
0x00007ff816a0d000 	/usr/lib/system/libcommonCrypto.dylib
0x00007ff816a36000 	/usr/lib/system/libcompiler_rt.dylib
0x00007ff816a2c000 	/usr/lib/system/libcopyfile.dylib
0x00007ff80b9ca000 	/usr/lib/system/libcorecrypto.dylib
0x00007ff80ba89000 	/usr/lib/system/libdispatch.dylib
0x00007ff80bc48000 	/usr/lib/system/libdyld.dylib
0x00007ff816a48000 	/usr/lib/system/libkeymgr.dylib
0x00007ff8169eb000 	/usr/lib/system/libmacho.dylib
0x00007ff816082000 	/usr/lib/system/libquarantine.dylib
0x00007ff816a46000 	/usr/lib/system/libremovefile.dylib
0x00007ff810ba0000 	/usr/lib/system/libsystem_asl.dylib
0x00007ff80b978000 	/usr/lib/system/libsystem_blocks.dylib
0x00007ff80bb0d000 	/usr/lib/system/libsystem_c.dylib
0x00007ff816a3e000 	/usr/lib/system/libsystem_collections.dylib
0x00007ff815269000 	/usr/lib/system/libsystem_configuration.dylib
0x00007ff81452b000 	/usr/lib/system/libsystem_containermanager.dylib
0x00007ff81672a000 	/usr/lib/system/libsystem_coreservices.dylib
0x00007ff80e26e000 	/usr/lib/system/libsystem_darwin.dylib
0x00007ff816a49000 	/usr/lib/system/libsystem_dnssd.dylib
0x00007ff80bb0a000 	/usr/lib/system/libsystem_featureflags.dylib
0x00007ff80bc5e000 	/usr/lib/system/libsystem_info.dylib
0x00007ff816989000 	/usr/lib/system/libsystem_m.dylib
0x00007ff80ba5d000 	/usr/lib/system/libsystem_malloc.dylib
0x00007ff810b3d000 	/usr/lib/system/libsystem_networkextension.dylib
0x00007ff80e696000 	/usr/lib/system/libsystem_notify.dylib
0x00007ff81cb87000 	/usr/lib/system/libsystem_product_info_filter.dylib
0x00007ff81526d000 	/usr/lib/system/libsystem_sandbox.dylib
0x00007ff816a43000 	/usr/lib/system/libsystem_secinit.dylib
0x00007ff80bc05000 	/usr/lib/system/libsystem_kernel.dylib
0x00007ff80bc54000 	/usr/lib/system/libsystem_platform.dylib
0x00007ff80bc3c000 	/usr/lib/system/libsystem_pthread.dylib
0x00007ff8123f1000 	/usr/lib/system/libsystem_symptoms.dylib
0x00007ff80b9b1000 	/usr/lib/system/libsystem_trace.dylib
0x00007ff816a19000 	/usr/lib/system/libunwind.dylib
0x00007ff80b97a000 	/usr/lib/system/libxpc.dylib
0x00007ff80bbef000 	/usr/lib/libc++abi.dylib
0x00007ff80bad0000 	/usr/lib/libobjc.A.dylib
0x00007ff816a24000 	/usr/lib/liboah.dylib
0x00007ff80bb96000 	/usr/lib/libc++.1.dylib
0x00007ff8228b6000 	/System/Library/Frameworks/Cocoa.framework/Versions/A/Cocoa
0x00007ff80e6f4000 	/System/Library/Frameworks/AppKit.framework/Versions/C/AppKit
0x00007ff811be1000 	/System/Library/Frameworks/CoreData.framework/Versions/A/CoreData
0x00007ff80cb0f000 	/System/Library/Frameworks/Foundation.framework/Versions/C/Foundation
0x00007ff80f581000 	/System/Library/PrivateFrameworks/UIFoundation.framework/Versions/A/UIFoundation
0x00007ff81c88e000 	/System/Library/PrivateFrameworks/RemoteViewServices.framework/Versions/A/RemoteViewServices
0x00007ff814c02000 	/System/Library/PrivateFrameworks/XCTTargetBootstrap.framework/Versions/A/XCTTargetBootstrap
0x00007ff818865000 	/System/Library/PrivateFrameworks/InternationalSupport.framework/Versions/A/InternationalSupport
0x00007ff8188ef000 	/System/Library/PrivateFrameworks/UserActivity.framework/Versions/A/UserActivity
0x00007ff817c45000 	/usr/lib/libspindump.dylib
0x00007ff80f80f000 	/System/Library/Frameworks/UniformTypeIdentifiers.framework/Versions/A/UniformTypeIdentifiers
0x00007ff813341000 	/usr/lib/libapp_launch_measurement.dylib
0x00007ff8125ab000 	/System/Library/PrivateFrameworks/CoreAnalytics.framework/Versions/A/CoreAnalytics
0x00007ff813344000 	/System/Library/PrivateFrameworks/CoreAutoLayout.framework/Versions/A/CoreAutoLayout
0x00007ff814563000 	/System/Library/Frameworks/Metal.framework/Versions/A/Metal
0x00007ff815278000 	/usr/lib/liblangid.dylib
0x00007ff814c06000 	/System/Library/PrivateFrameworks/CoreSVG.framework/Versions/A/CoreSVG
0x00007ff810bd1000 	/System/Library/PrivateFrameworks/SkyLight.framework/Versions/A/SkyLight
0x00007ff810f62000 	/System/Library/Frameworks/CoreGraphics.framework/Versions/A/CoreGraphics
0x00007ff81cef9000 	/System/Library/Frameworks/Accelerate.framework/Versions/A/Accelerate
0x00007ff8176c0000 	/System/Library/PrivateFrameworks/IconServices.framework/Versions/A/IconServices
0x00007ff814548000 	/System/Library/Frameworks/IOSurface.framework/Versions/A/IOSurface
0x00007ff8125d9000 	/usr/lib/libDiagnosticMessagesClient.dylib
0x00007ff820558000 	/System/Library/Frameworks/ApplicationServices.framework/Versions/A/ApplicationServices
0x00007ff814bee000 	/System/Library/PrivateFrameworks/DFRFoundation.framework/Versions/A/DFRFoundation
0x00007ff80dfe5000 	/usr/lib/libicucore.A.dylib
0x00007ff819587000 	/System/Library/Frameworks/AudioToolbox.framework/Versions/A/AudioToolbox
0x00007ff818871000 	/System/Library/PrivateFrameworks/DataDetectorsCore.framework/Versions/A/DataDetectorsCore
0x00007ff9140b7000 	/System/Library/PrivateFrameworks/TextInput.framework/Versions/A/TextInput
0x00007ff810b54000 	/usr/lib/libMobileGestalt.dylib
0x00007ff8148f6000 	/System/Library/Frameworks/Carbon.framework/Versions/A/Frameworks/HIToolbox.framework/Versions/A/HIToolbox
0x00007ff812d6f000 	/System/Library/Frameworks/QuartzCore.framework/Versions/A/QuartzCore
0x00007ff80dc86000 	/System/Library/Frameworks/Security.framework/Versions/A/Security
0x00007ff81c8c6000 	/System/Library/Frameworks/Carbon.framework/Versions/A/Frameworks/SpeechRecognition.framework/Versions/A/SpeechRecognition
0x00007ff8130a1000 	/System/Library/PrivateFrameworks/CoreUI.framework/Versions/A/CoreUI
0x00007ff80d560000 	/System/Library/Frameworks/CoreAudio.framework/Versions/A/CoreAudio
0x00007ff8126c7000 	/System/Library/Frameworks/DiskArbitration.framework/Versions/A/DiskArbitration
0x00007ff81802c000 	/System/Library/PrivateFrameworks/MultitouchSupport.framework/Versions/A/MultitouchSupport
0x00007ff810b53000 	/usr/lib/libenergytrace.dylib
0x00007ff80e5e0000 	/System/Library/Frameworks/IOKit.framework/Versions/A/IOKit
0x00007ff81ccb0000 	/System/Library/Frameworks/CoreServices.framework/Versions/A/CoreServices
0x00007ff8132db000 	/System/Library/PrivateFrameworks/PerformanceAnalysis.framework/Versions/A/PerformanceAnalysis
0x00007ffa23678000 	/System/Library/Frameworks/OpenGL.framework/Versions/A/OpenGL
0x00007ff815fae000 	/System/Library/PrivateFrameworks/MobileKeyBag.framework/Versions/A/MobileKeyBag
0x00007ff81162e000 	/System/Library/Frameworks/ColorSync.framework/Versions/A/ColorSync
0x00007ff80bc89000 	/System/Library/Frameworks/CoreFoundation.framework/Versions/A/CoreFoundation
0x00007ff814e7f000 	/System/Library/Frameworks/CoreImage.framework/Versions/A/CoreImage
0x00007ff80d376000 	/System/Library/Frameworks/CoreText.framework/Versions/A/CoreText
0x00007ff814c35000 	/System/Library/Frameworks/ImageIO.framework/Versions/A/ImageIO
0x00007ff816a5c000 	/System/Library/PrivateFrameworks/SoftLinking.framework/Versions/A/SoftLinking
0x00007ff81338c000 	/usr/lib/libxml2.2.dylib
0x00007ff816cdf000 	/usr/lib/libcompression.dylib
0x00007ff81879b000 	/System/Library/PrivateFrameworks/TextureIO.framework/Versions/A/TextureIO
0x00007ff8173d2000 	/usr/lib/libate.dylib
0x00007ff8171b0000 	/usr/lib/liblzma.5.dylib
0x00007ff80c820000 	/System/Library/Frameworks/SystemConfiguration.framework/Versions/A/SystemConfiguration
0x00007ff816a58000 	/usr/lib/libfakelink.dylib
0x00007ff8106a7000 	/System/Library/Frameworks/CFNetwork.framework/Versions/A/CFNetwork
0x00007ff816b97000 	/usr/lib/libarchive.2.dylib
0x00007ff815274000 	/System/Library/PrivateFrameworks/AppleSystemInfo.framework/Versions/A/AppleSystemInfo
0x00007ff8160a8000 	/usr/lib/libbsm.0.dylib
0x00007ff80fcde000 	/usr/lib/libnetwork.dylib
0x00007ff8169f1000 	/usr/lib/system/libkxld.dylib
0x00007ff815cd7000 	/System/Library/PrivateFrameworks/IOMobileFramebuffer.framework/Versions/A/IOMobileFramebuffer
0x00007ffb21161000 	/usr/lib/libCoreEntitlements.dylib
0x00007ff81670c000 	/System/Library/PrivateFrameworks/AppleFSCompression.framework/Versions/A/AppleFSCompression
0x00007ff816091000 	/usr/lib/libcoretls.dylib
0x00007ff8171ca000 	/usr/lib/libcoretls_cfhelpers.dylib
0x00007ff816cda000 	/usr/lib/libpam.2.dylib
0x00007ff812013000 	/usr/lib/libsqlite3.dylib
0x00007ff817239000 	/usr/lib/libxar.1.dylib
0x00007ff81671c000 	/usr/lib/libbz2.1.0.dylib
0x00007ff816a5d000 	/usr/lib/libpcap.A.dylib
0x00007ff8123e8000 	/usr/lib/libdns_services.dylib
0x00007ff816ca9000 	/usr/lib/libapple_nghttp2.dylib
0x00007ff816a94000 	/usr/lib/libiconv.2.dylib
0x00007ff8169ea000 	/usr/lib/libcharset.1.dylib
0x00007ff81330f000 	/System/Library/Frameworks/CoreServices.framework/Versions/A/Frameworks/FSEvents.framework/Versions/A/FSEvents
0x00007ff80e278000 	/System/Library/Frameworks/CoreServices.framework/Versions/A/Frameworks/CarbonCore.framework/Versions/A/CarbonCore
0x00007ff81262c000 	/System/Library/Frameworks/CoreServices.framework/Versions/A/Frameworks/Metadata.framework/Versions/A/Metadata
0x00007ff81672f000 	/System/Library/Frameworks/CoreServices.framework/Versions/A/Frameworks/OSServices.framework/Versions/A/OSServices
0x00007ff816c1d000 	/System/Library/Frameworks/CoreServices.framework/Versions/A/Frameworks/SearchKit.framework/Versions/A/SearchKit
0x00007ff81237a000 	/System/Library/Frameworks/CoreServices.framework/Versions/A/Frameworks/AE.framework/Versions/A/AE
0x00007ff80c18c000 	/System/Library/Frameworks/CoreServices.framework/Versions/A/Frameworks/LaunchServices.framework/Versions/A/LaunchServices
0x00007ff817161000 	/System/Library/Frameworks/CoreServices.framework/Versions/A/Frameworks/DictionaryServices.framework/Versions/A/DictionaryServices
0x00007ff81331c000 	/System/Library/Frameworks/CoreServices.framework/Versions/A/Frameworks/SharedFileList.framework/Versions/A/SharedFileList
0x00007ff816085000 	/usr/lib/libCheckFix.dylib
0x00007ff810bb7000 	/System/Library/PrivateFrameworks/TCC.framework/Versions/A/TCC
0x00007ff81527a000 	/System/Library/PrivateFrameworks/CoreNLP.framework/Versions/A/CoreNLP
0x00007ff8125dc000 	/System/Library/PrivateFrameworks/MetadataUtilities.framework/Versions/A/MetadataUtilities
0x00007ff80c8d0000 	/usr/lib/libmecabra.dylib
0x00007ff8160b8000 	/usr/lib/libmecab.dylib
0x00007ff80c89b000 	/usr/lib/libCRFSuite.dylib
0x00007ff816115000 	/usr/lib/libgermantok.dylib
0x00007ff816c84000 	/usr/lib/libThaiTokenizer.dylib
0x00007ff8126ce000 	/System/Library/Frameworks/Accelerate.framework/Versions/A/Frameworks/vImage.framework/Versions/A/vImage
0x00007ff81cc87000 	/System/Library/Frameworks/Accelerate.framework/Versions/A/Frameworks/vecLib.framework/Versions/A/vecLib
0x00007ff81727a000 	/System/Library/Frameworks/Accelerate.framework/Versions/A/Frameworks/vecLib.framework/Versions/A/libvMisc.dylib
0x00007ff815af5000 	/System/Library/Frameworks/Accelerate.framework/Versions/A/Frameworks/vecLib.framework/Versions/A/libvDSP.dylib
0x00007ff80c504000 	/System/Library/Frameworks/Accelerate.framework/Versions/A/Frameworks/vecLib.framework/Versions/A/libBLAS.dylib
0x00007ff816dbb000 	/System/Library/Frameworks/Accelerate.framework/Versions/A/Frameworks/vecLib.framework/Versions/A/libLAPACK.dylib
0x00007ff816118000 	/System/Library/Frameworks/Accelerate.framework/Versions/A/Frameworks/vecLib.framework/Versions/A/libLinearAlgebra.dylib
0x00007ff816cc2000 	/System/Library/Frameworks/Accelerate.framework/Versions/A/Frameworks/vecLib.framework/Versions/A/libSparseBLAS.dylib
0x00007ff816db5000 	/System/Library/Frameworks/Accelerate.framework/Versions/A/Frameworks/vecLib.framework/Versions/A/libQuadrature.dylib
0x00007ff815364000 	/System/Library/Frameworks/Accelerate.framework/Versions/A/Frameworks/vecLib.framework/Versions/A/libBNNS.dylib
0x00007ff80c7b1000 	/System/Library/Frameworks/Accelerate.framework/Versions/A/Frameworks/vecLib.framework/Versions/A/libSparse.dylib
0x00007ff81535d000 	/System/Library/PrivateFrameworks/LinguisticData.framework/Versions/A/LinguisticData
0x00007ff80c766000 	/System/Library/PrivateFrameworks/Lexicon.framework/Versions/A/Lexicon
0x00007ff817273000 	/usr/lib/libChineseTokenizer.dylib
0x00007ff80ceca000 	/System/Library/PrivateFrameworks/LanguageModeling.framework/Versions/A/LanguageModeling
0x00007ff816c86000 	/System/Library/PrivateFrameworks/AppleSauce.framework/Versions/A/AppleSauce
0x00007ff815cc5000 	/System/Library/PrivateFrameworks/CoreEmoji.framework/Versions/A/CoreEmoji
0x00007ff816b86000 	/usr/lib/libcmph.dylib
0x00007ff8132f3000 	/System/Library/Frameworks/OpenDirectory.framework/Versions/A/Frameworks/CFOpenDirectory.framework/Versions/A/CFOpenDirectory
0x00007ff8132e7000 	/System/Library/Frameworks/OpenDirectory.framework/Versions/A/OpenDirectory
0x00007ff8171cc000 	/System/Library/PrivateFrameworks/APFS.framework/Versions/A/APFS
0x00007ff815fe6000 	/System/Library/Frameworks/SecurityFoundation.framework/Versions/A/SecurityFoundation
0x00007ff817247000 	/usr/lib/libutil.dylib
0x00007ff80e5a3000 	/System/Library/PrivateFrameworks/CoreServicesStore.framework/Versions/A/CoreServicesStore
0x00007ff81724b000 	/usr/lib/libxslt.1.dylib
0x00007ff816073000 	/System/Library/PrivateFrameworks/BackgroundTaskManagement.framework/Versions/A/BackgroundTaskManagement
0x00007ff8186bb000 	/System/Library/Frameworks/ImageIO.framework/Versions/A/Resources/libRadiance.dylib
0x00007ff8186c4000 	/System/Library/Frameworks/ImageIO.framework/Versions/A/Resources/libJPEG.dylib
0x00007ff818614000 	/System/Library/Frameworks/ImageIO.framework/Versions/A/Resources/libPng.dylib
0x00007ff818635000 	/System/Library/Frameworks/ImageIO.framework/Versions/A/Resources/libTIFF.dylib
0x00007ff818724000 	/System/Library/Frameworks/ImageIO.framework/Versions/A/Resources/libGIF.dylib
0x00007ff817f45000 	/System/Library/Frameworks/ImageIO.framework/Versions/A/Resources/libJP2.dylib
0x00007ff817687000 	/usr/lib/libexpat.1.dylib
0x00007ff817efa000 	/System/Library/PrivateFrameworks/AppleJPEG.framework/Versions/A/AppleJPEG
0x00007ff8147bd000 	/System/Library/PrivateFrameworks/FontServices.framework/libFontParser.dylib
0x00007ff812324000 	/System/Library/PrivateFrameworks/RunningBoardServices.framework/Versions/A/RunningBoardServices
0x00007ff822e27000 	/System/Library/PrivateFrameworks/IOSurfaceAccelerator.framework/Versions/A/IOSurfaceAccelerator
0x00007ff818028000 	/System/Library/PrivateFrameworks/WatchdogClient.framework/Versions/A/WatchdogClient
0x00007ff80cfb9000 	/System/Library/Frameworks/CoreDisplay.framework/Versions/A/CoreDisplay
0x00007ff8146bd000 	/System/Library/Frameworks/CoreMedia.framework/Versions/A/CoreMedia
0x00007ff81455a000 	/System/Library/PrivateFrameworks/IOAccelerator.framework/Versions/A/IOAccelerator
0x00007ff81346f000 	/System/Library/Frameworks/CoreVideo.framework/Versions/A/CoreVideo
0x00007ff816cd8000 	/System/Library/Frameworks/MetalPerformanceShaders.framework/Versions/A/MetalPerformanceShaders
0x00007ff818063000 	/System/Library/Frameworks/VideoToolbox.framework/Versions/A/VideoToolbox
0x00007ff81226c000 	/System/Library/PrivateFrameworks/BaseBoard.framework/Versions/A/BaseBoard
0x00007ff811ff9000 	/System/Library/PrivateFrameworks/ProtocolBuffer.framework/Versions/A/ProtocolBuffer
0x00007ff8186b4000 	/System/Library/PrivateFrameworks/GPUWrangler.framework/Versions/A/GPUWrangler
0x00007ff818697000 	/System/Library/PrivateFrameworks/IOPresentment.framework/Versions/A/IOPresentment
0x00007ff8186be000 	/System/Library/PrivateFrameworks/DSExternalDisplay.framework/Versions/A/DSExternalDisplay
0x00007ffa2366c000 	/System/Library/Frameworks/OpenGL.framework/Versions/A/Libraries/libCoreFSCache.dylib
0x00007ffb0f760000 	/System/Library/PrivateFrameworks/GPUCompiler.framework/Versions/31001/Libraries/libGPUCompilerUtils.dylib
0x00007ff818729000 	/System/Library/PrivateFrameworks/CMCaptureCore.framework/Versions/A/CMCaptureCore
0x00007ff817c33000 	/System/Library/PrivateFrameworks/AppServerSupport.framework/Versions/A/AppServerSupport
0x00007ff819e04000 	/System/Library/PrivateFrameworks/perfdata.framework/Versions/A/perfdata
0x00007ff80d0e5000 	/System/Library/PrivateFrameworks/AudioToolboxCore.framework/Versions/A/AudioToolboxCore
0x00007ff81469a000 	/System/Library/PrivateFrameworks/caulk.framework/Versions/A/caulk
0x00007ff819731000 	/usr/lib/libAudioStatistics.dylib
0x00007ff910976000 	/System/Library/PrivateFrameworks/SystemPolicy.framework/Versions/A/SystemPolicy
0x00007ff81997d000 	/usr/lib/libSMC.dylib
0x00007ff822769000 	/System/Library/Frameworks/CoreMIDI.framework/Versions/A/CoreMIDI
0x00007ff8185e4000 	/usr/lib/libAudioToolboxUtility.dylib
0x00007ff90cdfe000 	/System/Library/PrivateFrameworks/OSAServicesClient.framework/Versions/A/OSAServicesClient
0x00007ff819e11000 	/usr/lib/libperfcheck.dylib
0x00007ff911402000 	/usr/lib/libmis.dylib
0x00007ffa236c8000 	/System/Library/Frameworks/OpenGL.framework/Versions/A/Libraries/libGLU.dylib
0x00007ffa2368b000 	/System/Library/Frameworks/OpenGL.framework/Versions/A/Libraries/libGFXShared.dylib
0x00007ffa23899000 	/System/Library/Frameworks/OpenGL.framework/Versions/A/Libraries/libGL.dylib
0x00007ffa23694000 	/System/Library/Frameworks/OpenGL.framework/Versions/A/Libraries/libGLImage.dylib
0x00007ffa23688000 	/System/Library/Frameworks/OpenGL.framework/Versions/A/Libraries/libCVMSPluginSupport.dylib
0x00007ffa23673000 	/System/Library/Frameworks/OpenGL.framework/Versions/A/Libraries/libCoreVMClient.dylib
0x00007ff8151f8000 	/System/Library/Frameworks/MetalPerformanceShaders.framework/Versions/A/Frameworks/MPSCore.framework/Versions/A/MPSCore
0x00007ff816677000 	/System/Library/Frameworks/MetalPerformanceShaders.framework/Versions/A/Frameworks/MPSImage.framework/Versions/A/MPSImage
0x00007ff81612e000 	/System/Library/Frameworks/MetalPerformanceShaders.framework/Versions/A/Frameworks/MPSNeuralNetwork.framework/Versions/A/MPSNeuralNetwork
0x00007ff8165a3000 	/System/Library/Frameworks/MetalPerformanceShaders.framework/Versions/A/Frameworks/MPSMatrix.framework/Versions/A/MPSMatrix
0x00007ff81635f000 	/System/Library/Frameworks/MetalPerformanceShaders.framework/Versions/A/Frameworks/MPSRayIntersector.framework/Versions/A/MPSRayIntersector
0x00007ff8165dc000 	/System/Library/Frameworks/MetalPerformanceShaders.framework/Versions/A/Frameworks/MPSNDArray.framework/Versions/A/MPSNDArray
0x00007ffa28271000 	/System/Library/Frameworks/MetalPerformanceShaders.framework/Versions/A/Frameworks/MPSFunctions.framework/Versions/A/MPSFunctions
0x00007ff80c3e7000 	/System/Library/PrivateFrameworks/MetalTools.framework/Versions/A/MetalTools
0x00007ff815272000 	/System/Library/PrivateFrameworks/AggregateDictionary.framework/Versions/A/AggregateDictionary
0x00007ff817469000 	/usr/lib/libIOReport.dylib
0x00007ffa24ca8000 	/System/Library/Frameworks/OpenCL.framework/Versions/A/OpenCL
0x00007ff8177cd000 	/System/Library/PrivateFrameworks/FaceCore.framework/Versions/A/FaceCore
0x00007ff8177be000 	/System/Library/PrivateFrameworks/GraphVisualizer.framework/Versions/A/GraphVisualizer
0x00007ffb0f66b000 	/System/Library/PrivateFrameworks/FontServices.framework/Versions/A/FontServices
0x00007ff817bea000 	/System/Library/PrivateFrameworks/OTSVG.framework/Versions/A/OTSVG
0x00007ff813057000 	/System/Library/Frameworks/ApplicationServices.framework/Versions/A/Frameworks/ATS.framework/Versions/A/Resources/libFontRegistry.dylib
0x00007ff817c3b000 	/System/Library/PrivateFrameworks/FontServices.framework/libhvf.dylib
0x00007ffb0f66c000 	/System/Library/PrivateFrameworks/FontServices.framework/libXTFontStaticRegistryData.dylib
0x00007ff817637000 	/System/Library/PrivateFrameworks/AppleVA.framework/Versions/A/AppleVA
0x00007ff819751000 	/System/Library/Frameworks/ApplicationServices.framework/Versions/A/Frameworks/ATS.framework/Versions/A/ATS
0x00007ff81172a000 	/System/Library/Frameworks/ApplicationServices.framework/Versions/A/Frameworks/HIServices.framework/Versions/A/HIServices
0x00007ff818733000 	/System/Library/Frameworks/ApplicationServices.framework/Versions/A/Frameworks/PrintCore.framework/Versions/A/PrintCore
0x00007ff819ad0000 	/System/Library/Frameworks/ApplicationServices.framework/Versions/A/Frameworks/QD.framework/Versions/A/QD
0x00007ff819ac8000 	/System/Library/Frameworks/ApplicationServices.framework/Versions/A/Frameworks/ColorSyncLegacy.framework/Versions/A/ColorSyncLegacy
0x00007ff819741000 	/System/Library/Frameworks/ApplicationServices.framework/Versions/A/Frameworks/SpeechSynthesis.framework/Versions/A/SpeechSynthesis
0x00007ff8186f4000 	/System/Library/Frameworks/ApplicationServices.framework/Versions/A/Frameworks/ATSUI.framework/Versions/A/ATSUI
0x00007ff819a5d000 	/usr/lib/libcups.2.dylib
0x00007ff819e20000 	/System/Library/Frameworks/Kerberos.framework/Versions/A/Kerberos
0x00007ff819e2f000 	/System/Library/Frameworks/GSS.framework/Versions/A/GSS
0x00007ff8197bd000 	/usr/lib/libresolv.9.dylib
0x00007ff817c4a000 	/System/Library/PrivateFrameworks/Heimdal.framework/Versions/A/Heimdal
0x00007ff8208d3000 	/System/Library/Frameworks/Kerberos.framework/Versions/A/Libraries/libHeimdalProxy.dylib
0x00007ff8123f9000 	/System/Library/Frameworks/Network.framework/Versions/A/Network
0x00007ff8176a1000 	/usr/lib/libheimdal-asn1.dylib
0x00007ff819e7a000 	/System/Library/PrivateFrameworks/CommonAuth.framework/Versions/A/CommonAuth
0x00007ff8196c2000 	/System/Library/PrivateFrameworks/AudioSession.framework/Versions/A/AudioSession
0x00007ff817731000 	/System/Library/PrivateFrameworks/MediaExperience.framework/Versions/A/MediaExperience
0x00007ff819556000 	/System/Library/PrivateFrameworks/AudioSession.framework/libSessionUtility.dylib
0x00007ff819adc000 	/System/Library/PrivateFrameworks/AudioResourceArbitration.framework/Versions/A/AudioResourceArbitration
0x00007ff8176aa000 	/System/Library/PrivateFrameworks/IconFoundation.framework/Versions/A/IconFoundation
0x00007ff81c8b6000 	/System/Library/PrivateFrameworks/SpeechRecognitionCore.framework/Versions/A/SpeechRecognitionCore
0x0000000106cd4000 	/Library/Java/JavaVirtualMachines/temurin-17.jdk/Contents/Home/lib/server/libjvm.dylib
0x0000000104bc9000 	/Library/Java/JavaVirtualMachines/temurin-17.jdk/Contents/Home/lib/libjimage.dylib
0x0000000104c17000 	/Library/Java/JavaVirtualMachines/temurin-17.jdk/Contents/Home/lib/libjdwp.dylib
0x0000000104c5a000 	/Library/Java/JavaVirtualMachines/temurin-17.jdk/Contents/Home/lib/libjava.dylib
0x0000000105ad5000 	/Library/Java/JavaVirtualMachines/temurin-17.jdk/Contents/Home/lib/libnio.dylib
0x0000000105b04000 	/Library/Java/JavaVirtualMachines/temurin-17.jdk/Contents/Home/lib/libnet.dylib
0x0000000105aea000 	/Library/Java/JavaVirtualMachines/temurin-17.jdk/Contents/Home/lib/libzip.dylib
0x0000000105af8000 	/Library/Java/JavaVirtualMachines/temurin-17.jdk/Contents/Home/lib/libdt_socket.dylib
0x0000000105b1e000 	/Users/sidhantmathur/Downloads/javafx-sdk-17.0.1/lib/libprism_es2.dylib
0x00007ff80e564000 	/System/Library/PrivateFrameworks/CoreServicesInternal.framework/Versions/A/CoreServicesInternal
0x00007ffa238a4000 	/System/Library/Frameworks/OpenGL.framework/Versions/A/Resources/GLEngine.bundle/GLEngine
0x00007ffa23706000 	/System/Library/Frameworks/OpenGL.framework/Versions/A/Libraries/libGLProgrammability.dylib
0x00007ffa1b3da000 	/System/Library/Extensions/AppleIntelBDWGraphicsGLDriver.bundle/Contents/MacOS/AppleIntelBDWGraphicsGLDriver
0x00007ff91b1eb000 	/System/Library/PrivateFrameworks/GPUSupport.framework/Versions/A/Libraries/libGPUSupportMercury.dylib
0x00007ffa23a33000 	/System/Library/Frameworks/OpenGL.framework/Versions/A/Resources/GLRendererFloat.bundle/GLRendererFloat
0x000000010683c000 	/Users/sidhantmathur/Downloads/javafx-sdk-17.0.1/lib/libglass.dylib
0x00007ff81e087000 	/System/Library/Frameworks/FileProvider.framework/Versions/A/FileProvider
0x00007ff8121d8000 	/System/Library/Frameworks/Accounts.framework/Versions/A/Accounts
0x00007ff81e1ff000 	/System/Library/PrivateFrameworks/GenerationalStorage.framework/Versions/A/GenerationalStorage
0x00007ff81ed0c000 	/System/Library/PrivateFrameworks/CoreSymbolication.framework/Versions/A/CoreSymbolication
0x00007ff81da8b000 	/System/Library/PrivateFrameworks/SymptomDiagnosticReporter.framework/Versions/A/SymptomDiagnosticReporter
0x00007ff80f823000 	/System/Library/PrivateFrameworks/DesktopServicesPriv.framework/Versions/A/DesktopServicesPriv
0x00007ff80e6a5000 	/usr/lib/libsandbox.1.dylib
0x00007ff8134ed000 	/System/Library/PrivateFrameworks/UserManagement.framework/Versions/A/UserManagement
0x00007ff81ecd1000 	/System/Library/PrivateFrameworks/DebugSymbols.framework/Versions/A/DebugSymbols
0x00007ff819abd000 	/System/Library/PrivateFrameworks/NetAuth.framework/Versions/A/NetAuth
0x00007ff81a9a9000 	/System/Library/PrivateFrameworks/Sharing.framework/Versions/A/Sharing
0x00007ff8134c0000 	/System/Library/PrivateFrameworks/login.framework/Versions/A/Frameworks/loginsupport.framework/Versions/A/loginsupport
0x00007ff81fe09000 	/System/Library/PrivateFrameworks/Apple80211.framework/Versions/A/Apple80211
0x00007ff81675c000 	/System/Library/PrivateFrameworks/AuthKit.framework/Versions/A/AuthKit
0x00007ff815dbb000 	/System/Library/PrivateFrameworks/CoreUtils.framework/Versions/A/CoreUtils
0x00007ff815ce2000 	/System/Library/Frameworks/CoreWLAN.framework/Versions/A/CoreWLAN
0x00007ff81ab04000 	/System/Library/Frameworks/IOBluetooth.framework/Versions/A/IOBluetooth
0x00007ff81fe71000 	/System/Library/PrivateFrameworks/CoreWiFi.framework/Versions/A/CoreWiFi
0x00007ff81e8a6000 	/System/Library/PrivateFrameworks/FrontBoardServices.framework/Versions/A/FrontBoardServices
0x00007ff81e938000 	/System/Library/PrivateFrameworks/BoardServices.framework/Versions/A/BoardServices
0x00007ff815fd5000 	/System/Library/PrivateFrameworks/AssertionServices.framework/Versions/A/AssertionServices
0x00007ff81fff5000 	/System/Library/PrivateFrameworks/BackBoardServices.framework/Versions/A/BackBoardServices
0x00007ff819f09000 	/System/Library/PrivateFrameworks/CorePhoneNumbers.framework/Versions/A/CorePhoneNumbers
0x00007ff81dba8000 	/System/Library/PrivateFrameworks/DiskManagement.framework/Versions/A/DiskManagement
0x00007ff81dabc000 	/System/Library/PrivateFrameworks/AppleIDAuthSupport.framework/Versions/A/AppleIDAuthSupport
0x00007ffa2a1d7000 	/System/Library/PrivateFrameworks/AAAFoundation.framework/Versions/A/AAAFoundation
0x00007ff819eea000 	/System/Library/PrivateFrameworks/KeychainCircle.framework/Versions/A/KeychainCircle
0x00007ff81db74000 	/System/Library/PrivateFrameworks/MediaKit.framework/Versions/A/MediaKit
0x00007ff81dac8000 	/System/Library/Frameworks/DiscRecording.framework/Versions/A/DiscRecording
0x00007ff8175af000 	/usr/lib/libCoreStorage.dylib
0x00007ff8202e2000 	/usr/lib/libcsfde.dylib
0x00007ff81abd1000 	/System/Library/PrivateFrameworks/ProtectedCloudStorage.framework/Versions/A/ProtectedCloudStorage
0x00007ff8202de000 	/System/Library/PrivateFrameworks/EFILogin.framework/Versions/A/EFILogin
0x00007ff81e225000 	/System/Library/PrivateFrameworks/OctagonTrust.framework/Versions/A/OctagonTrust
0x00007ffb0e9a5000 	/System/Library/PrivateFrameworks/CoreUtilsExtras.framework/Versions/A/CoreUtilsExtras
0x00007ff81d9fb000 	/System/Library/Frameworks/CoreBluetooth.framework/Versions/A/CoreBluetooth
0x00007ff820958000 	/System/Library/Frameworks/AudioUnit.framework/Versions/A/AudioUnit
0x00007ff8175a7000 	/usr/lib/libMatch.1.dylib
0x00007ff9157d5000 	/System/Library/Frameworks/Accelerate.framework/Versions/A/Frameworks/vImage.framework/Versions/A/Libraries/libCGInterfaces.dylib
0x0000000127a1e000 	/usr/lib/libobjc-trampolines.dylib
0x00007ffb2126f000 	/usr/lib/libRosetta.dylib
0x00007ff8131e7000 	/System/Library/PrivateFrameworks/ViewBridge.framework/Versions/A/ViewBridge


VM Arguments:
jvm_args: -agentlib:jdwp=transport=dt_socket,server=n,suspend=y,address=localhost:51815 --module-path=/Users/sidhantmathur/Downloads/javafx-sdk-17.0.1/lib --add-modules=javafx.controls,javafx.fxml --enable-preview -XX:+ShowCodeDetailsInExceptionMessages -Dfile.encoding=UTF-8 
java_command: App
java_class_path (initial): /Users/sidhantmathur/Documents/Will_Hero_VSCode/bin:/Users/sidhantmathur/Downloads/javafx-sdk-17.0.1/lib/javafx.swing.jar:/Users/sidhantmathur/Downloads/javafx-sdk-17.0.1/lib/javafx.controls.jar:/Users/sidhantmathur/Downloads/javafx-sdk-17.0.1/lib/javafx.base.jar:/Users/sidhantmathur/Downloads/javafx-sdk-17.0.1/lib/javafx.graphics.jar:/Users/sidhantmathur/Downloads/javafx-sdk-17.0.1/lib/javafx-swt.jar:/Users/sidhantmathur/Downloads/javafx-sdk-17.0.1/lib/javafx.web.jar:/Users/sidhantmathur/Downloads/javafx-sdk-17.0.1/lib/javafx.media.jar:/Users/sidhantmathur/Downloads/javafx-sdk-17.0.1/lib/javafx.fxml.jar
Launcher Type: SUN_STANDARD

[Global flags]
     intx CICompilerCount                          = 3                                         {product} {ergonomic}
     uint ConcGCThreads                            = 1                                         {product} {ergonomic}
     uint G1ConcRefinementThreads                  = 4                                         {product} {ergonomic}
   size_t G1HeapRegionSize                         = 1048576                                   {product} {ergonomic}
    uintx GCDrainStackTargetSize                   = 64                                        {product} {ergonomic}
   size_t InitialHeapSize                          = 134217728                                 {product} {ergonomic}
   size_t MarkStackSize                            = 4194304                                   {product} {ergonomic}
   size_t MaxHeapSize                              = 2147483648                                {product} {ergonomic}
   size_t MaxNewSize                               = 1287651328                                {product} {ergonomic}
   size_t MinHeapDeltaBytes                        = 1048576                                   {product} {ergonomic}
   size_t MinHeapSize                              = 8388608                                   {product} {ergonomic}
    uintx NonNMethodCodeHeapSize                   = 5832780                                {pd product} {ergonomic}
    uintx NonProfiledCodeHeapSize                  = 122912730                              {pd product} {ergonomic}
    uintx ProfiledCodeHeapSize                     = 122912730                              {pd product} {ergonomic}
    uintx ReservedCodeCacheSize                    = 251658240                              {pd product} {ergonomic}
     bool SegmentedCodeCache                       = true                                      {product} {ergonomic}
     bool ShowCodeDetailsInExceptionMessages       = true                                   {manageable} {command line}
   size_t SoftMaxHeapSize                          = 2147483648                             {manageable} {ergonomic}
     bool UseCompressedClassPointers               = true                           {product lp64_product} {ergonomic}
     bool UseCompressedOops                        = true                           {product lp64_product} {ergonomic}
     bool UseG1GC                                  = true                                      {product} {ergonomic}
     bool UseNUMA                                  = false                                     {product} {ergonomic}
     bool UseNUMAInterleaving                      = false                                     {product} {ergonomic}

Logging:
Log output configuration:
 #0: stdout all=warning uptime,level,tags
 #1: stderr all=off uptime,level,tags

Environment Variables:
PATH=/usr/local/bin:/usr/bin:/bin:/usr/sbin:/sbin
SHELL=/bin/zsh
LANG=en_GB.UTF-8

Signal Handlers:
   SIGSEGV: _ZL13crash_handleriP9__siginfoPv in libjvm.dylib, mask=11100110000111110111111111111111, flags=SA_RESTART|SA_SIGINFO
    SIGBUS: _ZL13crash_handleriP9__siginfoPv in libjvm.dylib, mask=11100110000111110111111111111111, flags=SA_RESTART|SA_SIGINFO
    SIGFPE: _ZL13crash_handleriP9__siginfoPv in libjvm.dylib, mask=11100110000111110111111111111111, flags=SA_RESTART|SA_SIGINFO
   SIGPIPE: _ZL17javaSignalHandleriP9__siginfoPv in libjvm.dylib, mask=11100110000111110111111111111111, flags=SA_RESTART|SA_SIGINFO
   SIGXFSZ: _ZL17javaSignalHandleriP9__siginfoPv in libjvm.dylib, mask=11100110000111110111111111111111, flags=SA_RESTART|SA_SIGINFO
    SIGILL: _ZL13crash_handleriP9__siginfoPv in libjvm.dylib, mask=11100110000111110111111111111111, flags=SA_RESTART|SA_SIGINFO
   SIGUSR2: _ZL10SR_handleriP9__siginfoP17__darwin_ucontext in libjvm.dylib, mask=00000000000000000000000000000000, flags=SA_RESTART|SA_SIGINFO
    SIGHUP: _ZL11UserHandleriPvS_ in libjvm.dylib, mask=11100110000111110111111111111111, flags=SA_RESTART|SA_SIGINFO
    SIGINT: _ZL11UserHandleriPvS_ in libjvm.dylib, mask=11100110000111110111111111111111, flags=SA_RESTART|SA_SIGINFO
   SIGTERM: _ZL11UserHandleriPvS_ in libjvm.dylib, mask=11100110000111110111111111111111, flags=SA_RESTART|SA_SIGINFO
   SIGQUIT: _ZL11UserHandleriPvS_ in libjvm.dylib, mask=11100110000111110111111111111111, flags=SA_RESTART|SA_SIGINFO
   SIGTRAP: _ZL13crash_handleriP9__siginfoPv in libjvm.dylib, mask=11100110000111110111111111111111, flags=SA_RESTART|SA_SIGINFO


---------------  S Y S T E M  ---------------

OS:
uname: Darwin 21.1.0 Darwin Kernel Version 21.1.0: Wed Oct 13 17:33:23 PDT 2021; root:xnu-8019.41.5~1/RELEASE_X86_64 x86_64
OS uptime: 0 days 5:37 hours
rlimit (soft/hard): STACK 8192k/65532k , CORE 0k/infinity , NPROC 1392/2088 , NOFILE 10240/infinity , AS infinity/infinity , CPU infinity/infinity , DATA infinity/infinity , FSIZE infinity/infinity , MEMLOCK infinity/infinity , RSS infinity/infinity
load average: 3.09 3.35 3.05

CPU: total 4 (initial active 4) (2 cores per cpu, 2 threads per core) family 6 model 61 stepping 4 microcode 0x2f, cx8, cmov, fxsr, ht, mmx, 3dnowpref, sse, sse2, sse3, ssse3, sse4.1, sse4.2, popcnt, lzcnt, tsc, tscinvbit, avx, avx2, aes, erms, clmul, bmi1, bmi2, adx, fma, vzeroupper, clflush

Memory: 4k page, physical 8388608k(474904k free), swap 0k(0k free)

vm_info: OpenJDK 64-Bit Server VM (17.0.1+12) for bsd-amd64 JRE (17.0.1+12), built on Oct 20 2021 13:44:50 by "jenkins" with clang 4.2.1 Compatible Apple LLVM 10.0.1 (clang-1001.0.46.4)

END.
