#
# A fatal error has been detected by the Java Runtime Environment:
#
#  SIGSEGV (0xb) at pc=0x0000000108f157b3, pid=76799, tid=259
#
# JRE version: OpenJDK Runtime Environment Temurin-17.0.1+12 (17.0.1+12) (build 17.0.1+12)
# Java VM: OpenJDK 64-Bit Server VM Temurin-17.0.1+12 (17.0.1+12, mixed mode, sharing, tiered, compressed oops, compressed class ptrs, g1 gc, bsd-amd64)
# Problematic frame:
# V  [libjvm.dylib+0xa5c7b3]  _ZN16SystemDictionary17check_constraintsEjP13InstanceKlass6HandlebP10JavaThread+0xd3
#
# No core dump will be written. Core dumps have been disabled. To enable core dumping, try "ulimit -c unlimited" before starting Java again
#
# If you would like to submit a bug report, please visit:
#   https://github.com/adoptium/adoptium-support/issues
#

---------------  S U M M A R Y ------------

Command Line: -agentlib:jdwp=transport=dt_socket,server=n,suspend=y,address=localhost:55164 --module-path=/Users/sidhantmathur/Downloads/javafx-sdk-17.0.1/lib --add-modules=javafx.controls,javafx.fxml --enable-preview -XX:+ShowCodeDetailsInExceptionMessages App

Host: "MacBookAir7,2" x86_64 1600 MHz, 4 cores, 8G, Darwin 21.1.0, macOS 10.16 (21A559)
Time: Thu Dec  9 23:27:33 2021 IST elapsed time: 1.717797 seconds (0d 0h 0m 1s)

---------------  T H R E A D  ---------------

Current thread (0x00007fc7baa33400):  JavaThread "Thread-1" [_thread_in_vm, id=259, stack(0x00007ff7b9588000,0x00007ff7b9d88000)]

Stack: [0x00007ff7b9588000,0x00007ff7b9d88000],  sp=0x00007ff7b9d837d0,  free space=8173k
Native frames: (J=compiled Java code, j=interpreted, Vv=VM code, C=native code)
V  [libjvm.dylib+0xa5c7b3]  _ZN16SystemDictionary17check_constraintsEjP13InstanceKlass6HandlebP10JavaThread+0xd3
V  [libjvm.dylib+0xa5aea0]  _ZN16SystemDictionary19load_instance_classEjP6Symbol6HandleP10JavaThread+0x90
V  [libjvm.dylib+0xa5a2e1]  _ZN16SystemDictionary30resolve_instance_class_or_nullEP6Symbol6HandleS2_P10JavaThread+0x521
V  [libjvm.dylib+0xa5989f]  _ZN16SystemDictionary15resolve_or_failEP6Symbol6HandleS2_bP10JavaThread+0x6f
V  [libjvm.dylib+0x351614]  _ZN12ConstantPool13klass_at_implERK18constantPoolHandleiP10JavaThread+0x1b4
V  [libjvm.dylib+0x3521f9]  _ZN12ConstantPool12klass_ref_atEiP10JavaThread+0xa9
V  [libjvm.dylib+0x72ddec]  _ZN8LinkInfoC2ERK18constantPoolHandleiP10JavaThread+0x3c
V  [libjvm.dylib+0x732f25]  _ZN12LinkResolver14resolve_invokeER8CallInfo6HandleRK18constantPoolHandleiN9Bytecodes4CodeEP10JavaThread+0x65
V  [libjvm.dylib+0x5127e6]  _ZN18InterpreterRuntime14resolve_invokeEP10JavaThreadN9Bytecodes4CodeE+0x356
V  [libjvm.dylib+0x512e76]  _ZN18InterpreterRuntime18resolve_from_cacheEP10JavaThreadN9Bytecodes4CodeE+0x56
j  com.sun.glass.ui.Screen.initScreens()V+25 javafx.graphics
j  com.sun.glass.ui.Application.lambda$run$1(Ljava/lang/Runnable;)V+0 javafx.graphics
j  com.sun.glass.ui.Application$$Lambda$84+0x0000000800c2e498.run()V+4 javafx.graphics
j  com.sun.glass.ui.mac.MacApplication.lambda$runLoop$3(Ljava/lang/Runnable;)V+12 javafx.graphics
j  com.sun.glass.ui.mac.MacApplication$$Lambda$85+0x0000000800c2e6c0.run()V+8 javafx.graphics
v  ~StubRoutines::call_stub
V  [libjvm.dylib+0x519896]  _ZN9JavaCalls11call_helperEP9JavaValueRK12methodHandleP17JavaCallArgumentsP10JavaThread+0x2b6
V  [libjvm.dylib+0x5749a5]  _ZL20jni_invoke_nonstaticP7JNIEnv_P9JavaValueP8_jobject11JNICallTypeP10_jmethodIDP18JNI_ArgumentPusherP10JavaThread+0x2d5
V  [libjvm.dylib+0x578f00]  jni_CallVoidMethod+0x1a0
C  [libglass.dylib+0x8582]  -[GlassApplication applicationWillFinishLaunching:]+0x192
C  [CoreFoundation+0x75e73]  __CFNOTIFICATIONCENTER_IS_CALLING_OUT_TO_AN_OBSERVER__+0xc
C  [CoreFoundation+0x113349]  ___CFXRegistrationPost_block_invoke+0x31
C  [CoreFoundation+0x1132c6]  _CFXRegistrationPost+0x1f0
C  [CoreFoundation+0x47786]  _CFXNotificationPost+0x2dd
C  [Foundation+0x9996]  -[NSNotificationCenter postNotificationName:object:userInfo:]+0x52
C  [AppKit+0x2f5ff]  -[NSApplication finishLaunching]+0x146
C  [AppKit+0x2f209]  -[NSApplication run]+0xfa
C  [libglass.dylib+0xa2a5]  -[GlassApplication runLoop:]+0x795
C  [Foundation+0x81d63]  __NSThreadPerformPerform+0xb3
C  [CoreFoundation+0x8084d]  __CFRUNLOOP_IS_CALLING_OUT_TO_A_SOURCE0_PERFORM_FUNCTION__+0x11
C  [CoreFoundation+0x807b5]  __CFRunLoopDoSource0+0xb4
C  [CoreFoundation+0x80534]  __CFRunLoopDoSources0+0xf2
C  [CoreFoundation+0x7ef6b]  __CFRunLoopRun+0x37d
C  [CoreFoundation+0x7e52d]  CFRunLoopRunSpecific+0x233
C  [libjli.dylib+0x6e82]  CreateExecutionEnvironment+0x192
C  [libjli.dylib+0x26a8]  JLI_Launch+0x5d8
C  [java+0xc0e]  main+0x19e
C  0x00000001072e54fe
C  0x0000000000000000

Java frames: (J=compiled Java code, j=interpreted, Vv=VM code)
j  com.sun.glass.ui.Screen.initScreens()V+25 javafx.graphics
j  com.sun.glass.ui.Application.lambda$run$1(Ljava/lang/Runnable;)V+0 javafx.graphics
j  com.sun.glass.ui.Application$$Lambda$84+0x0000000800c2e498.run()V+4 javafx.graphics
j  com.sun.glass.ui.mac.MacApplication.lambda$runLoop$3(Ljava/lang/Runnable;)V+12 javafx.graphics
j  com.sun.glass.ui.mac.MacApplication$$Lambda$85+0x0000000800c2e6c0.run()V+8 javafx.graphics
v  ~StubRoutines::call_stub

siginfo: si_signo: 11 (SIGSEGV), si_code: 0 (unknown), si_addr: 0x0000000000000000

Register to memory mapping:

RAX=0x0 is NULL
RBX=0x000000080043d918 is pointing into metadata
RCX=0x0 is NULL
RDX=0x000000000030f30f is an unknown value
RSP=0x00007ff7b9d837d0 is pointing into the stack for thread: 0x00007fc7baa33400
RBP=0x00007ff7b9d838e0 is pointing into the stack for thread: 0x00007fc7baa33400
RSI=0x0000000000000002 is an unknown value
RDI=0x0000600001238fc0 points into unknown readable memory: 0x0000000000000002 | 02 00 00 00 00 00 00 00
R8 =0x00007fc7baa33400 is a thread
R9 =0x0000000000003000 is an unknown value
R10=0x0000000109239140: _ZN19TemplateInterpreter13_active_tableE+0x4000 in /Library/Java/JavaVirtualMachines/temurin-17.jdk/Contents/Home/lib/server/libjvm.dylib at 0x00000001084b9000
R11=0x00007ff7b9d831e0 is pointing into the stack for thread: 0x00007fc7baa33400
R12=0xf0e61ae800000000 is an unknown value
R13=0x0000000800025a50 is a pointer to class: 
java.util.Arrays {0x0000000800025a50}
 - instance size:     2
 - klass size:        65
 - access:            public synchronized 
 - state:             fully_initialized
 - name:              'java/util/Arrays'
 - super:             'java/lang/Object'
 - sub:               
 - arrays:            NULL
 - methods:           Array<T>(0x00000008005e7fd0)
 - method ordering:   Array<T>(0x00000008005e8758)
 - default_methods:   Array<T>(0x0000000000000000)
 - local interfaces:  Array<T>(0x00000008005c0440)
 - trans. interfaces: Array<T>(0x00000008005c0440)
 - constants:         constant pool [988]/operands[28] {0x00000008005e6028} for 'java/util/Arrays' cache=0x00000008003d4d58
 - class loader data:  loader data: 0x00006000000383c0 of 'bootstrap'
 - source file:       'Arrays.java'
 - class annotations:       Array<T>(0x0000000000000000)
 - class type annotations:  Array<T>(0x0000000000000000)
 - field annotations:       Array<T>(0x0000000000000000)
 - field type annotations:  Array<T>(0x0000000000000000)
 - inner classes:     Array<T>(0x00000008005e7f50)
 - nest members:     Array<T>(0x00000008005e8b50)
 - permitted subclasses:     Array<T>(0x00000008005c03d0)
 - java mirror:       a 'java/lang/Class'{0x00000007ffe033d0} = 'java/util/Arrays'
 - vtable length      5  (start addr: 0x0000000800025c20)
 - itable length      2 (start addr: 0x0000000800025c48)
 - ---- static fields (2 words):
 - private static final 'MIN_ARRAY_SORT_GRAN' 'I' @112 
 - private static final 'INSERTIONSORT_THRESHOLD' 'I' @116 
 - static final synthetic '$assertionsDisabled' 'Z' @120 
 - ---- non-static fields (0 words):
 - non-static oop maps: 
R14=0x0000600001f39e00 points into unknown readable memory: 0x00007fc7baa33400 | 00 34 a3 ba c7 7f 00 00
R15=0x00007fc7baa33400 is a thread


Registers:
RAX=0x0000000000000000, RBX=0x000000080043d918, RCX=0x0000000000000000, RDX=0x000000000030f30f
RSP=0x00007ff7b9d837d0, RBP=0x00007ff7b9d838e0, RSI=0x0000000000000002, RDI=0x0000600001238fc0
R8 =0x00007fc7baa33400, R9 =0x0000000000003000, R10=0x0000000109239140, R11=0x00007ff7b9d831e0
R12=0xf0e61ae800000000, R13=0x0000000800025a50, R14=0x0000600001f39e00, R15=0x00007fc7baa33400
RIP=0x0000000108f157b3, EFLAGS=0x0000000000010246, ERR=0x0000000000000000
  TRAPNO=0x000000000000000d

Top of Stack: (sp=0x00007ff7b9d837d0)
0x00007ff7b9d837d0:   00007fc7b980d460 00007fc7b980d470
0x00007ff7b9d837e0:   0000600000e317d4 0000600003f19920
0x00007ff7b9d837f0:   00007fc7b980d848 0000600001f39e00
0x00007ff7b9d83800:   00000000000003d8 0000000800025a50
0x00007ff7b9d83810:   0000600000e315b8 0000000008f15378
0x00007ff7b9d83820:   00007fc77505eb5e 00000001091c20a8
0x00007ff7b9d83830:   0000005000000000 0000000000000000
0x00007ff7b9d83840:   0000000000000000 0000000000000000
0x00007ff7b9d83850:   0000000000000000 0000000000000000
0x00007ff7b9d83860:   00007ff7b9d83879 0000000000000000
0x00007ff7b9d83870:   0000000000000030 0000600002430000
0x00007ff7b9d83880:   0000600000e317d4 0000600000e317e8
0x00007ff7b9d83890:   ffffffff00000000 00000000000003d8
0x00007ff7b9d838a0:   b6b40b429e2b002d 0000600003f19920
0x00007ff7b9d838b0:   b6b40b429e2b002d 0000000000000000
0x00007ff7b9d838c0:   000000007505eb5e 0000600000e315b8
0x00007ff7b9d838d0:   0000000800025a50 00007fc7baa33400
0x00007ff7b9d838e0:   00007ff7b9d83920 0000000108f13ea0
0x00007ff7b9d838f0:   0000000000000000 0000000000000000
0x00007ff7b9d83900:   0000000000000000 0000000000000000
0x00007ff7b9d83910:   000000007505eb5e 0000600000e315b8
0x00007ff7b9d83920:   00007ff7b9d83a30 0000000108f132e1
0x00007ff7b9d83930:   0000000000000000 00007fc7baa33400
0x00007ff7b9d83940:   000060000247e380 0000600000e31590
0x00007ff7b9d83950:   0000600000e315b8 0000600000e31678
0x00007ff7b9d83960:   00000000000000d8 00007ff7b9d83f70
0x00007ff7b9d83970:   00007fc7baa33400 0000000000000000
0x00007ff7b9d83980:   4096800000000000 0000000000000000
0x00007ff7b9d83990:   0000000000000000 0000000000000000
0x00007ff7b9d839a0:   4096800000000000 408c200000000000
0x00007ff7b9d839b0:   0000000000000000 0000000000000000
0x00007ff7b9d839c0:   0000600000e315b0 408c200000000000 

Instructions: (pc=0x0000000108f157b3)
0x0000000108f156b3:   ff ff 48 8b 55 d0 48 85 d2 75 cf eb d5 49 89 c4
0x0000000108f156c3:   48 8d bd 70 ff ff ff e8 a1 50 e8 ff 4d 85 e4 0f
0x0000000108f156d3:   85 58 ff ff ff e9 e6 fe ff ff 0f 1f 00 55 48 89
0x0000000108f156e3:   e5 41 57 41 56 41 55 41 54 53 48 81 ec e8 00 00
0x0000000108f156f3:   00 4d 89 c7 89 8d 3c ff ff ff 49 89 d6 48 89 f3
0x0000000108f15703:   89 bd 40 ff ff ff 48 8b 05 d8 5a 1f 00 48 8b 00
0x0000000108f15713:   48 89 45 d0 49 8b 80 30 02 00 00 0f 10 40 10 0f
0x0000000108f15723:   29 85 f0 fe ff ff 48 8b 48 20 48 89 8d 10 ff ff
0x0000000108f15733:   ff 48 89 85 08 ff ff ff 48 8b 40 28 48 89 85 20
0x0000000108f15743:   ff ff ff 48 8d bd 48 ff ff ff 31 f6 e8 0c 71 e5
0x0000000108f15753:   ff 49 89 dd 48 8b 5b 18 4d 85 f6 4c 89 b5 30 ff
0x0000000108f15763:   ff ff 74 21 49 8b 3e 48 85 ff 74 19 e8 dc 91 ac
0x0000000108f15773:   ff 49 89 c4 48 8d 05 52 55 31 00 4c 8b 30 4d 85
0x0000000108f15783:   f6 75 1b eb 24 48 8d 05 51 aa 2f 00 4c 8b 20 48
0x0000000108f15793:   8d 05 37 55 31 00 4c 8b 30 4d 85 f6 74 0b 4c 89
0x0000000108f157a3:   f7 4c 89 fe e8 c4 8b e1 ff 4c 89 b5 18 ff ff ff
0x0000000108f157b3:   49 8b 7c 24 58 8b b5 40 ff ff ff 48 89 da e8 0a
0x0000000108f157c3:   5f 97 ff 48 85 c0 4c 89 bd 28 ff ff ff 74 33 4c
0x0000000108f157d3:   89 eb 4c 39 e8 0f 85 4e 01 00 00 80 bd 3c ff ff
0x0000000108f157e3:   ff 00 0f 85 41 01 00 00 31 db 41 b5 01 48 8b bd
0x0000000108f157f3:   18 ff ff ff 48 85 ff 0f 85 e7 01 00 00 e9 e7 01
0x0000000108f15803:   00 00 48 8b 3d cc f2 33 00 4d 89 ee 4c 89 ee 4c
0x0000000108f15813:   8b bd 30 ff ff ff 4c 89 fa 48 89 9d 40 ff ff ff
0x0000000108f15823:   48 89 d9 e8 45 99 cd ff 45 31 ed bb 00 00 00 00
0x0000000108f15833:   84 c0 0f 85 a0 01 00 00 4c 89 e7 e8 5d 75 89 ff
0x0000000108f15843:   48 89 c1 48 8d 35 aa b7 19 00 4c 8d a5 48 ff ff
0x0000000108f15853:   ff 31 c0 4c 89 e7 48 89 ca e8 ff 5d e5 ff 4c 89
0x0000000108f15863:   f7 e8 27 2a ca ff 49 89 c5 4c 89 f7 e8 9c 0c ca
0x0000000108f15873:   ff 48 89 c1 48 8d 35 a0 b7 19 00 31 c0 4c 89 e7
0x0000000108f15883:   4c 89 ea e8 d5 5d e5 ff 48 8b 3d 46 f2 33 00 48
0x0000000108f15893:   8b b5 40 ff ff ff 4c 89 fa e8 9f 9a cd ff 48 85
0x0000000108f158a3:   c0 0f 84 02 01 00 00 49 89 c4 48 8b 80 98 00 00 


Stack slot to memory mapping:
stack at sp + 0 slots: 0x00007fc7b980d460 points into unknown readable memory: 0x0000000000000000 | 00 00 00 00 00 00 00 00
stack at sp + 1 slots: 0x00007fc7b980d470 points into unknown readable memory: 0x6974752e6176616a | 6a 61 76 61 2e 75 74 69
stack at sp + 2 slots: 0x0000600000e317d4 points into unknown readable memory: 00 00 00 00
stack at sp + 3 slots: 0x0000600003f19920 points into unknown readable memory: 0x0000000000000002 | 02 00 00 00 00 00 00 00
stack at sp + 4 slots: 0x00007fc7b980d848 points into unknown readable memory: 0x0000000000000000 | 00 00 00 00 00 00 00 00
stack at sp + 5 slots: 0x0000600001f39e00 points into unknown readable memory: 0x00007fc7baa33400 | 00 34 a3 ba c7 7f 00 00
stack at sp + 6 slots: 0x00000000000003d8 is an unknown value
stack at sp + 7 slots: 0x0000000800025a50 is a pointer to class: 
java.util.Arrays {0x0000000800025a50}
 - instance size:     2
 - klass size:        65
 - access:            public synchronized 
 - state:             fully_initialized
 - name:              'java/util/Arrays'
 - super:             'java/lang/Object'
 - sub:               
 - arrays:            NULL
 - methods:           Array<T>(0x00000008005e7fd0)
 - method ordering:   Array<T>(0x00000008005e8758)
 - default_methods:   Array<T>(0x0000000000000000)
 - local interfaces:  Array<T>(0x00000008005c0440)
 - trans. interfaces: Array<T>(0x00000008005c0440)
 - constants:         constant pool [988]/operands[28] {0x00000008005e6028} for 'java/util/Arrays' cache=0x00000008003d4d58
 - class loader data:  loader data: 0x00006000000383c0 of 'bootstrap'
 - source file:       'Arrays.java'
 - class annotations:       Array<T>(0x0000000000000000)
 - class type annotations:  Array<T>(0x0000000000000000)
 - field annotations:       Array<T>(0x0000000000000000)
 - field type annotations:  Array<T>(0x0000000000000000)
 - inner classes:     Array<T>(0x00000008005e7f50)
 - nest members:     Array<T>(0x00000008005e8b50)
 - permitted subclasses:     Array<T>(0x00000008005c03d0)
 - java mirror:       a 'java/lang/Class'{0x00000007ffe033d0} = 'java/util/Arrays'
 - vtable length      5  (start addr: 0x0000000800025c20)
 - itable length      2 (start addr: 0x0000000800025c48)
 - ---- static fields (2 words):
 - private static final 'MIN_ARRAY_SORT_GRAN' 'I' @112 
 - private static final 'INSERTIONSORT_THRESHOLD' 'I' @116 
 - static final synthetic '$assertionsDisabled' 'Z' @120 
 - ---- non-static fields (0 words):
 - non-static oop maps: 


---------------  P R O C E S S  ---------------

Threads class SMR info:
_java_thread_list=0x000060000316b180, length=17, elements={
0x00007fc7ba817c00, 0x00007fc7ba00a600, 0x00007fc7ba831c00, 0x00007fc7ba009200,
0x00007fc7ba837a00, 0x00007fc7b9091600, 0x00007fc7ba836a00, 0x00007fc7ba00ac00,
0x00007fc7ba00b200, 0x00007fc7b9091c00, 0x00007fc7ba01f000, 0x00007fc7ba839400,
0x00007fc7ba833a00, 0x00007fc7bb008200, 0x00007fc7ba83a600, 0x00007fc7b92bb600,
0x00007fc7baa33400
}

Java Threads: ( => current thread )
  0x00007fc7ba817c00 JavaThread "main" [_thread_blocked, id=9987, stack(0x000070000bf49000,0x000070000c049000)]
  0x00007fc7ba00a600 JavaThread "Reference Handler" daemon [_thread_blocked, id=15619, stack(0x000070000c65e000,0x000070000c75e000)]
  0x00007fc7ba831c00 JavaThread "Finalizer" daemon [_thread_blocked, id=15107, stack(0x000070000c761000,0x000070000c861000)]
  0x00007fc7ba009200 JavaThread "Signal Dispatcher" daemon [_thread_blocked, id=41987, stack(0x000070000c96a000,0x000070000ca6a000)]
  0x00007fc7ba837a00 JavaThread "Service Thread" daemon [_thread_blocked, id=41475, stack(0x000070000ca6d000,0x000070000cb6d000)]
  0x00007fc7b9091600 JavaThread "Monitor Deflation Thread" daemon [_thread_blocked, id=41219, stack(0x000070000cb70000,0x000070000cc70000)]
  0x00007fc7ba836a00 JavaThread "C2 CompilerThread0" daemon [_thread_in_native, id=40963, stack(0x000070000cc73000,0x000070000cd73000)]
  0x00007fc7ba00ac00 JavaThread "C1 CompilerThread0" daemon [_thread_blocked, id=23299, stack(0x000070000cd76000,0x000070000ce76000)]
  0x00007fc7ba00b200 JavaThread "Sweeper thread" daemon [_thread_blocked, id=40451, stack(0x000070000ce79000,0x000070000cf79000)]
  0x00007fc7b9091c00 JavaThread "Common-Cleaner" daemon [_thread_blocked, id=23811, stack(0x000070000cf7c000,0x000070000d07c000)]
  0x00007fc7ba01f000 JavaThread "JDWP Transport Listener: dt_socket" daemon [_thread_blocked, id=40199, stack(0x000070000d07f000,0x000070000d17f000)]
  0x00007fc7ba839400 JavaThread "JDWP Event Helper Thread" daemon [_thread_blocked, id=39939, stack(0x000070000d182000,0x000070000d282000)]
  0x00007fc7ba833a00 JavaThread "JDWP Command Reader" daemon [_thread_in_native, id=24579, stack(0x000070000d285000,0x000070000d385000)]
  0x00007fc7bb008200 JavaThread "Notification Thread" daemon [_thread_blocked, id=24835, stack(0x000070000d388000,0x000070000d488000)]
  0x00007fc7ba83a600 JavaThread "QuantumRenderer-0" daemon [_thread_blocked, id=38659, stack(0x000070000d58e000,0x000070000d68e000)]
  0x00007fc7b92bb600 JavaThread "InvokeLaterDispatcher" daemon [_thread_blocked, id=28431, stack(0x000070000d691000,0x000070000d791000)]
=>0x00007fc7baa33400 JavaThread "Thread-1" [_thread_in_vm, id=259, stack(0x00007ff7b9588000,0x00007ff7b9d88000)]

Other Threads:
  0x00007fc7b98058d0 VMThread "VM Thread" [stack: 0x000070000c55b000,0x000070000c65b000] [id=16131]
  0x00007fc7b980bcd0 WatcherThread [stack: 0x000070000d48b000,0x000070000d58b000] [id=25091]
  0x00007fc7b9a05bf0 GCTaskThread "GC Thread#0" [stack: 0x000070000c04c000,0x000070000c14c000] [id=19203]
  0x00007fc7b9a06290 ConcurrentGCThread "G1 Main Marker" [stack: 0x000070000c14f000,0x000070000c24f000] [id=18947]
  0x00007fc7b9a06b10 ConcurrentGCThread "G1 Conc#0" [stack: 0x000070000c252000,0x000070000c352000] [id=12035]
  0x00007fc7b9a08370 ConcurrentGCThread "G1 Refine#0" [stack: 0x000070000c355000,0x000070000c455000] [id=12547]
  0x00007fc7b9906480 ConcurrentGCThread "G1 Service" [stack: 0x000070000c458000,0x000070000c558000] [id=17411]

Threads with active compile tasks:
C2 CompilerThread0     1786  290       4       java.util.stream.ReferencePipeline$3$1::accept (23 bytes)

VM state: not at safepoint (normal execution)

VM Mutex/Monitor currently owned by a thread:  ([mutex/lock_event])
[0x0000600001f39e00] SystemDictionary_lock - owner thread: 0x00007fc7baa33400

Heap address: 0x0000000780000000, size: 2048 MB, Compressed Oops mode: Zero based, Oop shift amount: 3

CDS archive(s) mapped at: [0x0000000800000000-0x0000000800bd0000-0x0000000800bd0000), size 12386304, SharedBaseAddress: 0x0000000800000000, ArchiveRelocationMode: 0.
Compressed class space mapped at: 0x0000000800c00000-0x0000000840c00000, reserved size: 1073741824
Narrow klass base: 0x0000000800000000, Narrow klass shift: 0, Narrow klass range: 0x100000000

GC Precious Log:
 CPUs: 4 total, 4 available
 Memory: 8192M
 Large Page Support: Disabled
 NUMA Support: Disabled
 Compressed Oops: Enabled (Zero based)
 Heap Region Size: 1M
 Heap Min Capacity: 8M
 Heap Initial Capacity: 128M
 Heap Max Capacity: 2G
 Pre-touch: Disabled
 Parallel Workers: 4
 Concurrent Workers: 1
 Concurrent Refinement Workers: 4
 Periodic GC: Disabled

Heap:
 garbage-first heap   total 133120K, used 12244K [0x0000000780000000, 0x0000000800000000)
  region size 1024K, 13 young (13312K), 0 survivors (0K)
 Metaspace       used 2279K, committed 2432K, reserved 1056768K
  class space    used 247K, committed 320K, reserved 1048576K

Heap Regions: E=young(eden), S=young(survivor), O=old, HS=humongous(starts), HC=humongous(continues), CS=collection set, F=free, OA=open archive, CA=closed archive, TAMS=top-at-mark-start (previous, next)
|   0|0x0000000780000000, 0x0000000780000000, 0x0000000780100000|  0%| F|  |TAMS 0x0000000780000000, 0x0000000780000000| Untracked 
|   1|0x0000000780100000, 0x0000000780100000, 0x0000000780200000|  0%| F|  |TAMS 0x0000000780100000, 0x0000000780100000| Untracked 
|   2|0x0000000780200000, 0x0000000780200000, 0x0000000780300000|  0%| F|  |TAMS 0x0000000780200000, 0x0000000780200000| Untracked 
|   3|0x0000000780300000, 0x0000000780300000, 0x0000000780400000|  0%| F|  |TAMS 0x0000000780300000, 0x0000000780300000| Untracked 
|   4|0x0000000780400000, 0x0000000780400000, 0x0000000780500000|  0%| F|  |TAMS 0x0000000780400000, 0x0000000780400000| Untracked 
|   5|0x0000000780500000, 0x0000000780500000, 0x0000000780600000|  0%| F|  |TAMS 0x0000000780500000, 0x0000000780500000| Untracked 
|   6|0x0000000780600000, 0x0000000780600000, 0x0000000780700000|  0%| F|  |TAMS 0x0000000780600000, 0x0000000780600000| Untracked 
|   7|0x0000000780700000, 0x0000000780700000, 0x0000000780800000|  0%| F|  |TAMS 0x0000000780700000, 0x0000000780700000| Untracked 
|   8|0x0000000780800000, 0x0000000780800000, 0x0000000780900000|  0%| F|  |TAMS 0x0000000780800000, 0x0000000780800000| Untracked 
|   9|0x0000000780900000, 0x0000000780900000, 0x0000000780a00000|  0%| F|  |TAMS 0x0000000780900000, 0x0000000780900000| Untracked 
|  10|0x0000000780a00000, 0x0000000780a00000, 0x0000000780b00000|  0%| F|  |TAMS 0x0000000780a00000, 0x0000000780a00000| Untracked 
|  11|0x0000000780b00000, 0x0000000780b00000, 0x0000000780c00000|  0%| F|  |TAMS 0x0000000780b00000, 0x0000000780b00000| Untracked 
|  12|0x0000000780c00000, 0x0000000780c00000, 0x0000000780d00000|  0%| F|  |TAMS 0x0000000780c00000, 0x0000000780c00000| Untracked 
|  13|0x0000000780d00000, 0x0000000780d00000, 0x0000000780e00000|  0%| F|  |TAMS 0x0000000780d00000, 0x0000000780d00000| Untracked 
|  14|0x0000000780e00000, 0x0000000780e00000, 0x0000000780f00000|  0%| F|  |TAMS 0x0000000780e00000, 0x0000000780e00000| Untracked 
|  15|0x0000000780f00000, 0x0000000780f00000, 0x0000000781000000|  0%| F|  |TAMS 0x0000000780f00000, 0x0000000780f00000| Untracked 
|  16|0x0000000781000000, 0x0000000781000000, 0x0000000781100000|  0%| F|  |TAMS 0x0000000781000000, 0x0000000781000000| Untracked 
|  17|0x0000000781100000, 0x0000000781100000, 0x0000000781200000|  0%| F|  |TAMS 0x0000000781100000, 0x0000000781100000| Untracked 
|  18|0x0000000781200000, 0x0000000781200000, 0x0000000781300000|  0%| F|  |TAMS 0x0000000781200000, 0x0000000781200000| Untracked 
|  19|0x0000000781300000, 0x0000000781300000, 0x0000000781400000|  0%| F|  |TAMS 0x0000000781300000, 0x0000000781300000| Untracked 
|  20|0x0000000781400000, 0x0000000781400000, 0x0000000781500000|  0%| F|  |TAMS 0x0000000781400000, 0x0000000781400000| Untracked 
|  21|0x0000000781500000, 0x0000000781500000, 0x0000000781600000|  0%| F|  |TAMS 0x0000000781500000, 0x0000000781500000| Untracked 
|  22|0x0000000781600000, 0x0000000781600000, 0x0000000781700000|  0%| F|  |TAMS 0x0000000781600000, 0x0000000781600000| Untracked 
|  23|0x0000000781700000, 0x0000000781700000, 0x0000000781800000|  0%| F|  |TAMS 0x0000000781700000, 0x0000000781700000| Untracked 
|  24|0x0000000781800000, 0x0000000781800000, 0x0000000781900000|  0%| F|  |TAMS 0x0000000781800000, 0x0000000781800000| Untracked 
|  25|0x0000000781900000, 0x0000000781900000, 0x0000000781a00000|  0%| F|  |TAMS 0x0000000781900000, 0x0000000781900000| Untracked 
|  26|0x0000000781a00000, 0x0000000781a00000, 0x0000000781b00000|  0%| F|  |TAMS 0x0000000781a00000, 0x0000000781a00000| Untracked 
|  27|0x0000000781b00000, 0x0000000781b00000, 0x0000000781c00000|  0%| F|  |TAMS 0x0000000781b00000, 0x0000000781b00000| Untracked 
|  28|0x0000000781c00000, 0x0000000781c00000, 0x0000000781d00000|  0%| F|  |TAMS 0x0000000781c00000, 0x0000000781c00000| Untracked 
|  29|0x0000000781d00000, 0x0000000781d00000, 0x0000000781e00000|  0%| F|  |TAMS 0x0000000781d00000, 0x0000000781d00000| Untracked 
|  30|0x0000000781e00000, 0x0000000781e00000, 0x0000000781f00000|  0%| F|  |TAMS 0x0000000781e00000, 0x0000000781e00000| Untracked 
|  31|0x0000000781f00000, 0x0000000781f00000, 0x0000000782000000|  0%| F|  |TAMS 0x0000000781f00000, 0x0000000781f00000| Untracked 
|  32|0x0000000782000000, 0x0000000782000000, 0x0000000782100000|  0%| F|  |TAMS 0x0000000782000000, 0x0000000782000000| Untracked 
|  33|0x0000000782100000, 0x0000000782100000, 0x0000000782200000|  0%| F|  |TAMS 0x0000000782100000, 0x0000000782100000| Untracked 
|  34|0x0000000782200000, 0x0000000782200000, 0x0000000782300000|  0%| F|  |TAMS 0x0000000782200000, 0x0000000782200000| Untracked 
|  35|0x0000000782300000, 0x0000000782300000, 0x0000000782400000|  0%| F|  |TAMS 0x0000000782300000, 0x0000000782300000| Untracked 
|  36|0x0000000782400000, 0x0000000782400000, 0x0000000782500000|  0%| F|  |TAMS 0x0000000782400000, 0x0000000782400000| Untracked 
|  37|0x0000000782500000, 0x0000000782500000, 0x0000000782600000|  0%| F|  |TAMS 0x0000000782500000, 0x0000000782500000| Untracked 
|  38|0x0000000782600000, 0x0000000782600000, 0x0000000782700000|  0%| F|  |TAMS 0x0000000782600000, 0x0000000782600000| Untracked 
|  39|0x0000000782700000, 0x0000000782700000, 0x0000000782800000|  0%| F|  |TAMS 0x0000000782700000, 0x0000000782700000| Untracked 
|  40|0x0000000782800000, 0x0000000782800000, 0x0000000782900000|  0%| F|  |TAMS 0x0000000782800000, 0x0000000782800000| Untracked 
|  41|0x0000000782900000, 0x0000000782900000, 0x0000000782a00000|  0%| F|  |TAMS 0x0000000782900000, 0x0000000782900000| Untracked 
|  42|0x0000000782a00000, 0x0000000782a00000, 0x0000000782b00000|  0%| F|  |TAMS 0x0000000782a00000, 0x0000000782a00000| Untracked 
|  43|0x0000000782b00000, 0x0000000782b00000, 0x0000000782c00000|  0%| F|  |TAMS 0x0000000782b00000, 0x0000000782b00000| Untracked 
|  44|0x0000000782c00000, 0x0000000782c00000, 0x0000000782d00000|  0%| F|  |TAMS 0x0000000782c00000, 0x0000000782c00000| Untracked 
|  45|0x0000000782d00000, 0x0000000782d00000, 0x0000000782e00000|  0%| F|  |TAMS 0x0000000782d00000, 0x0000000782d00000| Untracked 
|  46|0x0000000782e00000, 0x0000000782e00000, 0x0000000782f00000|  0%| F|  |TAMS 0x0000000782e00000, 0x0000000782e00000| Untracked 
|  47|0x0000000782f00000, 0x0000000782f00000, 0x0000000783000000|  0%| F|  |TAMS 0x0000000782f00000, 0x0000000782f00000| Untracked 
|  48|0x0000000783000000, 0x0000000783000000, 0x0000000783100000|  0%| F|  |TAMS 0x0000000783000000, 0x0000000783000000| Untracked 
|  49|0x0000000783100000, 0x0000000783100000, 0x0000000783200000|  0%| F|  |TAMS 0x0000000783100000, 0x0000000783100000| Untracked 
|  50|0x0000000783200000, 0x0000000783200000, 0x0000000783300000|  0%| F|  |TAMS 0x0000000783200000, 0x0000000783200000| Untracked 
|  51|0x0000000783300000, 0x0000000783300000, 0x0000000783400000|  0%| F|  |TAMS 0x0000000783300000, 0x0000000783300000| Untracked 
|  52|0x0000000783400000, 0x0000000783400000, 0x0000000783500000|  0%| F|  |TAMS 0x0000000783400000, 0x0000000783400000| Untracked 
|  53|0x0000000783500000, 0x0000000783500000, 0x0000000783600000|  0%| F|  |TAMS 0x0000000783500000, 0x0000000783500000| Untracked 
|  54|0x0000000783600000, 0x0000000783600000, 0x0000000783700000|  0%| F|  |TAMS 0x0000000783600000, 0x0000000783600000| Untracked 
|  55|0x0000000783700000, 0x0000000783700000, 0x0000000783800000|  0%| F|  |TAMS 0x0000000783700000, 0x0000000783700000| Untracked 
|  56|0x0000000783800000, 0x0000000783800000, 0x0000000783900000|  0%| F|  |TAMS 0x0000000783800000, 0x0000000783800000| Untracked 
|  57|0x0000000783900000, 0x0000000783900000, 0x0000000783a00000|  0%| F|  |TAMS 0x0000000783900000, 0x0000000783900000| Untracked 
|  58|0x0000000783a00000, 0x0000000783a00000, 0x0000000783b00000|  0%| F|  |TAMS 0x0000000783a00000, 0x0000000783a00000| Untracked 
|  59|0x0000000783b00000, 0x0000000783b00000, 0x0000000783c00000|  0%| F|  |TAMS 0x0000000783b00000, 0x0000000783b00000| Untracked 
|  60|0x0000000783c00000, 0x0000000783c00000, 0x0000000783d00000|  0%| F|  |TAMS 0x0000000783c00000, 0x0000000783c00000| Untracked 
|  61|0x0000000783d00000, 0x0000000783d00000, 0x0000000783e00000|  0%| F|  |TAMS 0x0000000783d00000, 0x0000000783d00000| Untracked 
|  62|0x0000000783e00000, 0x0000000783e00000, 0x0000000783f00000|  0%| F|  |TAMS 0x0000000783e00000, 0x0000000783e00000| Untracked 
|  63|0x0000000783f00000, 0x0000000783f00000, 0x0000000784000000|  0%| F|  |TAMS 0x0000000783f00000, 0x0000000783f00000| Untracked 
|  64|0x0000000784000000, 0x0000000784000000, 0x0000000784100000|  0%| F|  |TAMS 0x0000000784000000, 0x0000000784000000| Untracked 
|  65|0x0000000784100000, 0x0000000784100000, 0x0000000784200000|  0%| F|  |TAMS 0x0000000784100000, 0x0000000784100000| Untracked 
|  66|0x0000000784200000, 0x0000000784200000, 0x0000000784300000|  0%| F|  |TAMS 0x0000000784200000, 0x0000000784200000| Untracked 
|  67|0x0000000784300000, 0x0000000784300000, 0x0000000784400000|  0%| F|  |TAMS 0x0000000784300000, 0x0000000784300000| Untracked 
|  68|0x0000000784400000, 0x0000000784400000, 0x0000000784500000|  0%| F|  |TAMS 0x0000000784400000, 0x0000000784400000| Untracked 
|  69|0x0000000784500000, 0x0000000784500000, 0x0000000784600000|  0%| F|  |TAMS 0x0000000784500000, 0x0000000784500000| Untracked 
|  70|0x0000000784600000, 0x0000000784600000, 0x0000000784700000|  0%| F|  |TAMS 0x0000000784600000, 0x0000000784600000| Untracked 
|  71|0x0000000784700000, 0x0000000784700000, 0x0000000784800000|  0%| F|  |TAMS 0x0000000784700000, 0x0000000784700000| Untracked 
|  72|0x0000000784800000, 0x0000000784800000, 0x0000000784900000|  0%| F|  |TAMS 0x0000000784800000, 0x0000000784800000| Untracked 
|  73|0x0000000784900000, 0x0000000784900000, 0x0000000784a00000|  0%| F|  |TAMS 0x0000000784900000, 0x0000000784900000| Untracked 
|  74|0x0000000784a00000, 0x0000000784a00000, 0x0000000784b00000|  0%| F|  |TAMS 0x0000000784a00000, 0x0000000784a00000| Untracked 
|  75|0x0000000784b00000, 0x0000000784b00000, 0x0000000784c00000|  0%| F|  |TAMS 0x0000000784b00000, 0x0000000784b00000| Untracked 
|  76|0x0000000784c00000, 0x0000000784c00000, 0x0000000784d00000|  0%| F|  |TAMS 0x0000000784c00000, 0x0000000784c00000| Untracked 
|  77|0x0000000784d00000, 0x0000000784d00000, 0x0000000784e00000|  0%| F|  |TAMS 0x0000000784d00000, 0x0000000784d00000| Untracked 
|  78|0x0000000784e00000, 0x0000000784e00000, 0x0000000784f00000|  0%| F|  |TAMS 0x0000000784e00000, 0x0000000784e00000| Untracked 
|  79|0x0000000784f00000, 0x0000000784f00000, 0x0000000785000000|  0%| F|  |TAMS 0x0000000784f00000, 0x0000000784f00000| Untracked 
|  80|0x0000000785000000, 0x0000000785000000, 0x0000000785100000|  0%| F|  |TAMS 0x0000000785000000, 0x0000000785000000| Untracked 
|  81|0x0000000785100000, 0x0000000785100000, 0x0000000785200000|  0%| F|  |TAMS 0x0000000785100000, 0x0000000785100000| Untracked 
|  82|0x0000000785200000, 0x0000000785200000, 0x0000000785300000|  0%| F|  |TAMS 0x0000000785200000, 0x0000000785200000| Untracked 
|  83|0x0000000785300000, 0x0000000785300000, 0x0000000785400000|  0%| F|  |TAMS 0x0000000785300000, 0x0000000785300000| Untracked 
|  84|0x0000000785400000, 0x0000000785400000, 0x0000000785500000|  0%| F|  |TAMS 0x0000000785400000, 0x0000000785400000| Untracked 
|  85|0x0000000785500000, 0x0000000785500000, 0x0000000785600000|  0%| F|  |TAMS 0x0000000785500000, 0x0000000785500000| Untracked 
|  86|0x0000000785600000, 0x0000000785600000, 0x0000000785700000|  0%| F|  |TAMS 0x0000000785600000, 0x0000000785600000| Untracked 
|  87|0x0000000785700000, 0x0000000785700000, 0x0000000785800000|  0%| F|  |TAMS 0x0000000785700000, 0x0000000785700000| Untracked 
|  88|0x0000000785800000, 0x0000000785800000, 0x0000000785900000|  0%| F|  |TAMS 0x0000000785800000, 0x0000000785800000| Untracked 
|  89|0x0000000785900000, 0x0000000785900000, 0x0000000785a00000|  0%| F|  |TAMS 0x0000000785900000, 0x0000000785900000| Untracked 
|  90|0x0000000785a00000, 0x0000000785a00000, 0x0000000785b00000|  0%| F|  |TAMS 0x0000000785a00000, 0x0000000785a00000| Untracked 
|  91|0x0000000785b00000, 0x0000000785b00000, 0x0000000785c00000|  0%| F|  |TAMS 0x0000000785b00000, 0x0000000785b00000| Untracked 
|  92|0x0000000785c00000, 0x0000000785c00000, 0x0000000785d00000|  0%| F|  |TAMS 0x0000000785c00000, 0x0000000785c00000| Untracked 
|  93|0x0000000785d00000, 0x0000000785d00000, 0x0000000785e00000|  0%| F|  |TAMS 0x0000000785d00000, 0x0000000785d00000| Untracked 
|  94|0x0000000785e00000, 0x0000000785e00000, 0x0000000785f00000|  0%| F|  |TAMS 0x0000000785e00000, 0x0000000785e00000| Untracked 
|  95|0x0000000785f00000, 0x0000000785f00000, 0x0000000786000000|  0%| F|  |TAMS 0x0000000785f00000, 0x0000000785f00000| Untracked 
|  96|0x0000000786000000, 0x0000000786000000, 0x0000000786100000|  0%| F|  |TAMS 0x0000000786000000, 0x0000000786000000| Untracked 
|  97|0x0000000786100000, 0x0000000786100000, 0x0000000786200000|  0%| F|  |TAMS 0x0000000786100000, 0x0000000786100000| Untracked 
|  98|0x0000000786200000, 0x0000000786200000, 0x0000000786300000|  0%| F|  |TAMS 0x0000000786200000, 0x0000000786200000| Untracked 
|  99|0x0000000786300000, 0x0000000786300000, 0x0000000786400000|  0%| F|  |TAMS 0x0000000786300000, 0x0000000786300000| Untracked 
| 100|0x0000000786400000, 0x0000000786400000, 0x0000000786500000|  0%| F|  |TAMS 0x0000000786400000, 0x0000000786400000| Untracked 
| 101|0x0000000786500000, 0x0000000786500000, 0x0000000786600000|  0%| F|  |TAMS 0x0000000786500000, 0x0000000786500000| Untracked 
| 102|0x0000000786600000, 0x0000000786600000, 0x0000000786700000|  0%| F|  |TAMS 0x0000000786600000, 0x0000000786600000| Untracked 
| 103|0x0000000786700000, 0x0000000786700000, 0x0000000786800000|  0%| F|  |TAMS 0x0000000786700000, 0x0000000786700000| Untracked 
| 104|0x0000000786800000, 0x0000000786800000, 0x0000000786900000|  0%| F|  |TAMS 0x0000000786800000, 0x0000000786800000| Untracked 
| 105|0x0000000786900000, 0x0000000786900000, 0x0000000786a00000|  0%| F|  |TAMS 0x0000000786900000, 0x0000000786900000| Untracked 
| 106|0x0000000786a00000, 0x0000000786a00000, 0x0000000786b00000|  0%| F|  |TAMS 0x0000000786a00000, 0x0000000786a00000| Untracked 
| 107|0x0000000786b00000, 0x0000000786b00000, 0x0000000786c00000|  0%| F|  |TAMS 0x0000000786b00000, 0x0000000786b00000| Untracked 
| 108|0x0000000786c00000, 0x0000000786c00000, 0x0000000786d00000|  0%| F|  |TAMS 0x0000000786c00000, 0x0000000786c00000| Untracked 
| 109|0x0000000786d00000, 0x0000000786d00000, 0x0000000786e00000|  0%| F|  |TAMS 0x0000000786d00000, 0x0000000786d00000| Untracked 
| 110|0x0000000786e00000, 0x0000000786e00000, 0x0000000786f00000|  0%| F|  |TAMS 0x0000000786e00000, 0x0000000786e00000| Untracked 
| 111|0x0000000786f00000, 0x0000000786f00000, 0x0000000787000000|  0%| F|  |TAMS 0x0000000786f00000, 0x0000000786f00000| Untracked 
| 112|0x0000000787000000, 0x0000000787000000, 0x0000000787100000|  0%| F|  |TAMS 0x0000000787000000, 0x0000000787000000| Untracked 
| 113|0x0000000787100000, 0x0000000787100000, 0x0000000787200000|  0%| F|  |TAMS 0x0000000787100000, 0x0000000787100000| Untracked 
| 114|0x0000000787200000, 0x0000000787200000, 0x0000000787300000|  0%| F|  |TAMS 0x0000000787200000, 0x0000000787200000| Untracked 
| 115|0x0000000787300000, 0x00000007873c8898, 0x0000000787400000| 78%| E|  |TAMS 0x0000000787300000, 0x0000000787300000| Complete 
| 116|0x0000000787400000, 0x0000000787500000, 0x0000000787500000|100%| E|CS|TAMS 0x0000000787400000, 0x0000000787400000| Complete 
| 117|0x0000000787500000, 0x0000000787600000, 0x0000000787600000|100%| E|CS|TAMS 0x0000000787500000, 0x0000000787500000| Complete 
| 118|0x0000000787600000, 0x0000000787700000, 0x0000000787700000|100%| E|CS|TAMS 0x0000000787600000, 0x0000000787600000| Complete 
| 119|0x0000000787700000, 0x0000000787800000, 0x0000000787800000|100%| E|CS|TAMS 0x0000000787700000, 0x0000000787700000| Complete 
| 120|0x0000000787800000, 0x0000000787900000, 0x0000000787900000|100%| E|CS|TAMS 0x0000000787800000, 0x0000000787800000| Complete 
| 121|0x0000000787900000, 0x0000000787a00000, 0x0000000787a00000|100%| E|  |TAMS 0x0000000787900000, 0x0000000787900000| Complete 
| 122|0x0000000787a00000, 0x0000000787b00000, 0x0000000787b00000|100%| E|CS|TAMS 0x0000000787a00000, 0x0000000787a00000| Complete 
| 123|0x0000000787b00000, 0x0000000787c00000, 0x0000000787c00000|100%| E|CS|TAMS 0x0000000787b00000, 0x0000000787b00000| Complete 
| 124|0x0000000787c00000, 0x0000000787d00000, 0x0000000787d00000|100%| E|CS|TAMS 0x0000000787c00000, 0x0000000787c00000| Complete 
| 125|0x0000000787d00000, 0x0000000787e00000, 0x0000000787e00000|100%| E|CS|TAMS 0x0000000787d00000, 0x0000000787d00000| Complete 
| 126|0x0000000787e00000, 0x0000000787f00000, 0x0000000787f00000|100%| E|CS|TAMS 0x0000000787e00000, 0x0000000787e00000| Complete 
| 127|0x0000000787f00000, 0x0000000788000000, 0x0000000788000000|100%| E|CS|TAMS 0x0000000787f00000, 0x0000000787f00000| Complete 
|2046|0x00000007ffe00000, 0x00000007ffe76000, 0x00000007fff00000| 46%|OA|  |TAMS 0x00000007ffe00000, 0x00000007ffe00000| Untracked 
|2047|0x00000007fff00000, 0x00000007fff7f000, 0x0000000800000000| 49%|CA|  |TAMS 0x00000007fff00000, 0x00000007fff00000| Untracked 

Card table byte_map: [0x000000010695d000,0x0000000106d5d000] _byte_map_base: 0x0000000102d5d000

Marking Bits (Prev, Next): (CMBitMap*) 0x00007fc7b9011410, (CMBitMap*) 0x00007fc7b9011450
 Prev Bits: [0x0000000120015000, 0x0000000122015000)
 Next Bits: [0x0000000122015000, 0x0000000124015000)

Polling page: 0x00000001062b3000

Metaspace:

Usage:
  Non-class:      1.98 MB used.
      Class:    247.60 KB used.
       Both:      2.23 MB used.

Virtual space:
  Non-class space:        8.00 MB reserved,       2.06 MB ( 26%) committed,  1 nodes.
      Class space:        1.00 GB reserved,     320.00 KB ( <1%) committed,  1 nodes.
             Both:        1.01 GB reserved,       2.38 MB ( <1%) committed. 

Chunk freelists:
   Non-Class:  2.88 MB
       Class:  3.56 MB
        Both:  6.44 MB

MaxMetaspaceSize: unlimited
CompressedClassSpaceSize: 1.00 GB
Initial GC threshold: 21.00 MB
Current GC threshold: 21.00 MB
CDS: on
MetaspaceReclaimPolicy: balanced
 - commit_granule_bytes: 65536.
 - commit_granule_words: 8192.
 - virtual_space_node_default_size: 1048576.
 - enlarge_chunks_in_place: 1.
 - new_chunks_are_fully_committed: 0.
 - uncommit_free_chunks: 1.
 - use_allocation_guard: 0.
 - handle_deallocations: 1.


Internal statistics:

num_allocs_failed_limit: 0.
num_arena_births: 68.
num_arena_deaths: 0.
num_vsnodes_births: 2.
num_vsnodes_deaths: 0.
num_space_committed: 38.
num_space_uncommitted: 0.
num_chunks_returned_to_freelist: 0.
num_chunks_taken_from_freelist: 139.
num_chunk_merges: 0.
num_chunk_splits: 89.
num_chunks_enlarged: 64.
num_purges: 0.
num_inconsistent_stats: 0.

CodeHeap 'non-profiled nmethods': size=120032Kb used=176Kb max_used=176Kb free=119856Kb
 bounds [0x0000000118add000, 0x0000000118d4d000, 0x0000000120015000]
CodeHeap 'profiled nmethods': size=120028Kb used=730Kb max_used=730Kb free=119297Kb
 bounds [0x00000001115a6000, 0x0000000111816000, 0x0000000118add000]
CodeHeap 'non-nmethods': size=5700Kb used=1216Kb max_used=1216Kb free=4483Kb
 bounds [0x0000000111015000, 0x0000000111285000, 0x00000001115a6000]
 total_blobs=1044 nmethods=584 adapters=374
 compilation: enabled
              stopped_count=0, restarted_count=0
 full_count=0

Compilation events (20 events):
Event: 1.355 Thread 0x00007fc7ba00ac00  593       2       jdk.internal.loader.ClassLoaders$AppClassLoader::loadClass (40 bytes)
Event: 1.355 Thread 0x00007fc7ba00ac00 nmethod 593 0x0000000111658990 code [0x0000000111658b80, 0x0000000111658ed0]
Event: 1.357 Thread 0x00007fc7ba00ac00  594       2       java.util.WeakHashMap::remove (131 bytes)
Event: 1.358 Thread 0x00007fc7ba00ac00 nmethod 594 0x0000000111659190 code [0x0000000111659380, 0x00000001116598b0]
Event: 1.358 Thread 0x00007fc7ba00ac00  595       2       java.lang.StringConcatHelper::initialCoder (14 bytes)
Event: 1.358 Thread 0x00007fc7ba00ac00 nmethod 595 0x0000000111659c10 code [0x0000000111659da0, 0x0000000111659e90]
Event: 1.366 Thread 0x00007fc7ba00ac00  596       2       java.lang.invoke.MethodHandles$Lookup::<init> (84 bytes)
Event: 1.366 Thread 0x00007fc7ba00ac00 nmethod 596 0x0000000111659f10 code [0x000000011165a0a0, 0x000000011165a270]
Event: 1.366 Thread 0x00007fc7ba00ac00  597       2       java.lang.invoke.MemberName::getType (19 bytes)
Event: 1.366 Thread 0x00007fc7ba00ac00 nmethod 597 0x000000011165a310 code [0x000000011165a4c0, 0x000000011165a670]
Event: 1.374 Thread 0x00007fc7ba00ac00  598       2       jdk.internal.org.objectweb.asm.SymbolTable::addConstantNameAndType (137 bytes)
Event: 1.375 Thread 0x00007fc7ba00ac00 nmethod 598 0x000000011165a790 code [0x000000011165a9c0, 0x000000011165ae60]
Event: 1.375 Thread 0x00007fc7ba00ac00  599       2       jdk.internal.org.objectweb.asm.SymbolTable$Entry::<init> (20 bytes)
Event: 1.375 Thread 0x00007fc7ba00ac00 nmethod 599 0x000000011165b290 code [0x000000011165b440, 0x000000011165b5c0]
Event: 1.379 Thread 0x00007fc7ba00ac00  601       2       java.lang.ref.SoftReference::get (29 bytes)
Event: 1.379 Thread 0x00007fc7ba00ac00 nmethod 601 0x000000011165b690 code [0x000000011165b820, 0x000000011165b970]
Event: 1.379 Thread 0x00007fc7ba00ac00  600       2       java.lang.invoke.MethodHandles$Lookup::checkSymbolicClass (25 bytes)
Event: 1.379 Thread 0x00007fc7ba00ac00 nmethod 600 0x000000011165ba10 code [0x000000011165bbe0, 0x000000011165be00]
Event: 1.587 Thread 0x00007fc7ba00ac00  602       2       jdk.internal.org.objectweb.asm.ByteVector::enlarge (51 bytes)
Event: 1.589 Thread 0x00007fc7ba00ac00 nmethod 602 0x000000011165bf10 code [0x000000011165c0c0, 0x000000011165c3a0]

GC Heap History (0 events):
No events

Deoptimization events (20 events):
Event: 0.643 Thread 0x00007fc7ba817c00 Uncommon trap: trap_request=0xffffff45 fr.pc=0x0000000118af1ce8 relative=0x00000000000004a8
Event: 0.643 Thread 0x00007fc7ba817c00 Uncommon trap: reason=unstable_if action=reinterpret pc=0x0000000118af1ce8 method=java.lang.StringLatin1.newString([BII)Ljava/lang/String; @ 1 c2
Event: 0.643 Thread 0x00007fc7ba817c00 DEOPT PACKING pc=0x0000000118af1ce8 sp=0x000070000c0482e0
Event: 0.643 Thread 0x00007fc7ba817c00 DEOPT UNPACKING pc=0x0000000111067099 sp=0x000070000c048270 mode 2
Event: 0.643 Thread 0x00007fc7ba817c00 Uncommon trap: trap_request=0xffffffe5 fr.pc=0x0000000118af26fc relative=0x000000000000015c
Event: 0.643 Thread 0x00007fc7ba817c00 Uncommon trap: reason=range_check action=reinterpret pc=0x0000000118af26fc method=java.lang.StringLatin1.indexOf([BII)I @ 13 c2
Event: 0.643 Thread 0x00007fc7ba817c00 DEOPT PACKING pc=0x0000000118af26fc sp=0x000070000c0482b0
Event: 0.643 Thread 0x00007fc7ba817c00 DEOPT UNPACKING pc=0x0000000111067099 sp=0x000070000c048260 mode 2
Event: 0.645 Thread 0x00007fc7ba817c00 Uncommon trap: trap_request=0xffffff45 fr.pc=0x0000000118af0bb4 relative=0x0000000000000314
Event: 0.645 Thread 0x00007fc7ba817c00 Uncommon trap: reason=unstable_if action=reinterpret pc=0x0000000118af0bb4 method=java.lang.StringLatin1.newString([BII)Ljava/lang/String; @ 1 c2
Event: 0.645 Thread 0x00007fc7ba817c00 DEOPT PACKING pc=0x0000000118af0bb4 sp=0x000070000c048270
Event: 0.645 Thread 0x00007fc7ba817c00 DEOPT UNPACKING pc=0x0000000111067099 sp=0x000070000c048270 mode 2
Event: 0.800 Thread 0x00007fc7ba817c00 DEOPT PACKING pc=0x00000001115ad1db sp=0x000070000c044b90
Event: 0.800 Thread 0x00007fc7ba817c00 DEOPT UNPACKING pc=0x000000011106782f sp=0x000070000c044028 mode 0
Event: 0.966 Thread 0x00007fc7ba817c00 DEOPT PACKING pc=0x00000001115ad1db sp=0x000070000c044020
Event: 0.966 Thread 0x00007fc7ba817c00 DEOPT UNPACKING pc=0x000000011106782f sp=0x000070000c0434b8 mode 0
Event: 1.168 Thread 0x00007fc7ba83a600 DEOPT PACKING pc=0x00000001115ad1db sp=0x000070000d68c4f0
Event: 1.168 Thread 0x00007fc7ba83a600 DEOPT UNPACKING pc=0x000000011106782f sp=0x000070000d68b988 mode 0
Event: 1.210 Thread 0x00007fc7ba83a600 DEOPT PACKING pc=0x00000001115ad1db sp=0x000070000d68b980
Event: 1.210 Thread 0x00007fc7ba83a600 DEOPT UNPACKING pc=0x000000011106782f sp=0x000070000d68ae18 mode 0

Classes unloaded (0 events):
No events

Classes redefined (0 events):
No events

Internal exceptions (6 events):
Event: 0.590 Thread 0x00007fc7ba817c00 Exception <a 'sun/nio/fs/UnixException'{0x0000000787aaa128}> (0x0000000787aaa128) 
thrown [src/hotspot/share/prims/jni.cpp, line 516]
Event: 0.812 Thread 0x00007fc7ba817c00 Exception <a 'java/lang/NoSuchMethodError'{0x0000000787983f60}: 'java.lang.Object java.lang.invoke.DirectMethodHandle$Holder.invokeStaticInit(java.lang.Object)'> (0x0000000787983f60) 
thrown [src/hotspot/share/interpreter/linkResolver.cpp, line 766]
Event: 0.817 Thread 0x00007fc7ba817c00 Exception <a 'java/lang/NoSuchMethodError'{0x00000007879cdd48}: 'void java.lang.invoke.DirectMethodHandle$Holder.invokeStatic(java.lang.Object, java.lang.Object)'> (0x00000007879cdd48) 
thrown [src/hotspot/share/interpreter/linkResolver.cpp, line 766]
Event: 1.133 Thread 0x00007fc7ba817c00 Exception <a 'java/lang/NoSuchMethodError'{0x000000078769fcb8}: 'void java.lang.invoke.DirectMethodHandle$Holder.invokeSpecial(java.lang.Object, java.lang.Object, java.lang.Object)'> (0x000000078769fcb8) 
thrown [src/hotspot/share/interpreter/linkResolver.cpp, line 766]
Event: 1.158 Thread 0x00007fc7ba817c00 Exception <a 'java/lang/NoSuchMethodError'{0x00000007876dcf78}: 'void java.lang.invoke.DirectMethodHandle$Holder.invokeStatic(java.lang.Object, java.lang.Object, java.lang.Object)'> (0x00000007876dcf78) 
thrown [src/hotspot/share/interpreter/linkResolver.cpp, line 766]
Event: 1.341 Thread 0x00007fc7ba817c00 Exception <a 'java/lang/NoSuchMethodError'{0x00000007876f9890}: 'int java.lang.invoke.DirectMethodHandle$Holder.invokeStaticInit(java.lang.Object, java.lang.Object, java.lang.Object)'> (0x00000007876f9890) 
thrown [src/hotspot/share/interpreter/linkResolver.cpp, line 766]

VM Operations (8 events):
Event: 0.291 Executing VM operation: HandshakeAllThreads
Event: 0.291 Executing VM operation: HandshakeAllThreads done
Event: 0.596 Executing VM operation: HandshakeAllThreads
Event: 0.596 Executing VM operation: HandshakeAllThreads done
Event: 0.691 Executing VM operation: ChangeBreakpoints
Event: 0.692 Executing VM operation: ChangeBreakpoints done
Event: 1.694 Executing VM operation: Cleanup
Event: 1.695 Executing VM operation: Cleanup done

Events (20 events):
Event: 1.217 Loaded shared library /Users/sidhantmathur/Downloads/javafx-sdk-17.0.1/lib/libprism_es2.dylib
Event: 1.337 loading class java/util/concurrent/locks/AbstractQueuedSynchronizer$ConditionNode
Event: 1.337 loading class java/util/concurrent/ForkJoinPool$ManagedBlocker
Event: 1.337 loading class java/util/concurrent/ForkJoinPool$ManagedBlocker done
Event: 1.337 loading class java/util/concurrent/locks/AbstractQueuedSynchronizer$ConditionNode done
Event: 1.372 Loaded shared library /Users/sidhantmathur/Downloads/javafx-sdk-17.0.1/lib/libglass.dylib
Event: 1.376 loading class java/util/concurrent/BlockingDeque
Event: 1.376 loading class java/util/concurrent/BlockingDeque done
Event: 1.376 loading class java/util/concurrent/LinkedBlockingDeque
Event: 1.376 loading class java/util/concurrent/LinkedBlockingDeque done
Event: 1.377 Thread 0x00007fc7b92bb600 Thread added: 0x00007fc7b92bb600
Event: 1.377 Protecting memory [0x000070000d691000,0x000070000d695000] with protection modes 0
Event: 1.380 Protecting memory [0x00007ff7b9588000,0x00007ff7b958c000] with protection modes 0
Event: 1.380 Thread 0x00007fc7baa33400 Thread added: 0x00007fc7baa33400
Event: 1.581 Thread 0x00007fc7bb4cca00 Thread added: 0x00007fc7bb4cca00
Event: 1.584 Protecting memory [0x000070000d794000,0x000070000d798000] with protection modes 0
Event: 1.701 loading class java/util/concurrent/LinkedBlockingDeque$Node
Event: 1.701 loading class java/util/concurrent/LinkedBlockingDeque$Node done
Event: 1.701 Protecting memory [0x000070000d794000,0x000070000d798000] with protection modes 3
Event: 1.701 Thread 0x00007fc7bb4cca00 Thread exited: 0x00007fc7bb4cca00


Dynamic libraries:
0x0000000106295000 	/Library/Java/JavaVirtualMachines/temurin-17.jdk/Contents/Home/lib/libjli.dylib
0x00007ff810160000 	/usr/lib/libz.1.dylib
0x00007ff810240000 	/usr/lib/libSystem.B.dylib
0x00007ff81023b000 	/usr/lib/system/libcache.dylib
0x00007ff8101f7000 	/usr/lib/system/libcommonCrypto.dylib
0x00007ff810220000 	/usr/lib/system/libcompiler_rt.dylib
0x00007ff810216000 	/usr/lib/system/libcopyfile.dylib
0x00007ff8051b4000 	/usr/lib/system/libcorecrypto.dylib
0x00007ff805273000 	/usr/lib/system/libdispatch.dylib
0x00007ff805432000 	/usr/lib/system/libdyld.dylib
0x00007ff810232000 	/usr/lib/system/libkeymgr.dylib
0x00007ff8101d5000 	/usr/lib/system/libmacho.dylib
0x00007ff80f86c000 	/usr/lib/system/libquarantine.dylib
0x00007ff810230000 	/usr/lib/system/libremovefile.dylib
0x00007ff80a38a000 	/usr/lib/system/libsystem_asl.dylib
0x00007ff805162000 	/usr/lib/system/libsystem_blocks.dylib
0x00007ff8052f7000 	/usr/lib/system/libsystem_c.dylib
0x00007ff810228000 	/usr/lib/system/libsystem_collections.dylib
0x00007ff80ea53000 	/usr/lib/system/libsystem_configuration.dylib
0x00007ff80dd15000 	/usr/lib/system/libsystem_containermanager.dylib
0x00007ff80ff14000 	/usr/lib/system/libsystem_coreservices.dylib
0x00007ff807a58000 	/usr/lib/system/libsystem_darwin.dylib
0x00007ff810233000 	/usr/lib/system/libsystem_dnssd.dylib
0x00007ff8052f4000 	/usr/lib/system/libsystem_featureflags.dylib
0x00007ff805448000 	/usr/lib/system/libsystem_info.dylib
0x00007ff810173000 	/usr/lib/system/libsystem_m.dylib
0x00007ff805247000 	/usr/lib/system/libsystem_malloc.dylib
0x00007ff80a327000 	/usr/lib/system/libsystem_networkextension.dylib
0x00007ff807e80000 	/usr/lib/system/libsystem_notify.dylib
0x00007ff816371000 	/usr/lib/system/libsystem_product_info_filter.dylib
0x00007ff80ea57000 	/usr/lib/system/libsystem_sandbox.dylib
0x00007ff81022d000 	/usr/lib/system/libsystem_secinit.dylib
0x00007ff8053ef000 	/usr/lib/system/libsystem_kernel.dylib
0x00007ff80543e000 	/usr/lib/system/libsystem_platform.dylib
0x00007ff805426000 	/usr/lib/system/libsystem_pthread.dylib
0x00007ff80bbdb000 	/usr/lib/system/libsystem_symptoms.dylib
0x00007ff80519b000 	/usr/lib/system/libsystem_trace.dylib
0x00007ff810203000 	/usr/lib/system/libunwind.dylib
0x00007ff805164000 	/usr/lib/system/libxpc.dylib
0x00007ff8053d9000 	/usr/lib/libc++abi.dylib
0x00007ff8052ba000 	/usr/lib/libobjc.A.dylib
0x00007ff81020e000 	/usr/lib/liboah.dylib
0x00007ff805380000 	/usr/lib/libc++.1.dylib
0x00007ff81c0a0000 	/System/Library/Frameworks/Cocoa.framework/Versions/A/Cocoa
0x00007ff807ede000 	/System/Library/Frameworks/AppKit.framework/Versions/C/AppKit
0x00007ff80b3cb000 	/System/Library/Frameworks/CoreData.framework/Versions/A/CoreData
0x00007ff8062f9000 	/System/Library/Frameworks/Foundation.framework/Versions/C/Foundation
0x00007ff808d6b000 	/System/Library/PrivateFrameworks/UIFoundation.framework/Versions/A/UIFoundation
0x00007ff816078000 	/System/Library/PrivateFrameworks/RemoteViewServices.framework/Versions/A/RemoteViewServices
0x00007ff80e3ec000 	/System/Library/PrivateFrameworks/XCTTargetBootstrap.framework/Versions/A/XCTTargetBootstrap
0x00007ff81204f000 	/System/Library/PrivateFrameworks/InternationalSupport.framework/Versions/A/InternationalSupport
0x00007ff8120d9000 	/System/Library/PrivateFrameworks/UserActivity.framework/Versions/A/UserActivity
0x00007ff81142f000 	/usr/lib/libspindump.dylib
0x00007ff808ff9000 	/System/Library/Frameworks/UniformTypeIdentifiers.framework/Versions/A/UniformTypeIdentifiers
0x00007ff80cb2b000 	/usr/lib/libapp_launch_measurement.dylib
0x00007ff80bd95000 	/System/Library/PrivateFrameworks/CoreAnalytics.framework/Versions/A/CoreAnalytics
0x00007ff80cb2e000 	/System/Library/PrivateFrameworks/CoreAutoLayout.framework/Versions/A/CoreAutoLayout
0x00007ff80dd4d000 	/System/Library/Frameworks/Metal.framework/Versions/A/Metal
0x00007ff80ea62000 	/usr/lib/liblangid.dylib
0x00007ff80e3f0000 	/System/Library/PrivateFrameworks/CoreSVG.framework/Versions/A/CoreSVG
0x00007ff80a3bb000 	/System/Library/PrivateFrameworks/SkyLight.framework/Versions/A/SkyLight
0x00007ff80a74c000 	/System/Library/Frameworks/CoreGraphics.framework/Versions/A/CoreGraphics
0x00007ff8166e3000 	/System/Library/Frameworks/Accelerate.framework/Versions/A/Accelerate
0x00007ff810eaa000 	/System/Library/PrivateFrameworks/IconServices.framework/Versions/A/IconServices
0x00007ff80dd32000 	/System/Library/Frameworks/IOSurface.framework/Versions/A/IOSurface
0x00007ff80bdc3000 	/usr/lib/libDiagnosticMessagesClient.dylib
0x00007ff819d42000 	/System/Library/Frameworks/ApplicationServices.framework/Versions/A/ApplicationServices
0x00007ff80e3d8000 	/System/Library/PrivateFrameworks/DFRFoundation.framework/Versions/A/DFRFoundation
0x00007ff8077cf000 	/usr/lib/libicucore.A.dylib
0x00007ff812d71000 	/System/Library/Frameworks/AudioToolbox.framework/Versions/A/AudioToolbox
0x00007ff81205b000 	/System/Library/PrivateFrameworks/DataDetectorsCore.framework/Versions/A/DataDetectorsCore
0x00007ff90d8a1000 	/System/Library/PrivateFrameworks/TextInput.framework/Versions/A/TextInput
0x00007ff80a33e000 	/usr/lib/libMobileGestalt.dylib
0x00007ff80e0e0000 	/System/Library/Frameworks/Carbon.framework/Versions/A/Frameworks/HIToolbox.framework/Versions/A/HIToolbox
0x00007ff80c559000 	/System/Library/Frameworks/QuartzCore.framework/Versions/A/QuartzCore
0x00007ff807470000 	/System/Library/Frameworks/Security.framework/Versions/A/Security
0x00007ff8160b0000 	/System/Library/Frameworks/Carbon.framework/Versions/A/Frameworks/SpeechRecognition.framework/Versions/A/SpeechRecognition
0x00007ff80c88b000 	/System/Library/PrivateFrameworks/CoreUI.framework/Versions/A/CoreUI
0x00007ff806d4a000 	/System/Library/Frameworks/CoreAudio.framework/Versions/A/CoreAudio
0x00007ff80beb1000 	/System/Library/Frameworks/DiskArbitration.framework/Versions/A/DiskArbitration
0x00007ff811816000 	/System/Library/PrivateFrameworks/MultitouchSupport.framework/Versions/A/MultitouchSupport
0x00007ff80a33d000 	/usr/lib/libenergytrace.dylib
0x00007ff807dca000 	/System/Library/Frameworks/IOKit.framework/Versions/A/IOKit
0x00007ff81649a000 	/System/Library/Frameworks/CoreServices.framework/Versions/A/CoreServices
0x00007ff80cac5000 	/System/Library/PrivateFrameworks/PerformanceAnalysis.framework/Versions/A/PerformanceAnalysis
0x00007ffa1ce62000 	/System/Library/Frameworks/OpenGL.framework/Versions/A/OpenGL
0x00007ff80f798000 	/System/Library/PrivateFrameworks/MobileKeyBag.framework/Versions/A/MobileKeyBag
0x00007ff80ae18000 	/System/Library/Frameworks/ColorSync.framework/Versions/A/ColorSync
0x00007ff805473000 	/System/Library/Frameworks/CoreFoundation.framework/Versions/A/CoreFoundation
0x00007ff80e669000 	/System/Library/Frameworks/CoreImage.framework/Versions/A/CoreImage
0x00007ff806b60000 	/System/Library/Frameworks/CoreText.framework/Versions/A/CoreText
0x00007ff80e41f000 	/System/Library/Frameworks/ImageIO.framework/Versions/A/ImageIO
0x00007ff810246000 	/System/Library/PrivateFrameworks/SoftLinking.framework/Versions/A/SoftLinking
0x00007ff80cb76000 	/usr/lib/libxml2.2.dylib
0x00007ff8104c9000 	/usr/lib/libcompression.dylib
0x00007ff811f85000 	/System/Library/PrivateFrameworks/TextureIO.framework/Versions/A/TextureIO
0x00007ff810bbc000 	/usr/lib/libate.dylib
0x00007ff81099a000 	/usr/lib/liblzma.5.dylib
0x00007ff80600a000 	/System/Library/Frameworks/SystemConfiguration.framework/Versions/A/SystemConfiguration
0x00007ff810242000 	/usr/lib/libfakelink.dylib
0x00007ff809e91000 	/System/Library/Frameworks/CFNetwork.framework/Versions/A/CFNetwork
0x00007ff810381000 	/usr/lib/libarchive.2.dylib
0x00007ff80ea5e000 	/System/Library/PrivateFrameworks/AppleSystemInfo.framework/Versions/A/AppleSystemInfo
0x00007ff80f892000 	/usr/lib/libbsm.0.dylib
0x00007ff8094c8000 	/usr/lib/libnetwork.dylib
0x00007ff8101db000 	/usr/lib/system/libkxld.dylib
0x00007ff80f4c1000 	/System/Library/PrivateFrameworks/IOMobileFramebuffer.framework/Versions/A/IOMobileFramebuffer
0x00007ffb1a94b000 	/usr/lib/libCoreEntitlements.dylib
0x00007ff80fef6000 	/System/Library/PrivateFrameworks/AppleFSCompression.framework/Versions/A/AppleFSCompression
0x00007ff80f87b000 	/usr/lib/libcoretls.dylib
0x00007ff8109b4000 	/usr/lib/libcoretls_cfhelpers.dylib
0x00007ff8104c4000 	/usr/lib/libpam.2.dylib
0x00007ff80b7fd000 	/usr/lib/libsqlite3.dylib
0x00007ff810a23000 	/usr/lib/libxar.1.dylib
0x00007ff80ff06000 	/usr/lib/libbz2.1.0.dylib
0x00007ff810247000 	/usr/lib/libpcap.A.dylib
0x00007ff80bbd2000 	/usr/lib/libdns_services.dylib
0x00007ff810493000 	/usr/lib/libapple_nghttp2.dylib
0x00007ff81027e000 	/usr/lib/libiconv.2.dylib
0x00007ff8101d4000 	/usr/lib/libcharset.1.dylib
0x00007ff80caf9000 	/System/Library/Frameworks/CoreServices.framework/Versions/A/Frameworks/FSEvents.framework/Versions/A/FSEvents
0x00007ff807a62000 	/System/Library/Frameworks/CoreServices.framework/Versions/A/Frameworks/CarbonCore.framework/Versions/A/CarbonCore
0x00007ff80be16000 	/System/Library/Frameworks/CoreServices.framework/Versions/A/Frameworks/Metadata.framework/Versions/A/Metadata
0x00007ff80ff19000 	/System/Library/Frameworks/CoreServices.framework/Versions/A/Frameworks/OSServices.framework/Versions/A/OSServices
0x00007ff810407000 	/System/Library/Frameworks/CoreServices.framework/Versions/A/Frameworks/SearchKit.framework/Versions/A/SearchKit
0x00007ff80bb64000 	/System/Library/Frameworks/CoreServices.framework/Versions/A/Frameworks/AE.framework/Versions/A/AE
0x00007ff805976000 	/System/Library/Frameworks/CoreServices.framework/Versions/A/Frameworks/LaunchServices.framework/Versions/A/LaunchServices
0x00007ff81094b000 	/System/Library/Frameworks/CoreServices.framework/Versions/A/Frameworks/DictionaryServices.framework/Versions/A/DictionaryServices
0x00007ff80cb06000 	/System/Library/Frameworks/CoreServices.framework/Versions/A/Frameworks/SharedFileList.framework/Versions/A/SharedFileList
0x00007ff80f86f000 	/usr/lib/libCheckFix.dylib
0x00007ff80a3a1000 	/System/Library/PrivateFrameworks/TCC.framework/Versions/A/TCC
0x00007ff80ea64000 	/System/Library/PrivateFrameworks/CoreNLP.framework/Versions/A/CoreNLP
0x00007ff80bdc6000 	/System/Library/PrivateFrameworks/MetadataUtilities.framework/Versions/A/MetadataUtilities
0x00007ff8060ba000 	/usr/lib/libmecabra.dylib
0x00007ff80f8a2000 	/usr/lib/libmecab.dylib
0x00007ff806085000 	/usr/lib/libCRFSuite.dylib
0x00007ff80f8ff000 	/usr/lib/libgermantok.dylib
0x00007ff81046e000 	/usr/lib/libThaiTokenizer.dylib
0x00007ff80beb8000 	/System/Library/Frameworks/Accelerate.framework/Versions/A/Frameworks/vImage.framework/Versions/A/vImage
0x00007ff816471000 	/System/Library/Frameworks/Accelerate.framework/Versions/A/Frameworks/vecLib.framework/Versions/A/vecLib
0x00007ff810a64000 	/System/Library/Frameworks/Accelerate.framework/Versions/A/Frameworks/vecLib.framework/Versions/A/libvMisc.dylib
0x00007ff80f2df000 	/System/Library/Frameworks/Accelerate.framework/Versions/A/Frameworks/vecLib.framework/Versions/A/libvDSP.dylib
0x00007ff805cee000 	/System/Library/Frameworks/Accelerate.framework/Versions/A/Frameworks/vecLib.framework/Versions/A/libBLAS.dylib
0x00007ff8105a5000 	/System/Library/Frameworks/Accelerate.framework/Versions/A/Frameworks/vecLib.framework/Versions/A/libLAPACK.dylib
0x00007ff80f902000 	/System/Library/Frameworks/Accelerate.framework/Versions/A/Frameworks/vecLib.framework/Versions/A/libLinearAlgebra.dylib
0x00007ff8104ac000 	/System/Library/Frameworks/Accelerate.framework/Versions/A/Frameworks/vecLib.framework/Versions/A/libSparseBLAS.dylib
0x00007ff81059f000 	/System/Library/Frameworks/Accelerate.framework/Versions/A/Frameworks/vecLib.framework/Versions/A/libQuadrature.dylib
0x00007ff80eb4e000 	/System/Library/Frameworks/Accelerate.framework/Versions/A/Frameworks/vecLib.framework/Versions/A/libBNNS.dylib
0x00007ff805f9b000 	/System/Library/Frameworks/Accelerate.framework/Versions/A/Frameworks/vecLib.framework/Versions/A/libSparse.dylib
0x00007ff80eb47000 	/System/Library/PrivateFrameworks/LinguisticData.framework/Versions/A/LinguisticData
0x00007ff805f50000 	/System/Library/PrivateFrameworks/Lexicon.framework/Versions/A/Lexicon
0x00007ff810a5d000 	/usr/lib/libChineseTokenizer.dylib
0x00007ff8066b4000 	/System/Library/PrivateFrameworks/LanguageModeling.framework/Versions/A/LanguageModeling
0x00007ff810470000 	/System/Library/PrivateFrameworks/AppleSauce.framework/Versions/A/AppleSauce
0x00007ff80f4af000 	/System/Library/PrivateFrameworks/CoreEmoji.framework/Versions/A/CoreEmoji
0x00007ff810370000 	/usr/lib/libcmph.dylib
0x00007ff80cadd000 	/System/Library/Frameworks/OpenDirectory.framework/Versions/A/Frameworks/CFOpenDirectory.framework/Versions/A/CFOpenDirectory
0x00007ff80cad1000 	/System/Library/Frameworks/OpenDirectory.framework/Versions/A/OpenDirectory
0x00007ff8109b6000 	/System/Library/PrivateFrameworks/APFS.framework/Versions/A/APFS
0x00007ff80f7d0000 	/System/Library/Frameworks/SecurityFoundation.framework/Versions/A/SecurityFoundation
0x00007ff810a31000 	/usr/lib/libutil.dylib
0x00007ff807d8d000 	/System/Library/PrivateFrameworks/CoreServicesStore.framework/Versions/A/CoreServicesStore
0x00007ff810a35000 	/usr/lib/libxslt.1.dylib
0x00007ff80f85d000 	/System/Library/PrivateFrameworks/BackgroundTaskManagement.framework/Versions/A/BackgroundTaskManagement
0x00007ff811ea5000 	/System/Library/Frameworks/ImageIO.framework/Versions/A/Resources/libRadiance.dylib
0x00007ff811eae000 	/System/Library/Frameworks/ImageIO.framework/Versions/A/Resources/libJPEG.dylib
0x00007ff811dfe000 	/System/Library/Frameworks/ImageIO.framework/Versions/A/Resources/libPng.dylib
0x00007ff811e1f000 	/System/Library/Frameworks/ImageIO.framework/Versions/A/Resources/libTIFF.dylib
0x00007ff811f0e000 	/System/Library/Frameworks/ImageIO.framework/Versions/A/Resources/libGIF.dylib
0x00007ff81172f000 	/System/Library/Frameworks/ImageIO.framework/Versions/A/Resources/libJP2.dylib
0x00007ff810e71000 	/usr/lib/libexpat.1.dylib
0x00007ff8116e4000 	/System/Library/PrivateFrameworks/AppleJPEG.framework/Versions/A/AppleJPEG
0x00007ff80dfa7000 	/System/Library/PrivateFrameworks/FontServices.framework/libFontParser.dylib
0x00007ff80bb0e000 	/System/Library/PrivateFrameworks/RunningBoardServices.framework/Versions/A/RunningBoardServices
0x00007ff81c611000 	/System/Library/PrivateFrameworks/IOSurfaceAccelerator.framework/Versions/A/IOSurfaceAccelerator
0x00007ff811812000 	/System/Library/PrivateFrameworks/WatchdogClient.framework/Versions/A/WatchdogClient
0x00007ff8067a3000 	/System/Library/Frameworks/CoreDisplay.framework/Versions/A/CoreDisplay
0x00007ff80dea7000 	/System/Library/Frameworks/CoreMedia.framework/Versions/A/CoreMedia
0x00007ff80dd44000 	/System/Library/PrivateFrameworks/IOAccelerator.framework/Versions/A/IOAccelerator
0x00007ff80cc59000 	/System/Library/Frameworks/CoreVideo.framework/Versions/A/CoreVideo
0x00007ff8104c2000 	/System/Library/Frameworks/MetalPerformanceShaders.framework/Versions/A/MetalPerformanceShaders
0x00007ff81184d000 	/System/Library/Frameworks/VideoToolbox.framework/Versions/A/VideoToolbox
0x00007ff80ba56000 	/System/Library/PrivateFrameworks/BaseBoard.framework/Versions/A/BaseBoard
0x00007ff80b7e3000 	/System/Library/PrivateFrameworks/ProtocolBuffer.framework/Versions/A/ProtocolBuffer
0x00007ff811e9e000 	/System/Library/PrivateFrameworks/GPUWrangler.framework/Versions/A/GPUWrangler
0x00007ff811e81000 	/System/Library/PrivateFrameworks/IOPresentment.framework/Versions/A/IOPresentment
0x00007ff811ea8000 	/System/Library/PrivateFrameworks/DSExternalDisplay.framework/Versions/A/DSExternalDisplay
0x00007ffa1ce56000 	/System/Library/Frameworks/OpenGL.framework/Versions/A/Libraries/libCoreFSCache.dylib
0x00007ffb08f4a000 	/System/Library/PrivateFrameworks/GPUCompiler.framework/Versions/31001/Libraries/libGPUCompilerUtils.dylib
0x00007ff811f13000 	/System/Library/PrivateFrameworks/CMCaptureCore.framework/Versions/A/CMCaptureCore
0x00007ff81141d000 	/System/Library/PrivateFrameworks/AppServerSupport.framework/Versions/A/AppServerSupport
0x00007ff8135ee000 	/System/Library/PrivateFrameworks/perfdata.framework/Versions/A/perfdata
0x00007ff8068cf000 	/System/Library/PrivateFrameworks/AudioToolboxCore.framework/Versions/A/AudioToolboxCore
0x00007ff80de84000 	/System/Library/PrivateFrameworks/caulk.framework/Versions/A/caulk
0x00007ff812f1b000 	/usr/lib/libAudioStatistics.dylib
0x00007ff90a160000 	/System/Library/PrivateFrameworks/SystemPolicy.framework/Versions/A/SystemPolicy
0x00007ff813167000 	/usr/lib/libSMC.dylib
0x00007ff81bf53000 	/System/Library/Frameworks/CoreMIDI.framework/Versions/A/CoreMIDI
0x00007ff811dce000 	/usr/lib/libAudioToolboxUtility.dylib
0x00007ff9065e8000 	/System/Library/PrivateFrameworks/OSAServicesClient.framework/Versions/A/OSAServicesClient
0x00007ff8135fb000 	/usr/lib/libperfcheck.dylib
0x00007ff90abec000 	/usr/lib/libmis.dylib
0x00007ffa1ceb2000 	/System/Library/Frameworks/OpenGL.framework/Versions/A/Libraries/libGLU.dylib
0x00007ffa1ce75000 	/System/Library/Frameworks/OpenGL.framework/Versions/A/Libraries/libGFXShared.dylib
0x00007ffa1d083000 	/System/Library/Frameworks/OpenGL.framework/Versions/A/Libraries/libGL.dylib
0x00007ffa1ce7e000 	/System/Library/Frameworks/OpenGL.framework/Versions/A/Libraries/libGLImage.dylib
0x00007ffa1ce72000 	/System/Library/Frameworks/OpenGL.framework/Versions/A/Libraries/libCVMSPluginSupport.dylib
0x00007ffa1ce5d000 	/System/Library/Frameworks/OpenGL.framework/Versions/A/Libraries/libCoreVMClient.dylib
0x00007ff80e9e2000 	/System/Library/Frameworks/MetalPerformanceShaders.framework/Versions/A/Frameworks/MPSCore.framework/Versions/A/MPSCore
0x00007ff80fe61000 	/System/Library/Frameworks/MetalPerformanceShaders.framework/Versions/A/Frameworks/MPSImage.framework/Versions/A/MPSImage
0x00007ff80f918000 	/System/Library/Frameworks/MetalPerformanceShaders.framework/Versions/A/Frameworks/MPSNeuralNetwork.framework/Versions/A/MPSNeuralNetwork
0x00007ff80fd8d000 	/System/Library/Frameworks/MetalPerformanceShaders.framework/Versions/A/Frameworks/MPSMatrix.framework/Versions/A/MPSMatrix
0x00007ff80fb49000 	/System/Library/Frameworks/MetalPerformanceShaders.framework/Versions/A/Frameworks/MPSRayIntersector.framework/Versions/A/MPSRayIntersector
0x00007ff80fdc6000 	/System/Library/Frameworks/MetalPerformanceShaders.framework/Versions/A/Frameworks/MPSNDArray.framework/Versions/A/MPSNDArray
0x00007ffa21a5b000 	/System/Library/Frameworks/MetalPerformanceShaders.framework/Versions/A/Frameworks/MPSFunctions.framework/Versions/A/MPSFunctions
0x00007ff805bd1000 	/System/Library/PrivateFrameworks/MetalTools.framework/Versions/A/MetalTools
0x00007ff80ea5c000 	/System/Library/PrivateFrameworks/AggregateDictionary.framework/Versions/A/AggregateDictionary
0x00007ff810c53000 	/usr/lib/libIOReport.dylib
0x00007ffa1e492000 	/System/Library/Frameworks/OpenCL.framework/Versions/A/OpenCL
0x00007ff810fb7000 	/System/Library/PrivateFrameworks/FaceCore.framework/Versions/A/FaceCore
0x00007ff810fa8000 	/System/Library/PrivateFrameworks/GraphVisualizer.framework/Versions/A/GraphVisualizer
0x00007ffb08e55000 	/System/Library/PrivateFrameworks/FontServices.framework/Versions/A/FontServices
0x00007ff8113d4000 	/System/Library/PrivateFrameworks/OTSVG.framework/Versions/A/OTSVG
0x00007ff80c841000 	/System/Library/Frameworks/ApplicationServices.framework/Versions/A/Frameworks/ATS.framework/Versions/A/Resources/libFontRegistry.dylib
0x00007ff811425000 	/System/Library/PrivateFrameworks/FontServices.framework/libhvf.dylib
0x00007ffb08e56000 	/System/Library/PrivateFrameworks/FontServices.framework/libXTFontStaticRegistryData.dylib
0x00007ff810e21000 	/System/Library/PrivateFrameworks/AppleVA.framework/Versions/A/AppleVA
0x00007ff812f3b000 	/System/Library/Frameworks/ApplicationServices.framework/Versions/A/Frameworks/ATS.framework/Versions/A/ATS
0x00007ff80af14000 	/System/Library/Frameworks/ApplicationServices.framework/Versions/A/Frameworks/HIServices.framework/Versions/A/HIServices
0x00007ff811f1d000 	/System/Library/Frameworks/ApplicationServices.framework/Versions/A/Frameworks/PrintCore.framework/Versions/A/PrintCore
0x00007ff8132ba000 	/System/Library/Frameworks/ApplicationServices.framework/Versions/A/Frameworks/QD.framework/Versions/A/QD
0x00007ff8132b2000 	/System/Library/Frameworks/ApplicationServices.framework/Versions/A/Frameworks/ColorSyncLegacy.framework/Versions/A/ColorSyncLegacy
0x00007ff812f2b000 	/System/Library/Frameworks/ApplicationServices.framework/Versions/A/Frameworks/SpeechSynthesis.framework/Versions/A/SpeechSynthesis
0x00007ff811ede000 	/System/Library/Frameworks/ApplicationServices.framework/Versions/A/Frameworks/ATSUI.framework/Versions/A/ATSUI
0x00007ff813247000 	/usr/lib/libcups.2.dylib
0x00007ff81360a000 	/System/Library/Frameworks/Kerberos.framework/Versions/A/Kerberos
0x00007ff813619000 	/System/Library/Frameworks/GSS.framework/Versions/A/GSS
0x00007ff812fa7000 	/usr/lib/libresolv.9.dylib
0x00007ff811434000 	/System/Library/PrivateFrameworks/Heimdal.framework/Versions/A/Heimdal
0x00007ff81a0bd000 	/System/Library/Frameworks/Kerberos.framework/Versions/A/Libraries/libHeimdalProxy.dylib
0x00007ff80bbe3000 	/System/Library/Frameworks/Network.framework/Versions/A/Network
0x00007ff810e8b000 	/usr/lib/libheimdal-asn1.dylib
0x00007ff813664000 	/System/Library/PrivateFrameworks/CommonAuth.framework/Versions/A/CommonAuth
0x00007ff812eac000 	/System/Library/PrivateFrameworks/AudioSession.framework/Versions/A/AudioSession
0x00007ff810f1b000 	/System/Library/PrivateFrameworks/MediaExperience.framework/Versions/A/MediaExperience
0x00007ff812d40000 	/System/Library/PrivateFrameworks/AudioSession.framework/libSessionUtility.dylib
0x00007ff8132c6000 	/System/Library/PrivateFrameworks/AudioResourceArbitration.framework/Versions/A/AudioResourceArbitration
0x00007ff810e94000 	/System/Library/PrivateFrameworks/IconFoundation.framework/Versions/A/IconFoundation
0x00007ff8160a0000 	/System/Library/PrivateFrameworks/SpeechRecognitionCore.framework/Versions/A/SpeechRecognitionCore
0x00000001084b9000 	/Library/Java/JavaVirtualMachines/temurin-17.jdk/Contents/Home/lib/server/libjvm.dylib
0x00000001062bf000 	/Library/Java/JavaVirtualMachines/temurin-17.jdk/Contents/Home/lib/libjimage.dylib
0x000000010630d000 	/Library/Java/JavaVirtualMachines/temurin-17.jdk/Contents/Home/lib/libjdwp.dylib
0x0000000106350000 	/Library/Java/JavaVirtualMachines/temurin-17.jdk/Contents/Home/lib/libjava.dylib
0x00000001071cb000 	/Library/Java/JavaVirtualMachines/temurin-17.jdk/Contents/Home/lib/libnio.dylib
0x00000001071fa000 	/Library/Java/JavaVirtualMachines/temurin-17.jdk/Contents/Home/lib/libnet.dylib
0x00000001071e0000 	/Library/Java/JavaVirtualMachines/temurin-17.jdk/Contents/Home/lib/libzip.dylib
0x00000001071ee000 	/Library/Java/JavaVirtualMachines/temurin-17.jdk/Contents/Home/lib/libdt_socket.dylib
0x0000000107214000 	/Users/sidhantmathur/Downloads/javafx-sdk-17.0.1/lib/libprism_es2.dylib
0x00007ff807d4e000 	/System/Library/PrivateFrameworks/CoreServicesInternal.framework/Versions/A/CoreServicesInternal
0x00007ffa1d08e000 	/System/Library/Frameworks/OpenGL.framework/Versions/A/Resources/GLEngine.bundle/GLEngine
0x00007ffa1cef0000 	/System/Library/Frameworks/OpenGL.framework/Versions/A/Libraries/libGLProgrammability.dylib
0x00007ffa14bc4000 	/System/Library/Extensions/AppleIntelBDWGraphicsGLDriver.bundle/Contents/MacOS/AppleIntelBDWGraphicsGLDriver
0x00007ff9149d5000 	/System/Library/PrivateFrameworks/GPUSupport.framework/Versions/A/Libraries/libGPUSupportMercury.dylib
0x00007ffa1d21d000 	/System/Library/Frameworks/OpenGL.framework/Versions/A/Resources/GLRendererFloat.bundle/GLRendererFloat
0x0000000107fe1000 	/Users/sidhantmathur/Downloads/javafx-sdk-17.0.1/lib/libglass.dylib
0x00007ff817871000 	/System/Library/Frameworks/FileProvider.framework/Versions/A/FileProvider
0x00007ff80b9c2000 	/System/Library/Frameworks/Accounts.framework/Versions/A/Accounts
0x00007ff8179e9000 	/System/Library/PrivateFrameworks/GenerationalStorage.framework/Versions/A/GenerationalStorage
0x00007ff8184f6000 	/System/Library/PrivateFrameworks/CoreSymbolication.framework/Versions/A/CoreSymbolication
0x00007ff817275000 	/System/Library/PrivateFrameworks/SymptomDiagnosticReporter.framework/Versions/A/SymptomDiagnosticReporter
0x00007ff80900d000 	/System/Library/PrivateFrameworks/DesktopServicesPriv.framework/Versions/A/DesktopServicesPriv
0x00007ff807e8f000 	/usr/lib/libsandbox.1.dylib
0x00007ff80ccd7000 	/System/Library/PrivateFrameworks/UserManagement.framework/Versions/A/UserManagement
0x00007ff8184bb000 	/System/Library/PrivateFrameworks/DebugSymbols.framework/Versions/A/DebugSymbols
0x00007ff8132a7000 	/System/Library/PrivateFrameworks/NetAuth.framework/Versions/A/NetAuth
0x00007ff814193000 	/System/Library/PrivateFrameworks/Sharing.framework/Versions/A/Sharing
0x00007ff80ccaa000 	/System/Library/PrivateFrameworks/login.framework/Versions/A/Frameworks/loginsupport.framework/Versions/A/loginsupport
0x00007ff8195f3000 	/System/Library/PrivateFrameworks/Apple80211.framework/Versions/A/Apple80211
0x00007ff80ff46000 	/System/Library/PrivateFrameworks/AuthKit.framework/Versions/A/AuthKit
0x00007ff80f5a5000 	/System/Library/PrivateFrameworks/CoreUtils.framework/Versions/A/CoreUtils
0x00007ff80f4cc000 	/System/Library/Frameworks/CoreWLAN.framework/Versions/A/CoreWLAN
0x00007ff8142ee000 	/System/Library/Frameworks/IOBluetooth.framework/Versions/A/IOBluetooth
0x00007ff81965b000 	/System/Library/PrivateFrameworks/CoreWiFi.framework/Versions/A/CoreWiFi
0x00007ff818090000 	/System/Library/PrivateFrameworks/FrontBoardServices.framework/Versions/A/FrontBoardServices
0x00007ff818122000 	/System/Library/PrivateFrameworks/BoardServices.framework/Versions/A/BoardServices
0x00007ff80f7bf000 	/System/Library/PrivateFrameworks/AssertionServices.framework/Versions/A/AssertionServices
0x00007ff8197df000 	/System/Library/PrivateFrameworks/BackBoardServices.framework/Versions/A/BackBoardServices
0x00007ff8136f3000 	/System/Library/PrivateFrameworks/CorePhoneNumbers.framework/Versions/A/CorePhoneNumbers
0x00007ff817392000 	/System/Library/PrivateFrameworks/DiskManagement.framework/Versions/A/DiskManagement
0x00007ff8172a6000 	/System/Library/PrivateFrameworks/AppleIDAuthSupport.framework/Versions/A/AppleIDAuthSupport
0x00007ffa239c1000 	/System/Library/PrivateFrameworks/AAAFoundation.framework/Versions/A/AAAFoundation
0x00007ff8136d4000 	/System/Library/PrivateFrameworks/KeychainCircle.framework/Versions/A/KeychainCircle
0x00007ff81735e000 	/System/Library/PrivateFrameworks/MediaKit.framework/Versions/A/MediaKit
0x00007ff8172b2000 	/System/Library/Frameworks/DiscRecording.framework/Versions/A/DiscRecording
0x00007ff810d99000 	/usr/lib/libCoreStorage.dylib
0x00007ff819acc000 	/usr/lib/libcsfde.dylib
0x00007ff8143bb000 	/System/Library/PrivateFrameworks/ProtectedCloudStorage.framework/Versions/A/ProtectedCloudStorage
0x00007ff819ac8000 	/System/Library/PrivateFrameworks/EFILogin.framework/Versions/A/EFILogin
0x00007ff817a0f000 	/System/Library/PrivateFrameworks/OctagonTrust.framework/Versions/A/OctagonTrust
0x00007ffb0818f000 	/System/Library/PrivateFrameworks/CoreUtilsExtras.framework/Versions/A/CoreUtilsExtras
0x00007ff8171e5000 	/System/Library/Frameworks/CoreBluetooth.framework/Versions/A/CoreBluetooth
0x00007ff81a142000 	/System/Library/Frameworks/AudioUnit.framework/Versions/A/AudioUnit
0x00007ff810d91000 	/usr/lib/libMatch.1.dylib
0x00007ff90efbf000 	/System/Library/Frameworks/Accelerate.framework/Versions/A/Frameworks/vImage.framework/Versions/A/Libraries/libCGInterfaces.dylib
0x0000000108421000 	/usr/lib/libobjc-trampolines.dylib
0x00007ff80c9d1000 	/System/Library/PrivateFrameworks/ViewBridge.framework/Versions/A/ViewBridge


VM Arguments:
jvm_args: -agentlib:jdwp=transport=dt_socket,server=n,suspend=y,address=localhost:55164 --module-path=/Users/sidhantmathur/Downloads/javafx-sdk-17.0.1/lib --add-modules=javafx.controls,javafx.fxml --enable-preview -XX:+ShowCodeDetailsInExceptionMessages 
java_command: App
java_class_path (initial): /Users/sidhantmathur/Documents/Will_Hero_VSCode/bin:/Users/sidhantmathur/Downloads/javafx-sdk-17.0.1/lib/javafx.swing.jar:/Users/sidhantmathur/Downloads/javafx-sdk-17.0.1/lib/javafx.controls.jar:/Users/sidhantmathur/Downloads/javafx-sdk-17.0.1/lib/javafx.base.jar:/Users/sidhantmathur/Downloads/javafx-sdk-17.0.1/lib/javafx.graphics.jar:/Users/sidhantmathur/Downloads/javafx-sdk-17.0.1/lib/javafx-swt.jar:/Users/sidhantmathur/Downloads/javafx-sdk-17.0.1/lib/javafx.web.jar:/Users/sidhantmathur/Downloads/javafx-sdk-17.0.1/lib/javafx.media.jar:/Users/sidhantmathur/Downloads/javafx-sdk-17.0.1/lib/javafx.fxml.jar
Launcher Type: SUN_STANDARD

[Global flags]
     intx CICompilerCount                          = 3                                         {product} {ergonomic}
     uint ConcGCThreads                            = 1                                         {product} {ergonomic}
     uint G1ConcRefinementThreads                  = 4                                         {product} {ergonomic}
   size_t G1HeapRegionSize                         = 1048576                                   {product} {ergonomic}
    uintx GCDrainStackTargetSize                   = 64                                        {product} {ergonomic}
   size_t InitialHeapSize                          = 134217728                                 {product} {ergonomic}
   size_t MarkStackSize                            = 4194304                                   {product} {ergonomic}
   size_t MaxHeapSize                              = 2147483648                                {product} {ergonomic}
   size_t MaxNewSize                               = 1287651328                                {product} {ergonomic}
   size_t MinHeapDeltaBytes                        = 1048576                                   {product} {ergonomic}
   size_t MinHeapSize                              = 8388608                                   {product} {ergonomic}
    uintx NonNMethodCodeHeapSize                   = 5832780                                {pd product} {ergonomic}
    uintx NonProfiledCodeHeapSize                  = 122912730                              {pd product} {ergonomic}
    uintx ProfiledCodeHeapSize                     = 122912730                              {pd product} {ergonomic}
    uintx ReservedCodeCacheSize                    = 251658240                              {pd product} {ergonomic}
     bool SegmentedCodeCache                       = true                                      {product} {ergonomic}
     bool ShowCodeDetailsInExceptionMessages       = true                                   {manageable} {command line}
   size_t SoftMaxHeapSize                          = 2147483648                             {manageable} {ergonomic}
     bool UseCompressedClassPointers               = true                           {product lp64_product} {ergonomic}
     bool UseCompressedOops                        = true                           {product lp64_product} {ergonomic}
     bool UseG1GC                                  = true                                      {product} {ergonomic}
     bool UseNUMA                                  = false                                     {product} {ergonomic}
     bool UseNUMAInterleaving                      = false                                     {product} {ergonomic}

Logging:
Log output configuration:
 #0: stdout all=warning uptime,level,tags
 #1: stderr all=off uptime,level,tags

Environment Variables:
PATH=/usr/local/bin:/usr/bin:/bin:/usr/sbin:/sbin
SHELL=/bin/zsh
LANG=en_GB.UTF-8

Signal Handlers:
   SIGSEGV: _ZL13crash_handleriP9__siginfoPv in libjvm.dylib, mask=11100110000111110111111111111111, flags=SA_RESTART|SA_SIGINFO
    SIGBUS: _ZL13crash_handleriP9__siginfoPv in libjvm.dylib, mask=11100110000111110111111111111111, flags=SA_RESTART|SA_SIGINFO
    SIGFPE: _ZL13crash_handleriP9__siginfoPv in libjvm.dylib, mask=11100110000111110111111111111111, flags=SA_RESTART|SA_SIGINFO
   SIGPIPE: _ZL17javaSignalHandleriP9__siginfoPv in libjvm.dylib, mask=11100110000111110111111111111111, flags=SA_RESTART|SA_SIGINFO
   SIGXFSZ: _ZL17javaSignalHandleriP9__siginfoPv in libjvm.dylib, mask=11100110000111110111111111111111, flags=SA_RESTART|SA_SIGINFO
    SIGILL: _ZL13crash_handleriP9__siginfoPv in libjvm.dylib, mask=11100110000111110111111111111111, flags=SA_RESTART|SA_SIGINFO
   SIGUSR2: _ZL10SR_handleriP9__siginfoP17__darwin_ucontext in libjvm.dylib, mask=00000000000000000000000000000000, flags=SA_RESTART|SA_SIGINFO
    SIGHUP: _ZL11UserHandleriPvS_ in libjvm.dylib, mask=11100110000111110111111111111111, flags=SA_RESTART|SA_SIGINFO
    SIGINT: _ZL11UserHandleriPvS_ in libjvm.dylib, mask=11100110000111110111111111111111, flags=SA_RESTART|SA_SIGINFO
   SIGTERM: _ZL11UserHandleriPvS_ in libjvm.dylib, mask=11100110000111110111111111111111, flags=SA_RESTART|SA_SIGINFO
   SIGQUIT: _ZL11UserHandleriPvS_ in libjvm.dylib, mask=11100110000111110111111111111111, flags=SA_RESTART|SA_SIGINFO
   SIGTRAP: _ZL13crash_handleriP9__siginfoPv in libjvm.dylib, mask=11100110000111110111111111111111, flags=SA_RESTART|SA_SIGINFO


---------------  S Y S T E M  ---------------

OS:
uname: Darwin 21.1.0 Darwin Kernel Version 21.1.0: Wed Oct 13 17:33:23 PDT 2021; root:xnu-8019.41.5~1/RELEASE_X86_64 x86_64
OS uptime: 9 days 0:40 hours
rlimit (soft/hard): STACK 8192k/65532k , CORE 0k/infinity , NPROC 1392/2088 , NOFILE 10240/infinity , AS infinity/infinity , CPU infinity/infinity , DATA infinity/infinity , FSIZE infinity/infinity , MEMLOCK infinity/infinity , RSS infinity/infinity
load average: 4.90 5.45 5.21

CPU: total 4 (initial active 4) (2 cores per cpu, 2 threads per core) family 6 model 61 stepping 4 microcode 0x2f, cx8, cmov, fxsr, ht, mmx, 3dnowpref, sse, sse2, sse3, ssse3, sse4.1, sse4.2, popcnt, lzcnt, tsc, tscinvbit, avx, avx2, aes, erms, clmul, bmi1, bmi2, adx, fma, vzeroupper, clflush

Memory: 4k page, physical 8388608k(16580k free), swap 4194304k(1275648k free)

vm_info: OpenJDK 64-Bit Server VM (17.0.1+12) for bsd-amd64 JRE (17.0.1+12), built on Oct 20 2021 13:44:50 by "jenkins" with clang 4.2.1 Compatible Apple LLVM 10.0.1 (clang-1001.0.46.4)

END.
